TE11FC780 000:002.649   SEGGER J-Link V7.96j Log File
TE11FC780 000:002.767   DLL Compiled: May 29 2024 15:42:37
TE11FC780 000:002.770   Logging started @ 2024-10-06 10:24
TE11FC780 000:002.773   Process: /home/xenwithu/.eclipse/com.renesas.platform_1508544911/DebugComp/RA/e2-server-gdb
TE11FC780 000:002.776 - 2.775ms
TE11FC780 000:002.780 JLINK_GetDLLVersion()
TE11FC780 000:002.783 - 0.002ms returns 79610
TE11FC780 000:003.125 JLINK_OpenEx(...)
TE11FC780 000:008.974   Firmware: J-Link OB-S124 compiled Apr 23 2024 10:48:24
TE11FC780 000:010.310   Firmware: J-Link OB-S124 compiled Apr 23 2024 10:48:24
TE11FC780 000:039.831   Hardware: V1.00
TE11FC780 000:039.851   S/N: 831155721
TE11FC780 000:039.855   OEM: SEGGER
TE11FC780 000:039.859   Feature(s): None
TE11FC780 000:041.216   Bootloader: 2019 Oct 15
TE11FC780 000:042.385   USB speed mode: Full speed (12 MBit/s)
TE11FC780 000:043.235   TELNET listener socket opened on port 19021
TE11FC780 000:043.334   WEBSRV WEBSRV_Init(): Starting webserver thread(s)
TE11FC780 000:043.418   WEBSRV Webserver running on local port 19080
TE11FC780 000:043.436   Looking for J-Link GUI Server exe at: ARM/Segger_v7.96.10/JLinkGUIServerExe
TE11FC780 000:043.445   Looking for J-Link GUI Server exe at: /opt/SEGGER/JLink/JLinkGUIServerExe
TE11FC780 000:043.456   Forking J-Link GUI Server: /opt/SEGGER/JLink/JLinkGUIServerExe
TE11FC780 000:062.012   J-Link GUI Server info: "J-Link GUI server V7.88d "
TE11FC780 000:062.208   J-Link GUI Server: Connection breakdown.
TE11FC780 000:062.258 - 59.124ms returns "O.K."
TE11FC780 000:062.294 JLINK_ExecCommand("ProjectFile="/home/xenwithu/e2_studio/workspace/Day4_Temperature_Overheating_Warning_Light/Day4_Temperature_Overheating_Warning_Light Debug_Flat.jlink"", ...). 
TE11FC780 000:084.142 - 21.847ms returns 0x00
TE11FC780 000:084.277 JLINK_ExecCommand("device=R7FA6M5BH", ...). 
TE11FC780 000:086.618   Flash bank @ 0x0100A100: SFL: Parsing sectorization info from ELF file
TE11FC780 000:086.632     FlashDevice.SectorInfo[0]: .SectorSize = 0x00000010, .SectorStartAddr = 0x00000000
TE11FC780 000:086.637   FlashBank @0x0100A100: Sectorization info from SFL ELF file ignored because sectorization override from DLL / XML file is active.
TE11FC780 000:087.499   Flash bank @ 0x60000000: SFL: Parsing sectorization info from ELF file
TE11FC780 000:087.504     FlashDevice.SectorInfo[0]: .SectorSize = 0x00010000, .SectorStartAddr = 0x00000000
TE11FC780 000:096.753   Device "R7FA6M5BH" selected.
TE11FC780 000:096.884 - 12.600ms returns 0x00
TE11FC780 000:096.897 JLINK_TIF_GetAvailable(...)
TE11FC780 000:097.321 - 0.424ms
TE11FC780 000:097.330 JLINK_TIF_Select(JLINKARM_TIF_SWD)
TE11FC780 000:098.329 - 0.999ms returns 0x00
TE11FC780 000:098.343 JLINK_SetSpeed(4000)
TE11FC780 000:098.535 - 0.193ms
TE11FC780 000:098.583 JLINK_ReadMem(0xE000EDF0, 0x4 Bytes, ...)
TE11FC780 000:098.906   ConfigTargetSettings() start
TE11FC780 000:098.913    J-Link Script File: Executing ConfigTargetSettings()
TE11FC780 000:098.921   Configuring FlashDLNoRMWThreshold=0x200 in order to make sure that option bytes programming is done via read-modify-write
TE11FC780 000:103.016   ConfigTargetSettings() end - Took 4.10ms
TE11FC780 000:103.023   InitTarget() start
TE11FC780 000:103.027    J-Link Script File: Executing InitTarget()
TE11FC780 000:103.032   SWD selected. Executing JTAG -> SWD switching sequence.
TE11FC780 000:106.811   DAP initialized successfully.
TE11FC780 000:106.821   Determining TrustZone configuration...
TE11FC780 000:109.405     Secure Debug: Enabled (SSD)
TE11FC780 000:109.414   Determining currently configured transfer type by reading the AHB-AP CSW register.
TE11FC780 000:111.294     --> Correct transfer type configured. Done.
TE11FC780 000:111.304   InitTarget() end - Took 8.27ms
TE11FC780 000:112.428   Found SW-DP with ID 0x6BA02477
TE11FC780 000:116.561   DPIDR: 0x6BA02477
TE11FC780 000:116.588   CoreSight SoC-400 or earlier
TE11FC780 000:116.595   Scanning AP map to find all available APs
TE11FC780 000:118.745   AP[2]: Stopped AP scan as end of AP map has been reached
TE11FC780 000:118.776   AP[0]: AHB-AP (IDR: 0x84770001)
TE11FC780 000:118.780   AP[1]: APB-AP (IDR: 0x54770002)
TE11FC780 000:118.784   Iterating through AP map to find AHB-AP to use
TE11FC780 000:120.605   AP[0]: Core found
TE11FC780 000:120.626   AP[0]: AHB-AP ROM base: 0xE00FE000
TE11FC780 000:121.428   CPUID register: 0x410FD214. Implementer code: 0x41 (ARM)
TE11FC780 000:121.442   Feature set: Mainline
TE11FC780 000:122.450   Cache: No cache
TE11FC780 000:122.465   Found Cortex-M33 r0p4, Little endian.
TE11FC780 000:123.256   -- Max. mem block: 0x00001960
TE11FC780 000:125.392   CPU_ReadMem(4 bytes @ 0xE000EDF0)
TE11FC780 000:126.614   CPU_ReadMem(4 bytes @ 0xE0002000)
TE11FC780 000:127.468   FPUnit: 8 code (BP) slots and 0 literal slots
TE11FC780 000:127.476   CPU_ReadMem(4 bytes @ 0xE000EDFC)
TE11FC780 000:128.326   CPU_ReadMem(4 bytes @ 0xE0001000)
TE11FC780 000:129.187   CPU_ReadMem(4 bytes @ 0xE0001000)
TE11FC780 000:129.904   CPU_ReadMem(4 bytes @ 0xE0001028)
TE11FC780 000:130.795   CPU_ReadMem(4 bytes @ 0xE0001038)
TE11FC780 000:131.641   CPU_ReadMem(4 bytes @ 0xE0001048)
TE11FC780 000:132.348   CPU_ReadMem(4 bytes @ 0xE0001058)
TE11FC780 000:133.209   CPU_WriteMem(4 bytes @ 0xE0001000)
TE11FC780 000:133.991   CPU_ReadMem(4 bytes @ 0xE000ED88)
TE11FC780 000:134.883   CPU_WriteMem(4 bytes @ 0xE000ED88)
TE11FC780 000:135.750   CPU_ReadMem(4 bytes @ 0xE000ED88)
TE11FC780 000:136.452   CPU_WriteMem(4 bytes @ 0xE000ED88)
TE11FC780 000:137.246   CPU_ReadMem(4 bytes @ 0xE000EFB8)
TE11FC780 000:138.052   Security extension: implemented
TE11FC780 000:138.062   Secure debug: enabled
TE11FC780 000:138.066   CoreSight components:
TE11FC780 000:138.070   ROMTbl[0] @ E00FE000
TE11FC780 000:138.075   CPU_ReadMem(64 bytes @ 0xE00FE000)
TE11FC780 000:139.716   CPU_ReadMem(32 bytes @ 0xE0044FE0)
TE11FC780 000:140.725   CPU_ReadMem(4 bytes @ 0xE0044FBC)
TE11FC780 000:141.579   CPU_ReadMem(4 bytes @ 0xE0044FCC)
TE11FC780 000:142.593   [0][0]: E0044000 CID B105900D PID 005BB906 DEVARCH 00000000 DEVTYPE 14 CTI (?)
TE11FC780 000:142.617   CPU_ReadMem(32 bytes @ 0xE0047FE0)
TE11FC780 000:143.772   CPU_ReadMem(4 bytes @ 0xE0047FBC)
TE11FC780 000:144.625   CPU_ReadMem(4 bytes @ 0xE0047FCC)
TE11FC780 000:145.464   [0][1]: E0047000 CID B105900D PID 003BB908 DEVARCH 00000000 DEVTYPE 12 CSTF
TE11FC780 000:145.473   CPU_ReadMem(32 bytes @ 0xE0048FE0)
TE11FC780 000:146.460   CPU_ReadMem(4 bytes @ 0xE0048FBC)
TE11FC780 000:147.274   CPU_ReadMem(4 bytes @ 0xE0048FCC)
TE11FC780 000:148.052   [0][2]: E0048000 CID B105900D PID 001BB961 DEVARCH 00000000 DEVTYPE 21 ETB
TE11FC780 000:148.064   CPU_ReadMem(32 bytes @ 0xE0049FE0)
TE11FC780 000:149.144   [0][3]: E0049000 CID B105F00D PID 001BB101 TSG
TE11FC780 000:149.161   CPU_ReadMem(32 bytes @ 0xE0040FE0)
TE11FC780 000:150.121   CPU_ReadMem(4 bytes @ 0xE0040FBC)
TE11FC780 000:150.898   CPU_ReadMem(4 bytes @ 0xE0040FCC)
TE11FC780 000:151.752   [0][4]: E0040000 CID B105900D PID 000BBD21 DEVARCH 00000000 DEVTYPE 11 TPIU
TE11FC780 000:151.761   CPU_ReadMem(32 bytes @ 0xE00FFFE0)
TE11FC780 000:152.905   [0][5]: E00FF000 CID B105100D PID 000BB4C9 ROM Table
TE11FC780 000:152.917   ROMTbl[1] @ E00FF000
TE11FC780 000:152.922   CPU_ReadMem(64 bytes @ 0xE00FF000)
TE11FC780 000:154.601   CPU_ReadMem(32 bytes @ 0xE000EFE0)
TE11FC780 000:155.812   CPU_ReadMem(4 bytes @ 0xE000EFBC)
TE11FC780 000:156.539   CPU_ReadMem(4 bytes @ 0xE000EFCC)
TE11FC780 000:157.589   [1][0]: E000E000 CID B105900D PID 000BBD21 DEVARCH 47702A04 DEVTYPE 00 Cortex-M33
TE11FC780 000:157.613   CPU_ReadMem(32 bytes @ 0xE0001FE0)
TE11FC780 000:158.786   CPU_ReadMem(4 bytes @ 0xE0001FBC)
TE11FC780 000:159.657   CPU_ReadMem(4 bytes @ 0xE0001FCC)
TE11FC780 000:160.454   [1][1]: E0001000 CID B105900D PID 000BBD21 DEVARCH 47701A02 DEVTYPE 00 DWT
TE11FC780 000:160.463   CPU_ReadMem(32 bytes @ 0xE0002FE0)
TE11FC780 000:161.793   CPU_ReadMem(4 bytes @ 0xE0002FBC)
TE11FC780 000:162.514   CPU_ReadMem(4 bytes @ 0xE0002FCC)
TE11FC780 000:163.461   [1][2]: E0002000 CID B105900D PID 000BBD21 DEVARCH 47701A03 DEVTYPE 00 FPB
TE11FC780 000:163.484   CPU_ReadMem(32 bytes @ 0xE0000FE0)
TE11FC780 000:164.676   CPU_ReadMem(4 bytes @ 0xE0000FBC)
TE11FC780 000:165.555   CPU_ReadMem(4 bytes @ 0xE0000FCC)
TE11FC780 000:166.441   [1][3]: E0000000 CID B105900D PID 000BBD21 DEVARCH 47701A01 DEVTYPE 43 ITM
TE11FC780 000:166.454   CPU_ReadMem(32 bytes @ 0xE0041FE0)
TE11FC780 000:167.788   CPU_ReadMem(4 bytes @ 0xE0041FBC)
TE11FC780 000:168.696   CPU_ReadMem(4 bytes @ 0xE0041FCC)
TE11FC780 000:169.556   [1][5]: E0041000 CID B105900D PID 002BBD21 DEVARCH 47724A13 DEVTYPE 13 ETM
TE11FC780 000:169.564   CPU_ReadMem(32 bytes @ 0xE0042FE0)
TE11FC780 000:170.777   CPU_ReadMem(4 bytes @ 0xE0042FBC)
TE11FC780 000:171.626   CPU_ReadMem(4 bytes @ 0xE0042FCC)
TE11FC780 000:172.516   [1][6]: E0042000 CID B105900D PID 000BBD21 DEVARCH 47701A14 DEVTYPE 14 CSS600-CTI
TE11FC780 000:172.582   CPU_ReadMem(4 bytes @ 0xE000EDF0)
TE11FC780 000:173.606   Data:  03 00 13 00
TE11FC780 000:173.628   Debug reg: DHCSR
TE11FC780 000:173.632 - 75.049ms returns 0
TE11FC780 000:173.646 JLINK_ReadMem(0x400E002C, 0x4 Bytes, ...)
TE11FC780 000:173.658   CPU_ReadMem(4 bytes @ 0x400E002C)
TE11FC780 000:174.489   Data:  02 00 00 00
TE11FC780 000:174.498 - 0.851ms returns 0
TE11FC780 000:174.520 JLINK_ReadMem(0xE000EDF0, 0x4 Bytes, ...)
TE11FC780 000:174.528   CPU_ReadMem(4 bytes @ 0xE000EDF0)
TE11FC780 000:175.334   Data:  03 00 13 00
TE11FC780 000:175.346   Debug reg: DHCSR
TE11FC780 000:175.350 - 0.831ms returns 0
TE11FC780 000:175.367 JLINK_ReadMem(0xE000EDF0, 0x4 Bytes, ...)
TE11FC780 000:175.374   CPU_ReadMem(4 bytes @ 0xE000EDF0)
TE11FC780 000:176.373   Data:  03 00 13 00
TE11FC780 000:176.394   Debug reg: DHCSR
TE11FC780 000:176.399 - 1.033ms returns 0
TE11FC780 000:176.413 JLINK_ReadMem(0x400E001C, 0x4 Bytes, ...)
TE11FC780 000:176.425   CPU_ReadMem(4 bytes @ 0x400E001C)
TE11FC780 000:177.453   Data:  00 30 00 00
TE11FC780 000:177.475 - 1.062ms returns 0
TE11FC780 000:177.513 JLINK_ReadMem(0xE000EDF0, 0x4 Bytes, ...)
TE11FC780 000:177.527   CPU_ReadMem(4 bytes @ 0xE000EDF0)
TE11FC780 000:178.428   Data:  03 00 13 00
TE11FC780 000:178.440   Debug reg: DHCSR
TE11FC780 000:178.444 - 0.931ms returns 0
TE11FC780 000:178.451 JLINK_ReadMem(0x400E0018, 0x4 Bytes, ...)
TE11FC780 000:178.458   CPU_ReadMem(4 bytes @ 0x400E0018)
TE11FC780 000:179.220   Data:  00 80 00 00
TE11FC780 000:179.232 - 0.781ms returns 0
TE11FC780 000:179.242 JLINK_ReadMem(0xE000EDF0, 0x4 Bytes, ...)
TE11FC780 000:179.249   CPU_ReadMem(4 bytes @ 0xE000EDF0)
TE11FC780 000:180.258   Data:  03 00 13 00
TE11FC780 000:180.280   Debug reg: DHCSR
TE11FC780 000:180.284 - 1.043ms returns 0
TE11FC780 000:180.294 JLINK_ReadMem(0x400E0020, 0x4 Bytes, ...)
TE11FC780 000:180.305   CPU_ReadMem(4 bytes @ 0x400E0020)
TE11FC780 000:181.346   Data:  00 00 00 00
TE11FC780 000:181.368 - 1.073ms returns 0
TE11FC780 000:181.387 JLINK_ReadMem(0xE000EDF0, 0x4 Bytes, ...)
TE11FC780 000:181.398   CPU_ReadMem(4 bytes @ 0xE000EDF0)
TE11FC780 000:182.408   Data:  03 00 13 00
TE11FC780 000:182.429   Debug reg: DHCSR
TE11FC780 000:182.434 - 1.047ms returns 0
TE11FC780 000:182.444 JLINK_ReadMem(0x400E0028, 0x4 Bytes, ...)
TE11FC780 000:182.454   CPU_ReadMem(4 bytes @ 0x400E0028)
TE11FC780 000:183.355   Data:  00 0C 00 00
TE11FC780 000:183.367 - 0.924ms returns 0
TE11FC780 000:183.382 JLINK_ReadMem(0xE000EDF0, 0x4 Bytes, ...)
TE11FC780 000:183.390   CPU_ReadMem(4 bytes @ 0xE000EDF0)
TE11FC780 000:184.096   Data:  03 00 13 00
TE11FC780 000:184.109   Debug reg: DHCSR
TE11FC780 000:184.113 - 0.732ms returns 0
TE11FC780 000:184.120 JLINK_ReadMem(0x400E0024, 0x4 Bytes, ...)
TE11FC780 000:184.128   CPU_ReadMem(4 bytes @ 0x400E0024)
TE11FC780 000:184.888   Data:  00 20 00 00
TE11FC780 000:184.901 - 0.781ms returns 0
TE11FC780 000:184.911 JLINK_ReadMem(0xE000EDF0, 0x4 Bytes, ...)
TE11FC780 000:184.918   CPU_ReadMem(4 bytes @ 0xE000EDF0)
TE11FC780 000:185.716   Data:  03 00 13 00
TE11FC780 000:185.725   Debug reg: DHCSR
TE11FC780 000:185.739 - 0.829ms returns 0
TE11FC780 000:185.745 JLINK_ReadMem(0x400E002C, 0x4 Bytes, ...)
TE11FC780 000:185.752   CPU_ReadMem(4 bytes @ 0x400E002C)
TE11FC780 000:186.627   Data:  02 00 00 00
TE11FC780 000:186.639 - 0.895ms returns 0
TE11FC780 000:186.649 JLINK_ReadMem(0xE000EDF0, 0x4 Bytes, ...)
TE11FC780 000:186.656   CPU_ReadMem(4 bytes @ 0xE000EDF0)
TE11FC780 000:187.265   Data:  03 00 13 00
TE11FC780 000:187.274   Debug reg: DHCSR
TE11FC780 000:187.278 - 0.630ms returns 0
TE11FC780 000:187.284 JLINK_ReadMem(0x400E002C, 0x4 Bytes, ...)
TE11FC780 000:187.291   CPU_ReadMem(4 bytes @ 0x400E002C)
TE11FC780 000:188.286   Data:  02 00 00 00
TE11FC780 000:188.308 - 1.025ms returns 0
TE11FC780 000:188.383 JLINK_ReadMem(0xE000EDF0, 0x4 Bytes, ...)
TE11FC780 000:188.397   CPU_ReadMem(4 bytes @ 0xE000EDF0)
TE11FC780 000:189.259   Data:  03 00 13 00
TE11FC780 000:189.270   Debug reg: DHCSR
TE11FC780 000:189.274 - 0.892ms returns 0
TE11FC780 000:189.280 JLINK_ReadMem(0x400E002C, 0x4 Bytes, ...)
TE11FC780 000:189.287   CPU_ReadMem(4 bytes @ 0x400E002C)
TE11FC780 000:190.339   Data:  02 00 00 00
TE11FC780 000:190.361 - 1.081ms returns 0
TE11FC780 000:190.381 JLINK_ReadMem(0xE000EDF0, 0x4 Bytes, ...)
TE11FC780 000:190.394   CPU_ReadMem(4 bytes @ 0xE000EDF0)
TE11FC780 000:191.128   Data:  03 00 13 00
TE11FC780 000:191.147   Debug reg: DHCSR
TE11FC780 000:191.152 - 0.771ms returns 0
TE11FC780 000:191.162 JLINK_ReadMem(0x400E001C, 0x4 Bytes, ...)
TE11FC780 000:191.173   CPU_ReadMem(4 bytes @ 0x400E001C)
TE11FC780 000:191.901   Data:  00 30 00 00
TE11FC780 000:191.913 - 0.752ms returns 0
TE11FC780 000:191.926 JLINK_ReadMem(0xE000EDF0, 0x4 Bytes, ...)
TE11FC780 000:191.934   CPU_ReadMem(4 bytes @ 0xE000EDF0)
TE11FC780 000:192.765   Data:  03 00 13 00
TE11FC780 000:192.774   Debug reg: DHCSR
TE11FC780 000:192.778 - 0.852ms returns 0
TE11FC780 000:192.784 JLINK_ReadMem(0x400E0018, 0x4 Bytes, ...)
TE11FC780 000:192.791   CPU_ReadMem(4 bytes @ 0x400E0018)
TE11FC780 000:193.519   Data:  00 80 00 00
TE11FC780 000:193.531 - 0.747ms returns 0
TE11FC780 000:193.545 JLINK_ReadMem(0xE000EDF0, 0x4 Bytes, ...)
TE11FC780 000:193.555   CPU_ReadMem(4 bytes @ 0xE000EDF0)
TE11FC780 000:194.402   Data:  03 00 13 00
TE11FC780 000:194.416   Debug reg: DHCSR
TE11FC780 000:194.420 - 0.876ms returns 0
TE11FC780 000:194.427 JLINK_ReadMem(0x400E0020, 0x4 Bytes, ...)
TE11FC780 000:194.435   CPU_ReadMem(4 bytes @ 0x400E0020)
TE11FC780 000:195.173   Data:  00 00 00 00
TE11FC780 000:195.186 - 0.758ms returns 0
TE11FC780 000:195.196 JLINK_ReadMem(0xE000EDF0, 0x4 Bytes, ...)
TE11FC780 000:195.204   CPU_ReadMem(4 bytes @ 0xE000EDF0)
TE11FC780 000:195.939   Data:  03 00 13 00
TE11FC780 000:195.949   Debug reg: DHCSR
TE11FC780 000:195.954 - 0.757ms returns 0
TE11FC780 000:195.959 JLINK_ReadMem(0x400E0028, 0x4 Bytes, ...)
TE11FC780 000:195.966   CPU_ReadMem(4 bytes @ 0x400E0028)
TE11FC780 000:196.763   Data:  00 0C 00 00
TE11FC780 000:196.774 - 0.815ms returns 0
TE11FC780 000:196.784 JLINK_ReadMem(0xE000EDF0, 0x4 Bytes, ...)
TE11FC780 000:196.791   CPU_ReadMem(4 bytes @ 0xE000EDF0)
TE11FC780 000:197.622   Data:  03 00 13 00
TE11FC780 000:197.633   Debug reg: DHCSR
TE11FC780 000:197.638 - 0.855ms returns 0
TE11FC780 000:197.643 JLINK_ReadMem(0x400E0024, 0x4 Bytes, ...)
TE11FC780 000:197.651   CPU_ReadMem(4 bytes @ 0x400E0024)
TE11FC780 000:198.478   Data:  00 20 00 00
TE11FC780 000:198.487 - 0.843ms returns 0
TE11FC780 000:198.617 JLINK_TIF_GetAvailable(...)
TE11FC780 000:199.023 - 0.405ms
TE11FC780 000:199.033 JLINK_TIF_Select(JLINKARM_TIF_SWD)
TE11FC780 000:199.036 - 0.004ms returns 0x00
TE11FC780 000:199.040 JLINK_SetSpeed(4000)
TE11FC780 000:199.258 - 0.218ms
TE11FC780 000:199.265 JLINK_SetEndian(ARM_ENDIAN_LITTLE)
TE11FC780 000:199.268 - 0.003ms returns 0
TE11FC780 000:199.271 JLINK_SetInitRegsOnReset(OFF)
TE11FC780 000:199.274 - 0.003ms returns 1
TE11FC780 000:199.278 JLINK_SetResetType(JLINKARM_CM3_RESET_TYPE_CONNECT_UNDER_RESET)
TE11FC780 000:199.283 - 0.005ms returns JLINKARM_CM3_RESET_TYPE_NORMAL
TE11FC780 000:199.302 JLINK_ExecCommand("EnableFlashBPs", ...). 
TE11FC780 000:199.307 - 0.001ms returns 0x00
TE11FC780 000:199.311 JLINK_ExecCommand("SetAllowFlashCache = 1", ...). 
TE11FC780 000:199.315 - 0.001ms returns 0x01
TE11FC780 000:199.319 JLINK_ExecCommand("SetRestartOnClose = 0", ...). 
TE11FC780 000:199.324 - 0.002ms returns 0x01
TE11FC780 000:199.327 JLINK_EnableSoftBPs(ON)
TE11FC780 000:199.330 - 0.003ms
TE11FC780 000:199.333 JLINK_Connect()
TE11FC780 000:199.555   ConfigTargetSettings() start
TE11FC780 000:199.561    J-Link Script File: Executing ConfigTargetSettings()
TE11FC780 000:199.573   Configuring FlashDLNoRMWThreshold=0x200 in order to make sure that option bytes programming is done via read-modify-write
TE11FC780 000:202.202   ConfigTargetSettings() end - Took 2.63ms
TE11FC780 000:202.211   InitTarget() start
TE11FC780 000:202.215    J-Link Script File: Executing InitTarget()
TE11FC780 000:202.220   SWD selected. Executing JTAG -> SWD switching sequence.
TE11FC780 000:206.106   DAP initialized successfully.
TE11FC780 000:206.116   Determining TrustZone configuration...
TE11FC780 000:208.808     Secure Debug: Enabled (SSD)
TE11FC780 000:208.818   Determining currently configured transfer type by reading the AHB-AP CSW register.
TE11FC780 000:210.804     --> Correct transfer type configured. Done.
TE11FC780 000:210.815   InitTarget() end - Took 8.59ms
TE11FC780 000:212.049   Found SW-DP with ID 0x6BA02477
TE11FC780 000:216.772   DPIDR: 0x6BA02477
TE11FC780 000:216.783   CoreSight SoC-400 or earlier
TE11FC780 000:216.790   AP map detection skipped. Manually configured AP map found.
TE11FC780 000:216.795   AP[0]: AHB-AP (IDR: Not set)
TE11FC780 000:218.850   AP[0]: Core found
TE11FC780 000:218.859   AP[0]: AHB-AP ROM base: 0xE00FE000
TE11FC780 000:219.835   CPUID register: 0x410FD214. Implementer code: 0x41 (ARM)
TE11FC780 000:219.845   Feature set: Mainline
TE11FC780 000:220.842   Cache: No cache
TE11FC780 000:220.852   Found Cortex-M33 r0p4, Little endian.
TE11FC780 000:221.271   -- Max. mem block: 0x00001700
TE11FC780 000:221.283   CPU_ReadMem(4 bytes @ 0xE000EDF0)
TE11FC780 000:222.217   CPU_ReadMem(4 bytes @ 0xE0002000)
TE11FC780 000:223.288   FPUnit: 8 code (BP) slots and 0 literal slots
TE11FC780 000:223.312   CPU_ReadMem(4 bytes @ 0xE000EDFC)
TE11FC780 000:224.314   CPU_ReadMem(4 bytes @ 0xE0001000)
TE11FC780 000:225.160   CPU_ReadMem(4 bytes @ 0xE0001000)
TE11FC780 000:225.823   CPU_ReadMem(4 bytes @ 0xE0001028)
TE11FC780 000:226.444   CPU_ReadMem(4 bytes @ 0xE0001038)
TE11FC780 000:227.310   CPU_ReadMem(4 bytes @ 0xE0001048)
TE11FC780 000:228.137   CPU_ReadMem(4 bytes @ 0xE0001058)
TE11FC780 000:228.838   CPU_WriteMem(4 bytes @ 0xE0001000)
TE11FC780 000:229.546   CPU_ReadMem(4 bytes @ 0xE000ED88)
TE11FC780 000:230.244   CPU_WriteMem(4 bytes @ 0xE000ED88)
TE11FC780 000:230.897   CPU_ReadMem(4 bytes @ 0xE000ED88)
TE11FC780 000:231.767   CPU_WriteMem(4 bytes @ 0xE000ED88)
TE11FC780 000:232.620   CPU_ReadMem(4 bytes @ 0xE000EFB8)
TE11FC780 000:233.430   Security extension: implemented
TE11FC780 000:233.440   Secure debug: enabled
TE11FC780 000:233.446   CoreSight components:
TE11FC780 000:233.451   ROMTbl[0] @ E00FE000
TE11FC780 000:233.458   CPU_ReadMem(64 bytes @ 0xE00FE000)
TE11FC780 000:234.915   CPU_ReadMem(32 bytes @ 0xE0044FE0)
TE11FC780 000:235.897   CPU_ReadMem(4 bytes @ 0xE0044FBC)
TE11FC780 000:236.830   CPU_ReadMem(4 bytes @ 0xE0044FCC)
TE11FC780 000:237.615   [0][0]: E0044000 CID B105900D PID 005BB906 DEVARCH 00000000 DEVTYPE 14 CTI (?)
TE11FC780 000:237.627   CPU_ReadMem(32 bytes @ 0xE0047FE0)
TE11FC780 000:238.834   CPU_ReadMem(4 bytes @ 0xE0047FBC)
TE11FC780 000:239.681   CPU_ReadMem(4 bytes @ 0xE0047FCC)
TE11FC780 000:240.553   [0][1]: E0047000 CID B105900D PID 003BB908 DEVARCH 00000000 DEVTYPE 12 CSTF
TE11FC780 000:240.562   CPU_ReadMem(32 bytes @ 0xE0048FE0)
TE11FC780 000:241.489   CPU_ReadMem(4 bytes @ 0xE0048FBC)
TE11FC780 000:242.352   CPU_ReadMem(4 bytes @ 0xE0048FCC)
TE11FC780 000:243.209   [0][2]: E0048000 CID B105900D PID 001BB961 DEVARCH 00000000 DEVTYPE 21 ETB
TE11FC780 000:243.233   CPU_ReadMem(32 bytes @ 0xE0049FE0)
TE11FC780 000:244.436   [0][3]: E0049000 CID B105F00D PID 001BB101 TSG
TE11FC780 000:244.454   CPU_ReadMem(32 bytes @ 0xE0040FE0)
TE11FC780 000:245.666   CPU_ReadMem(4 bytes @ 0xE0040FBC)
TE11FC780 000:246.548   CPU_ReadMem(4 bytes @ 0xE0040FCC)
TE11FC780 000:247.636   [0][4]: E0040000 CID B105900D PID 000BBD21 DEVARCH 00000000 DEVTYPE 11 TPIU
TE11FC780 000:247.658   CPU_ReadMem(32 bytes @ 0xE00FFFE0)
TE11FC780 000:248.864   [0][5]: E00FF000 CID B105100D PID 000BB4C9 ROM Table
TE11FC780 000:248.874   ROMTbl[1] @ E00FF000
TE11FC780 000:248.879   CPU_ReadMem(64 bytes @ 0xE00FF000)
TE11FC780 000:250.339   CPU_ReadMem(32 bytes @ 0xE000EFE0)
TE11FC780 000:251.644   CPU_ReadMem(4 bytes @ 0xE000EFBC)
TE11FC780 000:252.281   CPU_ReadMem(4 bytes @ 0xE000EFCC)
TE11FC780 000:253.158   [1][0]: E000E000 CID B105900D PID 000BBD21 DEVARCH 47702A04 DEVTYPE 00 Cortex-M33
TE11FC780 000:253.175   CPU_ReadMem(32 bytes @ 0xE0001FE0)
TE11FC780 000:254.472   CPU_ReadMem(4 bytes @ 0xE0001FBC)
TE11FC780 000:255.455   CPU_ReadMem(4 bytes @ 0xE0001FCC)
TE11FC780 000:256.226   [1][1]: E0001000 CID B105900D PID 000BBD21 DEVARCH 47701A02 DEVTYPE 00 DWT
TE11FC780 000:256.238   CPU_ReadMem(32 bytes @ 0xE0002FE0)
TE11FC780 000:257.591   CPU_ReadMem(4 bytes @ 0xE0002FBC)
TE11FC780 000:258.482   CPU_ReadMem(4 bytes @ 0xE0002FCC)
TE11FC780 000:259.472   [1][2]: E0002000 CID B105900D PID 000BBD21 DEVARCH 47701A03 DEVTYPE 00 FPB
TE11FC780 000:259.496   CPU_ReadMem(32 bytes @ 0xE0000FE0)
TE11FC780 000:260.579   CPU_ReadMem(4 bytes @ 0xE0000FBC)
TE11FC780 000:261.431   CPU_ReadMem(4 bytes @ 0xE0000FCC)
TE11FC780 000:262.441   [1][3]: E0000000 CID B105900D PID 000BBD21 DEVARCH 47701A01 DEVTYPE 43 ITM
TE11FC780 000:262.465   CPU_ReadMem(32 bytes @ 0xE0041FE0)
TE11FC780 000:263.827   CPU_ReadMem(4 bytes @ 0xE0041FBC)
TE11FC780 000:264.548   CPU_ReadMem(4 bytes @ 0xE0041FCC)
TE11FC780 000:265.224   [1][5]: E0041000 CID B105900D PID 002BBD21 DEVARCH 47724A13 DEVTYPE 13 ETM
TE11FC780 000:265.238   CPU_ReadMem(32 bytes @ 0xE0042FE0)
TE11FC780 000:266.443   CPU_ReadMem(4 bytes @ 0xE0042FBC)
TE11FC780 000:267.275   CPU_ReadMem(4 bytes @ 0xE0042FCC)
TE11FC780 000:268.131   [1][6]: E0042000 CID B105900D PID 000BBD21 DEVARCH 47701A14 DEVTYPE 14 CSS600-CTI
TE11FC780 000:268.146 - 68.812ms returns 0x00
TE11FC780 000:268.154 JLINK_Halt()
TE11FC780 000:274.880 - 6.724ms returns 0x00
TE11FC780 000:274.903 JLINK_IsHalted()
TE11FC780 000:274.907 - 0.004ms returns TRUE
TE11FC780 000:274.911 JLINK_ResetPullsRESET(ON)
TE11FC780 000:274.914 - 0.003ms
TE11FC780 000:274.917 JLINK_Reset()
TE11FC780 000:274.932   CPU_WriteMem(4 bytes @ 0xE000EDF0)
TE11FC780 000:275.794   CPU_ReadMem(4 bytes @ 0xE000ED44)
TE11FC780 000:276.632   CPU_ReadMem(4 bytes @ 0xE000EE08)
TE11FC780 000:277.433   CPU_WriteMem(4 bytes @ 0xE000EE08)
TE11FC780 000:278.439   CPU_ReadMem(4 bytes @ 0xE000EE08)
TE11FC780 000:279.288   Reset: ARMv8M core with Security Extension enabled detected. Switch to secure domain.
TE11FC780 000:279.300   CPU_WriteMem(4 bytes @ 0xE000EDFC)
TE11FC780 000:280.176   Reset: Halt core after reset via DEMCR.VC_CORERESET.
TE11FC780 000:281.357   Reset: Reset device via AIRCR.SYSRESETREQ.
TE11FC780 000:281.386   CPU_WriteMem(4 bytes @ 0xE000ED0C)
TE11FC780 000:336.327   CPU_ReadMem(4 bytes @ 0xE000EDF0)
TE11FC780 000:337.326   CPU_ReadMem(4 bytes @ 0xE000EDF0)
TE11FC780 000:338.427   CPU_WriteMem(4 bytes @ 0xE000EDFC)
TE11FC780 000:345.102   CPU_ReadMem(4 bytes @ 0xE000EDF0)
TE11FC780 000:352.765   CPU_WriteMem(4 bytes @ 0xE0002000)
TE11FC780 000:353.681   CPU_ReadMem(4 bytes @ 0xE000EDFC)
TE11FC780 000:354.553   CPU_ReadMem(4 bytes @ 0xE0001000)
TE11FC780 000:355.608   CPU_ReadMem(4 bytes @ 0xE000EE08)
TE11FC780 000:356.490 - 81.572ms
TE11FC780 000:356.523 JLINK_ReadMem(0xE000EDF0, 0x4 Bytes, ...)
TE11FC780 000:356.534   CPU_ReadMem(4 bytes @ 0xE000EDF0)
TE11FC780 000:357.448   Data:  03 00 13 00
TE11FC780 000:357.468   Debug reg: DHCSR
TE11FC780 000:357.472 - 0.949ms returns 0
TE11FC780 000:357.507 JLINK_ReadMem(0x010080F0, 0x10 Bytes, ...)
TE11FC780 000:357.517   CPU_ReadMem(16 bytes @ 0x010080F0)
TE11FC780 000:358.245   Data:  52 37 46 41 36 4D 35 42 48 33 43 46 43 20 20 20
TE11FC780 000:358.256 - 0.748ms returns 0
TE11FC780 000:358.268 JLINK_IsHalted()
TE11FC780 000:358.272 - 0.004ms returns TRUE
TE11FC780 000:358.406 JLINK_ReadMem(0xE000EDF0, 0x4 Bytes, ...)
TE11FC780 000:358.422   CPU_ReadMem(4 bytes @ 0xE000EDF0)
TE11FC780 000:359.401   Data:  03 00 13 00
TE11FC780 000:359.424   Debug reg: DHCSR
TE11FC780 000:359.430 - 1.024ms returns 0
TE11FC780 000:359.442 JLINK_ReadMem(0x400E002C, 0x4 Bytes, ...)
TE11FC780 000:359.453   CPU_ReadMem(4 bytes @ 0x400E002C)
TE11FC780 000:360.466   Data:  02 00 00 00
TE11FC780 000:360.488 - 1.046ms returns 0
TE11FC780 000:360.507 JLINK_MeasureCPUSpeed(RAMAddr = 0x20000000)
TE11FC780 000:360.515   CPU_ReadMem(16 bytes @ 0x20000000)
TE11FC780 000:361.541   CPU_ReadMem(4 bytes @ 0xE000EDFC)
TE11FC780 000:362.245   CPU_ReadMem(4 bytes @ 0xE0001000)
TE11FC780 000:363.102   CPU_ReadMem(6 bytes @ 0x20000000)
TE11FC780 000:363.901   CPU_ReadMem(4 bytes @ 0xE000ED90)
TE11FC780 000:364.754   CPU_ReadMem(4 bytes @ 0xE000ED94)
TE11FC780 000:365.647   CPU_WriteMem(16 bytes @ 0x20000000)
TE11FC780 000:366.463   CPU_WriteMem(6 bytes @ 0x20000000)
TE11FC780 000:367.327   CPU_ReadMem(6 bytes @ 0x20000000)
TE11FC780 000:368.293   CPU_ReadMem(4 bytes @ 0xE000EE08)
TE11FC780 000:369.336   CPU_WriteMem(4 bytes @ 0xE0002008)
TE11FC780 000:369.357   CPU_WriteMem(4 bytes @ 0xE000200C)
TE11FC780 000:369.362   CPU_WriteMem(4 bytes @ 0xE0002010)
TE11FC780 000:369.366   CPU_WriteMem(4 bytes @ 0xE0002014)
TE11FC780 000:369.370   CPU_WriteMem(4 bytes @ 0xE0002018)
TE11FC780 000:369.374   CPU_WriteMem(4 bytes @ 0xE000201C)
TE11FC780 000:369.378   CPU_WriteMem(4 bytes @ 0xE0002020)
TE11FC780 000:369.382   CPU_WriteMem(4 bytes @ 0xE0002024)
TE11FC780 000:373.591   CPU_WriteMem(4 bytes @ 0xE0001004)
TE11FC780 000:385.430   CPU_ReadMem(4 bytes @ 0xE0001004)
TE11FC780 000:386.305   CPU_ReadMem(4 bytes @ 0xE000EE08)
TE11FC780 000:387.165   CPU_WriteMem(4 bytes @ 0xE0002008)
TE11FC780 000:387.879   CPU_WriteMem(4 bytes @ 0xE000200C)
TE11FC780 000:388.800   CPU_WriteMem(4 bytes @ 0xE0002010)
TE11FC780 000:389.751   CPU_WriteMem(4 bytes @ 0xE0002014)
TE11FC780 000:390.425   CPU_WriteMem(4 bytes @ 0xE0002018)
TE11FC780 000:391.333   CPU_WriteMem(4 bytes @ 0xE000201C)
TE11FC780 000:392.239   CPU_WriteMem(4 bytes @ 0xE0002020)
TE11FC780 000:393.142   CPU_WriteMem(4 bytes @ 0xE0002024)
TE11FC780 000:393.884   CPU_ReadMem(4 bytes @ 0xE000EE08)
TE11FC780 000:394.752   CPU_ReadMem(4 bytes @ 0xE000EE08)
TE11FC780 000:395.599   CPU_WriteMem(4 bytes @ 0xE0001004)
TE11FC780 000:427.700   CPU_ReadMem(4 bytes @ 0xE0001004)
TE11FC780 000:428.604   CPU_WriteMem(6 bytes @ 0x20000000)
TE11FC780 000:429.475   ClockFreq: 2082000 Hz
TE11FC780 000:429.483 - 68.976ms returns 2082000
TE11FC780 000:429.492 JLINK_ReadReg(XPSR)
TE11FC780 000:429.500   CPU_ReadMem(4 bytes @ 0xE000EE08)
TE11FC780 000:430.473 - 0.980ms returns 0xF9000000
TD1E00640 000:438.028 JLINK_ReadReg(XPSR)
TD1E00640 000:438.056   CPU_ReadMem(4 bytes @ 0xE000EE08)
TD1E00640 000:438.668 - 0.639ms returns 0xF9000000
TD1E00640 000:446.015 JLINK_ReadReg(XPSR)
TD1E00640 000:446.040   CPU_ReadMem(4 bytes @ 0xE000EE08)
TD1E00640 000:446.599 - 0.584ms returns 0xF9000000
TD1E00640 000:447.063 JLINK_ReadReg(XPSR)
TD1E00640 000:447.078   CPU_ReadMem(4 bytes @ 0xE000EE08)
TD1E00640 000:447.705 - 0.642ms returns 0xF9000000
TD1E00640 000:621.499 JLINK_SetEndian(ARM_ENDIAN_LITTLE)
TD1E00640 000:621.513 - 0.015ms returns 0
TD1E00640 000:621.564 JLINK_BeginDownload(Flags = 0x00000000)
TD1E00640 000:621.579 - 0.016ms
TD1E00640 000:624.542 JLINK_ReadMem(0xE000EDF0, 0x4 Bytes, ...)
TD1E00640 000:624.606   CPU_ReadMem(4 bytes @ 0xE000EDF0)
TD1E00640 000:625.166   Data:  03 00 13 00
TD1E00640 000:625.173   Debug reg: DHCSR
TD1E00640 000:625.185 - 0.644ms returns 0
TD1E00640 000:625.728 JLINK_WriteMem(0x00000000, 0xBC0 Bytes, ...)
TD1E00640 000:625.738   Data:  98 0A 00 20 91 18 00 00 B9 16 00 00 8D 18 00 00 ...
TD1E00640 000:626.369   completely In flash
TD1E00640 000:626.376 - 0.649ms returns 0xBC0
TD1E00640 000:626.655 JLINK_WriteMem(0x00000BC0, 0xBB0 Bytes, ...)
TD1E00640 000:626.664   Data:  90 47 06 46 00 28 40 F0 28 81 60 68 02 6A 81 7A ...
TD1E00640 000:626.674   completely In flash
TD1E00640 000:626.679 - 0.024ms returns 0xBB0
TD1E00640 000:626.887 JLINK_WriteMem(0x00001770, 0xBB0 Bytes, ...)
TD1E00640 000:626.892   Data:  02 2F 03 F1 C0 01 01 33 0A B1 40 F8 21 20 A5 42 ...
TD1E00640 000:626.898   completely In flash
TD1E00640 000:626.903 - 0.016ms returns 0xBB0
TD1E00640 000:627.064 JLINK_WriteMem(0x00002320, 0xB28 Bytes, ...)
TD1E00640 000:627.069   Data:  79 20 00 00 EE 2D 00 00 2D E9 F0 47 16 46 98 46 ...
TD1E00640 000:627.075   completely In flash
TD1E00640 000:627.079 - 0.015ms returns 0xB28
TD1E00640 000:627.247 JLINK_WriteMem(0x00002E48, 0x7C Bytes, ...)
TD1E00640 000:627.252   Data:  40 00 35 00 00 00 10 08 00 00 00 00 00 00 00 00 ...
TD1E00640 000:627.258   completely In flash
TD1E00640 000:627.262 - 0.015ms returns 0x7C
TD1E00640 000:627.509 JLINK_WriteMem(0x0100A100, 0x14 Bytes, ...)
TD1E00640 000:627.515   Data:  FF FF FF FF FF FF FF FF FF FF FF FF FF FF FF FF ...
TD1E00640 000:628.261   completely In flash
TD1E00640 000:628.272 - 0.764ms returns 0x14
TD1E00640 000:628.653 JLINK_WriteMem(0x0100A134, 0x4 Bytes, ...)
TD1E00640 000:628.662   Data:  FF FF FF FF
TD1E00640 000:628.670   completely In flash
TD1E00640 000:628.676 - 0.024ms returns 0x4
TD1E00640 000:629.163 JLINK_WriteMem(0x0100A200, 0xD0 Bytes, ...)
TD1E00640 000:629.172   Data:  FF FD FF FF FF FF FF FF FF FF FF FF FF FF FF FF ...
TD1E00640 000:629.181   completely In flash
TD1E00640 000:629.187 - 0.025ms returns 0xD0
TD1E00640 000:630.804 JLINK_EndDownload()
TD1E00640 000:631.142   CPU_ReadMem(4 bytes @ 0xE000ED90)
TD1E00640 000:631.708   CPU_ReadMem(4 bytes @ 0xE000ED94)
TD1E00640 000:632.310    -- --------------------------------------
TD1E00640 000:632.329    -- Start of determining flash info (Bank @ 0x0100A100)
TD1E00640 000:632.346    -- End of determining flash info
TD1E00640 000:632.351    -- Start of determining dirty areas in flash cache
TD1E00640 000:632.359    -- Filling invalid ranges in sector buffer (flash cache) for sector @ 0x0100A100 if necessary
TD1E00640 000:632.384    -- Filling invalid ranges in sector buffer (flash cache) for sector @ 0x0100A110 if necessary
TD1E00640 000:632.392    -- Filling invalid ranges in sector buffer (flash cache) for sector @ 0x0100A130 if necessary
TD1E00640 000:632.401    -- Filling invalid ranges in sector buffer (flash cache) for sector @ 0x0100A200 if necessary
TD1E00640 000:632.407    -- Filling invalid ranges in sector buffer (flash cache) for sector @ 0x0100A210 if necessary
TD1E00640 000:632.412    -- Filling invalid ranges in sector buffer (flash cache) for sector @ 0x0100A220 if necessary
TD1E00640 000:632.418    -- Filling invalid ranges in sector buffer (flash cache) for sector @ 0x0100A230 if necessary
TD1E00640 000:632.423    -- Filling invalid ranges in sector buffer (flash cache) for sector @ 0x0100A240 if necessary
TD1E00640 000:632.429    -- Filling invalid ranges in sector buffer (flash cache) for sector @ 0x0100A250 if necessary
TD1E00640 000:632.434    -- Filling invalid ranges in sector buffer (flash cache) for sector @ 0x0100A260 if necessary
TD1E00640 000:632.440    -- Filling invalid ranges in sector buffer (flash cache) for sector @ 0x0100A270 if necessary
TD1E00640 000:632.447    -- Filling invalid ranges in sector buffer (flash cache) for sector @ 0x0100A280 if necessary
TD1E00640 000:632.454    -- Filling invalid ranges in sector buffer (flash cache) for sector @ 0x0100A290 if necessary
TD1E00640 000:632.461    -- Filling invalid ranges in sector buffer (flash cache) for sector @ 0x0100A2A0 if necessary
TD1E00640 000:632.484    -- Filling invalid ranges in sector buffer (flash cache) for sector @ 0x0100A2B0 if necessary
TD1E00640 000:632.498    -- Filling invalid ranges in sector buffer (flash cache) for sector @ 0x0100A2C0 if necessary
TD1E00640 000:632.504    -- End of determining dirty areas
TD1E00640 000:632.509    -- Start of preparing flash programming
TD1E00640 000:632.515    -- Preparing RAMCode
TD1E00640 000:632.522    -- Calculating RAM usage
TD1E00640 000:632.529    -- RAM usage = 5120 Bytes
TD1E00640 000:632.535    -- Preserving CPU registers
TD1E00640 000:650.826    -- Preparing memory
TD1E00640 000:650.847    -- Determining CPU clock frequency
TD1E00640 000:711.483    -- CPU frequency = 2083 kHz
TD1E00640 000:711.499    -- Preparing target
TD1E00640 000:711.503    -- Preserving target RAM temporarily used for programming
TD1E00640 000:771.870    -- Downloading RAMCode
TD1E00640 000:852.674    -- Initializing RAMCode (InitType: 3 = Verify)
TD1E00640 000:852.692    -- Executing Init(3)
TD1E00640 000:875.432    -- End of preparing flash programming
TD1E00640 000:875.450   
  ***** Warning: 
TD1E00640 000:875.454   CPU is running at low speed (2083 kHz).
TD1E00640 000:875.458    -- CPU is running at 2083 kHz.
TD1E00640 000:875.463    -- Start of comparing flash
TD1E00640 000:875.467    -- Flash algorithm supports a native verify function which is used to compare the flash content.
TD1E00640 000:875.473    -- Comparing range 0x100A100 - 0x100A11F (2 Sectors, 32 Bytes), using verify function of the RAMCode
TD1E00640 000:878.124    -- Data matches for sectors 0-1
TD1E00640 000:878.135    -- Comparing range 0x100A130 - 0x100A13F (1 Sector, 16 Bytes), using verify function of the RAMCode
TD1E00640 000:880.529    -- Data matches for sector 3
TD1E00640 000:880.540    -- Comparing range 0x100A200 - 0x100A2CF (13 Sectors, 208 Bytes), using verify function of the RAMCode
TD1E00640 000:885.657    -- Data matches for sectors 16-28
TD1E00640 000:885.680    -- End of comparing flash
TD1E00640 000:885.686    -- Start of erasing sectors
TD1E00640 000:885.692    -- End of erasing sectors
TD1E00640 000:885.698    -- Start of flash programming
TD1E00640 000:885.704    -- End of flash programming
TD1E00640 000:885.709    -- Start of verifying flash
TD1E00640 000:885.714    -- End of verifying flash
TD1E00640 000:885.720    -- Start of restoring
TD1E00640 000:885.727    -- Executing UnInit()
TD1E00640 000:894.430    -- Restoring target memory
TD1E00640 000:946.738    -- Restoring CPU registers
TD1E00640 000:947.644    -- End of restoring
TD1E00640 000:947.655    -- Bank 0 @ 0x0100A100: Skipped. Contents already match
TD1E00640 000:947.660    -- Bank 0 @ 0x0100A100: Skipped. Contents already match
TD1E00640 000:947.666    -- --------------------------------------
TD1E00640 000:947.671    -- Flash bank @ 0x00000000: Default: L2 verify disabled because algorithm performs L1 verify
TD1E00640 000:947.675    -- Start of determining dirty areas in flash cache
TD1E00640 000:947.680    -- Filling invalid ranges in sector buffer (flash cache) for sector @ 0x00000000 if necessary
TD1E00640 000:947.685    -- Filling invalid ranges in sector buffer (flash cache) for sector @ 0x00002000 if necessary
TD1E00640 000:948.067    -- End of determining dirty areas
TD1E00640 000:948.072    -- Start of preparing flash programming
TD1E00640 000:948.076    -- Calculating RAM usage
TD1E00640 000:948.091    -- RAM usage = 3476 Bytes
TD1E00640 000:948.095    -- Preserving CPU registers
TD1E00640 000:948.117    -- Determining CPU clock frequency
TD1E00640 001:004.439    -- Preparing target
TD1E00640 001:004.455    -- Preserving target RAM temporarily used for programming
TD1E00640 001:045.448    -- Downloading RAMCode
TD1E00640 001:092.873    -- Preparing RAMCode
TD1E00640 001:113.914    -- CPU frequency = 100000 kHz
TD1E00640 001:113.931    -- End of preparing flash programming
TD1E00640 001:113.937    -- CPU is running at 100000 kHz.
TD1E00640 001:113.942    -- Start of comparing flash
TD1E00640 001:113.947    -- CRC check was estimated as fastest method
TD1E00640 001:113.961    -- Comparing range 0x0000 - 0x3FFF (2 Sectors, 16 KB), using multi-block CRC calculation
TD1E00640 001:120.662    -- CRC does not match for sectors 0-1
TD1E00640 001:120.677    -- End of comparing flash
TD1E00640 001:120.682    -- Start of erasing sectors
TD1E00640 001:120.688    -- Erasing range 0x00000000 - 0x00003FFF (  2 Sectors, 16 KB)
TD1E00640 001:203.667    -- End of erasing sectors
TD1E00640 001:203.686    -- Start of flash programming
TD1E00640 001:203.692    -- Programming range 0x00000000 - 0x00003FFF (  2 Sectors, 16 KB)
TD1E00640 001:377.958    -- End of flash programming
TD1E00640 001:377.977    -- 0x0000 - 0x3FFF (  2 Sectors, 16 KB)
TD1E00640 001:377.982    -- Start of restoring
TD1E00640 001:377.987    -- Restoring RAMCode
TD1E00640 001:395.362    -- Restoring target memory
TD1E00640 001:431.429    -- Restore target
TD1E00640 001:431.451    -- Restoring CPU registers
TD1E00640 001:432.143    -- End of restoring
TD1E00640 001:432.165    -- Bank 1 @ 0x00000000: 1 range affected (16384 bytes)
TD1E00640 001:432.171    -- Total: 0.484s (Prepare: 0.165s, Compare: 0.006s, Erase: 0.083s, Program & Verify: 0.183s, Restore: 0.044s)
TD1E00640 001:432.176    -- Program & Verify speed: 87 KB/s
TD1E00640 001:445.962 - 815.156ms returns 16384 (0x4000)
TD1E00640 001:446.589 JLINK_WriteReg(R15 (PC), 0x00001890)
TD1E00640 001:446.641 - 0.053ms returns 0
TD1E00640 001:446.648 JLINK_WriteReg(XPSR, 0x01000000)
TD1E00640 001:446.654 - 0.005ms returns 0
TD1E00640 001:446.665 JLINK_ResetPullsRESET(ON)
TD1E00640 001:446.669 - 0.005ms
TD1E00640 001:446.673 JLINK_Halt()
TD1E00640 001:447.200 - 0.526ms returns 0x00
TD1E00640 001:447.211 JLINK_IsHalted()
TD1E00640 001:447.217 - 0.005ms returns TRUE
TD1E00640 001:447.222 JLINK_Reset()
TD1E00640 001:447.236   CPU_WriteMem(4 bytes @ 0xE000EDF0)
TD1E00640 001:448.007   CPU_ReadMem(4 bytes @ 0xE000ED44)
TD1E00640 001:448.703   CPU_ReadMem(4 bytes @ 0xE000EE08)
TD1E00640 001:449.336   CPU_WriteMem(4 bytes @ 0xE000EE08)
TD1E00640 001:450.000   CPU_ReadMem(4 bytes @ 0xE000EE08)
TD1E00640 001:450.618   Reset: ARMv8M core with Security Extension enabled detected. Switch to secure domain.
TD1E00640 001:450.631   CPU_WriteMem(4 bytes @ 0xE000EDFC)
TD1E00640 001:451.326   Reset: Halt core after reset via DEMCR.VC_CORERESET.
TD1E00640 001:452.164   Reset: Reset device via AIRCR.SYSRESETREQ.
TD1E00640 001:452.184   CPU_WriteMem(4 bytes @ 0xE000ED0C)
TD1E00640 001:506.671   CPU_ReadMem(4 bytes @ 0xE000EDF0)
TD1E00640 001:507.304   CPU_ReadMem(4 bytes @ 0xE000EDF0)
TD1E00640 001:507.931   CPU_WriteMem(4 bytes @ 0xE000EDFC)
TD1E00640 001:514.014   CPU_ReadMem(4 bytes @ 0xE000EDF0)
TD1E00640 001:521.387   CPU_WriteMem(4 bytes @ 0xE0002000)
TD1E00640 001:522.294   CPU_ReadMem(4 bytes @ 0xE000EDFC)
TD1E00640 001:523.166   CPU_ReadMem(4 bytes @ 0xE0001000)
TD1E00640 001:523.878   CPU_ReadMem(4 bytes @ 0xE000EE08)
TD1E00640 001:524.463 - 77.240ms
TD1E00640 001:524.474 JLINK_SetEndian(ARM_ENDIAN_LITTLE)
TD1E00640 001:524.477 - 0.004ms returns 0
TD1E00640 001:524.789 JLINK_ResetPullsRESET(ON)
TD1E00640 001:524.796 - 0.007ms
TD1E00640 001:524.800 JLINK_Halt()
TD1E00640 001:524.805 - 0.005ms returns 0x00
TD1E00640 001:524.809 JLINK_IsHalted()
TD1E00640 001:524.814 - 0.004ms returns TRUE
TD1E00640 001:524.818 JLINK_Reset()
TD1E00640 001:524.828   CPU_WriteMem(4 bytes @ 0xE000EDF0)
TD1E00640 001:525.447   CPU_ReadMem(4 bytes @ 0xE000ED44)
TD1E00640 001:526.077   CPU_ReadMem(4 bytes @ 0xE000EE08)
TD1E00640 001:526.700   CPU_WriteMem(4 bytes @ 0xE000EE08)
TD1E00640 001:527.616   CPU_ReadMem(4 bytes @ 0xE000EE08)
TD1E00640 001:528.487   Reset: ARMv8M core with Security Extension enabled detected. Switch to secure domain.
TD1E00640 001:528.495   CPU_WriteMem(4 bytes @ 0xE000EDFC)
TD1E00640 001:529.405   Reset: Halt core after reset via DEMCR.VC_CORERESET.
TD1E00640 001:530.652   Reset: Reset device via AIRCR.SYSRESETREQ.
TD1E00640 001:530.663   CPU_WriteMem(4 bytes @ 0xE000ED0C)
TD1E00640 001:584.691   CPU_ReadMem(4 bytes @ 0xE000EDF0)
TD1E00640 001:585.327   CPU_ReadMem(4 bytes @ 0xE000EDF0)
TD1E00640 001:585.894   CPU_WriteMem(4 bytes @ 0xE000EDFC)
TD1E00640 001:591.956   CPU_ReadMem(4 bytes @ 0xE000EDF0)
TD1E00640 001:599.469   CPU_WriteMem(4 bytes @ 0xE0002000)
TD1E00640 001:600.197   CPU_ReadMem(4 bytes @ 0xE000EDFC)
TD1E00640 001:600.835   CPU_ReadMem(4 bytes @ 0xE0001000)
TD1E00640 001:601.448   CPU_ReadMem(4 bytes @ 0xE000EE08)
TD1E00640 001:602.236 - 77.417ms
TD1E00640 001:602.256 JLINK_SetEndian(ARM_ENDIAN_LITTLE)
TD1E00640 001:602.261 - 0.005ms returns 0
TD1E00640 001:605.638 JLINK_ReadReg(XPSR)
TD1E00640 001:605.667   CPU_ReadMem(4 bytes @ 0xE000EE08)
TD1E00640 001:606.232 - 0.596ms returns 0xF9000000
TD1E00640 001:606.724 JLINK_ReadMem(0x00001890, 0x4 Bytes, ...)
TD1E00640 001:606.759    -- Read from flash cache (4 bytes @ 0x00001890)
TD1E00640 001:606.765   Data:  08 B5 00 F0
TD1E00640 001:606.770 - 0.047ms returns 0
TD1E00640 001:608.675 JLINK_ReadReg(XPSR)
TD1E00640 001:608.704 - 0.029ms returns 0xF9000000
TD1E00640 001:609.119 JLINK_ReadMem(0x00001890, 0x4 Bytes, ...)
TD1E00640 001:609.132    -- Read from flash cache (4 bytes @ 0x00001890)
TD1E00640 001:609.139   Data:  08 B5 00 F0
TD1E00640 001:609.172 - 0.053ms returns 0
TD1E00640 001:853.443 JLINK_GetNumBPUnits(Type = 0xFFFFFF00)
TD1E00640 001:853.459 - 0.017ms returns 0x08
TD1E00640 001:853.463 JLINK_GetNumWPUnits()
TD1E00640 001:853.467 - 0.004ms returns 4
TD1E00640 001:853.471 JLINK_GetNumWPUnits()
TD1E00640 001:853.475 - 0.003ms returns 4
TD1E00640 001:853.483 JLINK_GetNumBPUnits(Type = 0xFFFFFF00)
TD1E00640 001:853.487 - 0.004ms returns 0x08
TD1E00640 001:853.490 JLINK_GetNumWPUnits()
TD1E00640 001:853.494 - 0.004ms returns 4
TD1E00640 001:853.498 JLINK_GetNumWPUnits()
TD1E00640 001:853.502 - 0.003ms returns 4
TD1E00640 001:853.509 JLINK_GetNumBPUnits(Type = 0xFFFFFF00)
TD1E00640 001:853.513 - 0.004ms returns 0x08
TD1E00640 001:853.516 JLINK_GetNumWPUnits()
TD1E00640 001:853.520 - 0.004ms returns 4
TD1E00640 001:853.523 JLINK_GetNumWPUnits()
TD1E00640 001:853.527 - 0.004ms returns 4
TD1E00640 001:853.557 JLINK_SetBPEx(Addr = 0x000004F4, Type = 0xFFFFFF00)
TD1E00640 001:853.572 - 0.015ms returns 0x00000001
TD1E00640 001:853.583 JLINK_ClrBPEx(BPHandle = 0x00000001)
TD1E00640 001:853.588 - 0.005ms returns 0x00
TD1E00640 001:855.039 JLINK_ReadMem(0x000004C0, 0x40 Bytes, ...)
TD1E00640 001:855.057    -- Read from flash cache (64 bytes @ 0x000004C0)
TD1E00640 001:855.064   Data:  3C 03 00 20 C0 29 00 00 0C 03 00 20 38 02 00 20 ...
TD1E00640 001:855.070 - 0.032ms returns 0
TD1E00640 001:855.261 JLINK_ReadMem(0x000004F4, 0x2 Bytes, ...)
TD1E00640 001:855.269    -- Read from flash cache (2 bytes @ 0x000004F4)
TD1E00640 001:855.274   Data:  08 B5
TD1E00640 001:855.280 - 0.019ms returns 0
TD1E00640 001:855.458 JLINK_SetBPEx(Addr = 0x000004F4, Type = 0xFFFFFF00)
TD1E00640 001:855.467 - 0.009ms returns 0x00000002
TD1E00640 001:859.384 JLINK_ReadRegs(NumRegs = 22, Indexes: 0, 1, 2, 3, 4, 5, 6, 7, 8, 9, 10, 11, 12, 13, 14, 15, 16, 17, 18, 86, 87, 20)
TD1E00640 001:859.431    -- R0=0x00, R1=0x00, R2=0x00, R3=0x00, R4=0x00, R5=0x00, R6=0x00, R7=0x00, R8=0x00, R9=0x29A4, R10=0x2E28, R11=0x01, R12=0x2000D888, R13 (SP)=0x20000A98, R14=0xFFFFFFFF, R15 (PC)=0x1890, XPSR=0xF9000000, MSP=0x20000A98, PSP=0x00, MSPLIM=0x00, PSPLIM=0x00, CFBP=0x00
TD1E00640 001:859.436 - 0.053ms returns 0x00
TD1E00640 001:859.635 JLINK_ReadReg(XPSR)
TD1E00640 001:859.651 - 0.015ms returns 0xF9000000
TD1E00640 001:860.203 JLINK_ReadMem(0x00001890, 0x4 Bytes, ...)
TD1E00640 001:860.219    -- Read from flash cache (4 bytes @ 0x00001890)
TD1E00640 001:860.226   Data:  08 B5 00 F0
TD1E00640 001:860.233 - 0.031ms returns 0
TD1400640 001:894.411 JLINK_GetNumBPUnits(Type = 0xFFFFFF00)
TD1400640 001:894.432 - 0.021ms returns 0x08
TD1400640 001:894.436 JLINK_GetNumWPUnits()
TD1400640 001:894.440 - 0.004ms returns 4
TD1400640 001:894.444 JLINK_GetNumWPUnits()
TD1400640 001:894.447 - 0.003ms returns 4
TD1400640 001:894.673 JLINK_GetNumBPUnits(Type = 0xFFFFFF00)
TD1400640 001:894.689 - 0.016ms returns 0x08
TD1400640 001:894.694 JLINK_GetNumWPUnits()
TD1400640 001:894.699 - 0.004ms returns 4
TD1400640 001:894.704 JLINK_GetNumWPUnits()
TD1400640 001:894.708 - 0.005ms returns 4
TD1400640 001:894.908 JLINK_GetNumBPUnits(Type = 0xFFFFFF00)
TD1400640 001:894.915 - 0.008ms returns 0x08
TD1400640 001:894.920 JLINK_GetNumWPUnits()
TD1400640 001:894.924 - 0.004ms returns 4
TD1400640 001:894.928 JLINK_GetNumWPUnits()
TD1400640 001:894.932 - 0.004ms returns 4
TD1400640 001:895.170 JLINK_GetNumBPUnits(Type = 0xFFFFFF00)
TD1400640 001:895.178 - 0.008ms returns 0x08
TD1400640 001:895.183 JLINK_GetNumWPUnits()
TD1400640 001:895.187 - 0.004ms returns 4
TD1400640 001:895.191 JLINK_GetNumWPUnits()
TD1400640 001:895.195 - 0.005ms returns 4
TD1400640 001:895.470 JLINK_GetNumBPUnits(Type = 0xFFFFFF00)
TD1400640 001:895.476 - 0.007ms returns 0x08
TD1400640 001:895.481 JLINK_GetNumWPUnits()
TD1400640 001:895.485 - 0.004ms returns 4
TD1400640 001:895.489 JLINK_GetNumWPUnits()
TD1400640 001:895.493 - 0.004ms returns 4
TD1400640 001:895.924 JLINK_GetNumBPUnits(Type = 0xFFFFFF00)
TD1400640 001:895.937 - 0.012ms returns 0x08
TD1400640 001:895.941 JLINK_GetNumWPUnits()
TD1400640 001:895.946 - 0.004ms returns 4
TD1400640 001:895.950 JLINK_GetNumWPUnits()
TD1400640 001:895.954 - 0.004ms returns 4
TD1400640 001:896.116 JLINK_ReadReg(XPSR)
TD1400640 001:896.136 - 0.021ms returns 0xF9000000
TD1400640 001:896.142 JLINK_ReadReg(R15 (PC))
TD1400640 001:896.148 - 0.005ms returns 0x00001890
TD1400640 001:896.231 JLINK_GetNumBPUnits(Type = 0xFFFFFF00)
TD1400640 001:896.237 - 0.005ms returns 0x08
TD1400640 001:896.241 JLINK_GetNumWPUnits()
TD1400640 001:896.246 - 0.004ms returns 4
TD1400640 001:896.250 JLINK_GetNumWPUnits()
TD1400640 001:896.254 - 0.003ms returns 4
TD1400640 001:896.408 JLINK_GetNumBPUnits(Type = 0xFFFFFF00)
TD1400640 001:896.415 - 0.006ms returns 0x08
TD1400640 001:896.419 JLINK_GetNumWPUnits()
TD1400640 001:896.423 - 0.003ms returns 4
TD1400640 001:896.427 JLINK_GetNumWPUnits()
TD1400640 001:896.431 - 0.004ms returns 4
TD1E00640 002:025.159 JLINK_ReadMem(0x00001890, 0x4 Bytes, ...)
TD1E00640 002:025.186    -- Read from flash cache (4 bytes @ 0x00001890)
TD1E00640 002:025.193   Data:  08 B5 00 F0
TD1E00640 002:025.200 - 0.042ms returns 0
TD1E00640 002:028.832 JLINK_ReadReg(XPSR)
TD1E00640 002:028.889 - 0.057ms returns 0xF9000000
TD1E00640 002:067.554 JLINK_ReadReg(XPSR)
TD1E00640 002:067.602 - 0.048ms returns 0xF9000000
TD1E00640 015:059.141 JLINK_STRACE_Read(..., NumItems = 0x10000)
TD1E00640 015:059.596 - 0.455ms NumItemsRead = 0x00
TD1E00640 015:059.612 JLINK_IsHalted()
TD1E00640 015:060.122 - 0.509ms returns TRUE
TD1E00640 015:060.136 JLINK_STRACE_Read(..., NumItems = 0x10000)
TD1E00640 015:060.142 - 0.006ms NumItemsRead = 0x00
TD1E00640 015:060.148 JLINK_GoEx(MaxEmulInsts = 0, Flags = 0x01)
TD1E00640 015:060.162   CPU_WriteMem(4 bytes @ 0xE0002000)
TD1E00640 015:060.779   CPU_ReadMem(4 bytes @ 0xE0001000)
TD1E00640 015:061.484   CPU_WriteMem(4 bytes @ 0xE0002008)
TD1E00640 015:061.495   CPU_WriteMem(4 bytes @ 0xE000200C)
TD1E00640 015:061.501   CPU_WriteMem(4 bytes @ 0xE0002010)
TD1E00640 015:061.508   CPU_WriteMem(4 bytes @ 0xE0002014)
TD1E00640 015:061.514   CPU_WriteMem(4 bytes @ 0xE0002018)
TD1E00640 015:061.521   CPU_WriteMem(4 bytes @ 0xE000201C)
TD1E00640 015:061.527   CPU_WriteMem(4 bytes @ 0xE0002020)
TD1E00640 015:061.534   CPU_WriteMem(4 bytes @ 0xE0002024)
TD1E00640 015:065.235   CPU_WriteMem(4 bytes @ 0xE0001004)
TD1E00640 015:067.059   Memory map 'after startup completion point' is active
TD1E00640 015:067.081 - 6.932ms
TD1E00640 015:167.591 JLINK_IsHalted()
TD1E00640 015:174.434 - 6.841ms returns TRUE
TD1E00640 015:174.460 JLINK_ReadReg(XPSR)
TD1E00640 015:174.471   CPU_ReadMem(4 bytes @ 0xE000EE08)
TD1E00640 015:175.311 - 0.851ms returns 0x69000000
TD1E00640 015:175.324 JLINK_ReadReg(R15 (PC))
TD1E00640 015:175.330 - 0.007ms returns 0x000004F4
TD1E00640 015:175.348 JLINK_ReadReg(XPSR)
TD1E00640 015:175.352 - 0.004ms returns 0x69000000
TD1E00640 015:175.355 JLINK_ReadReg(XPSR)
TD1E00640 015:175.359 - 0.003ms returns 0x69000000
TD1E00640 015:175.362 JLINK_ReadReg(R15 (PC))
TD1E00640 015:175.365 - 0.003ms returns 0x000004F4
TD1E00640 015:175.370 JLINK_ReadReg(XPSR)
TD1E00640 015:175.373 - 0.003ms returns 0x69000000
TD1E00640 015:175.376 JLINK_ReadReg(XPSR)
TD1E00640 015:175.380 - 0.003ms returns 0x69000000
TD1E00640 015:175.384 JLINK_ReadMem(0x000004F4, 0x1 Bytes, ...)
TD1E00640 015:175.390    -- Read from flash cache (1 bytes @ 0x000004F4)
TD1E00640 015:175.395   Data:  08
TD1E00640 015:175.399 - 0.015ms returns 0
TD1E00640 015:175.403 JLINK_IsHalted()
TD1E00640 015:175.406 - 0.003ms returns TRUE
TD1E00640 015:175.409 JLINK_ReadReg(XPSR)
TD1E00640 015:175.413 - 0.004ms returns 0x69000000
TD1E00640 015:175.416 JLINK_ReadReg(XPSR)
TD1E00640 015:175.419 - 0.003ms returns 0x69000000
TD1E00640 015:175.422 JLINK_ReadReg(R15 (PC))
TD1E00640 015:175.425 - 0.003ms returns 0x000004F4
TD1E00640 015:175.429 JLINK_ReadReg(XPSR)
TD1E00640 015:175.433 - 0.003ms returns 0x69000000
TD1E00640 015:175.436 JLINK_ReadReg(XPSR)
TD1E00640 015:175.440 - 0.003ms returns 0x69000000
TD1E00640 015:175.444 JLINK_ReadMem(0x000004F4, 0x1 Bytes, ...)
TD1E00640 015:175.447    -- Read from flash cache (1 bytes @ 0x000004F4)
TD1E00640 015:175.450   Data:  08
TD1E00640 015:175.454 - 0.011ms returns 0
TD1E00640 015:175.733 JLINK_ReadRegs(NumRegs = 22, Indexes: 0, 1, 2, 3, 4, 5, 6, 7, 8, 9, 10, 11, 12, 13, 14, 15, 16, 17, 18, 86, 87, 20)
TD1E00640 015:175.756    -- R0=0x00, R1=0x11F, R2=0x00, R3=0x60, R4=0x00, R5=0x00, R6=0x00, R7=0x00, R8=0x00, R9=0x29A4, R10=0x2E28, R11=0x01, R12=0x80, R13 (SP)=0x20000A90, R14=0x189B, R15 (PC)=0x4F4, XPSR=0x69000000, MSP=0x20000A90, PSP=0x00, MSPLIM=0x20000698, PSPLIM=0x00, CFBP=0x00
TD1E00640 015:175.760 - 0.028ms returns 0x00
TD1E00640 015:176.421 JLINK_ReadReg(XPSR)
TD1E00640 015:176.430 - 0.009ms returns 0x69000000
TD1E00640 015:176.768 JLINK_ReadMem(0x000004F4, 0x4 Bytes, ...)
TD1E00640 015:176.790    -- Read from flash cache (4 bytes @ 0x000004F4)
TD1E00640 015:176.797   Data:  08 B5 FF F7
TD1E00640 015:176.805 - 0.038ms returns 0
TD1E00640 015:177.572 JLINK_ClrBPEx(BPHandle = 0x00000002)
TD1E00640 015:177.588 - 0.024ms returns 0x00
TD1E00640 015:183.760 JLINK_ReadMem(0x000004F4, 0x4 Bytes, ...)
TD1E00640 015:183.782    -- Read from flash cache (4 bytes @ 0x000004F4)
TD1E00640 015:183.788   Data:  08 B5 FF F7
TD1E00640 015:183.792 - 0.033ms returns 0
TD1E00640 015:332.319 JLINK_ReadReg(XPSR)
TD1E00640 015:332.351 - 0.032ms returns 0x69000000
TD1E00640 015:332.775 JLINK_ReadReg(XPSR)
TD1E00640 015:332.794 - 0.019ms returns 0x69000000
TD1E00640 016:079.577 JLINK_STRACE_Read(..., NumItems = 0x10000)
TD1E00640 016:079.607 - 0.031ms NumItemsRead = 0x00
TD1E00640 016:079.615 JLINK_IsHalted()
TD1E00640 016:080.302 - 0.685ms returns TRUE
TD1E00640 016:080.317 JLINK_STRACE_Read(..., NumItems = 0x10000)
TD1E00640 016:080.323 - 0.005ms NumItemsRead = 0x00
TD1E00640 016:080.330 JLINK_GoEx(MaxEmulInsts = 0, Flags = 0x01)
TD1E00640 016:080.353   CPU_ReadMem(4 bytes @ 0xE0001000)
TD1E00640 016:080.962   CPU_WriteMem(4 bytes @ 0xE0002008)
TD1E00640 016:082.758 - 2.427ms
TD1400640 016:178.336 JLINK_ReadReg(XPSR)
TD1400640 016:178.905   CPU is running
TD1400640 016:178.917   
  ***** Error: 
TD1400640 016:178.920   Cannot read register 16 (XPSR) while CPU is running
TD1400640 016:178.925 - 0.590ms returns 0x00000000
TD1400640 016:178.930 JLINK_ReadReg(R15 (PC))
TD1400640 016:179.480   CPU is running
TD1400640 016:179.488   
  ***** Error: 
TD1400640 016:179.492   Cannot read register 15 (R15) while CPU is running
TD1400640 016:179.496 - 0.566ms returns 0x00000000
TD1E00640 016:183.685 JLINK_IsHalted()
TD1E00640 016:184.281 - 0.596ms returns FALSE
TD1E00640 016:184.286 JLINK_IsHalted()
TD1E00640 016:184.866 - 0.579ms returns FALSE
TD1E00640 016:285.720 JLINK_IsHalted()
TD1E00640 016:286.323 - 0.603ms returns FALSE
TD1E00640 016:286.342 JLINK_IsHalted()
TD1E00640 016:287.140 - 0.797ms returns FALSE
TD1E00640 016:387.659 JLINK_IsHalted()
TD1E00640 016:388.296 - 0.637ms returns FALSE
TD1E00640 016:388.304 JLINK_IsHalted()
TD1E00640 016:388.912 - 0.608ms returns FALSE
TD1E00640 016:489.722 JLINK_IsHalted()
TD1E00640 016:490.280 - 0.558ms returns FALSE
TD1E00640 016:490.290 JLINK_IsHalted()
TD1E00640 016:490.844 - 0.554ms returns FALSE
TD1E00640 016:591.730 JLINK_IsHalted()
TD1E00640 016:592.403 - 0.673ms returns FALSE
TD1E00640 016:592.413 JLINK_IsHalted()
TD1E00640 016:593.055 - 0.641ms returns FALSE
TD1E00640 016:693.590 JLINK_IsHalted()
TD1E00640 016:694.417 - 0.828ms returns FALSE
TD1E00640 016:694.424 JLINK_IsHalted()
TD1E00640 016:695.221 - 0.796ms returns FALSE
TD1E00640 016:795.588 JLINK_IsHalted()
TD1E00640 016:796.221 - 0.632ms returns FALSE
TD1E00640 016:796.230 JLINK_IsHalted()
TD1E00640 016:796.860 - 0.630ms returns FALSE
TD1E00640 016:897.674 JLINK_IsHalted()
TD1E00640 016:898.497 - 0.824ms returns FALSE
TD1E00640 016:898.506 JLINK_IsHalted()
TD1E00640 016:899.313 - 0.806ms returns FALSE
TD1E00640 016:999.692 JLINK_IsHalted()
TD1E00640 017:000.336 - 0.644ms returns FALSE
TD1E00640 017:000.344 JLINK_IsHalted()
TD1E00640 017:001.249 - 0.905ms returns FALSE
TD1E00640 017:101.592 JLINK_IsHalted()
TD1E00640 017:102.490 - 0.899ms returns FALSE
TD1E00640 017:102.497 JLINK_IsHalted()
TD1E00640 017:103.360 - 0.863ms returns FALSE
TD1400640 017:180.045 JLINK_IsHalted()
TD1400640 017:180.702 - 0.657ms returns FALSE
TD1400640 017:180.711 JLINK_IsHalted()
TD1400640 017:181.235 - 0.523ms returns FALSE
TD1400640 017:181.343 JLINK_IsHalted()
TD1400640 017:181.945 - 0.601ms returns FALSE
TD1400640 017:181.957 JLINK_IsHalted()
TD1400640 017:182.706 - 0.748ms returns FALSE
TD1E00640 017:203.654 JLINK_IsHalted()
TD1E00640 017:204.397 - 0.740ms returns FALSE
TD1E00640 017:204.430 JLINK_IsHalted()
TD1E00640 017:205.110 - 0.679ms returns FALSE
TD1E00640 017:305.729 JLINK_IsHalted()
TD1E00640 017:306.579 - 0.850ms returns FALSE
TD1E00640 017:306.590 JLINK_IsHalted()
TD1E00640 017:307.354 - 0.763ms returns FALSE
TD1E00640 017:407.602 JLINK_IsHalted()
TD1E00640 017:408.192 - 0.590ms returns FALSE
TD1E00640 017:408.204 JLINK_IsHalted()
TD1E00640 017:408.800 - 0.578ms returns FALSE
TD1E00640 017:509.677 JLINK_IsHalted()
TD1E00640 017:510.305 - 0.628ms returns FALSE
TD1E00640 017:510.314 JLINK_IsHalted()
TD1E00640 017:510.942 - 0.627ms returns FALSE
TD1E00640 017:611.706 JLINK_IsHalted()
TD1E00640 017:612.300 - 0.593ms returns FALSE
TD1E00640 017:612.310 JLINK_IsHalted()
TD1E00640 017:612.982 - 0.672ms returns FALSE
TD1E00640 017:713.590 JLINK_IsHalted()
TD1E00640 017:714.210 - 0.620ms returns FALSE
TD1E00640 017:714.220 JLINK_IsHalted()
TD1E00640 017:714.740 - 0.519ms returns FALSE
TD1E00640 017:815.600 JLINK_IsHalted()
TD1E00640 017:816.185 - 0.585ms returns FALSE
TD1E00640 017:816.194 JLINK_IsHalted()
TD1E00640 017:816.744 - 0.550ms returns FALSE
TD1E00640 017:917.723 JLINK_IsHalted()
TD1E00640 017:918.429 - 0.706ms returns FALSE
TD1E00640 017:918.440 JLINK_IsHalted()
TD1E00640 017:919.074 - 0.633ms returns FALSE
TD1E00640 018:019.616 JLINK_IsHalted()
TD1E00640 018:020.604 - 0.987ms returns FALSE
TD1E00640 018:020.616 JLINK_IsHalted()
TD1E00640 018:021.211 - 0.594ms returns FALSE
TD1E00640 018:121.653 JLINK_IsHalted()
TD1E00640 018:122.327 - 0.674ms returns FALSE
TD1E00640 018:122.337 JLINK_IsHalted()
TD1E00640 018:122.904 - 0.566ms returns FALSE
TD1400640 018:181.545 JLINK_IsHalted()
TD1400640 018:182.507 - 0.962ms returns FALSE
TD1400640 018:182.520 JLINK_IsHalted()
TD1400640 018:183.165 - 0.645ms returns FALSE
TD1E00640 018:223.705 JLINK_IsHalted()
TD1E00640 018:224.378 - 0.673ms returns FALSE
TD1E00640 018:224.385 JLINK_IsHalted()
TD1E00640 018:224.989 - 0.604ms returns FALSE
TD1E00640 018:325.590 JLINK_IsHalted()
TD1E00640 018:326.325 - 0.734ms returns FALSE
TD1E00640 018:326.332 JLINK_IsHalted()
TD1E00640 018:327.068 - 0.736ms returns FALSE
TD1E00640 018:427.729 JLINK_IsHalted()
TD1E00640 018:428.560 - 0.831ms returns FALSE
TD1E00640 018:428.573 JLINK_IsHalted()
TD1E00640 018:429.332 - 0.758ms returns FALSE
TD1E00640 018:529.589 JLINK_IsHalted()
TD1E00640 018:530.311 - 0.722ms returns FALSE
TD1E00640 018:530.318 JLINK_IsHalted()
TD1E00640 018:531.195 - 0.876ms returns FALSE
TD1E00640 018:631.641 JLINK_IsHalted()
TD1E00640 018:632.480 - 0.840ms returns FALSE
TD1E00640 018:632.487 JLINK_IsHalted()
TD1E00640 018:633.292 - 0.804ms returns FALSE
TD1E00640 018:733.726 JLINK_IsHalted()
TD1E00640 018:734.650 - 0.924ms returns FALSE
TD1E00640 018:734.659 JLINK_IsHalted()
TD1E00640 018:735.518 - 0.858ms returns FALSE
TD1E00640 018:835.590 JLINK_IsHalted()
TD1E00640 018:836.437 - 0.845ms returns FALSE
TD1E00640 018:836.452 JLINK_IsHalted()
TD1E00640 018:837.285 - 0.833ms returns FALSE
TD1E00640 018:937.728 JLINK_IsHalted()
TD1E00640 018:938.564 - 0.836ms returns FALSE
TD1E00640 018:938.576 JLINK_IsHalted()
TD1E00640 018:939.427 - 0.850ms returns FALSE
TD1E00640 019:039.699 JLINK_IsHalted()
TD1E00640 019:040.502 - 0.802ms returns FALSE
TD1E00640 019:040.508 JLINK_IsHalted()
TD1E00640 019:041.362 - 0.854ms returns FALSE
TD1E00640 019:141.733 JLINK_IsHalted()
TD1E00640 019:142.623 - 0.890ms returns FALSE
TD1E00640 019:142.632 JLINK_IsHalted()
TD1E00640 019:143.499 - 0.866ms returns FALSE
TD1400640 019:183.575 JLINK_IsHalted()
TD1400640 019:184.201 - 0.626ms returns FALSE
TD1400640 019:184.207 JLINK_IsHalted()
TD1400640 019:184.763 - 0.556ms returns FALSE
TD1E00640 019:243.726 JLINK_IsHalted()
TD1E00640 019:244.616 - 0.890ms returns FALSE
TD1E00640 019:244.625 JLINK_IsHalted()
TD1E00640 019:245.250 - 0.624ms returns FALSE
TD1E00640 019:345.585 JLINK_IsHalted()
TD1E00640 019:346.316 - 0.732ms returns FALSE
TD1E00640 019:346.323 JLINK_IsHalted()
TD1E00640 019:347.283 - 0.958ms returns FALSE
TD1E00640 019:447.590 JLINK_IsHalted()
TD1E00640 019:448.380 - 0.789ms returns FALSE
TD1E00640 019:448.390 JLINK_IsHalted()
TD1E00640 019:449.234 - 0.844ms returns FALSE
TD1E00640 019:549.789 JLINK_IsHalted()
TD1E00640 019:550.361 - 0.571ms returns FALSE
TD1E00640 019:550.370 JLINK_IsHalted()
TD1E00640 019:551.004 - 0.633ms returns FALSE
TD1E00640 019:651.609 JLINK_IsHalted()
TD1E00640 019:652.308 - 0.699ms returns FALSE
TD1E00640 019:652.316 JLINK_IsHalted()
TD1E00640 019:652.994 - 0.678ms returns FALSE
TD1E00640 019:753.647 JLINK_IsHalted()
TD1E00640 019:754.782 - 1.136ms returns FALSE
TD1E00640 019:754.792 JLINK_IsHalted()
TD1E00640 019:755.622 - 0.830ms returns FALSE
TD1E00640 019:856.660 JLINK_IsHalted()
TD1E00640 019:857.498 - 0.838ms returns FALSE
TD1E00640 019:857.506 JLINK_IsHalted()
TD1E00640 019:858.110 - 0.605ms returns FALSE
TD1E00640 019:958.671 JLINK_IsHalted()
TD1E00640 019:959.563 - 0.893ms returns FALSE
TD1E00640 019:959.576 JLINK_IsHalted()
TD1E00640 019:960.452 - 0.876ms returns FALSE
TD1E00640 020:060.591 JLINK_IsHalted()
TD1E00640 020:061.449 - 0.858ms returns FALSE
TD1E00640 020:061.458 JLINK_IsHalted()
TD1E00640 020:062.315 - 0.856ms returns FALSE
TD1E00640 020:162.675 JLINK_IsHalted()
TD1E00640 020:163.236 - 0.561ms returns FALSE
TD1E00640 020:163.246 JLINK_IsHalted()
TD1E00640 020:163.819 - 0.572ms returns FALSE
TD1400640 020:185.184 JLINK_IsHalted()
TD1400640 020:185.827 - 0.641ms returns FALSE
TD1400640 020:185.845 JLINK_IsHalted()
TD1400640 020:186.564 - 0.718ms returns FALSE
TD1E00640 020:264.723 JLINK_IsHalted()
TD1E00640 020:265.421 - 0.697ms returns FALSE
TD1E00640 020:265.432 JLINK_IsHalted()
TD1E00640 020:266.032 - 0.599ms returns FALSE
TD1E00640 020:366.662 JLINK_IsHalted()
TD1E00640 020:367.401 - 0.722ms returns FALSE
TD1E00640 020:367.409 JLINK_IsHalted()
TD1E00640 020:367.984 - 0.575ms returns FALSE
TD1E00640 020:468.651 JLINK_IsHalted()
TD1E00640 020:469.234 - 0.583ms returns FALSE
TD1E00640 020:469.241 JLINK_IsHalted()
TD1E00640 020:469.857 - 0.615ms returns FALSE
TD1E00640 020:570.697 JLINK_IsHalted()
TD1E00640 020:571.596 - 0.898ms returns FALSE
TD1E00640 020:571.613 JLINK_IsHalted()
TD1E00640 020:572.483 - 0.870ms returns FALSE
TD1E00640 020:672.677 JLINK_IsHalted()
TD1E00640 020:673.444 - 0.766ms returns FALSE
TD1E00640 020:673.451 JLINK_IsHalted()
TD1E00640 020:674.128 - 0.677ms returns FALSE
TD1E00640 020:774.760 JLINK_IsHalted()
TD1E00640 020:775.366 - 0.605ms returns FALSE
TD1E00640 020:775.373 JLINK_IsHalted()
TD1E00640 020:775.941 - 0.568ms returns FALSE
TD1E00640 020:876.725 JLINK_IsHalted()
TD1E00640 020:877.621 - 0.897ms returns FALSE
TD1E00640 020:877.630 JLINK_IsHalted()
TD1E00640 020:878.181 - 0.551ms returns FALSE
TD1E00640 020:978.704 JLINK_IsHalted()
TD1E00640 020:979.479 - 0.775ms returns FALSE
TD1E00640 020:979.486 JLINK_IsHalted()
TD1E00640 020:980.057 - 0.571ms returns FALSE
TD1E00640 021:080.646 JLINK_IsHalted()
TD1E00640 021:081.438 - 0.792ms returns FALSE
TD1E00640 021:081.448 JLINK_IsHalted()
TD1E00640 021:082.330 - 0.881ms returns FALSE
TD1E00640 021:182.656 JLINK_IsHalted()
TD1E00640 021:183.288 - 0.632ms returns FALSE
TD1E00640 021:183.297 JLINK_IsHalted()
TD1E00640 021:184.176 - 0.879ms returns FALSE
TD1400640 021:187.053 JLINK_IsHalted()
TD1400640 021:187.634 - 0.581ms returns FALSE
TD1400640 021:187.643 JLINK_IsHalted()
TD1400640 021:188.226 - 0.583ms returns FALSE
TD1E00640 021:284.648 JLINK_IsHalted()
TD1E00640 021:285.627 - 0.979ms returns FALSE
TD1E00640 021:285.650 JLINK_IsHalted()
TD1E00640 021:286.496 - 0.844ms returns FALSE
TD1E00640 021:386.698 JLINK_IsHalted()
TD1E00640 021:387.547 - 0.848ms returns FALSE
TD1E00640 021:387.563 JLINK_IsHalted()
TD1E00640 021:388.415 - 0.851ms returns FALSE
TD1E00640 021:488.723 JLINK_IsHalted()
TD1E00640 021:489.761 - 1.036ms returns FALSE
TD1E00640 021:489.783 JLINK_IsHalted()
TD1E00640 021:490.634 - 0.850ms returns FALSE
TD1E00640 021:591.670 JLINK_IsHalted()
TD1E00640 021:592.385 - 0.715ms returns FALSE
TD1E00640 021:592.392 JLINK_IsHalted()
TD1E00640 021:593.188 - 0.797ms returns FALSE
TD1E00640 021:693.638 JLINK_IsHalted()
TD1E00640 021:694.520 - 0.882ms returns FALSE
TD1E00640 021:694.528 JLINK_IsHalted()
TD1E00640 021:695.223 - 0.695ms returns FALSE
TD1E00640 021:795.649 JLINK_IsHalted()
TD1E00640 021:796.492 - 0.842ms returns FALSE
TD1E00640 021:796.498 JLINK_IsHalted()
TD1E00640 021:797.044 - 0.545ms returns FALSE
TD1E00640 021:897.590 JLINK_IsHalted()
TD1E00640 021:898.427 - 0.837ms returns FALSE
TD1E00640 021:898.434 JLINK_IsHalted()
TD1E00640 021:899.358 - 0.922ms returns FALSE
TD1E00640 021:999.698 JLINK_IsHalted()
TD1E00640 022:000.519 - 0.820ms returns FALSE
TD1E00640 022:000.525 JLINK_IsHalted()
TD1E00640 022:001.353 - 0.827ms returns FALSE
TD1E00640 022:101.673 JLINK_IsHalted()
TD1E00640 022:102.592 - 0.919ms returns FALSE
TD1E00640 022:102.610 JLINK_IsHalted()
TD1E00640 022:103.546 - 0.934ms returns FALSE
TD1400640 022:188.515 JLINK_IsHalted()
TD1400640 022:189.091 - 0.576ms returns FALSE
TD1400640 022:189.101 JLINK_IsHalted()
TD1400640 022:189.634 - 0.533ms returns FALSE
TD1E00640 022:204.713 JLINK_IsHalted()
TD1E00640 022:205.602 - 0.890ms returns FALSE
TD1E00640 022:205.612 JLINK_IsHalted()
TD1E00640 022:206.377 - 0.764ms returns FALSE
TD1E00640 022:306.722 JLINK_IsHalted()
TD1E00640 022:307.505 - 0.783ms returns FALSE
TD1E00640 022:307.512 JLINK_IsHalted()
TD1E00640 022:308.312 - 0.799ms returns FALSE
TD1E00640 022:408.668 JLINK_IsHalted()
TD1E00640 022:409.444 - 0.776ms returns FALSE
TD1E00640 022:409.451 JLINK_IsHalted()
TD1E00640 022:410.057 - 0.606ms returns FALSE
TD1E00640 022:510.634 JLINK_IsHalted()
TD1E00640 022:511.343 - 0.709ms returns FALSE
TD1E00640 022:511.349 JLINK_IsHalted()
TD1E00640 022:512.220 - 0.871ms returns FALSE
TD1E00640 022:612.693 JLINK_IsHalted()
TD1E00640 022:613.592 - 0.898ms returns FALSE
TD1E00640 022:613.601 JLINK_IsHalted()
TD1E00640 022:614.415 - 0.813ms returns FALSE
TD1E00640 022:714.583 JLINK_IsHalted()
TD1E00640 022:715.389 - 0.806ms returns FALSE
TD1E00640 022:715.396 JLINK_IsHalted()
TD1E00640 022:716.297 - 0.899ms returns FALSE
TD1E00640 022:816.641 JLINK_IsHalted()
TD1E00640 022:817.427 - 0.787ms returns FALSE
TD1E00640 022:817.436 JLINK_IsHalted()
TD1E00640 022:818.030 - 0.594ms returns FALSE
TD1E00640 022:918.666 JLINK_IsHalted()
TD1E00640 022:919.437 - 0.772ms returns FALSE
TD1E00640 022:919.444 JLINK_IsHalted()
TD1E00640 022:920.345 - 0.899ms returns FALSE
TD1E00640 023:020.589 JLINK_IsHalted()
TD1E00640 023:021.529 - 0.939ms returns FALSE
TD1E00640 023:021.545 JLINK_IsHalted()
TD1E00640 023:022.407 - 0.860ms returns FALSE
TD1E00640 023:122.699 JLINK_IsHalted()
TD1E00640 023:123.581 - 0.882ms returns FALSE
TD1E00640 023:123.590 JLINK_IsHalted()
TD1E00640 023:124.453 - 0.862ms returns FALSE
TD1400640 023:189.926 JLINK_IsHalted()
TD1400640 023:190.525 - 0.600ms returns FALSE
TD1400640 023:190.532 JLINK_IsHalted()
TD1400640 023:191.121 - 0.589ms returns FALSE
TD1E00640 023:224.737 JLINK_IsHalted()
TD1E00640 023:225.618 - 0.882ms returns FALSE
TD1E00640 023:225.628 JLINK_IsHalted()
TD1E00640 023:226.205 - 0.577ms returns FALSE
TD1E00640 023:326.642 JLINK_IsHalted()
TD1E00640 023:327.401 - 0.758ms returns FALSE
TD1E00640 023:327.406 JLINK_IsHalted()
TD1E00640 023:328.353 - 0.946ms returns FALSE
TD1E00640 023:428.695 JLINK_IsHalted()
TD1E00640 023:429.363 - 0.664ms returns FALSE
TD1E00640 023:429.416 JLINK_IsHalted()
TD1E00640 023:430.194 - 0.777ms returns FALSE
TD1E00640 023:530.735 JLINK_IsHalted()
TD1E00640 023:531.618 - 0.882ms returns FALSE
TD1E00640 023:531.627 JLINK_IsHalted()
TD1E00640 023:532.326 - 0.698ms returns FALSE
TD1E00640 023:632.692 JLINK_IsHalted()
TD1E00640 023:633.592 - 0.900ms returns FALSE
TD1E00640 023:633.601 JLINK_IsHalted()
TD1E00640 023:634.443 - 0.841ms returns FALSE
TD1E00640 023:734.724 JLINK_IsHalted()
TD1E00640 023:735.581 - 0.856ms returns FALSE
TD1E00640 023:735.591 JLINK_IsHalted()
TD1E00640 023:736.423 - 0.831ms returns FALSE
TD1E00640 023:836.710 JLINK_IsHalted()
TD1E00640 023:837.558 - 0.848ms returns FALSE
TD1E00640 023:837.564 JLINK_IsHalted()
TD1E00640 023:838.353 - 0.789ms returns FALSE
TD1E00640 023:938.715 JLINK_IsHalted()
TD1E00640 023:939.553 - 0.838ms returns FALSE
TD1E00640 023:939.560 JLINK_IsHalted()
TD1E00640 023:940.350 - 0.790ms returns FALSE
TD1E00640 024:040.688 JLINK_IsHalted()
TD1E00640 024:041.585 - 0.896ms returns FALSE
TD1E00640 024:041.600 JLINK_IsHalted()
TD1E00640 024:042.425 - 0.825ms returns FALSE
TD1E00640 024:142.694 JLINK_IsHalted()
TD1E00640 024:143.440 - 0.744ms returns FALSE
TD1E00640 024:143.455 JLINK_IsHalted()
TD1E00640 024:144.422 - 0.965ms returns FALSE
TD1400640 024:191.422 JLINK_IsHalted()
TD1400640 024:192.015 - 0.593ms returns FALSE
TD1400640 024:192.024 JLINK_IsHalted()
TD1400640 024:192.620 - 0.596ms returns FALSE
TD1E00640 024:244.590 JLINK_IsHalted()
TD1E00640 024:245.473 - 0.883ms returns FALSE
TD1E00640 024:245.480 JLINK_IsHalted()
TD1E00640 024:246.472 - 0.991ms returns FALSE
TD1E00640 024:346.653 JLINK_IsHalted()
TD1E00640 024:347.558 - 0.905ms returns FALSE
TD1E00640 024:347.583 JLINK_IsHalted()
TD1E00640 024:348.542 - 0.957ms returns FALSE
TD1E00640 024:449.638 JLINK_IsHalted()
TD1E00640 024:450.471 - 0.833ms returns FALSE
TD1E00640 024:450.478 JLINK_IsHalted()
TD1E00640 024:451.133 - 0.655ms returns FALSE
TD1E00640 024:551.668 JLINK_IsHalted()
TD1E00640 024:552.526 - 0.859ms returns FALSE
TD1E00640 024:552.533 JLINK_IsHalted()
TD1E00640 024:553.316 - 0.782ms returns FALSE
TD1E00640 024:653.656 JLINK_IsHalted()
TD1E00640 024:654.563 - 0.907ms returns FALSE
TD1E00640 024:654.583 JLINK_IsHalted()
TD1E00640 024:655.380 - 0.796ms returns FALSE
TD1E00640 024:755.588 JLINK_IsHalted()
TD1E00640 024:756.535 - 0.947ms returns FALSE
TD1E00640 024:756.552 JLINK_IsHalted()
TD1E00640 024:757.431 - 0.878ms returns FALSE
TD1E00640 024:857.586 JLINK_IsHalted()
TD1E00640 024:858.390 - 0.804ms returns FALSE
TD1E00640 024:858.397 JLINK_IsHalted()
TD1E00640 024:859.183 - 0.786ms returns FALSE
TD1E00640 024:959.723 JLINK_IsHalted()
TD1E00640 024:960.555 - 0.831ms returns FALSE
TD1E00640 024:960.561 JLINK_IsHalted()
TD1E00640 024:961.475 - 0.913ms returns FALSE
TD1E00640 025:061.665 JLINK_IsHalted()
TD1E00640 025:062.466 - 0.801ms returns FALSE
TD1E00640 025:062.473 JLINK_IsHalted()
TD1E00640 025:063.360 - 0.886ms returns FALSE
TD1E00640 025:163.585 JLINK_IsHalted()
TD1E00640 025:164.365 - 0.779ms returns FALSE
TD1E00640 025:164.371 JLINK_IsHalted()
TD1E00640 025:165.283 - 0.911ms returns FALSE
TD1400640 025:192.929 JLINK_IsHalted()
TD1400640 025:193.574 - 0.636ms returns FALSE
TD1400640 025:193.585 JLINK_IsHalted()
TD1400640 025:194.212 - 0.627ms returns FALSE
TD1E00640 025:265.645 JLINK_IsHalted()
TD1E00640 025:266.336 - 0.690ms returns FALSE
TD1E00640 025:266.343 JLINK_IsHalted()
TD1E00640 025:267.147 - 0.804ms returns FALSE
TD1E00640 025:367.683 JLINK_IsHalted()
TD1E00640 025:368.572 - 0.890ms returns FALSE
TD1E00640 025:368.581 JLINK_IsHalted()
TD1E00640 025:369.391 - 0.810ms returns FALSE
TD1E00640 025:469.668 JLINK_IsHalted()
TD1E00640 025:470.582 - 0.914ms returns FALSE
TD1E00640 025:470.591 JLINK_IsHalted()
TD1E00640 025:471.361 - 0.770ms returns FALSE
TD1E00640 025:571.693 JLINK_IsHalted()
TD1E00640 025:572.583 - 0.889ms returns FALSE
TD1E00640 025:572.603 JLINK_IsHalted()
TD1E00640 025:573.449 - 0.845ms returns FALSE
TD1E00640 025:673.694 JLINK_IsHalted()
TD1E00640 025:674.445 - 0.750ms returns FALSE
TD1E00640 025:674.451 JLINK_IsHalted()
TD1E00640 025:675.457 - 1.005ms returns FALSE
TD1E00640 025:775.649 JLINK_IsHalted()
TD1E00640 025:776.547 - 0.897ms returns FALSE
TD1E00640 025:776.553 JLINK_IsHalted()
TD1E00640 025:777.348 - 0.795ms returns FALSE
TD1E00640 025:877.588 JLINK_IsHalted()
TD1E00640 025:878.417 - 0.829ms returns FALSE
TD1E00640 025:878.424 JLINK_IsHalted()
TD1E00640 025:879.120 - 0.696ms returns FALSE
TD1E00640 025:979.728 JLINK_IsHalted()
TD1E00640 025:980.579 - 0.851ms returns FALSE
TD1E00640 025:980.588 JLINK_IsHalted()
TD1E00640 025:981.391 - 0.802ms returns FALSE
TD1E00640 026:081.670 JLINK_IsHalted()
TD1E00640 026:082.530 - 0.860ms returns FALSE
TD1E00640 026:082.540 JLINK_IsHalted()
TD1E00640 026:083.335 - 0.794ms returns FALSE
TD1E00640 026:183.668 JLINK_IsHalted()
TD1E00640 026:184.480 - 0.811ms returns FALSE
TD1E00640 026:184.486 JLINK_IsHalted()
TD1E00640 026:185.277 - 0.790ms returns FALSE
TD1400640 026:194.550 JLINK_IsHalted()
TD1400640 026:195.215 - 0.666ms returns FALSE
TD1400640 026:195.225 JLINK_IsHalted()
TD1400640 026:195.917 - 0.692ms returns FALSE
TD1E00640 026:285.736 JLINK_IsHalted()
TD1E00640 026:286.610 - 0.874ms returns FALSE
TD1E00640 026:286.619 JLINK_IsHalted()
TD1E00640 026:287.465 - 0.845ms returns FALSE
TD1E00640 026:387.722 JLINK_IsHalted()
TD1E00640 026:388.551 - 0.829ms returns FALSE
TD1E00640 026:388.558 JLINK_IsHalted()
TD1E00640 026:389.420 - 0.862ms returns FALSE
TD1E00640 026:489.638 JLINK_IsHalted()
TD1E00640 026:490.562 - 0.923ms returns FALSE
TD1E00640 026:490.592 JLINK_IsHalted()
TD1E00640 026:491.438 - 0.845ms returns FALSE
TD1E00640 026:591.729 JLINK_IsHalted()
TD1E00640 026:592.581 - 0.852ms returns FALSE
TD1E00640 026:592.590 JLINK_IsHalted()
TD1E00640 026:593.339 - 0.748ms returns FALSE
TD1E00640 026:693.721 JLINK_IsHalted()
TD1E00640 026:694.585 - 0.864ms returns FALSE
TD1E00640 026:694.594 JLINK_IsHalted()
TD1E00640 026:695.470 - 0.874ms returns FALSE
TD1E00640 026:795.695 JLINK_IsHalted()
TD1E00640 026:796.444 - 0.750ms returns FALSE
TD1E00640 026:796.451 JLINK_IsHalted()
TD1E00640 026:797.295 - 0.844ms returns FALSE
TD1E00640 026:897.686 JLINK_IsHalted()
TD1E00640 026:898.583 - 0.897ms returns FALSE
TD1E00640 026:898.598 JLINK_IsHalted()
TD1E00640 026:899.389 - 0.790ms returns FALSE
TD1E00640 026:999.722 JLINK_IsHalted()
TD1E00640 027:000.430 - 0.709ms returns FALSE
TD1E00640 027:000.437 JLINK_IsHalted()
TD1E00640 027:001.205 - 0.767ms returns FALSE
TD1E00640 027:101.659 JLINK_IsHalted()
TD1E00640 027:102.456 - 0.797ms returns FALSE
TD1E00640 027:102.463 JLINK_IsHalted()
TD1E00640 027:103.260 - 0.797ms returns FALSE
TD1400640 027:196.270 JLINK_IsHalted()
TD1400640 027:196.903 - 0.632ms returns FALSE
TD1400640 027:196.912 JLINK_IsHalted()
TD1400640 027:197.540 - 0.628ms returns FALSE
TD1E00640 027:203.727 JLINK_IsHalted()
TD1E00640 027:204.578 - 0.851ms returns FALSE
TD1E00640 027:204.587 JLINK_IsHalted()
TD1E00640 027:205.599 - 1.011ms returns FALSE
TD1E00640 027:306.652 JLINK_IsHalted()
TD1E00640 027:307.578 - 0.926ms returns FALSE
TD1E00640 027:307.587 JLINK_IsHalted()
TD1E00640 027:308.255 - 0.667ms returns FALSE
TD1E00640 027:408.595 JLINK_IsHalted()
TD1E00640 027:409.425 - 0.830ms returns FALSE
TD1E00640 027:409.432 JLINK_IsHalted()
TD1E00640 027:410.240 - 0.807ms returns FALSE
TD1E00640 027:510.681 JLINK_IsHalted()
TD1E00640 027:511.537 - 0.856ms returns FALSE
TD1E00640 027:511.551 JLINK_IsHalted()
TD1E00640 027:512.430 - 0.879ms returns FALSE
TD1E00640 027:612.702 JLINK_IsHalted()
TD1E00640 027:613.578 - 0.876ms returns FALSE
TD1E00640 027:613.587 JLINK_IsHalted()
TD1E00640 027:614.404 - 0.816ms returns FALSE
TD1E00640 027:714.719 JLINK_IsHalted()
TD1E00640 027:715.549 - 0.829ms returns FALSE
TD1E00640 027:715.557 JLINK_IsHalted()
TD1E00640 027:716.420 - 0.862ms returns FALSE
TD1E00640 027:816.674 JLINK_IsHalted()
TD1E00640 027:817.529 - 0.854ms returns FALSE
TD1E00640 027:817.537 JLINK_IsHalted()
TD1E00640 027:818.480 - 0.942ms returns FALSE
TD1E00640 027:918.669 JLINK_IsHalted()
TD1E00640 027:919.585 - 0.917ms returns FALSE
TD1E00640 027:919.596 JLINK_IsHalted()
TD1E00640 027:920.425 - 0.828ms returns FALSE
TD1E00640 028:020.700 JLINK_IsHalted()
TD1E00640 028:021.527 - 0.827ms returns FALSE
TD1E00640 028:021.535 JLINK_IsHalted()
TD1E00640 028:022.540 - 1.003ms returns FALSE
TD1E00640 028:123.648 JLINK_IsHalted()
TD1E00640 028:124.513 - 0.864ms returns FALSE
TD1E00640 028:124.521 JLINK_IsHalted()
TD1E00640 028:125.182 - 0.660ms returns FALSE
TD1400640 028:197.817 JLINK_IsHalted()
TD1400640 028:198.516 - 0.698ms returns FALSE
TD1400640 028:198.525 JLINK_IsHalted()
TD1400640 028:199.142 - 0.616ms returns FALSE
TD1E00640 028:225.696 JLINK_IsHalted()
TD1E00640 028:226.402 - 0.705ms returns FALSE
TD1E00640 028:226.410 JLINK_IsHalted()
TD1E00640 028:226.930 - 0.520ms returns FALSE
TD1E00640 028:327.679 JLINK_IsHalted()
TD1E00640 028:328.366 - 0.688ms returns FALSE
TD1E00640 028:328.373 JLINK_IsHalted()
TD1E00640 028:329.192 - 0.818ms returns FALSE
TD1E00640 028:429.640 JLINK_IsHalted()
TD1E00640 028:430.461 - 0.820ms returns FALSE
TD1E00640 028:430.467 JLINK_IsHalted()
TD1E00640 028:431.068 - 0.601ms returns FALSE
TD1E00640 028:531.701 JLINK_IsHalted()
TD1E00640 028:532.444 - 0.743ms returns FALSE
TD1E00640 028:532.450 JLINK_IsHalted()
TD1E00640 028:533.277 - 0.826ms returns FALSE
TD1E00640 028:633.645 JLINK_IsHalted()
TD1E00640 028:634.394 - 0.744ms returns FALSE
TD1E00640 028:634.431 JLINK_IsHalted()
TD1E00640 028:635.371 - 0.940ms returns FALSE
TD1E00640 028:735.723 JLINK_IsHalted()
TD1E00640 028:736.517 - 0.793ms returns FALSE
TD1E00640 028:736.524 JLINK_IsHalted()
TD1E00640 028:737.381 - 0.857ms returns FALSE
TD1E00640 028:837.640 JLINK_IsHalted()
TD1E00640 028:838.537 - 0.896ms returns FALSE
TD1E00640 028:838.548 JLINK_IsHalted()
TD1E00640 028:839.580 - 1.017ms returns FALSE
TD1E00640 028:940.593 JLINK_IsHalted()
TD1E00640 028:941.390 - 0.797ms returns FALSE
TD1E00640 028:941.399 JLINK_IsHalted()
TD1E00640 028:942.220 - 0.821ms returns FALSE
TD1E00640 029:042.720 JLINK_IsHalted()
TD1E00640 029:043.554 - 0.834ms returns FALSE
TD1E00640 029:043.562 JLINK_IsHalted()
TD1E00640 029:044.349 - 0.788ms returns FALSE
TD1E00640 029:144.724 JLINK_IsHalted()
TD1E00640 029:145.463 - 0.739ms returns FALSE
TD1E00640 029:145.470 JLINK_IsHalted()
TD1E00640 029:146.084 - 0.613ms returns FALSE
TD1400640 029:199.447 JLINK_IsHalted()
TD1400640 029:200.103 - 0.655ms returns FALSE
TD1400640 029:200.112 JLINK_IsHalted()
TD1400640 029:200.751 - 0.638ms returns FALSE
TD1E00640 029:246.663 JLINK_IsHalted()
TD1E00640 029:247.366 - 0.709ms returns FALSE
TD1E00640 029:247.373 JLINK_IsHalted()
TD1E00640 029:248.329 - 0.954ms returns FALSE
TD1E00640 029:348.588 JLINK_IsHalted()
TD1E00640 029:349.406 - 0.817ms returns FALSE
TD1E00640 029:349.412 JLINK_IsHalted()
TD1E00640 029:350.273 - 0.860ms returns FALSE
TD1E00640 029:450.665 JLINK_IsHalted()
TD1E00640 029:451.516 - 0.850ms returns FALSE
TD1E00640 029:451.522 JLINK_IsHalted()
TD1E00640 029:452.325 - 0.803ms returns FALSE
TD1E00640 029:552.676 JLINK_IsHalted()
TD1E00640 029:553.602 - 0.925ms returns FALSE
TD1E00640 029:553.612 JLINK_IsHalted()
TD1E00640 029:554.421 - 0.808ms returns FALSE
TD1E00640 029:654.585 JLINK_IsHalted()
TD1E00640 029:655.458 - 0.872ms returns FALSE
TD1E00640 029:655.466 JLINK_IsHalted()
TD1E00640 029:656.271 - 0.804ms returns FALSE
TD1E00640 029:756.642 JLINK_IsHalted()
TD1E00640 029:757.363 - 0.718ms returns FALSE
TD1E00640 029:757.397 JLINK_IsHalted()
TD1E00640 029:758.210 - 0.813ms returns FALSE
TD1E00640 029:858.641 JLINK_IsHalted()
TD1E00640 029:859.510 - 0.868ms returns FALSE
TD1E00640 029:859.521 JLINK_IsHalted()
TD1E00640 029:860.410 - 0.888ms returns FALSE
TD1E00640 029:960.587 JLINK_IsHalted()
TD1E00640 029:961.477 - 0.890ms returns FALSE
TD1E00640 029:961.493 JLINK_IsHalted()
TD1E00640 029:962.419 - 0.924ms returns FALSE
TD1E00640 030:062.696 JLINK_IsHalted()
TD1E00640 030:063.534 - 0.839ms returns FALSE
TD1E00640 030:063.545 JLINK_IsHalted()
TD1E00640 030:064.401 - 0.856ms returns FALSE
TD1E00640 030:164.697 JLINK_IsHalted()
TD1E00640 030:165.574 - 0.876ms returns FALSE
TD1E00640 030:165.585 JLINK_IsHalted()
TD1E00640 030:166.383 - 0.797ms returns FALSE
TD1400640 030:201.069 JLINK_IsHalted()
TD1400640 030:201.667 - 0.597ms returns FALSE
TD1400640 030:201.677 JLINK_IsHalted()
TD1400640 030:202.310 - 0.632ms returns FALSE
TD1E00640 030:266.701 JLINK_IsHalted()
TD1E00640 030:267.609 - 0.907ms returns FALSE
TD1E00640 030:267.619 JLINK_IsHalted()
TD1E00640 030:268.472 - 0.852ms returns FALSE
TD1E00640 030:368.723 JLINK_IsHalted()
TD1E00640 030:369.559 - 0.835ms returns FALSE
TD1E00640 030:369.576 JLINK_IsHalted()
TD1E00640 030:370.318 - 0.741ms returns FALSE
TD1E00640 030:470.586 JLINK_IsHalted()
TD1E00640 030:471.475 - 0.888ms returns FALSE
TD1E00640 030:471.499 JLINK_IsHalted()
TD1E00640 030:472.470 - 0.970ms returns FALSE
TD1E00640 030:572.693 JLINK_IsHalted()
TD1E00640 030:573.590 - 0.896ms returns FALSE
TD1E00640 030:573.604 JLINK_IsHalted()
TD1E00640 030:574.317 - 0.711ms returns FALSE
TD1E00640 030:674.586 JLINK_IsHalted()
TD1E00640 030:675.416 - 0.830ms returns FALSE
TD1E00640 030:675.425 JLINK_IsHalted()
TD1E00640 030:676.419 - 0.992ms returns FALSE
TD1E00640 030:776.643 JLINK_IsHalted()
TD1E00640 030:777.549 - 0.906ms returns FALSE
TD1E00640 030:777.560 JLINK_IsHalted()
TD1E00640 030:778.294 - 0.733ms returns FALSE
TD1E00640 030:878.698 JLINK_IsHalted()
TD1E00640 030:879.531 - 0.833ms returns FALSE
TD1E00640 030:879.540 JLINK_IsHalted()
TD1E00640 030:880.375 - 0.834ms returns FALSE
TD1E00640 030:980.652 JLINK_IsHalted()
TD1E00640 030:981.488 - 0.835ms returns FALSE
TD1E00640 030:981.498 JLINK_IsHalted()
TD1E00640 030:982.374 - 0.876ms returns FALSE
TD1E00640 031:082.645 JLINK_IsHalted()
TD1E00640 031:083.458 - 0.812ms returns FALSE
TD1E00640 031:083.467 JLINK_IsHalted()
TD1E00640 031:084.168 - 0.701ms returns FALSE
TD1E00640 031:184.701 JLINK_IsHalted()
TD1E00640 031:185.788 - 1.087ms returns FALSE
TD1E00640 031:185.813 JLINK_IsHalted()
TD1E00640 031:186.642 - 0.828ms returns FALSE
TD1400640 031:202.651 JLINK_IsHalted()
TD1400640 031:203.300 - 0.648ms returns FALSE
TD1400640 031:203.309 JLINK_IsHalted()
TD1400640 031:203.895 - 0.585ms returns FALSE
TD1E00640 031:287.695 JLINK_IsHalted()
TD1E00640 031:288.577 - 0.882ms returns FALSE
TD1E00640 031:288.586 JLINK_IsHalted()
TD1E00640 031:289.179 - 0.591ms returns FALSE
TD1E00640 031:390.608 JLINK_IsHalted()
TD1E00640 031:391.493 - 0.883ms returns FALSE
TD1E00640 031:391.515 JLINK_IsHalted()
TD1E00640 031:392.403 - 0.886ms returns FALSE
TD1E00640 031:492.724 JLINK_IsHalted()
TD1E00640 031:493.564 - 0.840ms returns FALSE
TD1E00640 031:493.580 JLINK_IsHalted()
TD1E00640 031:494.368 - 0.787ms returns FALSE
TD1E00640 031:594.694 JLINK_IsHalted()
TD1E00640 031:595.440 - 0.747ms returns FALSE
TD1E00640 031:595.448 JLINK_IsHalted()
TD1E00640 031:596.091 - 0.642ms returns FALSE
TD1E00640 031:696.697 JLINK_IsHalted()
TD1E00640 031:697.507 - 0.810ms returns FALSE
TD1E00640 031:697.512 JLINK_IsHalted()
TD1E00640 031:698.123 - 0.610ms returns FALSE
TD1E00640 031:798.701 JLINK_IsHalted()
TD1E00640 031:801.055   
  ***** Error: 
TD1E00640 031:801.065   Communication timed out: Requested 4 bytes, received 0 bytes !
TD1E00640 031:801.071 - 2.371ms returns ERROR
TD1E00640 031:801.076 JLINK_IsHalted()
TD1E00640 031:803.370 - 2.294ms returns ERROR
TE11FC780 031:809.079 JLINK_Halt()
TE11FC780 031:810.366   
  ***** Warning: 
TE11FC780 031:810.380   CPU could not be halted
TE11FC780 031:810.385 - 1.306ms returns 0x01
TE11FC780 031:810.393 JLINK_ReadReg(XPSR)
TE11FC780 031:811.600   CPU is running
TE11FC780 031:811.611   
  ***** Error: 
TE11FC780 031:811.615   Cannot read register 16 (XPSR) while CPU is running
TE11FC780 031:811.620 - 1.227ms returns 0x00000000
TE11FC780 031:819.754 JLINK_Close()
TE11FC780 031:831.783 - 12.027ms
TE11FC780 031:831.801   
TE11FC780 031:831.804   Closed
