TCB565780 000:003.321   SEGGER J-Link V7.96j Log File
TCB565780 000:003.461   DLL Compiled: May 29 2024 15:42:37
TCB565780 000:003.465   Logging started @ 2024-09-03 19:18
TCB565780 000:003.469   Process: /home/xenwithu/.eclipse/com.renesas.platform_1508544911/DebugComp/RA/e2-server-gdb
TCB565780 000:003.472 - 3.472ms
TCB565780 000:003.477 JLINK_GetDLLVersion()
TCB565780 000:003.481 - 0.003ms returns 79610
TCB565780 000:003.846 JLINK_OpenEx(...)
TCB565780 000:009.821   Firmware: J-Link OB-S124 compiled Apr 23 2024 10:48:24
TCB565780 000:010.869   Firmware: J-Link OB-S124 compiled Apr 23 2024 10:48:24
TCB565780 000:038.019   Hardware: V1.00
TCB565780 000:038.042   S/N: 831155721
TCB565780 000:038.047   OEM: SEGGER
TCB565780 000:038.051   Feature(s): None
TCB565780 000:038.991   Bootloader: 2019 Oct 15
TCB565780 000:039.831   USB speed mode: Full speed (12 MBit/s)
TCB565780 000:040.466   TELNET listener socket opened on port 19021
TCB565780 000:040.551   WEBSRV WEBSRV_Init(): Starting webserver thread(s)
TCB565780 000:040.697   WEBSRV Webserver running on local port 19080
TCB565780 000:040.713   Looking for J-Link GUI Server exe at: ARM/Segger_v7.96.10/JLinkGUIServerExe
TCB565780 000:040.722   Looking for J-Link GUI Server exe at: /opt/SEGGER/JLink/JLinkGUIServerExe
TCB565780 000:040.734   Forking J-Link GUI Server: /opt/SEGGER/JLink/JLinkGUIServerExe
TCB565780 000:060.615   J-Link GUI Server info: "J-Link GUI server V7.88d "
TCB565780 000:060.718   J-Link GUI Server: Connection breakdown.
TCB565780 000:060.774 - 56.920ms returns "O.K."
TCB565780 000:060.801 JLINK_ExecCommand("ProjectFile="/home/xenwithu/e2_studio/workspace/Day1_Blinky_One_By_One_Ignore_RGB_LED/Day1_Blinky_One_By_One_Ignore_RGB_LED Debug_Flat.jlink"", ...). 
TCB565780 000:082.536 - 21.733ms returns 0x00
TCB565780 000:082.666 JLINK_ExecCommand("device=R7FA6M5BH", ...). 
TCB565780 000:085.036   Flash bank @ 0x0100A100: SFL: Parsing sectorization info from ELF file
TCB565780 000:085.046     FlashDevice.SectorInfo[0]: .SectorSize = 0x00000010, .SectorStartAddr = 0x00000000
TCB565780 000:085.050   FlashBank @0x0100A100: Sectorization info from SFL ELF file ignored because sectorization override from DLL / XML file is active.
TCB565780 000:085.934   Flash bank @ 0x60000000: SFL: Parsing sectorization info from ELF file
TCB565780 000:085.942     FlashDevice.SectorInfo[0]: .SectorSize = 0x00010000, .SectorStartAddr = 0x00000000
TCB565780 000:095.855   Device "R7FA6M5BH" selected.
TCB565780 000:095.970 - 13.298ms returns 0x00
TCB565780 000:095.981 JLINK_TIF_GetAvailable(...)
TCB565780 000:096.257 - 0.276ms
TCB565780 000:096.264 JLINK_TIF_Select(JLINKARM_TIF_SWD)
TCB565780 000:097.185 - 0.921ms returns 0x00
TCB565780 000:097.197 JLINK_SetSpeed(4000)
TCB565780 000:097.402 - 0.205ms
TCB565780 000:097.449 JLINK_ReadMem(0xE000EDF0, 0x4 Bytes, ...)
TCB565780 000:097.760   ConfigTargetSettings() start
TCB565780 000:097.769    J-Link Script File: Executing ConfigTargetSettings()
TCB565780 000:097.776   Configuring FlashDLNoRMWThreshold=0x200 in order to make sure that option bytes programming is done via read-modify-write
TCB565780 000:100.748   ConfigTargetSettings() end - Took 2.97ms
TCB565780 000:100.755   InitTarget() start
TCB565780 000:100.759    J-Link Script File: Executing InitTarget()
TCB565780 000:100.763   SWD selected. Executing JTAG -> SWD switching sequence.
TCB565780 000:104.161   DAP initialized successfully.
TCB565780 000:104.171   Determining TrustZone configuration...
TCB565780 000:106.135     Secure Debug: Enabled (SSD)
TCB565780 000:106.152   Determining currently configured transfer type by reading the AHB-AP CSW register.
TCB565780 000:108.006     --> Correct transfer type configured. Done.
TCB565780 000:108.018   InitTarget() end - Took 7.25ms
TCB565780 000:109.310   Found SW-DP with ID 0x6BA02477
TCB565780 000:113.849   DPIDR: 0x6BA02477
TCB565780 000:113.858   CoreSight SoC-400 or earlier
TCB565780 000:113.863   Scanning AP map to find all available APs
TCB565780 000:116.339   AP[2]: Stopped AP scan as end of AP map has been reached
TCB565780 000:116.356   AP[0]: AHB-AP (IDR: 0x84770001)
TCB565780 000:116.360   AP[1]: APB-AP (IDR: 0x54770002)
TCB565780 000:116.364   Iterating through AP map to find AHB-AP to use
TCB565780 000:118.362   AP[0]: Core found
TCB565780 000:118.371   AP[0]: AHB-AP ROM base: 0xE00FE000
TCB565780 000:119.229   CPUID register: 0x410FD214. Implementer code: 0x41 (ARM)
TCB565780 000:119.281   Feature set: Mainline
TCB565780 000:120.281   Cache: No cache
TCB565780 000:120.290   Found Cortex-M33 r0p4, Little endian.
TCB565780 000:120.919   -- Max. mem block: 0x00001960
TCB565780 000:122.515   CPU_ReadMem(4 bytes @ 0xE000EDF0)
TCB565780 000:123.381   CPU_ReadMem(4 bytes @ 0xE0002000)
TCB565780 000:124.138   FPUnit: 8 code (BP) slots and 0 literal slots
TCB565780 000:124.148   CPU_ReadMem(4 bytes @ 0xE000EDFC)
TCB565780 000:124.884   CPU_ReadMem(4 bytes @ 0xE0001000)
TCB565780 000:125.726   CPU_ReadMem(4 bytes @ 0xE0001000)
TCB565780 000:126.603   CPU_ReadMem(4 bytes @ 0xE0001028)
TCB565780 000:127.398   CPU_ReadMem(4 bytes @ 0xE0001038)
TCB565780 000:128.211   CPU_ReadMem(4 bytes @ 0xE0001048)
TCB565780 000:128.823   CPU_ReadMem(4 bytes @ 0xE0001058)
TCB565780 000:129.645   CPU_WriteMem(4 bytes @ 0xE0001000)
TCB565780 000:130.496   CPU_ReadMem(4 bytes @ 0xE000ED88)
TCB565780 000:131.285   CPU_WriteMem(4 bytes @ 0xE000ED88)
TCB565780 000:132.144   CPU_ReadMem(4 bytes @ 0xE000ED88)
TCB565780 000:132.832   CPU_WriteMem(4 bytes @ 0xE000ED88)
TCB565780 000:133.692   CPU_ReadMem(4 bytes @ 0xE000EFB8)
TCB565780 000:134.487   Security extension: implemented
TCB565780 000:134.493   Secure debug: enabled
TCB565780 000:134.497   CoreSight components:
TCB565780 000:134.501   ROMTbl[0] @ E00FE000
TCB565780 000:134.506   CPU_ReadMem(64 bytes @ 0xE00FE000)
TCB565780 000:135.963   CPU_ReadMem(32 bytes @ 0xE0044FE0)
TCB565780 000:136.930   CPU_ReadMem(4 bytes @ 0xE0044FBC)
TCB565780 000:137.555   CPU_ReadMem(4 bytes @ 0xE0044FCC)
TCB565780 000:138.134   [0][0]: E0044000 CID B105900D PID 005BB906 DEVARCH 00000000 DEVTYPE 14 CTI (?)
TCB565780 000:138.142   CPU_ReadMem(32 bytes @ 0xE0047FE0)
TCB565780 000:139.111   CPU_ReadMem(4 bytes @ 0xE0047FBC)
TCB565780 000:139.652   CPU_ReadMem(4 bytes @ 0xE0047FCC)
TCB565780 000:140.465   [0][1]: E0047000 CID B105900D PID 003BB908 DEVARCH 00000000 DEVTYPE 12 CSTF
TCB565780 000:140.473   CPU_ReadMem(32 bytes @ 0xE0048FE0)
TCB565780 000:141.618   CPU_ReadMem(4 bytes @ 0xE0048FBC)
TCB565780 000:142.453   CPU_ReadMem(4 bytes @ 0xE0048FCC)
TCB565780 000:143.285   [0][2]: E0048000 CID B105900D PID 001BB961 DEVARCH 00000000 DEVTYPE 21 ETB
TCB565780 000:143.295   CPU_ReadMem(32 bytes @ 0xE0049FE0)
TCB565780 000:144.397   [0][3]: E0049000 CID B105F00D PID 001BB101 TSG
TCB565780 000:144.407   CPU_ReadMem(32 bytes @ 0xE0040FE0)
TCB565780 000:145.672   CPU_ReadMem(4 bytes @ 0xE0040FBC)
TCB565780 000:146.613   CPU_ReadMem(4 bytes @ 0xE0040FCC)
TCB565780 000:147.467   [0][4]: E0040000 CID B105900D PID 000BBD21 DEVARCH 00000000 DEVTYPE 11 TPIU
TCB565780 000:147.475   CPU_ReadMem(32 bytes @ 0xE00FFFE0)
TCB565780 000:148.635   [0][5]: E00FF000 CID B105100D PID 000BB4C9 ROM Table
TCB565780 000:148.644   ROMTbl[1] @ E00FF000
TCB565780 000:148.649   CPU_ReadMem(64 bytes @ 0xE00FF000)
TCB565780 000:150.132   CPU_ReadMem(32 bytes @ 0xE000EFE0)
TCB565780 000:151.308   CPU_ReadMem(4 bytes @ 0xE000EFBC)
TCB565780 000:151.901   CPU_ReadMem(4 bytes @ 0xE000EFCC)
TCB565780 000:152.563   [1][0]: E000E000 CID B105900D PID 000BBD21 DEVARCH 47702A04 DEVTYPE 00 Cortex-M33
TCB565780 000:152.573   CPU_ReadMem(32 bytes @ 0xE0001FE0)
TCB565780 000:153.620   CPU_ReadMem(4 bytes @ 0xE0001FBC)
TCB565780 000:154.178   CPU_ReadMem(4 bytes @ 0xE0001FCC)
TCB565780 000:154.801   [1][1]: E0001000 CID B105900D PID 000BBD21 DEVARCH 47701A02 DEVTYPE 00 DWT
TCB565780 000:154.812   CPU_ReadMem(32 bytes @ 0xE0002FE0)
TCB565780 000:155.796   CPU_ReadMem(4 bytes @ 0xE0002FBC)
TCB565780 000:156.405   CPU_ReadMem(4 bytes @ 0xE0002FCC)
TCB565780 000:157.323   [1][2]: E0002000 CID B105900D PID 000BBD21 DEVARCH 47701A03 DEVTYPE 00 FPB
TCB565780 000:157.340   CPU_ReadMem(32 bytes @ 0xE0000FE0)
TCB565780 000:158.515   CPU_ReadMem(4 bytes @ 0xE0000FBC)
TCB565780 000:159.290   CPU_ReadMem(4 bytes @ 0xE0000FCC)
TCB565780 000:159.889   [1][3]: E0000000 CID B105900D PID 000BBD21 DEVARCH 47701A01 DEVTYPE 43 ITM
TCB565780 000:159.899   CPU_ReadMem(32 bytes @ 0xE0041FE0)
TCB565780 000:160.943   CPU_ReadMem(4 bytes @ 0xE0041FBC)
TCB565780 000:161.783   CPU_ReadMem(4 bytes @ 0xE0041FCC)
TCB565780 000:162.687   [1][5]: E0041000 CID B105900D PID 002BBD21 DEVARCH 47724A13 DEVTYPE 13 ETM
TCB565780 000:162.699   CPU_ReadMem(32 bytes @ 0xE0042FE0)
TCB565780 000:163.782   CPU_ReadMem(4 bytes @ 0xE0042FBC)
TCB565780 000:164.606   CPU_ReadMem(4 bytes @ 0xE0042FCC)
TCB565780 000:165.410   [1][6]: E0042000 CID B105900D PID 000BBD21 DEVARCH 47701A14 DEVTYPE 14 CSS600-CTI
TCB565780 000:165.458   CPU_ReadMem(4 bytes @ 0xE000EDF0)
TCB565780 000:166.261   Data:  03 00 13 00
TCB565780 000:166.270   Debug reg: DHCSR
TCB565780 000:166.275 - 68.826ms returns 0
TCB565780 000:166.286 JLINK_ReadMem(0x400E002C, 0x4 Bytes, ...)
TCB565780 000:166.295   CPU_ReadMem(4 bytes @ 0x400E002C)
TCB565780 000:166.875   Data:  02 00 00 00
TCB565780 000:166.885 - 0.599ms returns 0
TCB565780 000:166.916 JLINK_ReadMem(0xE000EDF0, 0x4 Bytes, ...)
TCB565780 000:166.926   CPU_ReadMem(4 bytes @ 0xE000EDF0)
TCB565780 000:167.785   Data:  03 00 13 00
TCB565780 000:167.795   Debug reg: DHCSR
TCB565780 000:167.799 - 0.883ms returns 0
TCB565780 000:167.828 JLINK_ReadMem(0xE000EDF0, 0x4 Bytes, ...)
TCB565780 000:167.834   CPU_ReadMem(4 bytes @ 0xE000EDF0)
TCB565780 000:168.643   Data:  03 00 13 00
TCB565780 000:168.652   Debug reg: DHCSR
TCB565780 000:168.656 - 0.828ms returns 0
TCB565780 000:168.661 JLINK_ReadMem(0x400E001C, 0x4 Bytes, ...)
TCB565780 000:168.668   CPU_ReadMem(4 bytes @ 0x400E001C)
TCB565780 000:169.484   Data:  00 0C 00 00
TCB565780 000:169.491 - 0.830ms returns 0
TCB565780 000:169.499 JLINK_ReadMem(0xE000EDF0, 0x4 Bytes, ...)
TCB565780 000:169.505   CPU_ReadMem(4 bytes @ 0xE000EDF0)
TCB565780 000:170.323   Data:  03 00 13 00
TCB565780 000:170.332   Debug reg: DHCSR
TCB565780 000:170.336 - 0.838ms returns 0
TCB565780 000:170.341 JLINK_ReadMem(0x400E0018, 0x4 Bytes, ...)
TCB565780 000:170.347   CPU_ReadMem(4 bytes @ 0x400E0018)
TCB565780 000:170.904   Data:  00 80 00 00
TCB565780 000:170.913 - 0.572ms returns 0
TCB565780 000:170.921 JLINK_ReadMem(0xE000EDF0, 0x4 Bytes, ...)
TCB565780 000:170.927   CPU_ReadMem(4 bytes @ 0xE000EDF0)
TCB565780 000:171.500   Data:  03 00 13 00
TCB565780 000:171.507   Debug reg: DHCSR
TCB565780 000:171.511 - 0.591ms returns 0
TCB565780 000:171.516 JLINK_ReadMem(0x400E0020, 0x4 Bytes, ...)
TCB565780 000:171.523   CPU_ReadMem(4 bytes @ 0x400E0020)
TCB565780 000:172.154   Data:  00 00 00 00
TCB565780 000:172.166 - 0.649ms returns 0
TCB565780 000:172.177 JLINK_ReadMem(0xE000EDF0, 0x4 Bytes, ...)
TCB565780 000:172.183   CPU_ReadMem(4 bytes @ 0xE000EDF0)
TCB565780 000:172.757   Data:  03 00 13 00
TCB565780 000:172.769   Debug reg: DHCSR
TCB565780 000:172.774 - 0.598ms returns 0
TCB565780 000:172.781 JLINK_ReadMem(0x400E0028, 0x4 Bytes, ...)
TCB565780 000:172.789   CPU_ReadMem(4 bytes @ 0x400E0028)
TCB565780 000:173.448   Data:  00 08 00 00
TCB565780 000:173.456 - 0.675ms returns 0
TCB565780 000:173.466 JLINK_ReadMem(0xE000EDF0, 0x4 Bytes, ...)
TCB565780 000:173.473   CPU_ReadMem(4 bytes @ 0xE000EDF0)
TCB565780 000:174.197   Data:  03 00 13 00
TCB565780 000:174.206   Debug reg: DHCSR
TCB565780 000:174.210 - 0.745ms returns 0
TCB565780 000:174.215 JLINK_ReadMem(0x400E0024, 0x4 Bytes, ...)
TCB565780 000:174.221   CPU_ReadMem(4 bytes @ 0x400E0024)
TCB565780 000:175.016   Data:  00 20 00 00
TCB565780 000:175.026 - 0.810ms returns 0
TCB565780 000:175.033 JLINK_ReadMem(0xE000EDF0, 0x4 Bytes, ...)
TCB565780 000:175.040   CPU_ReadMem(4 bytes @ 0xE000EDF0)
TCB565780 000:175.948   Data:  03 00 13 00
TCB565780 000:175.957   Debug reg: DHCSR
TCB565780 000:175.961 - 0.928ms returns 0
TCB565780 000:175.973 JLINK_ReadMem(0x400E002C, 0x4 Bytes, ...)
TCB565780 000:175.980   CPU_ReadMem(4 bytes @ 0x400E002C)
TCB565780 000:176.778   Data:  02 00 00 00
TCB565780 000:176.788 - 0.814ms returns 0
TCB565780 000:176.795 JLINK_ReadMem(0xE000EDF0, 0x4 Bytes, ...)
TCB565780 000:176.801   CPU_ReadMem(4 bytes @ 0xE000EDF0)
TCB565780 000:177.651   Data:  03 00 13 00
TCB565780 000:177.662   Debug reg: DHCSR
TCB565780 000:177.667 - 0.871ms returns 0
TCB565780 000:177.672 JLINK_ReadMem(0x400E002C, 0x4 Bytes, ...)
TCB565780 000:177.680   CPU_ReadMem(4 bytes @ 0x400E002C)
TCB565780 000:178.518   Data:  02 00 00 00
TCB565780 000:178.525 - 0.853ms returns 0
TCB565780 000:178.635 JLINK_ReadMem(0xE000EDF0, 0x4 Bytes, ...)
TCB565780 000:178.649   CPU_ReadMem(4 bytes @ 0xE000EDF0)
TCB565780 000:179.476   Data:  03 00 13 00
TCB565780 000:179.482   Debug reg: DHCSR
TCB565780 000:179.487 - 0.852ms returns 0
TCB565780 000:179.492 JLINK_ReadMem(0x400E002C, 0x4 Bytes, ...)
TCB565780 000:179.498   CPU_ReadMem(4 bytes @ 0x400E002C)
TCB565780 000:180.310   Data:  02 00 00 00
TCB565780 000:180.320 - 0.828ms returns 0
TCB565780 000:180.327 JLINK_ReadMem(0xE000EDF0, 0x4 Bytes, ...)
TCB565780 000:180.334   CPU_ReadMem(4 bytes @ 0xE000EDF0)
TCB565780 000:181.132   Data:  03 00 13 00
TCB565780 000:181.141   Debug reg: DHCSR
TCB565780 000:181.146 - 0.818ms returns 0
TCB565780 000:181.151 JLINK_ReadMem(0x400E001C, 0x4 Bytes, ...)
TCB565780 000:181.157   CPU_ReadMem(4 bytes @ 0x400E001C)
TCB565780 000:181.827   Data:  00 0C 00 00
TCB565780 000:181.836 - 0.686ms returns 0
TCB565780 000:181.845 JLINK_ReadMem(0xE000EDF0, 0x4 Bytes, ...)
TCB565780 000:181.852   CPU_ReadMem(4 bytes @ 0xE000EDF0)
TCB565780 000:182.655   Data:  03 00 13 00
TCB565780 000:182.664   Debug reg: DHCSR
TCB565780 000:182.669 - 0.823ms returns 0
TCB565780 000:182.674 JLINK_ReadMem(0x400E0018, 0x4 Bytes, ...)
TCB565780 000:182.680   CPU_ReadMem(4 bytes @ 0x400E0018)
TCB565780 000:183.480   Data:  00 80 00 00
TCB565780 000:183.487 - 0.813ms returns 0
TCB565780 000:183.494 JLINK_ReadMem(0xE000EDF0, 0x4 Bytes, ...)
TCB565780 000:183.501   CPU_ReadMem(4 bytes @ 0xE000EDF0)
TCB565780 000:184.377   Data:  03 00 13 00
TCB565780 000:184.386   Debug reg: DHCSR
TCB565780 000:184.390 - 0.896ms returns 0
TCB565780 000:184.395 JLINK_ReadMem(0x400E0020, 0x4 Bytes, ...)
TCB565780 000:184.401   CPU_ReadMem(4 bytes @ 0x400E0020)
TCB565780 000:185.227   Data:  00 00 00 00
TCB565780 000:185.236 - 0.841ms returns 0
TCB565780 000:185.245 JLINK_ReadMem(0xE000EDF0, 0x4 Bytes, ...)
TCB565780 000:185.251   CPU_ReadMem(4 bytes @ 0xE000EDF0)
TCB565780 000:186.031   Data:  03 00 13 00
TCB565780 000:186.040   Debug reg: DHCSR
TCB565780 000:186.044 - 0.800ms returns 0
TCB565780 000:186.049 JLINK_ReadMem(0x400E0028, 0x4 Bytes, ...)
TCB565780 000:186.055   CPU_ReadMem(4 bytes @ 0x400E0028)
TCB565780 000:186.863   Data:  00 08 00 00
TCB565780 000:186.873 - 0.823ms returns 0
TCB565780 000:186.880 JLINK_ReadMem(0xE000EDF0, 0x4 Bytes, ...)
TCB565780 000:186.887   CPU_ReadMem(4 bytes @ 0xE000EDF0)
TCB565780 000:187.557   Data:  03 00 13 00
TCB565780 000:187.566   Debug reg: DHCSR
TCB565780 000:187.571 - 0.690ms returns 0
TCB565780 000:187.575 JLINK_ReadMem(0x400E0024, 0x4 Bytes, ...)
TCB565780 000:187.582   CPU_ReadMem(4 bytes @ 0x400E0024)
TCB565780 000:188.139   Data:  00 20 00 00
TCB565780 000:188.147 - 0.572ms returns 0
TCB565780 000:188.237 JLINK_TIF_GetAvailable(...)
TCB565780 000:188.536 - 0.300ms
TCB565780 000:188.555 JLINK_TIF_Select(JLINKARM_TIF_SWD)
TCB565780 000:188.558 - 0.004ms returns 0x00
TCB565780 000:188.561 JLINK_SetSpeed(4000)
TCB565780 000:188.608 - 0.046ms
TCB565780 000:188.615 JLINK_SetEndian(ARM_ENDIAN_LITTLE)
TCB565780 000:188.619 - 0.004ms returns 0
TCB565780 000:188.623 JLINK_SetInitRegsOnReset(OFF)
TCB565780 000:188.628 - 0.004ms returns 1
TCB565780 000:188.632 JLINK_SetResetType(JLINKARM_CM3_RESET_TYPE_CONNECT_UNDER_RESET)
TCB565780 000:188.637 - 0.004ms returns JLINKARM_CM3_RESET_TYPE_NORMAL
TCB565780 000:188.651 JLINK_ExecCommand("EnableFlashBPs", ...). 
TCB565780 000:188.656 - 0.001ms returns 0x00
TCB565780 000:188.660 JLINK_ExecCommand("SetAllowFlashCache = 1", ...). 
TCB565780 000:188.664 - 0.001ms returns 0x01
TCB565780 000:188.668 JLINK_ExecCommand("SetRestartOnClose = 0", ...). 
TCB565780 000:188.673 - 0.002ms returns 0x01
TCB565780 000:188.676 JLINK_EnableSoftBPs(ON)
TCB565780 000:188.679 - 0.003ms
TCB565780 000:188.682 JLINK_Connect()
TCB565780 000:189.015   ConfigTargetSettings() start
TCB565780 000:189.022    J-Link Script File: Executing ConfigTargetSettings()
TCB565780 000:189.026   Configuring FlashDLNoRMWThreshold=0x200 in order to make sure that option bytes programming is done via read-modify-write
TCB565780 000:191.992   ConfigTargetSettings() end - Took 2.97ms
TCB565780 000:192.001   InitTarget() start
TCB565780 000:192.005    J-Link Script File: Executing InitTarget()
TCB565780 000:192.009   SWD selected. Executing JTAG -> SWD switching sequence.
TCB565780 000:195.644   DAP initialized successfully.
TCB565780 000:195.654   Determining TrustZone configuration...
TCB565780 000:198.462     Secure Debug: Enabled (SSD)
TCB565780 000:198.472   Determining currently configured transfer type by reading the AHB-AP CSW register.
TCB565780 000:200.529     --> Correct transfer type configured. Done.
TCB565780 000:200.539   InitTarget() end - Took 8.53ms
TCB565780 000:201.751   Found SW-DP with ID 0x6BA02477
TCB565780 000:205.933   DPIDR: 0x6BA02477
TCB565780 000:205.947   CoreSight SoC-400 or earlier
TCB565780 000:205.952   AP map detection skipped. Manually configured AP map found.
TCB565780 000:205.957   AP[0]: AHB-AP (IDR: Not set)
TCB565780 000:207.539   AP[0]: Core found
TCB565780 000:207.578   AP[0]: AHB-AP ROM base: 0xE00FE000
TCB565780 000:208.620   CPUID register: 0x410FD214. Implementer code: 0x41 (ARM)
TCB565780 000:208.629   Feature set: Mainline
TCB565780 000:209.626   Cache: No cache
TCB565780 000:209.635   Found Cortex-M33 r0p4, Little endian.
TCB565780 000:209.872   -- Max. mem block: 0x00001700
TCB565780 000:209.883   CPU_ReadMem(4 bytes @ 0xE000EDF0)
TCB565780 000:210.472   CPU_ReadMem(4 bytes @ 0xE0002000)
TCB565780 000:211.056   FPUnit: 8 code (BP) slots and 0 literal slots
TCB565780 000:211.066   CPU_ReadMem(4 bytes @ 0xE000EDFC)
TCB565780 000:211.692   CPU_ReadMem(4 bytes @ 0xE0001000)
TCB565780 000:212.300   CPU_ReadMem(4 bytes @ 0xE0001000)
TCB565780 000:213.116   CPU_ReadMem(4 bytes @ 0xE0001028)
TCB565780 000:213.867   CPU_ReadMem(4 bytes @ 0xE0001038)
TCB565780 000:214.653   CPU_ReadMem(4 bytes @ 0xE0001048)
TCB565780 000:215.371   CPU_ReadMem(4 bytes @ 0xE0001058)
TCB565780 000:216.169   CPU_WriteMem(4 bytes @ 0xE0001000)
TCB565780 000:216.818   CPU_ReadMem(4 bytes @ 0xE000ED88)
TCB565780 000:217.597   CPU_WriteMem(4 bytes @ 0xE000ED88)
TCB565780 000:218.198   CPU_ReadMem(4 bytes @ 0xE000ED88)
TCB565780 000:218.934   CPU_WriteMem(4 bytes @ 0xE000ED88)
TCB565780 000:219.788   CPU_ReadMem(4 bytes @ 0xE000EFB8)
TCB565780 000:220.620   Security extension: implemented
TCB565780 000:220.630   Secure debug: enabled
TCB565780 000:220.634   CoreSight components:
TCB565780 000:220.638   ROMTbl[0] @ E00FE000
TCB565780 000:220.643   CPU_ReadMem(64 bytes @ 0xE00FE000)
TCB565780 000:222.009   CPU_ReadMem(32 bytes @ 0xE0044FE0)
TCB565780 000:222.972   CPU_ReadMem(4 bytes @ 0xE0044FBC)
TCB565780 000:223.868   CPU_ReadMem(4 bytes @ 0xE0044FCC)
TCB565780 000:224.737   [0][0]: E0044000 CID B105900D PID 005BB906 DEVARCH 00000000 DEVTYPE 14 CTI (?)
TCB565780 000:224.748   CPU_ReadMem(32 bytes @ 0xE0047FE0)
TCB565780 000:225.985   CPU_ReadMem(4 bytes @ 0xE0047FBC)
TCB565780 000:226.779   CPU_ReadMem(4 bytes @ 0xE0047FCC)
TCB565780 000:227.640   [0][1]: E0047000 CID B105900D PID 003BB908 DEVARCH 00000000 DEVTYPE 12 CSTF
TCB565780 000:227.651   CPU_ReadMem(32 bytes @ 0xE0048FE0)
TCB565780 000:228.831   CPU_ReadMem(4 bytes @ 0xE0048FBC)
TCB565780 000:229.640   CPU_ReadMem(4 bytes @ 0xE0048FCC)
TCB565780 000:230.437   [0][2]: E0048000 CID B105900D PID 001BB961 DEVARCH 00000000 DEVTYPE 21 ETB
TCB565780 000:230.451   CPU_ReadMem(32 bytes @ 0xE0049FE0)
TCB565780 000:231.614   [0][3]: E0049000 CID B105F00D PID 001BB101 TSG
TCB565780 000:231.625   CPU_ReadMem(32 bytes @ 0xE0040FE0)
TCB565780 000:232.550   CPU_ReadMem(4 bytes @ 0xE0040FBC)
TCB565780 000:233.347   CPU_ReadMem(4 bytes @ 0xE0040FCC)
TCB565780 000:233.912   [0][4]: E0040000 CID B105900D PID 000BBD21 DEVARCH 00000000 DEVTYPE 11 TPIU
TCB565780 000:233.922   CPU_ReadMem(32 bytes @ 0xE00FFFE0)
TCB565780 000:234.916   [0][5]: E00FF000 CID B105100D PID 000BB4C9 ROM Table
TCB565780 000:234.973   ROMTbl[1] @ E00FF000
TCB565780 000:234.978   CPU_ReadMem(64 bytes @ 0xE00FF000)
TCB565780 000:236.629   CPU_ReadMem(32 bytes @ 0xE000EFE0)
TCB565780 000:237.570   CPU_ReadMem(4 bytes @ 0xE000EFBC)
TCB565780 000:238.167   CPU_ReadMem(4 bytes @ 0xE000EFCC)
TCB565780 000:238.779   [1][0]: E000E000 CID B105900D PID 000BBD21 DEVARCH 47702A04 DEVTYPE 00 Cortex-M33
TCB565780 000:238.791   CPU_ReadMem(32 bytes @ 0xE0001FE0)
TCB565780 000:239.722   CPU_ReadMem(4 bytes @ 0xE0001FBC)
TCB565780 000:240.658   CPU_ReadMem(4 bytes @ 0xE0001FCC)
TCB565780 000:241.528   [1][1]: E0001000 CID B105900D PID 000BBD21 DEVARCH 47701A02 DEVTYPE 00 DWT
TCB565780 000:241.537   CPU_ReadMem(32 bytes @ 0xE0002FE0)
TCB565780 000:242.702   CPU_ReadMem(4 bytes @ 0xE0002FBC)
TCB565780 000:243.489   CPU_ReadMem(4 bytes @ 0xE0002FCC)
TCB565780 000:244.123   [1][2]: E0002000 CID B105900D PID 000BBD21 DEVARCH 47701A03 DEVTYPE 00 FPB
TCB565780 000:244.134   CPU_ReadMem(32 bytes @ 0xE0000FE0)
TCB565780 000:245.190   CPU_ReadMem(4 bytes @ 0xE0000FBC)
TCB565780 000:245.910   CPU_ReadMem(4 bytes @ 0xE0000FCC)
TCB565780 000:246.722   [1][3]: E0000000 CID B105900D PID 000BBD21 DEVARCH 47701A01 DEVTYPE 43 ITM
TCB565780 000:246.733   CPU_ReadMem(32 bytes @ 0xE0041FE0)
TCB565780 000:247.853   CPU_ReadMem(4 bytes @ 0xE0041FBC)
TCB565780 000:248.572   CPU_ReadMem(4 bytes @ 0xE0041FCC)
TCB565780 000:249.349   [1][5]: E0041000 CID B105900D PID 002BBD21 DEVARCH 47724A13 DEVTYPE 13 ETM
TCB565780 000:249.357   CPU_ReadMem(32 bytes @ 0xE0042FE0)
TCB565780 000:250.361   CPU_ReadMem(4 bytes @ 0xE0042FBC)
TCB565780 000:250.961   CPU_ReadMem(4 bytes @ 0xE0042FCC)
TCB565780 000:251.671   [1][6]: E0042000 CID B105900D PID 000BBD21 DEVARCH 47701A14 DEVTYPE 14 CSS600-CTI
TCB565780 000:251.685 - 63.002ms returns 0x00
TCB565780 000:251.693 JLINK_Halt()
TCB565780 000:258.379 - 6.685ms returns 0x00
TCB565780 000:258.395 JLINK_IsHalted()
TCB565780 000:258.399 - 0.004ms returns TRUE
TCB565780 000:258.403 JLINK_ResetPullsRESET(ON)
TCB565780 000:258.405 - 0.003ms
TCB565780 000:258.408 JLINK_Reset()
TCB565780 000:258.419   CPU_WriteMem(4 bytes @ 0xE000EDF0)
TCB565780 000:259.285   CPU_ReadMem(4 bytes @ 0xE000ED44)
TCB565780 000:259.930   CPU_ReadMem(4 bytes @ 0xE000EE08)
TCB565780 000:260.765   CPU_WriteMem(4 bytes @ 0xE000EE08)
TCB565780 000:261.701   CPU_ReadMem(4 bytes @ 0xE000EE08)
TCB565780 000:262.656   Reset: ARMv8M core with Security Extension enabled detected. Switch to secure domain.
TCB565780 000:262.668   CPU_WriteMem(4 bytes @ 0xE000EDFC)
TCB565780 000:263.666   Reset: Halt core after reset via DEMCR.VC_CORERESET.
TCB565780 000:264.615   Reset: Reset device via AIRCR.SYSRESETREQ.
TCB565780 000:264.626   CPU_WriteMem(4 bytes @ 0xE000ED0C)
TCB565780 000:319.286   CPU_ReadMem(4 bytes @ 0xE000EDF0)
TCB565780 000:319.984   CPU_ReadMem(4 bytes @ 0xE000EDF0)
TCB565780 000:320.820   CPU_WriteMem(4 bytes @ 0xE000EDFC)
TCB565780 000:326.816   CPU_ReadMem(4 bytes @ 0xE000EDF0)
TCB565780 000:334.352   CPU_WriteMem(4 bytes @ 0xE0002000)
TCB565780 000:335.099   CPU_ReadMem(4 bytes @ 0xE000EDFC)
TCB565780 000:335.869   CPU_ReadMem(4 bytes @ 0xE0001000)
TCB565780 000:336.721   CPU_ReadMem(4 bytes @ 0xE000EE08)
TCB565780 000:337.649 - 79.239ms
TCB565780 000:337.718 JLINK_ReadMem(0xE000EDF0, 0x4 Bytes, ...)
TCB565780 000:337.736   CPU_ReadMem(4 bytes @ 0xE000EDF0)
TCB565780 000:338.401   Data:  03 00 13 00
TCB565780 000:338.424   Debug reg: DHCSR
TCB565780 000:338.429 - 0.710ms returns 0
TCB565780 000:338.457 JLINK_ReadMem(0x010080F0, 0x10 Bytes, ...)
TCB565780 000:338.467   CPU_ReadMem(16 bytes @ 0x010080F0)
TCB565780 000:339.238   Data:  52 37 46 41 36 4D 35 42 48 33 43 46 43 20 20 20
TCB565780 000:339.253 - 0.797ms returns 0
TCB565780 000:339.267 JLINK_IsHalted()
TCB565780 000:339.273 - 0.007ms returns TRUE
TCB565780 000:339.508 JLINK_ReadMem(0xE000EDF0, 0x4 Bytes, ...)
TCB565780 000:339.521   CPU_ReadMem(4 bytes @ 0xE000EDF0)
TCB565780 000:340.146   Data:  03 00 13 00
TCB565780 000:340.160   Debug reg: DHCSR
TCB565780 000:340.166 - 0.657ms returns 0
TCB565780 000:340.173 JLINK_ReadMem(0x400E002C, 0x4 Bytes, ...)
TCB565780 000:340.181   CPU_ReadMem(4 bytes @ 0x400E002C)
TCB565780 000:340.789   Data:  02 00 00 00
TCB565780 000:340.799 - 0.627ms returns 0
TCB565780 000:340.812 JLINK_MeasureCPUSpeed(RAMAddr = 0x20000000)
TCB565780 000:340.818   CPU_ReadMem(16 bytes @ 0x20000000)
TCB565780 000:341.782   CPU_ReadMem(4 bytes @ 0xE000EDFC)
TCB565780 000:342.607   CPU_ReadMem(4 bytes @ 0xE0001000)
TCB565780 000:343.452   CPU_ReadMem(6 bytes @ 0x20000000)
TCB565780 000:344.283   CPU_ReadMem(4 bytes @ 0xE000ED90)
TCB565780 000:345.058   CPU_ReadMem(4 bytes @ 0xE000ED94)
TCB565780 000:345.871   CPU_WriteMem(16 bytes @ 0x20000000)
TCB565780 000:346.889   CPU_WriteMem(6 bytes @ 0x20000000)
TCB565780 000:347.796   CPU_ReadMem(6 bytes @ 0x20000000)
TCB565780 000:348.705   CPU_ReadMem(4 bytes @ 0xE000EE08)
TCB565780 000:349.535   CPU_WriteMem(4 bytes @ 0xE0002008)
TCB565780 000:349.547   CPU_WriteMem(4 bytes @ 0xE000200C)
TCB565780 000:349.554   CPU_WriteMem(4 bytes @ 0xE0002010)
TCB565780 000:349.558   CPU_WriteMem(4 bytes @ 0xE0002014)
TCB565780 000:349.561   CPU_WriteMem(4 bytes @ 0xE0002018)
TCB565780 000:349.565   CPU_WriteMem(4 bytes @ 0xE000201C)
TCB565780 000:349.569   CPU_WriteMem(4 bytes @ 0xE0002020)
TCB565780 000:349.573   CPU_WriteMem(4 bytes @ 0xE0002024)
TCB565780 000:353.688   CPU_WriteMem(4 bytes @ 0xE0001004)
TCB565780 000:365.224   CPU_ReadMem(4 bytes @ 0xE0001004)
TCB565780 000:366.250   CPU_ReadMem(4 bytes @ 0xE000EE08)
TCB565780 000:366.890   CPU_WriteMem(4 bytes @ 0xE0002008)
TCB565780 000:367.825   CPU_WriteMem(4 bytes @ 0xE000200C)
TCB565780 000:368.686   CPU_WriteMem(4 bytes @ 0xE0002010)
TCB565780 000:369.604   CPU_WriteMem(4 bytes @ 0xE0002014)
TCB565780 000:370.491   CPU_WriteMem(4 bytes @ 0xE0002018)
TCB565780 000:371.104   CPU_WriteMem(4 bytes @ 0xE000201C)
TCB565780 000:371.750   CPU_WriteMem(4 bytes @ 0xE0002020)
TCB565780 000:372.486   CPU_WriteMem(4 bytes @ 0xE0002024)
TCB565780 000:373.095   CPU_ReadMem(4 bytes @ 0xE000EE08)
TCB565780 000:373.875   CPU_ReadMem(4 bytes @ 0xE000EE08)
TCB565780 000:374.814   CPU_WriteMem(4 bytes @ 0xE0001004)
TCB565780 000:406.269   CPU_ReadMem(4 bytes @ 0xE0001004)
TCB565780 000:406.893   CPU_WriteMem(6 bytes @ 0x20000000)
TCB565780 000:407.695   ClockFreq: 2082600 Hz
TCB565780 000:407.704 - 66.892ms returns 2082600
TCB565780 000:407.713 JLINK_ReadReg(XPSR)
TCB565780 000:407.720   CPU_ReadMem(4 bytes @ 0xE000EE08)
TCB565780 000:408.582 - 0.869ms returns 0xF9000000
TBC200640 000:416.044 JLINK_ReadReg(XPSR)
TBC200640 000:416.074   CPU_ReadMem(4 bytes @ 0xE000EE08)
TBC200640 000:416.587 - 0.543ms returns 0xF9000000
TBC200640 000:424.042 JLINK_ReadReg(XPSR)
TBC200640 000:424.069   CPU_ReadMem(4 bytes @ 0xE000EE08)
TBC200640 000:424.618 - 0.576ms returns 0xF9000000
TBC200640 000:551.567 JLINK_SetEndian(ARM_ENDIAN_LITTLE)
TBC200640 000:551.584 - 0.017ms returns 0
TBC200640 000:551.644 JLINK_BeginDownload(Flags = 0x00000000)
TBC200640 000:551.650 - 0.006ms
TBC200640 000:553.943 JLINK_ReadMem(0xE000EDF0, 0x4 Bytes, ...)
TBC200640 000:553.970   CPU_ReadMem(4 bytes @ 0xE000EDF0)
TBC200640 000:554.513   Data:  03 00 13 00
TBC200640 000:554.520   Debug reg: DHCSR
TBC200640 000:554.525 - 0.589ms returns 0
TBC200640 000:554.981 JLINK_WriteMem(0x00000000, 0xBC0 Bytes, ...)
TBC200640 000:554.990   Data:  A0 04 00 20 D9 06 00 00 41 05 00 00 D5 06 00 00 ...
TBC200640 000:555.668   completely In flash
TBC200640 000:555.679 - 0.698ms returns 0xBC0
TBC200640 000:555.884 JLINK_WriteMem(0x00000BC0, 0x10 Bytes, ...)
TBC200640 000:555.890   Data:  0A 06 09 06 01 06 02 06 03 06 05 06 00 00 00 00
TBC200640 000:555.901   completely In flash
TBC200640 000:555.906 - 0.023ms returns 0x10
TBC200640 000:556.156 JLINK_WriteMem(0x00000BD0, 0x8 Bytes, ...)
TBC200640 000:556.162   Data:  AD 00 00 00 85 00 00 00
TBC200640 000:556.169   completely In flash
TBC200640 000:556.174 - 0.018ms returns 0x8
TBC200640 000:556.563 JLINK_WriteMem(0x0100A100, 0x14 Bytes, ...)
TBC200640 000:556.574   Data:  FF FF FF FF FF FF FF FF FF FF FF FF FF FF FF FF ...
TBC200640 000:557.240   completely In flash
TBC200640 000:557.248 - 0.684ms returns 0x14
TBC200640 000:557.675 JLINK_WriteMem(0x0100A134, 0x4 Bytes, ...)
TBC200640 000:557.684   Data:  FF FF FF FF
TBC200640 000:557.693   completely In flash
TBC200640 000:557.698 - 0.024ms returns 0x4
TBC200640 000:558.053 JLINK_WriteMem(0x0100A200, 0xD0 Bytes, ...)
TBC200640 000:558.059   Data:  FF FD FF FF FF FF FF FF FF FF FF FF FF FF FF FF ...
TBC200640 000:558.067   completely In flash
TBC200640 000:558.071 - 0.018ms returns 0xD0
TBC200640 000:592.451 JLINK_EndDownload()
TBC200640 000:592.785   CPU_ReadMem(4 bytes @ 0xE000ED90)
TBC200640 000:593.400   CPU_ReadMem(4 bytes @ 0xE000ED94)
TBC200640 000:594.000    -- --------------------------------------
TBC200640 000:594.017    -- Start of determining flash info (Bank @ 0x0100A100)
TBC200640 000:594.031    -- End of determining flash info
TBC200640 000:594.036    -- Start of determining dirty areas in flash cache
TBC200640 000:594.042    -- Filling invalid ranges in sector buffer (flash cache) for sector @ 0x0100A100 if necessary
TBC200640 000:594.047    -- Filling invalid ranges in sector buffer (flash cache) for sector @ 0x0100A110 if necessary
TBC200640 000:594.053    -- Filling invalid ranges in sector buffer (flash cache) for sector @ 0x0100A130 if necessary
TBC200640 000:594.057    -- Filling invalid ranges in sector buffer (flash cache) for sector @ 0x0100A200 if necessary
TBC200640 000:594.062    -- Filling invalid ranges in sector buffer (flash cache) for sector @ 0x0100A210 if necessary
TBC200640 000:594.066    -- Filling invalid ranges in sector buffer (flash cache) for sector @ 0x0100A220 if necessary
TBC200640 000:594.070    -- Filling invalid ranges in sector buffer (flash cache) for sector @ 0x0100A230 if necessary
TBC200640 000:594.075    -- Filling invalid ranges in sector buffer (flash cache) for sector @ 0x0100A240 if necessary
TBC200640 000:594.079    -- Filling invalid ranges in sector buffer (flash cache) for sector @ 0x0100A250 if necessary
TBC200640 000:594.083    -- Filling invalid ranges in sector buffer (flash cache) for sector @ 0x0100A260 if necessary
TBC200640 000:594.088    -- Filling invalid ranges in sector buffer (flash cache) for sector @ 0x0100A270 if necessary
TBC200640 000:594.092    -- Filling invalid ranges in sector buffer (flash cache) for sector @ 0x0100A280 if necessary
TBC200640 000:594.096    -- Filling invalid ranges in sector buffer (flash cache) for sector @ 0x0100A290 if necessary
TBC200640 000:594.100    -- Filling invalid ranges in sector buffer (flash cache) for sector @ 0x0100A2A0 if necessary
TBC200640 000:594.105    -- Filling invalid ranges in sector buffer (flash cache) for sector @ 0x0100A2B0 if necessary
TBC200640 000:594.109    -- Filling invalid ranges in sector buffer (flash cache) for sector @ 0x0100A2C0 if necessary
TBC200640 000:594.113    -- End of determining dirty areas
TBC200640 000:594.117    -- Start of preparing flash programming
TBC200640 000:594.122    -- Preparing RAMCode
TBC200640 000:594.126    -- Calculating RAM usage
TBC200640 000:594.130    -- RAM usage = 5120 Bytes
TBC200640 000:594.134    -- Preserving CPU registers
TBC200640 000:611.992    -- Preparing memory
TBC200640 000:612.027    -- Determining CPU clock frequency
TBC200640 000:672.301    -- CPU frequency = 2082 kHz
TBC200640 000:672.332    -- Preparing target
TBC200640 000:672.337    -- Preserving target RAM temporarily used for programming
TBC200640 000:732.624    -- Downloading RAMCode
TBC200640 000:813.104    -- Initializing RAMCode (InitType: 3 = Verify)
TBC200640 000:813.121    -- Executing Init(3)
TBC200640 000:834.514    -- End of preparing flash programming
TBC200640 000:834.534   
  ***** Warning: 
TBC200640 000:834.538   CPU is running at low speed (2082 kHz).
TBC200640 000:834.549    -- CPU is running at 2082 kHz.
TBC200640 000:834.555    -- Start of comparing flash
TBC200640 000:834.559    -- Flash algorithm supports a native verify function which is used to compare the flash content.
TBC200640 000:834.565    -- Comparing range 0x100A100 - 0x100A11F (2 Sectors, 32 Bytes), using verify function of the RAMCode
TBC200640 000:837.253    -- Data matches for sectors 0-1
TBC200640 000:837.275    -- Comparing range 0x100A130 - 0x100A13F (1 Sector, 16 Bytes), using verify function of the RAMCode
TBC200640 000:839.697    -- Data matches for sector 3
TBC200640 000:839.721    -- Comparing range 0x100A200 - 0x100A2CF (13 Sectors, 208 Bytes), using verify function of the RAMCode
TBC200640 000:845.550    -- Data matches for sectors 16-28
TBC200640 000:845.593    -- End of comparing flash
TBC200640 000:845.599    -- Start of erasing sectors
TBC200640 000:845.604    -- End of erasing sectors
TBC200640 000:845.608    -- Start of flash programming
TBC200640 000:845.613    -- End of flash programming
TBC200640 000:845.617    -- Start of verifying flash
TBC200640 000:845.622    -- End of verifying flash
TBC200640 000:845.643    -- Start of restoring
TBC200640 000:845.648    -- Executing UnInit()
TBC200640 000:854.171    -- Restoring target memory
TBC200640 000:906.624    -- Restoring CPU registers
TBC200640 000:907.356    -- End of restoring
TBC200640 000:907.368    -- Bank 0 @ 0x0100A100: Skipped. Contents already match
TBC200640 000:907.373    -- Bank 0 @ 0x0100A100: Skipped. Contents already match
TBC200640 000:907.380    -- --------------------------------------
TBC200640 000:907.385    -- Flash bank @ 0x00000000: Default: L2 verify disabled because algorithm performs L1 verify
TBC200640 000:907.390    -- Start of determining dirty areas in flash cache
TBC200640 000:907.398    -- Filling invalid ranges in sector buffer (flash cache) for sector @ 0x00000000 if necessary
TBC200640 000:907.848    -- End of determining dirty areas
TBC200640 000:907.858    -- Start of preparing flash programming
TBC200640 000:907.863    -- Calculating RAM usage
TBC200640 000:907.881    -- RAM usage = 3476 Bytes
TBC200640 000:907.886    -- Preserving CPU registers
TBC200640 000:907.971    -- Determining CPU clock frequency
TBC200640 000:964.204    -- Preparing target
TBC200640 000:964.219    -- Preserving target RAM temporarily used for programming
TBC200640 001:005.012    -- Downloading RAMCode
TBC200640 001:052.682    -- Preparing RAMCode
TBC200640 001:073.625    -- CPU frequency = 100000 kHz
TBC200640 001:073.649    -- End of preparing flash programming
TBC200640 001:073.656    -- CPU is running at 100000 kHz.
TBC200640 001:073.660    -- Start of comparing flash
TBC200640 001:073.665    -- CRC check was estimated as fastest method
TBC200640 001:073.671    -- Comparing range 0x0000 - 0x1FFF (1 Sector, 8 KB), using multi-block CRC calculation
TBC200640 001:080.195    -- CRC does not match for sector 0
TBC200640 001:080.210    -- End of comparing flash
TBC200640 001:080.215    -- Start of erasing sectors
TBC200640 001:080.221    -- Erasing range 0x00000000 - 0x00001FFF (  1 Sector, 8 KB)
TBC200640 001:120.891    -- End of erasing sectors
TBC200640 001:120.913    -- Start of flash programming
TBC200640 001:120.922    -- Programming range 0x00000000 - 0x00001FFF (  1 Sector, 8 KB)
TBC200640 001:158.776    -- End of flash programming
TBC200640 001:158.811    -- 0x0000 - 0x1FFF (  1 Sector, 8 KB)
TBC200640 001:158.816    -- Start of restoring
TBC200640 001:158.821    -- Restoring RAMCode
TBC200640 001:176.650    -- Restoring target memory
TBC200640 001:212.869    -- Restore target
TBC200640 001:212.887    -- Restoring CPU registers
TBC200640 001:213.810    -- End of restoring
TBC200640 001:213.840    -- Bank 1 @ 0x00000000: 1 range affected (8192 bytes)
TBC200640 001:213.845    -- Total: 0.305s (Prepare: 0.165s, Compare: 0.006s, Erase: 0.040s, Program & Verify: 0.047s, Restore: 0.045s)
TBC200640 001:213.850    -- Program & Verify speed: 170 KB/s
TBC200640 001:227.218 - 634.766ms returns 8192 (0x2000)
TBC200640 001:227.900 JLINK_WriteReg(R15 (PC), 0x000006D8)
TBC200640 001:227.918 - 0.018ms returns 0
TBC200640 001:227.924 JLINK_WriteReg(XPSR, 0x01000000)
TBC200640 001:227.928 - 0.005ms returns 0
TBC200640 001:227.938 JLINK_ResetPullsRESET(ON)
TBC200640 001:227.941 - 0.003ms
TBC200640 001:227.945 JLINK_Halt()
TBC200640 001:227.948 - 0.003ms returns 0x00
TBC200640 001:227.952 JLINK_IsHalted()
TBC200640 001:227.956 - 0.003ms returns TRUE
TBC200640 001:227.959 JLINK_Reset()
TBC200640 001:227.968   CPU_WriteMem(4 bytes @ 0xE000EDF0)
TBC200640 001:228.632   CPU_ReadMem(4 bytes @ 0xE000ED44)
TBC200640 001:229.212   CPU_ReadMem(4 bytes @ 0xE000EE08)
TBC200640 001:230.046   CPU_WriteMem(4 bytes @ 0xE000EE08)
TBC200640 001:230.694   CPU_ReadMem(4 bytes @ 0xE000EE08)
TBC200640 001:231.655   Reset: ARMv8M core with Security Extension enabled detected. Switch to secure domain.
TBC200640 001:231.667   CPU_WriteMem(4 bytes @ 0xE000EDFC)
TBC200640 001:232.601   Reset: Halt core after reset via DEMCR.VC_CORERESET.
TBC200640 001:233.616   Reset: Reset device via AIRCR.SYSRESETREQ.
TBC200640 001:233.628   CPU_WriteMem(4 bytes @ 0xE000ED0C)
TBC200640 001:287.554   CPU_ReadMem(4 bytes @ 0xE000EDF0)
TBC200640 001:288.150   CPU_ReadMem(4 bytes @ 0xE000EDF0)
TBC200640 001:288.764   CPU_WriteMem(4 bytes @ 0xE000EDFC)
TBC200640 001:294.952   CPU_ReadMem(4 bytes @ 0xE000EDF0)
TBC200640 001:302.431   CPU_WriteMem(4 bytes @ 0xE0002000)
TBC200640 001:303.293   CPU_ReadMem(4 bytes @ 0xE000EDFC)
TBC200640 001:304.129   CPU_ReadMem(4 bytes @ 0xE0001000)
TBC200640 001:304.736   CPU_ReadMem(4 bytes @ 0xE000EE08)
TBC200640 001:305.365 - 77.406ms
TBC200640 001:305.377 JLINK_SetEndian(ARM_ENDIAN_LITTLE)
TBC200640 001:305.381 - 0.003ms returns 0
TBC200640 001:305.936 JLINK_ResetPullsRESET(ON)
TBC200640 001:305.967 - 0.032ms
TBC200640 001:305.972 JLINK_Halt()
TBC200640 001:305.977 - 0.004ms returns 0x00
TBC200640 001:305.981 JLINK_IsHalted()
TBC200640 001:306.009 - 0.028ms returns TRUE
TBC200640 001:306.012 JLINK_Reset()
TBC200640 001:306.066   CPU_WriteMem(4 bytes @ 0xE000EDF0)
TBC200640 001:306.771   CPU_ReadMem(4 bytes @ 0xE000ED44)
TBC200640 001:307.407   CPU_ReadMem(4 bytes @ 0xE000EE08)
TBC200640 001:307.951   CPU_WriteMem(4 bytes @ 0xE000EE08)
TBC200640 001:308.587   CPU_ReadMem(4 bytes @ 0xE000EE08)
TBC200640 001:309.181   Reset: ARMv8M core with Security Extension enabled detected. Switch to secure domain.
TBC200640 001:309.190   CPU_WriteMem(4 bytes @ 0xE000EDFC)
TBC200640 001:309.862   Reset: Halt core after reset via DEMCR.VC_CORERESET.
TBC200640 001:310.625   Reset: Reset device via AIRCR.SYSRESETREQ.
TBC200640 001:310.638   CPU_WriteMem(4 bytes @ 0xE000ED0C)
TBC200640 001:365.075   CPU_ReadMem(4 bytes @ 0xE000EDF0)
TBC200640 001:365.730   CPU_ReadMem(4 bytes @ 0xE000EDF0)
TBC200640 001:366.354   CPU_WriteMem(4 bytes @ 0xE000EDFC)
TBC200640 001:372.417   CPU_ReadMem(4 bytes @ 0xE000EDF0)
TBC200640 001:379.787   CPU_WriteMem(4 bytes @ 0xE0002000)
TBC200640 001:380.746   CPU_ReadMem(4 bytes @ 0xE000EDFC)
TBC200640 001:381.629   CPU_ReadMem(4 bytes @ 0xE0001000)
TBC200640 001:382.229   CPU_ReadMem(4 bytes @ 0xE000EE08)
TBC200640 001:382.810 - 76.797ms
TBC200640 001:382.823 JLINK_SetEndian(ARM_ENDIAN_LITTLE)
TBC200640 001:382.826 - 0.003ms returns 0
TBC200640 001:385.940 JLINK_ReadReg(XPSR)
TBC200640 001:386.000   CPU_ReadMem(4 bytes @ 0xE000EE08)
TBC200640 001:386.535 - 0.594ms returns 0xF9000000
TBC200640 001:387.191 JLINK_ReadMem(0x000006D8, 0x4 Bytes, ...)
TBC200640 001:387.224    -- Read from flash cache (4 bytes @ 0x000006D8)
TBC200640 001:387.231   Data:  08 B5 00 F0
TBC200640 001:387.237 - 0.047ms returns 0
TBC200640 001:388.848 JLINK_ReadReg(XPSR)
TBC200640 001:388.882 - 0.034ms returns 0xF9000000
TBC200640 001:389.233 JLINK_ReadMem(0x000006D8, 0x4 Bytes, ...)
TBC200640 001:389.245    -- Read from flash cache (4 bytes @ 0x000006D8)
TBC200640 001:389.252   Data:  08 B5 00 F0
TBC200640 001:389.259 - 0.026ms returns 0
TBC200640 001:580.131 JLINK_GetNumBPUnits(Type = 0xFFFFFF00)
TBC200640 001:580.149 - 0.019ms returns 0x08
TBC200640 001:580.155 JLINK_GetNumWPUnits()
TBC200640 001:580.160 - 0.005ms returns 4
TBC200640 001:580.164 JLINK_GetNumWPUnits()
TBC200640 001:580.169 - 0.005ms returns 4
TBC200640 001:580.180 JLINK_GetNumBPUnits(Type = 0xFFFFFF00)
TBC200640 001:580.186 - 0.005ms returns 0x08
TBC200640 001:580.190 JLINK_GetNumWPUnits()
TBC200640 001:580.195 - 0.005ms returns 4
TBC200640 001:580.200 JLINK_GetNumWPUnits()
TBC200640 001:580.204 - 0.003ms returns 4
TBC200640 001:580.215 JLINK_GetNumBPUnits(Type = 0xFFFFFF00)
TBC200640 001:580.219 - 0.005ms returns 0x08
TBC200640 001:580.224 JLINK_GetNumWPUnits()
TBC200640 001:580.228 - 0.004ms returns 4
TBC200640 001:580.232 JLINK_GetNumWPUnits()
TBC200640 001:580.237 - 0.005ms returns 4
TBC200640 001:580.268 JLINK_SetBPEx(Addr = 0x00000238, Type = 0xFFFFFF00)
TBC200640 001:580.274 - 0.007ms returns 0x00000001
TBC200640 001:580.281 JLINK_ClrBPEx(BPHandle = 0x00000001)
TBC200640 001:580.285 - 0.004ms returns 0x00
TBC200640 001:581.692 JLINK_ReadMem(0x00000200, 0x40 Bytes, ...)
TBC200640 001:581.711    -- Read from flash cache (64 bytes @ 0x00000200)
TBC200640 001:581.719   Data:  B5 E7 80 20 03 49 CB 70 C8 70 A7 E7 B8 0B 00 00 ...
TBC200640 001:581.726 - 0.035ms returns 0
TBC200640 001:581.909 JLINK_ReadMem(0x00000238, 0x2 Bytes, ...)
TBC200640 001:581.915    -- Read from flash cache (2 bytes @ 0x00000238)
TBC200640 001:581.919   Data:  08 B5
TBC200640 001:581.924 - 0.016ms returns 0
TBC200640 001:582.059 JLINK_SetBPEx(Addr = 0x00000238, Type = 0xFFFFFF00)
TBC200640 001:582.066 - 0.008ms returns 0x00000002
TBC200640 001:585.271 JLINK_ReadRegs(NumRegs = 22, Indexes: 0, 1, 2, 3, 4, 5, 6, 7, 8, 9, 10, 11, 12, 13, 14, 15, 16, 17, 18, 86, 87, 20)
TBC200640 001:585.321    -- R0=0x00, R1=0x00, R2=0x00, R3=0x00, R4=0x00, R5=0x00, R6=0x00, R7=0x00, R8=0x40080D00, R9=0x01, R10=0xB5C, R11=0xFFFE3FFE, R12=0x2000D888, R13 (SP)=0x200004A0, R14=0xFFFFFFFF, R15 (PC)=0x6D8, XPSR=0xF9000000, MSP=0x200004A0, PSP=0x00, MSPLIM=0x00, PSPLIM=0x00, CFBP=0x00
TBC200640 001:585.326 - 0.056ms returns 0x00
TBC200640 001:585.533 JLINK_ReadReg(XPSR)
TBC200640 001:585.556 - 0.023ms returns 0xF9000000
TBC200640 001:586.028 JLINK_ReadMem(0x000006D8, 0x4 Bytes, ...)
TBC200640 001:586.039    -- Read from flash cache (4 bytes @ 0x000006D8)
TBC200640 001:586.045   Data:  08 B5 00 F0
TBC200640 001:586.050 - 0.023ms returns 0
TBB800640 001:648.682 JLINK_GetNumBPUnits(Type = 0xFFFFFF00)
TBB800640 001:648.706 - 0.025ms returns 0x08
TBB800640 001:648.711 JLINK_GetNumWPUnits()
TBB800640 001:648.716 - 0.005ms returns 4
TBB800640 001:648.721 JLINK_GetNumWPUnits()
TBB800640 001:648.726 - 0.004ms returns 4
TBB800640 001:648.966 JLINK_GetNumBPUnits(Type = 0xFFFFFF00)
TBB800640 001:648.975 - 0.010ms returns 0x08
TBB800640 001:648.980 JLINK_GetNumWPUnits()
TBB800640 001:648.985 - 0.004ms returns 4
TBB800640 001:648.990 JLINK_GetNumWPUnits()
TBB800640 001:648.994 - 0.005ms returns 4
TBB800640 001:649.221 JLINK_GetNumBPUnits(Type = 0xFFFFFF00)
TBB800640 001:649.232 - 0.011ms returns 0x08
TBB800640 001:649.238 JLINK_GetNumWPUnits()
TBB800640 001:649.243 - 0.005ms returns 4
TBB800640 001:649.247 JLINK_GetNumWPUnits()
TBB800640 001:649.252 - 0.004ms returns 4
TBB800640 001:649.514 JLINK_GetNumBPUnits(Type = 0xFFFFFF00)
TBB800640 001:649.525 - 0.012ms returns 0x08
TBB800640 001:649.531 JLINK_GetNumWPUnits()
TBB800640 001:649.536 - 0.004ms returns 4
TBB800640 001:649.541 JLINK_GetNumWPUnits()
TBB800640 001:649.584 - 0.043ms returns 4
TBB800640 001:650.041 JLINK_GetNumBPUnits(Type = 0xFFFFFF00)
TBB800640 001:650.052 - 0.011ms returns 0x08
TBB800640 001:650.056 JLINK_GetNumWPUnits()
TBB800640 001:650.060 - 0.005ms returns 4
TBB800640 001:650.066 JLINK_GetNumWPUnits()
TBB800640 001:650.071 - 0.005ms returns 4
TBB800640 001:650.630 JLINK_GetNumBPUnits(Type = 0xFFFFFF00)
TBB800640 001:650.653 - 0.024ms returns 0x08
TBB800640 001:650.659 JLINK_GetNumWPUnits()
TBB800640 001:650.664 - 0.004ms returns 4
TBB800640 001:650.668 JLINK_GetNumWPUnits()
TBB800640 001:650.673 - 0.005ms returns 4
TBB800640 001:650.915 JLINK_ReadReg(XPSR)
TBB800640 001:650.942 - 0.027ms returns 0xF9000000
TBB800640 001:650.949 JLINK_ReadReg(R15 (PC))
TBB800640 001:650.955 - 0.005ms returns 0x000006D8
TBB800640 001:651.081 JLINK_GetNumBPUnits(Type = 0xFFFFFF00)
TBB800640 001:651.091 - 0.010ms returns 0x08
TBB800640 001:651.096 JLINK_GetNumWPUnits()
TBB800640 001:651.100 - 0.005ms returns 4
TBB800640 001:651.105 JLINK_GetNumWPUnits()
TBB800640 001:651.110 - 0.005ms returns 4
TBB800640 001:651.424 JLINK_GetNumBPUnits(Type = 0xFFFFFF00)
TBB800640 001:651.435 - 0.011ms returns 0x08
TBB800640 001:651.440 JLINK_GetNumWPUnits()
TBB800640 001:651.446 - 0.005ms returns 4
TBB800640 001:651.451 JLINK_GetNumWPUnits()
TBB800640 001:651.456 - 0.005ms returns 4
TBC200640 001:753.200 JLINK_ReadMem(0x000006D8, 0x4 Bytes, ...)
TBC200640 001:753.222    -- Read from flash cache (4 bytes @ 0x000006D8)
TBC200640 001:753.227   Data:  08 B5 00 F0
TBC200640 001:753.233 - 0.034ms returns 0
TBC200640 001:797.491 JLINK_ReadReg(XPSR)
TBC200640 001:797.534 - 0.044ms returns 0xF9000000
TBC200640 001:797.929 JLINK_ReadReg(XPSR)
TBC200640 001:797.952 - 0.023ms returns 0xF9000000
TBC200640 002:767.276 JLINK_STRACE_Read(..., NumItems = 0x10000)
TBC200640 002:767.650 - 0.375ms NumItemsRead = 0x00
TBC200640 002:767.665 JLINK_IsHalted()
TBC200640 002:768.159 - 0.493ms returns TRUE
TBC200640 002:768.170 JLINK_STRACE_Read(..., NumItems = 0x10000)
TBC200640 002:768.175 - 0.005ms NumItemsRead = 0x00
TBC200640 002:768.180 JLINK_GoEx(MaxEmulInsts = 0, Flags = 0x01)
TBC200640 002:768.194   CPU_WriteMem(4 bytes @ 0xE0002000)
TBC200640 002:768.848   CPU_ReadMem(4 bytes @ 0xE0001000)
TBC200640 002:769.456   CPU_WriteMem(4 bytes @ 0xE0002008)
TBC200640 002:769.462   CPU_WriteMem(4 bytes @ 0xE000200C)
TBC200640 002:769.467   CPU_WriteMem(4 bytes @ 0xE0002010)
TBC200640 002:769.471   CPU_WriteMem(4 bytes @ 0xE0002014)
TBC200640 002:769.475   CPU_WriteMem(4 bytes @ 0xE0002018)
TBC200640 002:769.481   CPU_WriteMem(4 bytes @ 0xE000201C)
TBC200640 002:769.487   CPU_WriteMem(4 bytes @ 0xE0002020)
TBC200640 002:769.492   CPU_WriteMem(4 bytes @ 0xE0002024)
TBC200640 002:773.399   CPU_WriteMem(4 bytes @ 0xE0001004)
TBC200640 002:775.007   Memory map 'after startup completion point' is active
TBC200640 002:775.029 - 6.850ms
TBC200640 002:875.670 JLINK_IsHalted()
TBC200640 002:882.301 - 6.632ms returns TRUE
TBC200640 002:882.312 JLINK_ReadReg(XPSR)
TBC200640 002:882.319   CPU_ReadMem(4 bytes @ 0xE000EE08)
TBC200640 002:882.909 - 0.597ms returns 0x69000000
TBC200640 002:882.918 JLINK_ReadReg(R15 (PC))
TBC200640 002:882.923 - 0.006ms returns 0x00000238
TBC200640 002:882.928 JLINK_ReadReg(XPSR)
TBC200640 002:882.931 - 0.003ms returns 0x69000000
TBC200640 002:882.935 JLINK_ReadReg(XPSR)
TBC200640 002:882.938 - 0.003ms returns 0x69000000
TBC200640 002:882.941 JLINK_ReadReg(R15 (PC))
TBC200640 002:882.944 - 0.003ms returns 0x00000238
TBC200640 002:882.947 JLINK_ReadReg(XPSR)
TBC200640 002:882.951 - 0.003ms returns 0x69000000
TBC200640 002:882.953 JLINK_ReadReg(XPSR)
TBC200640 002:882.957 - 0.003ms returns 0x69000000
TBC200640 002:882.960 JLINK_ReadMem(0x00000238, 0x1 Bytes, ...)
TBC200640 002:882.965    -- Read from flash cache (1 bytes @ 0x00000238)
TBC200640 002:882.969   Data:  08
TBC200640 002:882.974 - 0.013ms returns 0
TBC200640 002:882.977 JLINK_IsHalted()
TBC200640 002:882.980 - 0.003ms returns TRUE
TBC200640 002:882.983 JLINK_ReadReg(XPSR)
TBC200640 002:882.994 - 0.011ms returns 0x69000000
TBC200640 002:882.997 JLINK_ReadReg(XPSR)
TBC200640 002:883.000 - 0.003ms returns 0x69000000
TBC200640 002:883.003 JLINK_ReadReg(R15 (PC))
TBC200640 002:883.006 - 0.003ms returns 0x00000238
TBC200640 002:883.009 JLINK_ReadReg(XPSR)
TBC200640 002:883.012 - 0.003ms returns 0x69000000
TBC200640 002:883.015 JLINK_ReadReg(XPSR)
TBC200640 002:883.018 - 0.003ms returns 0x69000000
TBC200640 002:883.021 JLINK_ReadMem(0x00000238, 0x1 Bytes, ...)
TBC200640 002:883.024    -- Read from flash cache (1 bytes @ 0x00000238)
TBC200640 002:883.028   Data:  08
TBC200640 002:883.032 - 0.011ms returns 0
TBC200640 002:883.328 JLINK_ReadRegs(NumRegs = 22, Indexes: 0, 1, 2, 3, 4, 5, 6, 7, 8, 9, 10, 11, 12, 13, 14, 15, 16, 17, 18, 86, 87, 20)
TBC200640 002:883.347    -- R0=0x00, R1=0x11F, R2=0x00, R3=0x60, R4=0x00, R5=0x00, R6=0x00, R7=0x00, R8=0x40080D00, R9=0x01, R10=0xB5C, R11=0xFFFE3FFE, R12=0x10, R13 (SP)=0x20000498, R14=0x6E3, R15 (PC)=0x238, XPSR=0x69000000, MSP=0x20000498, PSP=0x00, MSPLIM=0x200000A0, PSPLIM=0x00, CFBP=0x00
TBC200640 002:883.352 - 0.024ms returns 0x00
TBC200640 002:884.131 JLINK_ReadReg(XPSR)
TBC200640 002:884.142 - 0.011ms returns 0x69000000
TBC200640 002:884.368 JLINK_ReadMem(0x00000238, 0x4 Bytes, ...)
TBC200640 002:884.375    -- Read from flash cache (4 bytes @ 0x00000238)
TBC200640 002:884.380   Data:  08 B5 FF F7
TBC200640 002:884.384 - 0.016ms returns 0
TBC200640 002:884.902 JLINK_ClrBPEx(BPHandle = 0x00000002)
TBC200640 002:884.913 - 0.011ms returns 0x00
TBC200640 002:892.253 JLINK_ReadMem(0x00000238, 0x4 Bytes, ...)
TBC200640 002:892.280    -- Read from flash cache (4 bytes @ 0x00000238)
TBC200640 002:892.285   Data:  08 B5 FF F7
TBC200640 002:892.290 - 0.039ms returns 0
TBC200640 002:964.716 JLINK_ReadReg(XPSR)
TBC200640 002:964.746 - 0.031ms returns 0x69000000
TBC200640 002:965.169 JLINK_ReadReg(XPSR)
TBC200640 002:965.180 - 0.010ms returns 0x69000000
TBC200640 003:854.375 JLINK_STRACE_Read(..., NumItems = 0x10000)
TBC200640 003:854.407 - 0.035ms NumItemsRead = 0x00
TBC200640 003:854.416 JLINK_IsHalted()
TBC200640 003:854.918 - 0.501ms returns TRUE
TBC200640 003:854.933 JLINK_STRACE_Read(..., NumItems = 0x10000)
TBC200640 003:854.937 - 0.005ms NumItemsRead = 0x00
TBC200640 003:854.942 JLINK_GoEx(MaxEmulInsts = 0, Flags = 0x01)
TBC200640 003:854.966   CPU_ReadMem(4 bytes @ 0xE0001000)
TBC200640 003:855.505   CPU_WriteMem(4 bytes @ 0xE0002008)
TBC200640 003:857.331 - 2.387ms
TBB800640 003:885.570 JLINK_ReadReg(XPSR)
TBB800640 003:886.111   CPU is running
TBB800640 003:886.119   
  ***** Error: 
TBB800640 003:886.123   Cannot read register 16 (XPSR) while CPU is running
TBB800640 003:886.128 - 0.558ms returns 0x00000000
TBB800640 003:886.133 JLINK_ReadReg(R15 (PC))
TBB800640 003:886.601   CPU is running
TBB800640 003:886.612   
  ***** Error: 
TBB800640 003:886.616   Cannot read register 15 (R15) while CPU is running
TBB800640 003:886.621 - 0.488ms returns 0x00000000
TBC200640 003:957.696 JLINK_IsHalted()
TBC200640 003:958.384 - 0.688ms returns FALSE
TBC200640 003:958.392 JLINK_IsHalted()
TBC200640 003:959.176 - 0.783ms returns FALSE
TBC200640 004:059.654 JLINK_IsHalted()
TBC200640 004:060.505 - 0.851ms returns FALSE
TBC200640 004:060.512 JLINK_IsHalted()
TBC200640 004:061.163 - 0.650ms returns FALSE
TBC200640 004:161.567 JLINK_IsHalted()
TBC200640 004:162.335 - 0.768ms returns FALSE
TBC200640 004:162.345 JLINK_IsHalted()
TBC200640 004:163.148 - 0.803ms returns FALSE
TBC200640 004:263.566 JLINK_IsHalted()
TBC200640 004:264.395 - 0.829ms returns FALSE
TBC200640 004:264.401 JLINK_IsHalted()
TBC200640 004:265.182 - 0.780ms returns FALSE
TBC200640 004:365.566 JLINK_IsHalted()
TBC200640 004:366.396 - 0.830ms returns FALSE
TBC200640 004:366.402 JLINK_IsHalted()
TBC200640 004:367.188 - 0.785ms returns FALSE
TBC200640 004:467.702 JLINK_IsHalted()
TBC200640 004:468.580 - 0.879ms returns FALSE
TBC200640 004:468.590 JLINK_IsHalted()
TBC200640 004:469.386 - 0.795ms returns FALSE
TBC200640 004:569.674 JLINK_IsHalted()
TBC200640 004:570.501 - 0.827ms returns FALSE
TBC200640 004:570.508 JLINK_IsHalted()
TBC200640 004:571.021 - 0.513ms returns FALSE
TBC200640 004:671.654 JLINK_IsHalted()
TBC200640 004:672.320 - 0.666ms returns FALSE
TBC200640 004:672.329 JLINK_IsHalted()
TBC200640 004:672.838 - 0.509ms returns FALSE
TBC200640 004:773.695 JLINK_IsHalted()
TBC200640 004:774.244 - 0.549ms returns FALSE
TBC200640 004:774.252 JLINK_IsHalted()
TBC200640 004:774.817 - 0.566ms returns FALSE
TBC200640 004:875.668 JLINK_IsHalted()
TBC200640 004:876.466 - 0.798ms returns FALSE
TBC200640 004:876.473 JLINK_IsHalted()
TBC200640 004:877.245 - 0.773ms returns FALSE
TBB800640 004:887.123 JLINK_IsHalted()
TBB800640 004:887.641 - 0.517ms returns FALSE
TBB800640 004:887.651 JLINK_IsHalted()
TBB800640 004:888.317 - 0.665ms returns FALSE
TBC200640 004:977.567 JLINK_IsHalted()
TBC200640 004:978.168 - 0.601ms returns FALSE
TBC200640 004:978.175 JLINK_IsHalted()
TBC200640 004:978.820 - 0.645ms returns FALSE
TBC200640 005:079.648 JLINK_IsHalted()
TBC200640 005:080.316 - 0.669ms returns FALSE
TBC200640 005:080.323 JLINK_IsHalted()
TBC200640 005:081.118 - 0.795ms returns FALSE
TBC200640 005:181.659 JLINK_IsHalted()
TBC200640 005:182.496 - 0.837ms returns FALSE
TBC200640 005:182.503 JLINK_IsHalted()
TBC200640 005:183.389 - 0.886ms returns FALSE
TBC200640 005:283.651 JLINK_IsHalted()
TBC200640 005:284.466 - 0.815ms returns FALSE
TBC200640 005:284.473 JLINK_IsHalted()
TBC200640 005:285.374 - 0.899ms returns FALSE
TBC200640 005:385.703 JLINK_IsHalted()
TBC200640 005:386.564 - 0.861ms returns FALSE
TBC200640 005:386.574 JLINK_IsHalted()
TBC200640 005:387.300 - 0.727ms returns FALSE
TBC200640 005:487.717 JLINK_IsHalted()
TBC200640 005:488.337 - 0.621ms returns FALSE
TBC200640 005:488.346 JLINK_IsHalted()
TBC200640 005:488.885 - 0.538ms returns FALSE
TBC200640 005:589.668 JLINK_IsHalted()
TBC200640 005:590.468 - 0.801ms returns FALSE
TBC200640 005:590.476 JLINK_IsHalted()
TBC200640 005:591.221 - 0.744ms returns FALSE
TBC200640 005:691.707 JLINK_IsHalted()
TBC200640 005:692.581 - 0.874ms returns FALSE
TBC200640 005:692.619 JLINK_IsHalted()
TBC200640 005:693.393 - 0.773ms returns FALSE
TBC200640 005:793.704 JLINK_IsHalted()
TBC200640 005:794.462 - 0.759ms returns FALSE
TBC200640 005:794.469 JLINK_IsHalted()
TBC200640 005:795.265 - 0.795ms returns FALSE
TBB800640 005:888.630 JLINK_IsHalted()
TBB800640 005:889.304 - 0.673ms returns FALSE
TBB800640 005:889.311 JLINK_IsHalted()
TBB800640 005:889.845 - 0.533ms returns FALSE
TBC200640 005:895.650 JLINK_IsHalted()
TBC200640 005:896.359 - 0.709ms returns FALSE
TBC200640 005:896.366 JLINK_IsHalted()
TBC200640 005:897.166 - 0.799ms returns FALSE
TBC200640 005:997.680 JLINK_IsHalted()
TBC200640 005:998.209 - 0.530ms returns FALSE
TBC200640 005:998.216 JLINK_IsHalted()
TBC200640 005:998.803 - 0.587ms returns FALSE
TBC200640 006:099.701 JLINK_IsHalted()
TBC200640 006:100.563 - 0.862ms returns FALSE
TBC200640 006:100.572 JLINK_IsHalted()
TBC200640 006:101.348 - 0.775ms returns FALSE
TBC200640 006:201.648 JLINK_IsHalted()
TBC200640 006:202.285 - 0.636ms returns FALSE
TBC200640 006:202.292 JLINK_IsHalted()
TBC200640 006:202.767 - 0.475ms returns FALSE
TBC200640 006:303.636 JLINK_IsHalted()
TBC200640 006:304.177 - 0.541ms returns FALSE
TBC200640 006:304.185 JLINK_IsHalted()
TBC200640 006:304.757 - 0.572ms returns FALSE
TBC200640 006:405.700 JLINK_IsHalted()
TBC200640 006:406.297 - 0.596ms returns FALSE
TBC200640 006:406.304 JLINK_IsHalted()
TBC200640 006:407.029 - 0.724ms returns FALSE
TBC200640 006:507.711 JLINK_IsHalted()
TBC200640 006:508.533 - 0.822ms returns FALSE
TBC200640 006:508.540 JLINK_IsHalted()
TBC200640 006:509.352 - 0.812ms returns FALSE
TBC200640 006:609.642 JLINK_IsHalted()
TBC200640 006:610.530 - 0.889ms returns FALSE
TBC200640 006:610.538 JLINK_IsHalted()
TBC200640 006:611.268 - 0.731ms returns FALSE
TBC200640 006:711.639 JLINK_IsHalted()
TBC200640 006:712.228 - 0.590ms returns FALSE
TBC200640 006:712.234 JLINK_IsHalted()
TBC200640 006:712.945 - 0.711ms returns FALSE
TBC200640 006:813.563 JLINK_IsHalted()
TBC200640 006:814.448 - 0.883ms returns FALSE
TBC200640 006:814.464 JLINK_IsHalted()
TBC200640 006:815.392 - 0.926ms returns FALSE
TBB800640 006:890.197 JLINK_IsHalted()
TBB800640 006:890.739 - 0.542ms returns FALSE
TBB800640 006:890.748 JLINK_IsHalted()
TBB800640 006:891.280 - 0.532ms returns FALSE
TBC200640 006:915.702 JLINK_IsHalted()
TBC200640 006:916.517 - 0.814ms returns FALSE
TBC200640 006:916.523 JLINK_IsHalted()
TBC200640 006:917.367 - 0.842ms returns FALSE
TBC200640 007:017.675 JLINK_IsHalted()
TBC200640 007:018.512 - 0.837ms returns FALSE
TBC200640 007:018.518 JLINK_IsHalted()
TBC200640 007:019.396 - 0.876ms returns FALSE
TBC200640 007:119.660 JLINK_IsHalted()
TBC200640 007:120.513 - 0.852ms returns FALSE
TBC200640 007:120.522 JLINK_IsHalted()
TBC200640 007:121.068 - 0.546ms returns FALSE
TBC200640 007:221.656 JLINK_IsHalted()
TBC200640 007:222.200 - 0.545ms returns FALSE
TBC200640 007:222.212 JLINK_IsHalted()
TBC200640 007:222.753 - 0.541ms returns FALSE
TBC200640 007:323.606 JLINK_IsHalted()
TBC200640 007:324.442 - 0.836ms returns FALSE
TBC200640 007:324.452 JLINK_IsHalted()
TBC200640 007:325.203 - 0.750ms returns FALSE
TBC200640 007:425.653 JLINK_IsHalted()
TBC200640 007:426.378 - 0.725ms returns FALSE
TBC200640 007:426.388 JLINK_IsHalted()
TBC200640 007:426.969 - 0.580ms returns FALSE
TBC200640 007:527.642 JLINK_IsHalted()
TBC200640 007:528.430 - 0.788ms returns FALSE
TBC200640 007:528.440 JLINK_IsHalted()
TBC200640 007:529.318 - 0.876ms returns FALSE
TBC200640 007:629.651 JLINK_IsHalted()
TBC200640 007:630.619 - 0.967ms returns FALSE
TBC200640 007:630.644 JLINK_IsHalted()
TBC200640 007:631.601 - 0.955ms returns FALSE
TBC200640 007:732.678 JLINK_IsHalted()
TBC200640 007:733.506 - 0.828ms returns FALSE
TBC200640 007:733.516 JLINK_IsHalted()
TBC200640 007:734.383 - 0.866ms returns FALSE
TBC200640 007:834.568 JLINK_IsHalted()
TBC200640 007:835.375 - 0.808ms returns FALSE
TBC200640 007:835.385 JLINK_IsHalted()
TBC200640 007:836.272 - 0.885ms returns FALSE
TBB800640 007:891.708 JLINK_IsHalted()
TBB800640 007:892.272 - 0.563ms returns FALSE
TBB800640 007:892.282 JLINK_IsHalted()
TBB800640 007:892.818 - 0.536ms returns FALSE
TBC200640 007:936.626 JLINK_IsHalted()
TBC200640 007:937.421 - 0.795ms returns FALSE
TBC200640 007:937.431 JLINK_IsHalted()
TBC200640 007:937.977 - 0.546ms returns FALSE
TBC200640 008:038.667 JLINK_IsHalted()
TBC200640 008:039.279 - 0.612ms returns FALSE
TBC200640 008:039.290 JLINK_IsHalted()
TBC200640 008:039.988 - 0.698ms returns FALSE
TBC200640 008:140.711 JLINK_IsHalted()
TBC200640 008:141.556 - 0.846ms returns FALSE
TBC200640 008:141.594 JLINK_IsHalted()
TBC200640 008:142.509 - 0.914ms returns FALSE
TBC200640 008:242.694 JLINK_IsHalted()
TBC200640 008:243.513 - 0.818ms returns FALSE
TBC200640 008:243.523 JLINK_IsHalted()
TBC200640 008:244.124 - 0.600ms returns FALSE
TBC200640 008:344.564 JLINK_IsHalted()
TBC200640 008:345.332 - 0.769ms returns FALSE
TBC200640 008:345.342 JLINK_IsHalted()
TBC200640 008:346.116 - 0.773ms returns FALSE
TBC200640 008:446.621 JLINK_IsHalted()
TBC200640 008:447.227 - 0.607ms returns FALSE
TBC200640 008:447.237 JLINK_IsHalted()
TBC200640 008:447.782 - 0.545ms returns FALSE
TBC200640 008:548.650 JLINK_IsHalted()
TBC200640 008:549.461 - 0.810ms returns FALSE
TBC200640 008:549.471 JLINK_IsHalted()
TBC200640 008:550.345 - 0.874ms returns FALSE
TBC200640 008:650.701 JLINK_IsHalted()
TBC200640 008:651.497 - 0.796ms returns FALSE
TBC200640 008:651.507 JLINK_IsHalted()
TBC200640 008:652.351 - 0.842ms returns FALSE
TBC200640 008:752.688 JLINK_IsHalted()
TBC200640 008:753.496 - 0.809ms returns FALSE
TBC200640 008:753.509 JLINK_IsHalted()
TBC200640 008:754.222 - 0.712ms returns FALSE
TBC200640 008:854.654 JLINK_IsHalted()
TBC200640 008:855.234 - 0.580ms returns FALSE
TBC200640 008:855.247 JLINK_IsHalted()
TBC200640 008:855.796 - 0.548ms returns FALSE
TBB800640 008:893.196 JLINK_IsHalted()
TBB800640 008:893.769 - 0.572ms returns FALSE
TBB800640 008:893.778 JLINK_IsHalted()
TBB800640 008:894.305 - 0.526ms returns FALSE
TBC200640 008:956.635 JLINK_IsHalted()
TBC200640 008:957.501 - 0.866ms returns FALSE
TBC200640 008:957.509 JLINK_IsHalted()
TBC200640 008:958.339 - 0.831ms returns FALSE
TBC200640 009:058.643 JLINK_IsHalted()
TBC200640 009:059.503 - 0.860ms returns FALSE
TBC200640 009:059.510 JLINK_IsHalted()
TBC200640 009:060.221 - 0.711ms returns FALSE
TBC200640 009:160.644 JLINK_IsHalted()
TBC200640 009:161.496 - 0.851ms returns FALSE
TBC200640 009:161.504 JLINK_IsHalted()
TBC200640 009:162.229 - 0.724ms returns FALSE
TBC200640 009:262.659 JLINK_IsHalted()
TBC200640 009:263.488 - 0.829ms returns FALSE
TBC200640 009:263.495 JLINK_IsHalted()
TBC200640 009:264.084 - 0.588ms returns FALSE
TBC200640 009:364.566 JLINK_IsHalted()
TBC200640 009:365.339 - 0.774ms returns FALSE
TBC200640 009:365.346 JLINK_IsHalted()
TBC200640 009:365.887 - 0.541ms returns FALSE
TBC200640 009:466.636 JLINK_IsHalted()
TBC200640 009:467.490 - 0.854ms returns FALSE
TBC200640 009:467.497 JLINK_IsHalted()
TBC200640 009:468.159 - 0.661ms returns FALSE
TBC200640 009:568.686 JLINK_IsHalted()
TBC200640 009:569.262 - 0.576ms returns FALSE
TBC200640 009:569.271 JLINK_IsHalted()
TBC200640 009:569.994 - 0.723ms returns FALSE
TBC200640 009:670.685 JLINK_IsHalted()
TBC200640 009:671.258 - 0.573ms returns FALSE
TBC200640 009:671.267 JLINK_IsHalted()
TBC200640 009:671.786 - 0.518ms returns FALSE
TBC200640 009:772.710 JLINK_IsHalted()
TBC200640 009:773.284 - 0.574ms returns FALSE
TBC200640 009:773.292 JLINK_IsHalted()
TBC200640 009:773.942 - 0.649ms returns FALSE
TBC200640 009:874.688 JLINK_IsHalted()
TBC200640 009:875.439 - 0.751ms returns FALSE
TBC200640 009:875.447 JLINK_IsHalted()
TBC200640 009:875.946 - 0.500ms returns FALSE
TBB800640 009:894.682 JLINK_IsHalted()
TBB800640 009:895.247 - 0.565ms returns FALSE
TBB800640 009:895.253 JLINK_IsHalted()
TBB800640 009:895.790 - 0.537ms returns FALSE
TBC200640 009:976.616 JLINK_IsHalted()
TBC200640 009:977.134 - 0.517ms returns FALSE
TBC200640 009:977.140 JLINK_IsHalted()
TBC200640 009:977.683 - 0.542ms returns FALSE
TBC200640 010:078.636 JLINK_IsHalted()
TBC200640 010:079.521 - 0.886ms returns FALSE
TBC200640 010:079.528 JLINK_IsHalted()
TBC200640 010:080.310 - 0.781ms returns FALSE
TBC200640 010:180.666 JLINK_IsHalted()
TBC200640 010:181.272 - 0.606ms returns FALSE
TBC200640 010:181.278 JLINK_IsHalted()
TBC200640 010:182.030 - 0.752ms returns FALSE
TBC200640 010:282.671 JLINK_IsHalted()
TBC200640 010:283.494 - 0.824ms returns FALSE
TBC200640 010:283.501 JLINK_IsHalted()
TBC200640 010:284.308 - 0.806ms returns FALSE
TBC200640 010:384.682 JLINK_IsHalted()
TBC200640 010:385.505 - 0.824ms returns FALSE
TBC200640 010:385.512 JLINK_IsHalted()
TBC200640 010:386.382 - 0.868ms returns FALSE
TBC200640 010:486.652 JLINK_IsHalted()
TBC200640 010:487.505 - 0.854ms returns FALSE
TBC200640 010:487.514 JLINK_IsHalted()
TBC200640 010:488.061 - 0.546ms returns FALSE
TBC200640 010:588.707 JLINK_IsHalted()
TBC200640 010:589.291 - 0.584ms returns FALSE
TBC200640 010:589.298 JLINK_IsHalted()
TBC200640 010:589.855 - 0.556ms returns FALSE
TBC200640 010:690.639 JLINK_IsHalted()
TBC200640 010:691.516 - 0.877ms returns FALSE
TBC200640 010:691.523 JLINK_IsHalted()
TBC200640 010:692.284 - 0.760ms returns FALSE
TBC200640 010:792.709 JLINK_IsHalted()
TBC200640 010:793.475 - 0.766ms returns FALSE
TBC200640 010:793.482 JLINK_IsHalted()
TBC200640 010:794.303 - 0.820ms returns FALSE
TBC200640 010:894.696 JLINK_IsHalted()
TBC200640 010:895.431 - 0.736ms returns FALSE
TBC200640 010:895.438 JLINK_IsHalted()
TBC200640 010:895.918 - 0.480ms returns FALSE
TBB800640 010:896.014 JLINK_IsHalted()
TBB800640 010:896.500 - 0.486ms returns FALSE
TBB800640 010:896.506 JLINK_IsHalted()
TBB800640 010:897.084 - 0.577ms returns FALSE
TBC200640 010:996.703 JLINK_IsHalted()
TBC200640 010:997.418 - 0.716ms returns FALSE
TBC200640 010:997.426 JLINK_IsHalted()
TBC200640 010:998.094 - 0.668ms returns FALSE
TBC200640 011:098.563 JLINK_IsHalted()
TBC200640 011:099.222 - 0.659ms returns FALSE
TBC200640 011:099.229 JLINK_IsHalted()
TBC200640 011:099.976 - 0.746ms returns FALSE
TBC200640 011:200.631 JLINK_IsHalted()
TBC200640 011:201.504 - 0.874ms returns FALSE
TBC200640 011:201.511 JLINK_IsHalted()
TBC200640 011:202.080 - 0.569ms returns FALSE
TBC200640 011:302.654 JLINK_IsHalted()
TBC200640 011:303.494 - 0.840ms returns FALSE
TBC200640 011:303.503 JLINK_IsHalted()
TBC200640 011:304.225 - 0.722ms returns FALSE
TBC200640 011:404.671 JLINK_IsHalted()
TBC200640 011:405.300 - 0.629ms returns FALSE
TBC200640 011:405.312 JLINK_IsHalted()
TBC200640 011:405.914 - 0.601ms returns FALSE
TBC200640 011:506.699 JLINK_IsHalted()
TBC200640 011:507.539 - 0.839ms returns FALSE
TBC200640 011:507.554 JLINK_IsHalted()
TBC200640 011:508.275 - 0.720ms returns FALSE
TBC200640 011:608.693 JLINK_IsHalted()
TBC200640 011:609.525 - 0.831ms returns FALSE
TBC200640 011:609.531 JLINK_IsHalted()
TBC200640 011:610.331 - 0.800ms returns FALSE
TBC200640 011:710.666 JLINK_IsHalted()
TBC200640 011:711.490 - 0.824ms returns FALSE
TBC200640 011:711.497 JLINK_IsHalted()
TBC200640 011:712.274 - 0.776ms returns FALSE
TBC200640 011:812.680 JLINK_IsHalted()
TBC200640 011:813.496 - 0.816ms returns FALSE
TBC200640 011:813.503 JLINK_IsHalted()
TBC200640 011:814.275 - 0.772ms returns FALSE
TBB800640 011:897.380 JLINK_IsHalted()
TBB800640 011:897.909 - 0.529ms returns FALSE
TBB800640 011:897.918 JLINK_IsHalted()
TBB800640 011:898.425 - 0.507ms returns FALSE
TBC200640 011:914.630 JLINK_IsHalted()
TBC200640 011:915.289 - 0.659ms returns FALSE
TBC200640 011:915.295 JLINK_IsHalted()
TBC200640 011:915.876 - 0.580ms returns FALSE
TBC200640 012:016.649 JLINK_IsHalted()
TBC200640 012:017.490 - 0.843ms returns FALSE
TBC200640 012:017.497 JLINK_IsHalted()
TBC200640 012:018.382 - 0.884ms returns FALSE
TBC200640 012:118.645 JLINK_IsHalted()
TBC200640 012:119.487 - 0.842ms returns FALSE
TBC200640 012:119.493 JLINK_IsHalted()
TBC200640 012:120.243 - 0.750ms returns FALSE
TBC200640 012:220.613 JLINK_IsHalted()
TBC200640 012:221.255 - 0.641ms returns FALSE
TBC200640 012:221.262 JLINK_IsHalted()
TBC200640 012:221.801 - 0.538ms returns FALSE
TBC200640 012:322.710 JLINK_IsHalted()
TBC200640 012:323.323 - 0.613ms returns FALSE
TBC200640 012:323.332 JLINK_IsHalted()
TBC200640 012:323.952 - 0.619ms returns FALSE
TBC200640 012:424.641 JLINK_IsHalted()
TBC200640 012:425.492 - 0.852ms returns FALSE
TBC200640 012:425.500 JLINK_IsHalted()
TBC200640 012:426.280 - 0.780ms returns FALSE
TBC200640 012:526.701 JLINK_IsHalted()
TBC200640 012:527.460 - 0.757ms returns FALSE
TBC200640 012:527.473 JLINK_IsHalted()
TBC200640 012:528.192 - 0.719ms returns FALSE
TBC200640 012:628.674 JLINK_IsHalted()
TBC200640 012:629.508 - 0.834ms returns FALSE
TBC200640 012:629.515 JLINK_IsHalted()
TBC200640 012:630.128 - 0.612ms returns FALSE
TBC200640 012:730.681 JLINK_IsHalted()
TBC200640 012:731.478 - 0.797ms returns FALSE
TBC200640 012:731.485 JLINK_IsHalted()
TBC200640 012:732.184 - 0.699ms returns FALSE
TBC200640 012:832.936 JLINK_IsHalted()
TBC200640 012:833.727 - 0.791ms returns FALSE
TBC200640 012:833.737 JLINK_IsHalted()
TBC200640 012:834.523 - 0.787ms returns FALSE
TBB800640 012:899.015 JLINK_IsHalted()
TBB800640 012:899.610 - 0.595ms returns FALSE
TBB800640 012:899.619 JLINK_IsHalted()
TBB800640 012:900.244 - 0.625ms returns FALSE
TBC200640 012:934.700 JLINK_IsHalted()
TBC200640 012:935.502 - 0.802ms returns FALSE
TBC200640 012:935.509 JLINK_IsHalted()
TBC200640 012:936.419 - 0.909ms returns FALSE
TBC200640 013:036.649 JLINK_IsHalted()
TBC200640 013:037.471 - 0.822ms returns FALSE
TBC200640 013:037.478 JLINK_IsHalted()
TBC200640 013:038.021 - 0.543ms returns FALSE
TBC200640 013:138.613 JLINK_IsHalted()
TBC200640 013:139.210 - 0.597ms returns FALSE
TBC200640 013:139.219 JLINK_IsHalted()
TBC200640 013:139.927 - 0.707ms returns FALSE
TBC200640 013:240.656 JLINK_IsHalted()
TBC200640 013:241.341 - 0.686ms returns FALSE
TBC200640 013:241.348 JLINK_IsHalted()
TBC200640 013:242.122 - 0.774ms returns FALSE
TBC200640 013:342.642 JLINK_IsHalted()
TBC200640 013:343.478 - 0.836ms returns FALSE
TBC200640 013:343.485 JLINK_IsHalted()
TBC200640 013:344.250 - 0.765ms returns FALSE
TBC200640 013:444.566 JLINK_IsHalted()
TBC200640 013:445.293 - 0.727ms returns FALSE
TBC200640 013:445.299 JLINK_IsHalted()
TBC200640 013:446.082 - 0.782ms returns FALSE
TBC200640 013:546.673 JLINK_IsHalted()
TBC200640 013:547.487 - 0.814ms returns FALSE
TBC200640 013:547.493 JLINK_IsHalted()
TBC200640 013:548.215 - 0.722ms returns FALSE
TBC200640 013:648.695 JLINK_IsHalted()
TBC200640 013:649.643 - 0.948ms returns FALSE
TBC200640 013:649.652 JLINK_IsHalted()
TBC200640 013:650.470 - 0.817ms returns FALSE
TBC200640 013:750.700 JLINK_IsHalted()
TBC200640 013:751.315 - 0.614ms returns FALSE
TBC200640 013:751.322 JLINK_IsHalted()
TBC200640 013:752.141 - 0.819ms returns FALSE
TBC200640 013:852.562 JLINK_IsHalted()
TBC200640 013:853.095 - 0.532ms returns FALSE
TBC200640 013:853.101 JLINK_IsHalted()
TBC200640 013:853.878 - 0.776ms returns FALSE
TBB800640 013:900.524 JLINK_IsHalted()
TBB800640 013:901.064 - 0.540ms returns FALSE
TBB800640 013:901.073 JLINK_IsHalted()
TBB800640 013:901.632 - 0.559ms returns FALSE
TBC200640 013:954.689 JLINK_IsHalted()
TBC200640 013:955.225 - 0.535ms returns FALSE
TBC200640 013:955.237 JLINK_IsHalted()
TBC200640 013:955.794 - 0.556ms returns FALSE
TBC200640 014:056.621 JLINK_IsHalted()
TBC200640 014:057.240 - 0.619ms returns FALSE
TBC200640 014:057.260 JLINK_IsHalted()
TBC200640 014:057.771 - 0.511ms returns FALSE
TBC200640 014:158.599 JLINK_IsHalted()
TBC200640 014:159.224 - 0.625ms returns FALSE
TBC200640 014:159.232 JLINK_IsHalted()
TBC200640 014:159.967 - 0.735ms returns FALSE
TBC200640 014:260.601 JLINK_IsHalted()
TBC200640 014:261.195 - 0.593ms returns FALSE
TBC200640 014:261.202 JLINK_IsHalted()
TBC200640 014:261.717 - 0.514ms returns FALSE
TBC200640 014:362.627 JLINK_IsHalted()
TBC200640 014:363.446 - 0.819ms returns FALSE
TBC200640 014:363.453 JLINK_IsHalted()
TBC200640 014:364.201 - 0.748ms returns FALSE
TBC200640 014:464.703 JLINK_IsHalted()
TBC200640 014:465.478 - 0.775ms returns FALSE
TBC200640 014:465.485 JLINK_IsHalted()
TBC200640 014:466.372 - 0.886ms returns FALSE
TBC200640 014:566.625 JLINK_IsHalted()
TBC200640 014:567.425 - 0.799ms returns FALSE
TBC200640 014:567.431 JLINK_IsHalted()
TBC200640 014:568.003 - 0.571ms returns FALSE
TBC200640 014:668.570 JLINK_IsHalted()
TBC200640 014:669.459 - 0.889ms returns FALSE
TBC200640 014:669.466 JLINK_IsHalted()
TBC200640 014:670.350 - 0.884ms returns FALSE
TBC200640 014:753.467 JLINK_IsHalted()
TBC200640 014:753.982 - 0.512ms returns FALSE
TBC200640 014:754.009 JLINK_IsHalted()
TBC200640 014:754.637 - 0.627ms returns FALSE
TBC200640 014:754.668 JLINK_IsHalted()
TBC200640 014:755.180 - 0.513ms returns FALSE
TBC200640 014:755.208 JLINK_IsHalted()
TBC200640 014:755.703 - 0.495ms returns FALSE
TBC200640 014:755.718 JLINK_Halt()
TBC200640 014:761.882 - 6.162ms returns 0x00
TBC200640 014:761.919 JLINK_IsHalted()
TBC200640 014:761.922 - 0.004ms returns TRUE
TBC200640 014:761.927 JLINK_ReadReg(XPSR)
TBC200640 014:761.935   CPU_ReadMem(4 bytes @ 0xE000EE08)
TBC200640 014:762.753 - 0.826ms returns 0x29000000
TBC200640 014:762.763 JLINK_ReadReg(R15 (PC))
TBC200640 014:762.768 - 0.005ms returns 0x000004DC
TBC200640 014:762.773 JLINK_ReadReg(XPSR)
TBC200640 014:762.777 - 0.003ms returns 0x29000000
TBC200640 014:762.780 JLINK_ReadReg(XPSR)
TBC200640 014:762.783 - 0.003ms returns 0x29000000
TBC200640 014:762.786 JLINK_ReadReg(R15 (PC))
TBC200640 014:762.789 - 0.003ms returns 0x000004DC
TBC200640 014:762.792 JLINK_ReadReg(XPSR)
TBC200640 014:762.796 - 0.003ms returns 0x29000000
TBC200640 014:762.799 JLINK_ReadReg(XPSR)
TBC200640 014:762.802 - 0.003ms returns 0x29000000
TBC200640 014:762.806 JLINK_ReadMem(0x000004DC, 0x1 Bytes, ...)
TBC200640 014:762.811    -- Read from flash cache (1 bytes @ 0x000004DC)
TBC200640 014:762.830   Data:  A0
TBC200640 014:762.835 - 0.029ms returns 0
TBC200640 014:762.838 JLINK_IsHalted()
TBC200640 014:762.841 - 0.003ms returns TRUE
TBC200640 014:762.844 JLINK_ReadReg(XPSR)
TBC200640 014:762.848 - 0.004ms returns 0x29000000
TBC200640 014:762.851 JLINK_ReadReg(XPSR)
TBC200640 014:762.854 - 0.003ms returns 0x29000000
TBC200640 014:762.857 JLINK_ReadReg(R15 (PC))
TBC200640 014:762.860 - 0.003ms returns 0x000004DC
TBC200640 014:762.863 JLINK_ReadReg(XPSR)
TBC200640 014:762.867 - 0.003ms returns 0x29000000
TBC200640 014:762.869 JLINK_ReadReg(XPSR)
TBC200640 014:762.873 - 0.003ms returns 0x29000000
TBC200640 014:762.876 JLINK_ReadMem(0x000004DC, 0x1 Bytes, ...)
TBC200640 014:762.879    -- Read from flash cache (1 bytes @ 0x000004DC)
TBC200640 014:762.882   Data:  A0
TBC200640 014:762.886 - 0.011ms returns 0
TBC200640 014:763.348 JLINK_ReadRegs(NumRegs = 22, Indexes: 0, 1, 2, 3, 4, 5, 6, 7, 8, 9, 10, 11, 12, 13, 14, 15, 16, 17, 18, 86, 87, 20)
TBC200640 014:763.384    -- R0=0x3DEC04, R1=0x7A120, R2=0x05, R3=0x3E8, R4=0x6A, R5=0x2000008C, R6=0x00, R7=0x40080800, R8=0x40080D00, R9=0x01, R10=0xBC0, R11=0xFFFE3FFE, R12=0xC04, R13 (SP)=0x20000460, R14=0x1C1, R15 (PC)=0x4DC, XPSR=0x29000000, MSP=0x20000460, PSP=0x00, MSPLIM=0x200000A0, PSPLIM=0x00, CFBP=0x00
TBC200640 014:763.390 - 0.042ms returns 0x00
TBC200640 014:763.740 JLINK_ReadReg(XPSR)
TBC200640 014:763.751 - 0.010ms returns 0x29000000
TBC200640 014:764.204 JLINK_ReadMem(0x000004DC, 0x4 Bytes, ...)
TBC200640 014:764.232    -- Read from flash cache (4 bytes @ 0x000004DC)
TBC200640 014:764.237   Data:  A0 F1 01 00
TBC200640 014:764.242 - 0.039ms returns 0
TBC200640 014:765.433 JLINK_ReadMem(0x000001C0, 0x4 Bytes, ...)
TBC200640 014:765.444    -- Read from flash cache (4 bytes @ 0x000001C0)
TBC200640 014:765.448   Data:  57 F8 24 10
TBC200640 014:765.453 - 0.020ms returns 0
TBC200640 014:765.551 JLINK_ReadMem(0x20000480, 0x40 Bytes, ...)
TBC200640 014:765.564   CPU_ReadMem(64 bytes @ 0x20000480)
TBC200640 014:766.946   Data:  01 00 00 00 5C 0B 00 00 FE 3F FE FF 3F 02 00 00 ...
TBC200640 014:766.956 - 1.404ms returns 0
TBC200640 014:769.990 JLINK_ReadReg(XPSR)
TBC200640 014:770.014 - 0.025ms returns 0x29000000
TBC200640 014:785.370 JLINK_ReadReg(XPSR)
TBC200640 014:785.402 - 0.033ms returns 0x29000000
TCB565780 015:269.134 JLINK_Halt()
TCB565780 015:269.701 - 0.568ms returns 0x00
TCB565780 015:269.717 JLINK_ReadReg(XPSR)
TCB565780 015:269.729 - 0.013ms returns 0x29000000
TCB565780 015:274.326 JLINK_Close()
TCB565780 015:282.884 - 8.558ms
TCB565780 015:282.903   
TCB565780 015:282.907   Closed
