T344A4780 000:009.765   SEGGER J-Link V7.96j Log File
T344A4780 000:009.890   DLL Compiled: May 29 2024 15:42:37
T344A4780 000:009.893   Logging started @ 2024-10-06 08:21
T344A4780 000:009.896   Process: /home/xenwithu/.eclipse/com.renesas.platform_1508544911/DebugComp/RA/e2-server-gdb
T344A4780 000:009.899 - 9.899ms
T344A4780 000:009.903 JLINK_GetDLLVersion()
T344A4780 000:009.906 - 0.002ms returns 79610
T344A4780 000:010.901 JLINK_OpenEx(...)
T344A4780 000:018.301   Firmware: J-Link OB-S124 compiled Apr 23 2024 10:48:24
T344A4780 000:019.506   Firmware: J-Link OB-S124 compiled Apr 23 2024 10:48:24
T344A4780 000:048.150   Hardware: V1.00
T344A4780 000:048.170   S/N: 831155721
T344A4780 000:048.174   OEM: SEGGER
T344A4780 000:048.178   Feature(s): None
T344A4780 000:049.356   Bootloader: 2019 Oct 15
T344A4780 000:050.359   USB speed mode: Full speed (12 MBit/s)
T344A4780 000:051.023   TELNET listener socket opened on port 19021
T344A4780 000:051.099   WEBSRV WEBSRV_Init(): Starting webserver thread(s)
T344A4780 000:051.155   WEBSRV Webserver running on local port 19080
T344A4780 000:051.170   Looking for J-Link GUI Server exe at: ARM/Segger_v7.96.10/JLinkGUIServerExe
T344A4780 000:051.448   Looking for J-Link GUI Server exe at: /opt/SEGGER/JLink/JLinkGUIServerExe
T344A4780 000:051.687   Forking J-Link GUI Server: /opt/SEGGER/JLink/JLinkGUIServerExe
T344A4780 000:117.325   J-Link GUI Server info: "J-Link GUI server V7.88d "
T344A4780 000:117.441   J-Link GUI Server: Connection breakdown.
T344A4780 000:117.489 - 106.581ms returns "O.K."
T344A4780 000:117.921 JLINK_ExecCommand("ProjectFile="/home/xenwithu/e2_studio/workspace/Day4_Nhiptim/Day4_Nhiptim Debug_Flat.jlink"", ...). 
T344A4780 000:153.435 - 35.513ms returns 0x00
T344A4780 000:154.522 JLINK_ExecCommand("device=R7FA6M5BH", ...). 
T344A4780 000:158.713   Flash bank @ 0x0100A100: SFL: Parsing sectorization info from ELF file
T344A4780 000:158.729     FlashDevice.SectorInfo[0]: .SectorSize = 0x00000010, .SectorStartAddr = 0x00000000
T344A4780 000:158.734   FlashBank @0x0100A100: Sectorization info from SFL ELF file ignored because sectorization override from DLL / XML file is active.
T344A4780 000:160.975   Flash bank @ 0x60000000: SFL: Parsing sectorization info from ELF file
T344A4780 000:160.985     FlashDevice.SectorInfo[0]: .SectorSize = 0x00010000, .SectorStartAddr = 0x00000000
T344A4780 000:170.207   Device "R7FA6M5BH" selected.
T344A4780 000:170.330 - 15.798ms returns 0x00
T344A4780 000:170.338 JLINK_TIF_GetAvailable(...)
T344A4780 000:170.652 - 0.314ms
T344A4780 000:170.658 JLINK_TIF_Select(JLINKARM_TIF_SWD)
T344A4780 000:171.643 - 0.985ms returns 0x00
T344A4780 000:171.652 JLINK_SetSpeed(4000)
T344A4780 000:171.796 - 0.144ms
T344A4780 000:171.807 JLINK_ReadMem(0xE000EDF0, 0x4 Bytes, ...)
T344A4780 000:172.138   ConfigTargetSettings() start
T344A4780 000:172.147    J-Link Script File: Executing ConfigTargetSettings()
T344A4780 000:172.154   Configuring FlashDLNoRMWThreshold=0x200 in order to make sure that option bytes programming is done via read-modify-write
T344A4780 000:174.788   ConfigTargetSettings() end - Took 2.64ms
T344A4780 000:174.795   InitTarget() start
T344A4780 000:174.799    J-Link Script File: Executing InitTarget()
T344A4780 000:174.803   SWD selected. Executing JTAG -> SWD switching sequence.
T344A4780 000:178.107   DAP initialized successfully.
T344A4780 000:178.117   Determining TrustZone configuration...
T344A4780 000:180.479     Secure Debug: Enabled (SSD)
T344A4780 000:180.488   Determining currently configured transfer type by reading the AHB-AP CSW register.
T344A4780 000:182.550     --> Correct transfer type configured. Done.
T344A4780 000:182.560   InitTarget() end - Took 7.76ms
T344A4780 000:183.667   Found SW-DP with ID 0x6BA02477
T344A4780 000:188.353   DPIDR: 0x6BA02477
T344A4780 000:188.363   CoreSight SoC-400 or earlier
T344A4780 000:188.367   Scanning AP map to find all available APs
T344A4780 000:190.663   AP[2]: Stopped AP scan as end of AP map has been reached
T344A4780 000:190.723   AP[0]: AHB-AP (IDR: 0x84770001)
T344A4780 000:190.734   AP[1]: APB-AP (IDR: 0x54770002)
T344A4780 000:190.738   Iterating through AP map to find AHB-AP to use
T344A4780 000:192.699   AP[0]: Core found
T344A4780 000:192.708   AP[0]: AHB-AP ROM base: 0xE00FE000
T344A4780 000:193.715   CPUID register: 0x410FD214. Implementer code: 0x41 (ARM)
T344A4780 000:193.724   Feature set: Mainline
T344A4780 000:194.742   Cache: No cache
T344A4780 000:194.751   Found Cortex-M33 r0p4, Little endian.
T344A4780 000:195.737   -- Max. mem block: 0x00001B00
T344A4780 000:197.540   CPU_ReadMem(4 bytes @ 0xE000EDF0)
T344A4780 000:198.659   CPU_WriteMem(4 bytes @ 0xE000EDF0)
T344A4780 000:199.550   CPU_ReadMem(4 bytes @ 0xE0002000)
T344A4780 000:200.423   FPUnit: 8 code (BP) slots and 0 literal slots
T344A4780 000:200.433   CPU_ReadMem(4 bytes @ 0xE000EDFC)
T344A4780 000:201.156   CPU_WriteMem(4 bytes @ 0xE000EDFC)
T344A4780 000:202.028   CPU_ReadMem(4 bytes @ 0xE0001000)
T344A4780 000:202.840   CPU_ReadMem(4 bytes @ 0xE0001000)
T344A4780 000:203.771   CPU_ReadMem(4 bytes @ 0xE0001028)
T344A4780 000:204.369   CPU_ReadMem(4 bytes @ 0xE0001038)
T344A4780 000:204.983   CPU_ReadMem(4 bytes @ 0xE0001048)
T344A4780 000:205.649   CPU_ReadMem(4 bytes @ 0xE0001058)
T344A4780 000:206.492   CPU_WriteMem(4 bytes @ 0xE0001000)
T344A4780 000:207.157   CPU_ReadMem(4 bytes @ 0xE000ED88)
T344A4780 000:207.827   CPU_WriteMem(4 bytes @ 0xE000ED88)
T344A4780 000:208.799   CPU_ReadMem(4 bytes @ 0xE000ED88)
T344A4780 000:209.667   CPU_WriteMem(4 bytes @ 0xE000ED88)
T344A4780 000:210.583   CPU_ReadMem(4 bytes @ 0xE000EFB8)
T344A4780 000:211.200   Security extension: implemented
T344A4780 000:211.209   Secure debug: enabled
T344A4780 000:211.212   CoreSight components:
T344A4780 000:211.217   ROMTbl[0] @ E00FE000
T344A4780 000:211.222   CPU_ReadMem(64 bytes @ 0xE00FE000)
T344A4780 000:212.814   CPU_ReadMem(32 bytes @ 0xE0044FE0)
T344A4780 000:213.985   CPU_ReadMem(4 bytes @ 0xE0044FBC)
T344A4780 000:214.880   CPU_ReadMem(4 bytes @ 0xE0044FCC)
T344A4780 000:215.799   [0][0]: E0044000 CID B105900D PID 005BB906 DEVARCH 00000000 DEVTYPE 14 CTI (?)
T344A4780 000:215.806   CPU_ReadMem(32 bytes @ 0xE0047FE0)
T344A4780 000:216.828   CPU_ReadMem(4 bytes @ 0xE0047FBC)
T344A4780 000:217.471   CPU_ReadMem(4 bytes @ 0xE0047FCC)
T344A4780 000:218.079   [0][1]: E0047000 CID B105900D PID 003BB908 DEVARCH 00000000 DEVTYPE 12 CSTF
T344A4780 000:218.088   CPU_ReadMem(32 bytes @ 0xE0048FE0)
T344A4780 000:219.154   CPU_ReadMem(4 bytes @ 0xE0048FBC)
T344A4780 000:220.008   CPU_ReadMem(4 bytes @ 0xE0048FCC)
T344A4780 000:220.797   [0][2]: E0048000 CID B105900D PID 001BB961 DEVARCH 00000000 DEVTYPE 21 ETB
T344A4780 000:220.807   CPU_ReadMem(32 bytes @ 0xE0049FE0)
T344A4780 000:221.904   [0][3]: E0049000 CID B105F00D PID 001BB101 TSG
T344A4780 000:221.916   CPU_ReadMem(32 bytes @ 0xE0040FE0)
T344A4780 000:222.874   CPU_ReadMem(4 bytes @ 0xE0040FBC)
T344A4780 000:223.547   CPU_ReadMem(4 bytes @ 0xE0040FCC)
T344A4780 000:224.141   [0][4]: E0040000 CID B105900D PID 000BBD21 DEVARCH 00000000 DEVTYPE 11 TPIU
T344A4780 000:224.153   CPU_ReadMem(32 bytes @ 0xE00FFFE0)
T344A4780 000:225.111   [0][5]: E00FF000 CID B105100D PID 000BB4C9 ROM Table
T344A4780 000:225.120   ROMTbl[1] @ E00FF000
T344A4780 000:225.125   CPU_ReadMem(64 bytes @ 0xE00FF000)
T344A4780 000:226.578   CPU_ReadMem(32 bytes @ 0xE000EFE0)
T344A4780 000:227.578   CPU_ReadMem(4 bytes @ 0xE000EFBC)
T344A4780 000:228.175   CPU_ReadMem(4 bytes @ 0xE000EFCC)
T344A4780 000:228.782   [1][0]: E000E000 CID B105900D PID 000BBD21 DEVARCH 47702A04 DEVTYPE 00 Cortex-M33
T344A4780 000:228.790   CPU_ReadMem(32 bytes @ 0xE0001FE0)
T344A4780 000:229.704   CPU_ReadMem(4 bytes @ 0xE0001FBC)
T344A4780 000:230.382   CPU_ReadMem(4 bytes @ 0xE0001FCC)
T344A4780 000:231.034   [1][1]: E0001000 CID B105900D PID 000BBD21 DEVARCH 47701A02 DEVTYPE 00 DWT
T344A4780 000:231.045   CPU_ReadMem(32 bytes @ 0xE0002FE0)
T344A4780 000:232.000   CPU_ReadMem(4 bytes @ 0xE0002FBC)
T344A4780 000:232.655   CPU_ReadMem(4 bytes @ 0xE0002FCC)
T344A4780 000:233.223   [1][2]: E0002000 CID B105900D PID 000BBD21 DEVARCH 47701A03 DEVTYPE 00 FPB
T344A4780 000:233.231   CPU_ReadMem(32 bytes @ 0xE0000FE0)
T344A4780 000:234.168   CPU_ReadMem(4 bytes @ 0xE0000FBC)
T344A4780 000:234.743   CPU_ReadMem(4 bytes @ 0xE0000FCC)
T344A4780 000:235.375   [1][3]: E0000000 CID B105900D PID 000BBD21 DEVARCH 47701A01 DEVTYPE 43 ITM
T344A4780 000:235.382   CPU_ReadMem(32 bytes @ 0xE0041FE0)
T344A4780 000:236.381   CPU_ReadMem(4 bytes @ 0xE0041FBC)
T344A4780 000:237.016   CPU_ReadMem(4 bytes @ 0xE0041FCC)
T344A4780 000:237.661   [1][5]: E0041000 CID B105900D PID 002BBD21 DEVARCH 47724A13 DEVTYPE 13 ETM
T344A4780 000:237.669   CPU_ReadMem(32 bytes @ 0xE0042FE0)
T344A4780 000:238.688   CPU_ReadMem(4 bytes @ 0xE0042FBC)
T344A4780 000:239.257   CPU_ReadMem(4 bytes @ 0xE0042FCC)
T344A4780 000:239.968   [1][6]: E0042000 CID B105900D PID 000BBD21 DEVARCH 47701A14 DEVTYPE 14 CSS600-CTI
T344A4780 000:240.035   CPU_ReadMem(4 bytes @ 0xE000EDF0)
T344A4780 000:240.659   Data:  01 00 10 01
T344A4780 000:240.667   Debug reg: DHCSR
T344A4780 000:240.671 - 68.864ms returns 0
T344A4780 000:240.683 JLINK_ReadMem(0x400E002C, 0x4 Bytes, ...)
T344A4780 000:240.690   CPU_ReadMem(4 bytes @ 0x400E002C)
T344A4780 000:241.304   Data:  02 00 00 00
T344A4780 000:241.314 - 0.631ms returns 0
T344A4780 000:241.390 JLINK_ReadMem(0xE000EDF0, 0x4 Bytes, ...)
T344A4780 000:241.400   CPU_ReadMem(4 bytes @ 0xE000EDF0)
T344A4780 000:242.012   Data:  01 00 10 01
T344A4780 000:242.022   Debug reg: DHCSR
T344A4780 000:242.026 - 0.637ms returns 0
T344A4780 000:242.040 JLINK_ReadMem(0xE000EDF0, 0x4 Bytes, ...)
T344A4780 000:242.046   CPU_ReadMem(4 bytes @ 0xE000EDF0)
T344A4780 000:242.633   Data:  01 00 10 01
T344A4780 000:242.640   Debug reg: DHCSR
T344A4780 000:242.644 - 0.605ms returns 0
T344A4780 000:242.649 JLINK_ReadMem(0x400E001C, 0x4 Bytes, ...)
T344A4780 000:242.655   CPU_ReadMem(4 bytes @ 0x400E001C)
T344A4780 000:243.236   Data:  00 7C 00 00
T344A4780 000:243.245 - 0.596ms returns 0
T344A4780 000:243.253 JLINK_ReadMem(0xE000EDF0, 0x4 Bytes, ...)
T344A4780 000:243.259   CPU_ReadMem(4 bytes @ 0xE000EDF0)
T344A4780 000:243.874   Data:  01 00 10 01
T344A4780 000:243.883   Debug reg: DHCSR
T344A4780 000:243.888 - 0.635ms returns 0
T344A4780 000:243.893 JLINK_ReadMem(0x400E0018, 0x4 Bytes, ...)
T344A4780 000:243.899   CPU_ReadMem(4 bytes @ 0x400E0018)
T344A4780 000:244.553   Data:  00 80 00 00
T344A4780 000:244.561 - 0.668ms returns 0
T344A4780 000:244.568 JLINK_ReadMem(0xE000EDF0, 0x4 Bytes, ...)
T344A4780 000:244.574   CPU_ReadMem(4 bytes @ 0xE000EDF0)
T344A4780 000:245.158   Data:  01 00 10 01
T344A4780 000:245.167   Debug reg: DHCSR
T344A4780 000:245.171 - 0.603ms returns 0
T344A4780 000:245.176 JLINK_ReadMem(0x400E0020, 0x4 Bytes, ...)
T344A4780 000:245.182   CPU_ReadMem(4 bytes @ 0x400E0020)
T344A4780 000:245.772   Data:  00 00 00 00
T344A4780 000:245.780 - 0.604ms returns 0
T344A4780 000:245.790 JLINK_ReadMem(0xE000EDF0, 0x4 Bytes, ...)
T344A4780 000:245.797   CPU_ReadMem(4 bytes @ 0xE000EDF0)
T344A4780 000:246.411   Data:  01 00 10 01
T344A4780 000:246.421   Debug reg: DHCSR
T344A4780 000:246.425 - 0.636ms returns 0
T344A4780 000:246.430 JLINK_ReadMem(0x400E0028, 0x4 Bytes, ...)
T344A4780 000:246.436   CPU_ReadMem(4 bytes @ 0x400E0028)
T344A4780 000:247.158   Data:  00 0C 00 00
T344A4780 000:247.167 - 0.737ms returns 0
T344A4780 000:247.177 JLINK_ReadMem(0xE000EDF0, 0x4 Bytes, ...)
T344A4780 000:247.183   CPU_ReadMem(4 bytes @ 0xE000EDF0)
T344A4780 000:248.003   Data:  01 00 10 01
T344A4780 000:248.012   Debug reg: DHCSR
T344A4780 000:248.016 - 0.839ms returns 0
T344A4780 000:248.021 JLINK_ReadMem(0x400E0024, 0x4 Bytes, ...)
T344A4780 000:248.027   CPU_ReadMem(4 bytes @ 0x400E0024)
T344A4780 000:248.857   Data:  00 20 00 00
T344A4780 000:248.867 - 0.846ms returns 0
T344A4780 000:248.875 JLINK_ReadMem(0xE000EDF0, 0x4 Bytes, ...)
T344A4780 000:248.881   CPU_ReadMem(4 bytes @ 0xE000EDF0)
T344A4780 000:249.707   Data:  01 00 10 01
T344A4780 000:249.723   Debug reg: DHCSR
T344A4780 000:249.727 - 0.853ms returns 0
T344A4780 000:249.732 JLINK_ReadMem(0x400E002C, 0x4 Bytes, ...)
T344A4780 000:249.738   CPU_ReadMem(4 bytes @ 0x400E002C)
T344A4780 000:250.324   Data:  02 00 00 00
T344A4780 000:250.333 - 0.601ms returns 0
T344A4780 000:250.340 JLINK_ReadMem(0xE000EDF0, 0x4 Bytes, ...)
T344A4780 000:250.346   CPU_ReadMem(4 bytes @ 0xE000EDF0)
T344A4780 000:251.127   Data:  01 00 10 01
T344A4780 000:251.136   Debug reg: DHCSR
T344A4780 000:251.140 - 0.800ms returns 0
T344A4780 000:251.145 JLINK_ReadMem(0x400E002C, 0x4 Bytes, ...)
T344A4780 000:251.151   CPU_ReadMem(4 bytes @ 0x400E002C)
T344A4780 000:251.981   Data:  02 00 00 00
T344A4780 000:251.991 - 0.846ms returns 0
T344A4780 000:253.446 JLINK_Close()
T344A4780 000:271.628 - 18.182ms
T344A4780 000:271.638   
T344A4780 000:271.641   Closed
