T1E27D780 000:002.620   SEGGER J-Link V7.96j Log File
T1E27D780 000:002.743   DLL Compiled: May 29 2024 15:42:37
T1E27D780 000:002.747   Logging started @ 2024-10-06 08:27
T1E27D780 000:002.749   Process: /home/xenwithu/.eclipse/com.renesas.platform_1508544911/DebugComp/RA/e2-server-gdb
T1E27D780 000:002.752 - 2.752ms
T1E27D780 000:002.757 JLINK_GetDLLVersion()
T1E27D780 000:002.760 - 0.003ms returns 79610
T1E27D780 000:003.074 JLINK_OpenEx(...)
T1E27D780 000:010.591   Firmware: J-Link OB-S124 compiled Apr 23 2024 10:48:24
T1E27D780 000:013.469   Firmware: J-Link OB-S124 compiled Apr 23 2024 10:48:24
T1E27D780 000:043.378   Hardware: V1.00
T1E27D780 000:043.398   S/N: 831155721
T1E27D780 000:043.401   OEM: SEGGER
T1E27D780 000:043.405   Feature(s): None
T1E27D780 000:044.795   Bootloader: 2019 Oct 15
T1E27D780 000:047.105   USB speed mode: Full speed (12 MBit/s)
T1E27D780 000:048.026   TELNET listener socket opened on port 19021
T1E27D780 000:048.132   WEBSRV WEBSRV_Init(): Starting webserver thread(s)
T1E27D780 000:048.214   WEBSRV Webserver running on local port 19080
T1E27D780 000:048.231   Looking for J-Link GUI Server exe at: ARM/Segger_v7.96.10/JLinkGUIServerExe
T1E27D780 000:048.240   Looking for J-Link GUI Server exe at: /opt/SEGGER/JLink/JLinkGUIServerExe
T1E27D780 000:048.251   Forking J-Link GUI Server: /opt/SEGGER/JLink/JLinkGUIServerExe
T1E27D780 000:067.143   J-Link GUI Server info: "J-Link GUI server V7.88d "
T1E27D780 000:067.290   J-Link GUI Server: Connection breakdown.
T1E27D780 000:067.341 - 64.256ms returns "O.K."
T1E27D780 000:067.377 JLINK_ExecCommand("ProjectFile="/home/xenwithu/e2_studio/workspace/Day2_Log_Blicky_One_By_One_RGB_Same/Day2_Log_Blicky_One_By_One_RGB_Same Debug_Flat.jlink"", ...). 
T1E27D780 000:088.880 - 21.502ms returns 0x00
T1E27D780 000:089.020 JLINK_ExecCommand("device=R7FA6M5BH", ...). 
T1E27D780 000:091.347   Flash bank @ 0x0100A100: SFL: Parsing sectorization info from ELF file
T1E27D780 000:091.358     FlashDevice.SectorInfo[0]: .SectorSize = 0x00000010, .SectorStartAddr = 0x00000000
T1E27D780 000:091.362   FlashBank @0x0100A100: Sectorization info from SFL ELF file ignored because sectorization override from DLL / XML file is active.
T1E27D780 000:092.245   Flash bank @ 0x60000000: SFL: Parsing sectorization info from ELF file
T1E27D780 000:092.254     FlashDevice.SectorInfo[0]: .SectorSize = 0x00010000, .SectorStartAddr = 0x00000000
T1E27D780 000:101.441   Device "R7FA6M5BH" selected.
T1E27D780 000:101.574 - 12.549ms returns 0x00
T1E27D780 000:101.588 JLINK_TIF_GetAvailable(...)
T1E27D780 000:101.948 - 0.360ms
T1E27D780 000:101.958 JLINK_TIF_Select(JLINKARM_TIF_SWD)
T1E27D780 000:103.469 - 1.510ms returns 0x00
T1E27D780 000:103.481 JLINK_SetSpeed(4000)
T1E27D780 000:103.647 - 0.167ms
T1E27D780 000:103.683 JLINK_ReadMem(0xE000EDF0, 0x4 Bytes, ...)
T1E27D780 000:104.026   ConfigTargetSettings() start
T1E27D780 000:104.031    J-Link Script File: Executing ConfigTargetSettings()
T1E27D780 000:104.039   Configuring FlashDLNoRMWThreshold=0x200 in order to make sure that option bytes programming is done via read-modify-write
T1E27D780 000:107.968   ConfigTargetSettings() end - Took 3.93ms
T1E27D780 000:107.975   InitTarget() start
T1E27D780 000:107.980    J-Link Script File: Executing InitTarget()
T1E27D780 000:107.984   SWD selected. Executing JTAG -> SWD switching sequence.
T1E27D780 000:111.507   DAP initialized successfully.
T1E27D780 000:111.516   Determining TrustZone configuration...
T1E27D780 000:113.878     Secure Debug: Enabled (SSD)
T1E27D780 000:113.888   Determining currently configured transfer type by reading the AHB-AP CSW register.
T1E27D780 000:115.909     --> Correct transfer type configured. Done.
T1E27D780 000:115.919   InitTarget() end - Took 7.93ms
T1E27D780 000:117.085   Found SW-DP with ID 0x6BA02477
T1E27D780 000:121.859   DPIDR: 0x6BA02477
T1E27D780 000:121.868   CoreSight SoC-400 or earlier
T1E27D780 000:121.873   Scanning AP map to find all available APs
T1E27D780 000:124.146   AP[2]: Stopped AP scan as end of AP map has been reached
T1E27D780 000:124.162   AP[0]: AHB-AP (IDR: 0x84770001)
T1E27D780 000:124.166   AP[1]: APB-AP (IDR: 0x54770002)
T1E27D780 000:124.170   Iterating through AP map to find AHB-AP to use
T1E27D780 000:126.086   AP[0]: Core found
T1E27D780 000:126.095   AP[0]: AHB-AP ROM base: 0xE00FE000
T1E27D780 000:127.109   CPUID register: 0x410FD214. Implementer code: 0x41 (ARM)
T1E27D780 000:127.118   Feature set: Mainline
T1E27D780 000:128.139   Cache: No cache
T1E27D780 000:128.149   Found Cortex-M33 r0p4, Little endian.
T1E27D780 000:129.040   -- Max. mem block: 0x00001960
T1E27D780 000:130.839   CPU_ReadMem(4 bytes @ 0xE000EDF0)
T1E27D780 000:131.997   CPU_ReadMem(4 bytes @ 0xE0002000)
T1E27D780 000:132.851   FPUnit: 8 code (BP) slots and 0 literal slots
T1E27D780 000:132.861   CPU_ReadMem(4 bytes @ 0xE000EDFC)
T1E27D780 000:133.738   CPU_ReadMem(4 bytes @ 0xE0001000)
T1E27D780 000:134.424   CPU_ReadMem(4 bytes @ 0xE0001000)
T1E27D780 000:135.355   CPU_ReadMem(4 bytes @ 0xE0001028)
T1E27D780 000:136.197   CPU_ReadMem(4 bytes @ 0xE0001038)
T1E27D780 000:137.130   CPU_ReadMem(4 bytes @ 0xE0001048)
T1E27D780 000:138.004   CPU_ReadMem(4 bytes @ 0xE0001058)
T1E27D780 000:138.935   CPU_WriteMem(4 bytes @ 0xE0001000)
T1E27D780 000:139.848   CPU_ReadMem(4 bytes @ 0xE000ED88)
T1E27D780 000:140.632   CPU_WriteMem(4 bytes @ 0xE000ED88)
T1E27D780 000:141.615   CPU_ReadMem(4 bytes @ 0xE000ED88)
T1E27D780 000:142.357   CPU_WriteMem(4 bytes @ 0xE000ED88)
T1E27D780 000:143.237   CPU_ReadMem(4 bytes @ 0xE000EFB8)
T1E27D780 000:144.128   Security extension: implemented
T1E27D780 000:144.137   Secure debug: enabled
T1E27D780 000:144.141   CoreSight components:
T1E27D780 000:144.145   ROMTbl[0] @ E00FE000
T1E27D780 000:144.150   CPU_ReadMem(64 bytes @ 0xE00FE000)
T1E27D780 000:145.872   CPU_ReadMem(32 bytes @ 0xE0044FE0)
T1E27D780 000:146.919   CPU_ReadMem(4 bytes @ 0xE0044FBC)
T1E27D780 000:147.797   CPU_ReadMem(4 bytes @ 0xE0044FCC)
T1E27D780 000:148.506   [0][0]: E0044000 CID B105900D PID 005BB906 DEVARCH 00000000 DEVTYPE 14 CTI (?)
T1E27D780 000:148.516   CPU_ReadMem(32 bytes @ 0xE0047FE0)
T1E27D780 000:149.705   CPU_ReadMem(4 bytes @ 0xE0047FBC)
T1E27D780 000:150.624   CPU_ReadMem(4 bytes @ 0xE0047FCC)
T1E27D780 000:151.398   [0][1]: E0047000 CID B105900D PID 003BB908 DEVARCH 00000000 DEVTYPE 12 CSTF
T1E27D780 000:151.408   CPU_ReadMem(32 bytes @ 0xE0048FE0)
T1E27D780 000:152.638   CPU_ReadMem(4 bytes @ 0xE0048FBC)
T1E27D780 000:153.550   CPU_ReadMem(4 bytes @ 0xE0048FCC)
T1E27D780 000:154.338   [0][2]: E0048000 CID B105900D PID 001BB961 DEVARCH 00000000 DEVTYPE 21 ETB
T1E27D780 000:154.348   CPU_ReadMem(32 bytes @ 0xE0049FE0)
T1E27D780 000:155.330   [0][3]: E0049000 CID B105F00D PID 001BB101 TSG
T1E27D780 000:155.343   CPU_ReadMem(32 bytes @ 0xE0040FE0)
T1E27D780 000:156.331   CPU_ReadMem(4 bytes @ 0xE0040FBC)
T1E27D780 000:157.132   CPU_ReadMem(4 bytes @ 0xE0040FCC)
T1E27D780 000:158.036   [0][4]: E0040000 CID B105900D PID 000BBD21 DEVARCH 00000000 DEVTYPE 11 TPIU
T1E27D780 000:158.043   CPU_ReadMem(32 bytes @ 0xE00FFFE0)
T1E27D780 000:159.257   [0][5]: E00FF000 CID B105100D PID 000BB4C9 ROM Table
T1E27D780 000:159.266   ROMTbl[1] @ E00FF000
T1E27D780 000:159.271   CPU_ReadMem(64 bytes @ 0xE00FF000)
T1E27D780 000:160.925   CPU_ReadMem(32 bytes @ 0xE000EFE0)
T1E27D780 000:162.168   CPU_ReadMem(4 bytes @ 0xE000EFBC)
T1E27D780 000:163.042   CPU_ReadMem(4 bytes @ 0xE000EFCC)
T1E27D780 000:163.662   [1][0]: E000E000 CID B105900D PID 000BBD21 DEVARCH 47702A04 DEVTYPE 00 Cortex-M33
T1E27D780 000:163.673   CPU_ReadMem(32 bytes @ 0xE0001FE0)
T1E27D780 000:164.862   CPU_ReadMem(4 bytes @ 0xE0001FBC)
T1E27D780 000:165.683   CPU_ReadMem(4 bytes @ 0xE0001FCC)
T1E27D780 000:166.603   [1][1]: E0001000 CID B105900D PID 000BBD21 DEVARCH 47701A02 DEVTYPE 00 DWT
T1E27D780 000:166.613   CPU_ReadMem(32 bytes @ 0xE0002FE0)
T1E27D780 000:167.830   CPU_ReadMem(4 bytes @ 0xE0002FBC)
T1E27D780 000:168.711   CPU_ReadMem(4 bytes @ 0xE0002FCC)
T1E27D780 000:169.577   [1][2]: E0002000 CID B105900D PID 000BBD21 DEVARCH 47701A03 DEVTYPE 00 FPB
T1E27D780 000:169.594   CPU_ReadMem(32 bytes @ 0xE0000FE0)
T1E27D780 000:170.733   CPU_ReadMem(4 bytes @ 0xE0000FBC)
T1E27D780 000:171.597   CPU_ReadMem(4 bytes @ 0xE0000FCC)
T1E27D780 000:172.218   [1][3]: E0000000 CID B105900D PID 000BBD21 DEVARCH 47701A01 DEVTYPE 43 ITM
T1E27D780 000:172.227   CPU_ReadMem(32 bytes @ 0xE0041FE0)
T1E27D780 000:173.192   CPU_ReadMem(4 bytes @ 0xE0041FBC)
T1E27D780 000:174.126   CPU_ReadMem(4 bytes @ 0xE0041FCC)
T1E27D780 000:175.043   [1][5]: E0041000 CID B105900D PID 002BBD21 DEVARCH 47724A13 DEVTYPE 13 ETM
T1E27D780 000:175.056   CPU_ReadMem(32 bytes @ 0xE0042FE0)
T1E27D780 000:176.138   CPU_ReadMem(4 bytes @ 0xE0042FBC)
T1E27D780 000:176.937   CPU_ReadMem(4 bytes @ 0xE0042FCC)
T1E27D780 000:177.866   [1][6]: E0042000 CID B105900D PID 000BBD21 DEVARCH 47701A14 DEVTYPE 14 CSS600-CTI
T1E27D780 000:177.914   CPU_ReadMem(4 bytes @ 0xE000EDF0)
T1E27D780 000:178.789   Data:  03 00 13 00
T1E27D780 000:178.798   Debug reg: DHCSR
T1E27D780 000:178.803 - 75.120ms returns 0
T1E27D780 000:178.814 JLINK_ReadMem(0x400E002C, 0x4 Bytes, ...)
T1E27D780 000:178.823   CPU_ReadMem(4 bytes @ 0x400E002C)
T1E27D780 000:179.721   Data:  02 00 00 00
T1E27D780 000:179.731 - 0.916ms returns 0
T1E27D780 000:179.756 JLINK_ReadMem(0xE000EDF0, 0x4 Bytes, ...)
T1E27D780 000:179.766   CPU_ReadMem(4 bytes @ 0xE000EDF0)
T1E27D780 000:180.609   Data:  03 00 13 00
T1E27D780 000:180.618   Debug reg: DHCSR
T1E27D780 000:180.623 - 0.866ms returns 0
T1E27D780 000:180.635 JLINK_ReadMem(0xE000EDF0, 0x4 Bytes, ...)
T1E27D780 000:180.642   CPU_ReadMem(4 bytes @ 0xE000EDF0)
T1E27D780 000:181.563   Data:  03 00 13 00
T1E27D780 000:181.572   Debug reg: DHCSR
T1E27D780 000:181.577 - 0.941ms returns 0
T1E27D780 000:181.582 JLINK_ReadMem(0x400E001C, 0x4 Bytes, ...)
T1E27D780 000:181.588   CPU_ReadMem(4 bytes @ 0x400E001C)
T1E27D780 000:182.309   Data:  00 18 00 00
T1E27D780 000:182.319 - 0.737ms returns 0
T1E27D780 000:182.326 JLINK_ReadMem(0xE000EDF0, 0x4 Bytes, ...)
T1E27D780 000:182.332   CPU_ReadMem(4 bytes @ 0xE000EDF0)
T1E27D780 000:183.213   Data:  03 00 13 00
T1E27D780 000:183.222   Debug reg: DHCSR
T1E27D780 000:183.227 - 0.900ms returns 0
T1E27D780 000:183.232 JLINK_ReadMem(0x400E0018, 0x4 Bytes, ...)
T1E27D780 000:183.238   CPU_ReadMem(4 bytes @ 0x400E0018)
T1E27D780 000:184.125   Data:  00 80 00 00
T1E27D780 000:184.135 - 0.903ms returns 0
T1E27D780 000:184.142 JLINK_ReadMem(0xE000EDF0, 0x4 Bytes, ...)
T1E27D780 000:184.148   CPU_ReadMem(4 bytes @ 0xE000EDF0)
T1E27D780 000:185.040   Data:  03 00 13 00
T1E27D780 000:185.047   Debug reg: DHCSR
T1E27D780 000:185.056 - 0.914ms returns 0
T1E27D780 000:185.062 JLINK_ReadMem(0x400E0020, 0x4 Bytes, ...)
T1E27D780 000:185.069   CPU_ReadMem(4 bytes @ 0x400E0020)
T1E27D780 000:185.974   Data:  00 00 00 00
T1E27D780 000:185.984 - 0.922ms returns 0
T1E27D780 000:185.992 JLINK_ReadMem(0xE000EDF0, 0x4 Bytes, ...)
T1E27D780 000:185.998   CPU_ReadMem(4 bytes @ 0xE000EDF0)
T1E27D780 000:186.873   Data:  03 00 13 00
T1E27D780 000:186.882   Debug reg: DHCSR
T1E27D780 000:186.886 - 0.894ms returns 0
T1E27D780 000:186.891 JLINK_ReadMem(0x400E0028, 0x4 Bytes, ...)
T1E27D780 000:186.897   CPU_ReadMem(4 bytes @ 0x400E0028)
T1E27D780 000:187.577   Data:  00 08 00 00
T1E27D780 000:187.585 - 0.693ms returns 0
T1E27D780 000:187.592 JLINK_ReadMem(0xE000EDF0, 0x4 Bytes, ...)
T1E27D780 000:187.598   CPU_ReadMem(4 bytes @ 0xE000EDF0)
T1E27D780 000:188.340   Data:  03 00 13 00
T1E27D780 000:188.363   Debug reg: DHCSR
T1E27D780 000:188.367 - 0.775ms returns 0
T1E27D780 000:188.372 JLINK_ReadMem(0x400E0024, 0x4 Bytes, ...)
T1E27D780 000:188.379   CPU_ReadMem(4 bytes @ 0x400E0024)
T1E27D780 000:189.172   Data:  00 20 00 00
T1E27D780 000:189.181 - 0.809ms returns 0
T1E27D780 000:189.188 JLINK_ReadMem(0xE000EDF0, 0x4 Bytes, ...)
T1E27D780 000:189.195   CPU_ReadMem(4 bytes @ 0xE000EDF0)
T1E27D780 000:190.074   Data:  03 00 13 00
T1E27D780 000:190.085   Debug reg: DHCSR
T1E27D780 000:190.091 - 0.902ms returns 0
T1E27D780 000:190.106 JLINK_ReadMem(0x400E002C, 0x4 Bytes, ...)
T1E27D780 000:190.115   CPU_ReadMem(4 bytes @ 0x400E002C)
T1E27D780 000:191.029   Data:  02 00 00 00
T1E27D780 000:191.036 - 0.931ms returns 0
T1E27D780 000:191.043 JLINK_ReadMem(0xE000EDF0, 0x4 Bytes, ...)
T1E27D780 000:191.049   CPU_ReadMem(4 bytes @ 0xE000EDF0)
T1E27D780 000:191.894   Data:  03 00 13 00
T1E27D780 000:191.901   Debug reg: DHCSR
T1E27D780 000:191.905 - 0.862ms returns 0
T1E27D780 000:191.910 JLINK_ReadMem(0x400E002C, 0x4 Bytes, ...)
T1E27D780 000:191.916   CPU_ReadMem(4 bytes @ 0x400E002C)
T1E27D780 000:192.822   Data:  02 00 00 00
T1E27D780 000:192.832 - 0.921ms returns 0
T1E27D780 000:192.891 JLINK_ReadMem(0xE000EDF0, 0x4 Bytes, ...)
T1E27D780 000:192.901   CPU_ReadMem(4 bytes @ 0xE000EDF0)
T1E27D780 000:193.617   Data:  03 00 13 00
T1E27D780 000:193.627   Debug reg: DHCSR
T1E27D780 000:193.631 - 0.740ms returns 0
T1E27D780 000:193.636 JLINK_ReadMem(0x400E002C, 0x4 Bytes, ...)
T1E27D780 000:193.642   CPU_ReadMem(4 bytes @ 0x400E002C)
T1E27D780 000:194.449   Data:  02 00 00 00
T1E27D780 000:194.458 - 0.823ms returns 0
T1E27D780 000:194.465 JLINK_ReadMem(0xE000EDF0, 0x4 Bytes, ...)
T1E27D780 000:194.472   CPU_ReadMem(4 bytes @ 0xE000EDF0)
T1E27D780 000:195.236   Data:  03 00 13 00
T1E27D780 000:195.245   Debug reg: DHCSR
T1E27D780 000:195.249 - 0.784ms returns 0
T1E27D780 000:195.254 JLINK_ReadMem(0x400E001C, 0x4 Bytes, ...)
T1E27D780 000:195.260   CPU_ReadMem(4 bytes @ 0x400E001C)
T1E27D780 000:196.120   Data:  00 18 00 00
T1E27D780 000:196.130 - 0.877ms returns 0
T1E27D780 000:196.137 JLINK_ReadMem(0xE000EDF0, 0x4 Bytes, ...)
T1E27D780 000:196.144   CPU_ReadMem(4 bytes @ 0xE000EDF0)
T1E27D780 000:196.779   Data:  03 00 13 00
T1E27D780 000:196.786   Debug reg: DHCSR
T1E27D780 000:196.790 - 0.653ms returns 0
T1E27D780 000:196.795 JLINK_ReadMem(0x400E0018, 0x4 Bytes, ...)
T1E27D780 000:196.801   CPU_ReadMem(4 bytes @ 0x400E0018)
T1E27D780 000:197.620   Data:  00 80 00 00
T1E27D780 000:197.630 - 0.834ms returns 0
T1E27D780 000:197.637 JLINK_ReadMem(0xE000EDF0, 0x4 Bytes, ...)
T1E27D780 000:197.643   CPU_ReadMem(4 bytes @ 0xE000EDF0)
T1E27D780 000:198.527   Data:  03 00 13 00
T1E27D780 000:198.536   Debug reg: DHCSR
T1E27D780 000:198.540 - 0.903ms returns 0
T1E27D780 000:198.545 JLINK_ReadMem(0x400E0020, 0x4 Bytes, ...)
T1E27D780 000:198.551   CPU_ReadMem(4 bytes @ 0x400E0020)
T1E27D780 000:199.392   Data:  00 00 00 00
T1E27D780 000:199.401 - 0.857ms returns 0
T1E27D780 000:199.409 JLINK_ReadMem(0xE000EDF0, 0x4 Bytes, ...)
T1E27D780 000:199.416   CPU_ReadMem(4 bytes @ 0xE000EDF0)
T1E27D780 000:200.315   Data:  03 00 13 00
T1E27D780 000:200.324   Debug reg: DHCSR
T1E27D780 000:200.329 - 0.919ms returns 0
T1E27D780 000:200.334 JLINK_ReadMem(0x400E0028, 0x4 Bytes, ...)
T1E27D780 000:200.340   CPU_ReadMem(4 bytes @ 0x400E0028)
T1E27D780 000:201.119   Data:  00 08 00 00
T1E27D780 000:201.129 - 0.795ms returns 0
T1E27D780 000:201.136 JLINK_ReadMem(0xE000EDF0, 0x4 Bytes, ...)
T1E27D780 000:201.143   CPU_ReadMem(4 bytes @ 0xE000EDF0)
T1E27D780 000:202.023   Data:  03 00 13 00
T1E27D780 000:202.030   Debug reg: DHCSR
T1E27D780 000:202.034 - 0.898ms returns 0
T1E27D780 000:202.039 JLINK_ReadMem(0x400E0024, 0x4 Bytes, ...)
T1E27D780 000:202.045   CPU_ReadMem(4 bytes @ 0x400E0024)
T1E27D780 000:202.965   Data:  00 20 00 00
T1E27D780 000:202.974 - 0.935ms returns 0
T1E27D780 000:203.082 JLINK_TIF_GetAvailable(...)
T1E27D780 000:203.552 - 0.470ms
T1E27D780 000:203.559 JLINK_TIF_Select(JLINKARM_TIF_SWD)
T1E27D780 000:203.562 - 0.003ms returns 0x00
T1E27D780 000:203.565 JLINK_SetSpeed(4000)
T1E27D780 000:203.796 - 0.231ms
T1E27D780 000:203.803 JLINK_SetEndian(ARM_ENDIAN_LITTLE)
T1E27D780 000:203.806 - 0.003ms returns 0
T1E27D780 000:203.809 JLINK_SetInitRegsOnReset(OFF)
T1E27D780 000:203.812 - 0.003ms returns 1
T1E27D780 000:203.816 JLINK_SetResetType(JLINKARM_CM3_RESET_TYPE_CONNECT_UNDER_RESET)
T1E27D780 000:203.819 - 0.003ms returns JLINKARM_CM3_RESET_TYPE_NORMAL
T1E27D780 000:203.829 JLINK_ExecCommand("EnableFlashBPs", ...). 
T1E27D780 000:203.833 - 0.001ms returns 0x00
T1E27D780 000:203.837 JLINK_ExecCommand("SetAllowFlashCache = 1", ...). 
T1E27D780 000:203.842 - 0.001ms returns 0x01
T1E27D780 000:203.845 JLINK_ExecCommand("SetRestartOnClose = 0", ...). 
T1E27D780 000:203.850 - 0.002ms returns 0x01
T1E27D780 000:203.853 JLINK_EnableSoftBPs(ON)
T1E27D780 000:203.856 - 0.003ms
T1E27D780 000:203.859 JLINK_Connect()
T1E27D780 000:204.180   ConfigTargetSettings() start
T1E27D780 000:204.189    J-Link Script File: Executing ConfigTargetSettings()
T1E27D780 000:204.194   Configuring FlashDLNoRMWThreshold=0x200 in order to make sure that option bytes programming is done via read-modify-write
T1E27D780 000:207.462   ConfigTargetSettings() end - Took 3.27ms
T1E27D780 000:207.470   InitTarget() start
T1E27D780 000:207.473    J-Link Script File: Executing InitTarget()
T1E27D780 000:207.478   SWD selected. Executing JTAG -> SWD switching sequence.
T1E27D780 000:211.103   DAP initialized successfully.
T1E27D780 000:211.113   Determining TrustZone configuration...
T1E27D780 000:213.718     Secure Debug: Enabled (SSD)
T1E27D780 000:213.727   Determining currently configured transfer type by reading the AHB-AP CSW register.
T1E27D780 000:215.757     --> Correct transfer type configured. Done.
T1E27D780 000:215.768   InitTarget() end - Took 8.29ms
T1E27D780 000:216.807   Found SW-DP with ID 0x6BA02477
T1E27D780 000:221.347   DPIDR: 0x6BA02477
T1E27D780 000:221.370   CoreSight SoC-400 or earlier
T1E27D780 000:221.375   AP map detection skipped. Manually configured AP map found.
T1E27D780 000:221.379   AP[0]: AHB-AP (IDR: Not set)
T1E27D780 000:223.359   AP[0]: Core found
T1E27D780 000:223.368   AP[0]: AHB-AP ROM base: 0xE00FE000
T1E27D780 000:224.305   CPUID register: 0x410FD214. Implementer code: 0x41 (ARM)
T1E27D780 000:224.314   Feature set: Mainline
T1E27D780 000:225.385   Cache: No cache
T1E27D780 000:225.395   Found Cortex-M33 r0p4, Little endian.
T1E27D780 000:225.767   -- Max. mem block: 0x00001700
T1E27D780 000:225.777   CPU_ReadMem(4 bytes @ 0xE000EDF0)
T1E27D780 000:226.646   CPU_ReadMem(4 bytes @ 0xE0002000)
T1E27D780 000:227.567   FPUnit: 8 code (BP) slots and 0 literal slots
T1E27D780 000:227.577   CPU_ReadMem(4 bytes @ 0xE000EDFC)
T1E27D780 000:228.356   CPU_ReadMem(4 bytes @ 0xE0001000)
T1E27D780 000:229.182   CPU_ReadMem(4 bytes @ 0xE0001000)
T1E27D780 000:230.104   CPU_ReadMem(4 bytes @ 0xE0001028)
T1E27D780 000:230.763   CPU_ReadMem(4 bytes @ 0xE0001038)
T1E27D780 000:231.668   CPU_ReadMem(4 bytes @ 0xE0001048)
T1E27D780 000:232.616   CPU_ReadMem(4 bytes @ 0xE0001058)
T1E27D780 000:233.542   CPU_WriteMem(4 bytes @ 0xE0001000)
T1E27D780 000:234.331   CPU_ReadMem(4 bytes @ 0xE000ED88)
T1E27D780 000:235.195   CPU_WriteMem(4 bytes @ 0xE000ED88)
T1E27D780 000:236.115   CPU_ReadMem(4 bytes @ 0xE000ED88)
T1E27D780 000:236.950   CPU_WriteMem(4 bytes @ 0xE000ED88)
T1E27D780 000:237.872   CPU_ReadMem(4 bytes @ 0xE000EFB8)
T1E27D780 000:238.648   Security extension: implemented
T1E27D780 000:238.657   Secure debug: enabled
T1E27D780 000:238.661   CoreSight components:
T1E27D780 000:238.665   ROMTbl[0] @ E00FE000
T1E27D780 000:238.670   CPU_ReadMem(64 bytes @ 0xE00FE000)
T1E27D780 000:240.371   CPU_ReadMem(32 bytes @ 0xE0044FE0)
T1E27D780 000:241.477   CPU_ReadMem(4 bytes @ 0xE0044FBC)
T1E27D780 000:242.393   CPU_ReadMem(4 bytes @ 0xE0044FCC)
T1E27D780 000:243.018   [0][0]: E0044000 CID B105900D PID 005BB906 DEVARCH 00000000 DEVTYPE 14 CTI (?)
T1E27D780 000:243.024   CPU_ReadMem(32 bytes @ 0xE0047FE0)
T1E27D780 000:244.135   CPU_ReadMem(4 bytes @ 0xE0047FBC)
T1E27D780 000:245.043   CPU_ReadMem(4 bytes @ 0xE0047FCC)
T1E27D780 000:245.941   [0][1]: E0047000 CID B105900D PID 003BB908 DEVARCH 00000000 DEVTYPE 12 CSTF
T1E27D780 000:245.952   CPU_ReadMem(32 bytes @ 0xE0048FE0)
T1E27D780 000:246.913   CPU_ReadMem(4 bytes @ 0xE0048FBC)
T1E27D780 000:247.818   CPU_ReadMem(4 bytes @ 0xE0048FCC)
T1E27D780 000:248.726   [0][2]: E0048000 CID B105900D PID 001BB961 DEVARCH 00000000 DEVTYPE 21 ETB
T1E27D780 000:248.743   CPU_ReadMem(32 bytes @ 0xE0049FE0)
T1E27D780 000:249.963   [0][3]: E0049000 CID B105F00D PID 001BB101 TSG
T1E27D780 000:249.974   CPU_ReadMem(32 bytes @ 0xE0040FE0)
T1E27D780 000:251.106   CPU_ReadMem(4 bytes @ 0xE0040FBC)
T1E27D780 000:251.996   CPU_ReadMem(4 bytes @ 0xE0040FCC)
T1E27D780 000:252.779   [0][4]: E0040000 CID B105900D PID 000BBD21 DEVARCH 00000000 DEVTYPE 11 TPIU
T1E27D780 000:252.789   CPU_ReadMem(32 bytes @ 0xE00FFFE0)
T1E27D780 000:254.061   [0][5]: E00FF000 CID B105100D PID 000BB4C9 ROM Table
T1E27D780 000:254.070   ROMTbl[1] @ E00FF000
T1E27D780 000:254.075   CPU_ReadMem(64 bytes @ 0xE00FF000)
T1E27D780 000:255.789   CPU_ReadMem(32 bytes @ 0xE000EFE0)
T1E27D780 000:256.887   CPU_ReadMem(4 bytes @ 0xE000EFBC)
T1E27D780 000:257.528   CPU_ReadMem(4 bytes @ 0xE000EFCC)
T1E27D780 000:258.207   [1][0]: E000E000 CID B105900D PID 000BBD21 DEVARCH 47702A04 DEVTYPE 00 Cortex-M33
T1E27D780 000:258.218   CPU_ReadMem(32 bytes @ 0xE0001FE0)
T1E27D780 000:259.368   CPU_ReadMem(4 bytes @ 0xE0001FBC)
T1E27D780 000:260.136   CPU_ReadMem(4 bytes @ 0xE0001FCC)
T1E27D780 000:261.002   [1][1]: E0001000 CID B105900D PID 000BBD21 DEVARCH 47701A02 DEVTYPE 00 DWT
T1E27D780 000:261.011   CPU_ReadMem(32 bytes @ 0xE0002FE0)
T1E27D780 000:262.222   CPU_ReadMem(4 bytes @ 0xE0002FBC)
T1E27D780 000:263.124   CPU_ReadMem(4 bytes @ 0xE0002FCC)
T1E27D780 000:263.779   [1][2]: E0002000 CID B105900D PID 000BBD21 DEVARCH 47701A03 DEVTYPE 00 FPB
T1E27D780 000:263.789   CPU_ReadMem(32 bytes @ 0xE0000FE0)
T1E27D780 000:265.070   CPU_ReadMem(4 bytes @ 0xE0000FBC)
T1E27D780 000:265.910   CPU_ReadMem(4 bytes @ 0xE0000FCC)
T1E27D780 000:266.743   [1][3]: E0000000 CID B105900D PID 000BBD21 DEVARCH 47701A01 DEVTYPE 43 ITM
T1E27D780 000:266.753   CPU_ReadMem(32 bytes @ 0xE0041FE0)
T1E27D780 000:267.767   CPU_ReadMem(4 bytes @ 0xE0041FBC)
T1E27D780 000:268.660   CPU_ReadMem(4 bytes @ 0xE0041FCC)
T1E27D780 000:269.612   [1][5]: E0041000 CID B105900D PID 002BBD21 DEVARCH 47724A13 DEVTYPE 13 ETM
T1E27D780 000:269.622   CPU_ReadMem(32 bytes @ 0xE0042FE0)
T1E27D780 000:270.778   CPU_ReadMem(4 bytes @ 0xE0042FBC)
T1E27D780 000:271.431   CPU_ReadMem(4 bytes @ 0xE0042FCC)
T1E27D780 000:272.085   [1][6]: E0042000 CID B105900D PID 000BBD21 DEVARCH 47701A14 DEVTYPE 14 CSS600-CTI
T1E27D780 000:272.098 - 68.238ms returns 0x00
T1E27D780 000:272.107 JLINK_Halt()
T1E27D780 000:278.865 - 6.757ms returns 0x00
T1E27D780 000:278.876 JLINK_IsHalted()
T1E27D780 000:278.882 - 0.005ms returns TRUE
T1E27D780 000:278.889 JLINK_ResetPullsRESET(ON)
T1E27D780 000:278.893 - 0.005ms
T1E27D780 000:278.900 JLINK_Reset()
T1E27D780 000:278.910   CPU_WriteMem(4 bytes @ 0xE000EDF0)
T1E27D780 000:279.837   CPU_ReadMem(4 bytes @ 0xE000ED44)
T1E27D780 000:280.555   CPU_ReadMem(4 bytes @ 0xE000EE08)
T1E27D780 000:281.240   CPU_WriteMem(4 bytes @ 0xE000EE08)
T1E27D780 000:281.942   CPU_ReadMem(4 bytes @ 0xE000EE08)
T1E27D780 000:282.767   Reset: ARMv8M core with Security Extension enabled detected. Switch to secure domain.
T1E27D780 000:282.777   CPU_WriteMem(4 bytes @ 0xE000EDFC)
T1E27D780 000:283.661   Reset: Halt core after reset via DEMCR.VC_CORERESET.
T1E27D780 000:284.797   Reset: Reset device via AIRCR.SYSRESETREQ.
T1E27D780 000:284.808   CPU_WriteMem(4 bytes @ 0xE000ED0C)
T1E27D780 000:339.757   CPU_ReadMem(4 bytes @ 0xE000EDF0)
T1E27D780 000:340.660   CPU_ReadMem(4 bytes @ 0xE000EDF0)
T1E27D780 000:341.639   CPU_WriteMem(4 bytes @ 0xE000EDFC)
T1E27D780 000:348.340   CPU_ReadMem(4 bytes @ 0xE000EDF0)
T1E27D780 000:356.169   CPU_WriteMem(4 bytes @ 0xE0002000)
T1E27D780 000:357.071   CPU_ReadMem(4 bytes @ 0xE000EDFC)
T1E27D780 000:358.000   CPU_ReadMem(4 bytes @ 0xE0001000)
T1E27D780 000:358.925   CPU_ReadMem(4 bytes @ 0xE000EE08)
T1E27D780 000:359.874 - 80.975ms
T1E27D780 000:359.918 JLINK_ReadMem(0xE000EDF0, 0x4 Bytes, ...)
T1E27D780 000:359.929   CPU_ReadMem(4 bytes @ 0xE000EDF0)
T1E27D780 000:360.804   Data:  03 00 13 00
T1E27D780 000:360.822   Debug reg: DHCSR
T1E27D780 000:360.826 - 0.909ms returns 0
T1E27D780 000:360.839 JLINK_ReadMem(0x010080F0, 0x10 Bytes, ...)
T1E27D780 000:360.846   CPU_ReadMem(16 bytes @ 0x010080F0)
T1E27D780 000:361.856   Data:  52 37 46 41 36 4D 35 42 48 33 43 46 43 20 20 20
T1E27D780 000:361.865 - 1.026ms returns 0
T1E27D780 000:361.873 JLINK_IsHalted()
T1E27D780 000:361.877 - 0.003ms returns TRUE
T1E27D780 000:362.009 JLINK_ReadMem(0xE000EDF0, 0x4 Bytes, ...)
T1E27D780 000:362.017   CPU_ReadMem(4 bytes @ 0xE000EDF0)
T1E27D780 000:362.917   Data:  03 00 13 00
T1E27D780 000:362.926   Debug reg: DHCSR
T1E27D780 000:362.930 - 0.922ms returns 0
T1E27D780 000:362.935 JLINK_ReadMem(0x400E002C, 0x4 Bytes, ...)
T1E27D780 000:362.941   CPU_ReadMem(4 bytes @ 0x400E002C)
T1E27D780 000:363.567   Data:  02 00 00 00
T1E27D780 000:363.577 - 0.641ms returns 0
T1E27D780 000:363.589 JLINK_MeasureCPUSpeed(RAMAddr = 0x20000000)
T1E27D780 000:363.595   CPU_ReadMem(16 bytes @ 0x20000000)
T1E27D780 000:364.656   CPU_ReadMem(4 bytes @ 0xE000EDFC)
T1E27D780 000:365.583   CPU_ReadMem(4 bytes @ 0xE0001000)
T1E27D780 000:366.262   CPU_ReadMem(6 bytes @ 0x20000000)
T1E27D780 000:367.155   CPU_ReadMem(4 bytes @ 0xE000ED90)
T1E27D780 000:368.011   CPU_ReadMem(4 bytes @ 0xE000ED94)
T1E27D780 000:368.919   CPU_WriteMem(16 bytes @ 0x20000000)
T1E27D780 000:370.043   CPU_WriteMem(6 bytes @ 0x20000000)
T1E27D780 000:370.999   CPU_ReadMem(6 bytes @ 0x20000000)
T1E27D780 000:371.985   CPU_ReadMem(4 bytes @ 0xE000EE08)
T1E27D780 000:372.931   CPU_WriteMem(4 bytes @ 0xE0002008)
T1E27D780 000:372.941   CPU_WriteMem(4 bytes @ 0xE000200C)
T1E27D780 000:372.945   CPU_WriteMem(4 bytes @ 0xE0002010)
T1E27D780 000:372.949   CPU_WriteMem(4 bytes @ 0xE0002014)
T1E27D780 000:372.953   CPU_WriteMem(4 bytes @ 0xE0002018)
T1E27D780 000:372.957   CPU_WriteMem(4 bytes @ 0xE000201C)
T1E27D780 000:372.961   CPU_WriteMem(4 bytes @ 0xE0002020)
T1E27D780 000:372.965   CPU_WriteMem(4 bytes @ 0xE0002024)
T1E27D780 000:376.933   CPU_WriteMem(4 bytes @ 0xE0001004)
T1E27D780 000:388.221   CPU_ReadMem(4 bytes @ 0xE0001004)
T1E27D780 000:389.097   CPU_ReadMem(4 bytes @ 0xE000EE08)
T1E27D780 000:389.982   CPU_WriteMem(4 bytes @ 0xE0002008)
T1E27D780 000:390.903   CPU_WriteMem(4 bytes @ 0xE000200C)
T1E27D780 000:391.718   CPU_WriteMem(4 bytes @ 0xE0002010)
T1E27D780 000:392.797   CPU_WriteMem(4 bytes @ 0xE0002014)
T1E27D780 000:393.570   CPU_WriteMem(4 bytes @ 0xE0002018)
T1E27D780 000:394.397   CPU_WriteMem(4 bytes @ 0xE000201C)
T1E27D780 000:395.161   CPU_WriteMem(4 bytes @ 0xE0002020)
T1E27D780 000:396.018   CPU_WriteMem(4 bytes @ 0xE0002024)
T1E27D780 000:396.809   CPU_ReadMem(4 bytes @ 0xE000EE08)
T1E27D780 000:397.554   CPU_ReadMem(4 bytes @ 0xE000EE08)
T1E27D780 000:398.331   CPU_WriteMem(4 bytes @ 0xE0001004)
T1E27D780 000:429.875   CPU_ReadMem(4 bytes @ 0xE0001004)
T1E27D780 000:430.517   CPU_WriteMem(6 bytes @ 0x20000000)
T1E27D780 000:431.385   ClockFreq: 2082000 Hz
T1E27D780 000:431.395 - 67.805ms returns 2082000
T1E27D780 000:431.404 JLINK_ReadReg(XPSR)
T1E27D780 000:431.411   CPU_ReadMem(4 bytes @ 0xE000EE08)
T1E27D780 000:432.276 - 0.872ms returns 0xF9000000
TEA00640 000:439.964 JLINK_ReadReg(XPSR)
TEA00640 000:439.996   CPU_ReadMem(4 bytes @ 0xE000EE08)
TEA00640 000:440.622 - 0.658ms returns 0xF9000000
TEA00640 000:451.455 JLINK_ReadReg(XPSR)
TEA00640 000:451.478   CPU_ReadMem(4 bytes @ 0xE000EE08)
TEA00640 000:452.075 - 0.621ms returns 0xF9000000
TEA00640 000:573.868 JLINK_SetEndian(ARM_ENDIAN_LITTLE)
TEA00640 000:573.884 - 0.017ms returns 0
TEA00640 000:573.943 JLINK_BeginDownload(Flags = 0x00000000)
TEA00640 000:573.950 - 0.008ms
TEA00640 000:576.514 JLINK_ReadMem(0xE000EDF0, 0x4 Bytes, ...)
TEA00640 000:576.545   CPU_ReadMem(4 bytes @ 0xE000EDF0)
TEA00640 000:577.128   Data:  03 00 13 00
TEA00640 000:577.155   Debug reg: DHCSR
TEA00640 000:577.159 - 0.647ms returns 0
TEA00640 000:577.639 JLINK_WriteMem(0x00000000, 0xBC0 Bytes, ...)
TEA00640 000:577.645   Data:  50 06 00 20 CD 0E 00 00 35 0D 00 00 C9 0E 00 00 ...
TEA00640 000:578.297   completely In flash
TEA00640 000:578.308 - 0.670ms returns 0xBC0
TEA00640 000:578.586 JLINK_WriteMem(0x00000BC0, 0x878 Bytes, ...)
TEA00640 000:578.594   Data:  01 23 2F 49 2F 4A 2D E9 F0 43 A1 F8 FE 03 A2 F8 ...
TEA00640 000:578.606   completely In flash
TEA00640 000:578.611 - 0.026ms returns 0x878
TEA00640 000:578.817 JLINK_WriteMem(0x00001438, 0xC Bytes, ...)
TEA00640 000:578.822   Data:  40 00 35 00 2D 02 00 00 05 02 00 00
TEA00640 000:578.828   completely In flash
TEA00640 000:578.833 - 0.015ms returns 0xC
TEA00640 000:579.165 JLINK_WriteMem(0x0100A100, 0x14 Bytes, ...)
TEA00640 000:579.177   Data:  FF FF FF FF FF FF FF FF FF FF FF FF FF FF FF FF ...
TEA00640 000:579.826   completely In flash
TEA00640 000:579.832 - 0.667ms returns 0x14
TEA00640 000:580.145 JLINK_WriteMem(0x0100A134, 0x4 Bytes, ...)
TEA00640 000:580.158   Data:  FF FF FF FF
TEA00640 000:580.166   completely In flash
TEA00640 000:580.170 - 0.026ms returns 0x4
TEA00640 000:580.483 JLINK_WriteMem(0x0100A200, 0xD0 Bytes, ...)
TEA00640 000:580.489   Data:  FF FD FF FF FF FF FF FF FF FF FF FF FF FF FF FF ...
TEA00640 000:580.495   completely In flash
TEA00640 000:580.499 - 0.017ms returns 0xD0
TEA00640 000:581.732 JLINK_EndDownload()
TEA00640 000:582.077   CPU_ReadMem(4 bytes @ 0xE000ED90)
TEA00640 000:582.719   CPU_ReadMem(4 bytes @ 0xE000ED94)
TEA00640 000:583.384    -- --------------------------------------
TEA00640 000:583.405    -- Start of determining flash info (Bank @ 0x0100A100)
TEA00640 000:583.438    -- End of determining flash info
TEA00640 000:583.443    -- Start of determining dirty areas in flash cache
TEA00640 000:583.450    -- Filling invalid ranges in sector buffer (flash cache) for sector @ 0x0100A100 if necessary
TEA00640 000:583.456    -- Filling invalid ranges in sector buffer (flash cache) for sector @ 0x0100A110 if necessary
TEA00640 000:583.462    -- Filling invalid ranges in sector buffer (flash cache) for sector @ 0x0100A130 if necessary
TEA00640 000:583.468    -- Filling invalid ranges in sector buffer (flash cache) for sector @ 0x0100A200 if necessary
TEA00640 000:583.473    -- Filling invalid ranges in sector buffer (flash cache) for sector @ 0x0100A210 if necessary
TEA00640 000:583.477    -- Filling invalid ranges in sector buffer (flash cache) for sector @ 0x0100A220 if necessary
TEA00640 000:583.482    -- Filling invalid ranges in sector buffer (flash cache) for sector @ 0x0100A230 if necessary
TEA00640 000:583.487    -- Filling invalid ranges in sector buffer (flash cache) for sector @ 0x0100A240 if necessary
TEA00640 000:583.492    -- Filling invalid ranges in sector buffer (flash cache) for sector @ 0x0100A250 if necessary
TEA00640 000:583.497    -- Filling invalid ranges in sector buffer (flash cache) for sector @ 0x0100A260 if necessary
TEA00640 000:583.502    -- Filling invalid ranges in sector buffer (flash cache) for sector @ 0x0100A270 if necessary
TEA00640 000:583.506    -- Filling invalid ranges in sector buffer (flash cache) for sector @ 0x0100A280 if necessary
TEA00640 000:583.511    -- Filling invalid ranges in sector buffer (flash cache) for sector @ 0x0100A290 if necessary
TEA00640 000:583.516    -- Filling invalid ranges in sector buffer (flash cache) for sector @ 0x0100A2A0 if necessary
TEA00640 000:583.521    -- Filling invalid ranges in sector buffer (flash cache) for sector @ 0x0100A2B0 if necessary
TEA00640 000:583.526    -- Filling invalid ranges in sector buffer (flash cache) for sector @ 0x0100A2C0 if necessary
TEA00640 000:583.530    -- End of determining dirty areas
TEA00640 000:583.535    -- Start of preparing flash programming
TEA00640 000:583.540    -- Preparing RAMCode
TEA00640 000:583.544    -- Calculating RAM usage
TEA00640 000:583.549    -- RAM usage = 5120 Bytes
TEA00640 000:583.554    -- Preserving CPU registers
TEA00640 000:603.256    -- Preparing memory
TEA00640 000:603.274    -- Determining CPU clock frequency
TEA00640 000:664.630    -- CPU frequency = 2082 kHz
TEA00640 000:664.647    -- Preparing target
TEA00640 000:664.662    -- Preserving target RAM temporarily used for programming
TEA00640 000:725.001    -- Downloading RAMCode
TEA00640 000:806.226    -- Initializing RAMCode (InitType: 3 = Verify)
TEA00640 000:806.258    -- Executing Init(3)
TEA00640 000:827.548    -- End of preparing flash programming
TEA00640 000:827.568   
  ***** Warning: 
TEA00640 000:827.572   CPU is running at low speed (2082 kHz).
TEA00640 000:827.576    -- CPU is running at 2082 kHz.
TEA00640 000:827.581    -- Start of comparing flash
TEA00640 000:827.585    -- Flash algorithm supports a native verify function which is used to compare the flash content.
TEA00640 000:827.591    -- Comparing range 0x100A100 - 0x100A11F (2 Sectors, 32 Bytes), using verify function of the RAMCode
TEA00640 000:830.343    -- Data matches for sectors 0-1
TEA00640 000:830.357    -- Comparing range 0x100A130 - 0x100A13F (1 Sector, 16 Bytes), using verify function of the RAMCode
TEA00640 000:832.971    -- Data matches for sector 3
TEA00640 000:832.981    -- Comparing range 0x100A200 - 0x100A2CF (13 Sectors, 208 Bytes), using verify function of the RAMCode
TEA00640 000:838.402    -- Data matches for sectors 16-28
TEA00640 000:838.417    -- End of comparing flash
TEA00640 000:838.423    -- Start of erasing sectors
TEA00640 000:838.428    -- End of erasing sectors
TEA00640 000:838.433    -- Start of flash programming
TEA00640 000:838.437    -- End of flash programming
TEA00640 000:838.442    -- Start of verifying flash
TEA00640 000:838.446    -- End of verifying flash
TEA00640 000:838.451    -- Start of restoring
TEA00640 000:838.456    -- Executing UnInit()
TEA00640 000:846.996    -- Restoring target memory
TEA00640 000:899.245    -- Restoring CPU registers
TEA00640 000:900.229    -- End of restoring
TEA00640 000:900.241    -- Bank 0 @ 0x0100A100: Skipped. Contents already match
TEA00640 000:900.246    -- Bank 0 @ 0x0100A100: Skipped. Contents already match
TEA00640 000:900.252    -- --------------------------------------
TEA00640 000:900.257    -- Flash bank @ 0x00000000: Default: L2 verify disabled because algorithm performs L1 verify
TEA00640 000:900.262    -- Start of determining dirty areas in flash cache
TEA00640 000:900.269    -- Filling invalid ranges in sector buffer (flash cache) for sector @ 0x00000000 if necessary
TEA00640 000:900.657    -- End of determining dirty areas
TEA00640 000:900.663    -- Start of preparing flash programming
TEA00640 000:900.667    -- Calculating RAM usage
TEA00640 000:900.681    -- RAM usage = 3476 Bytes
TEA00640 000:900.685    -- Preserving CPU registers
TEA00640 000:900.707    -- Determining CPU clock frequency
TEA00640 000:956.968    -- Preparing target
TEA00640 000:957.024    -- Preserving target RAM temporarily used for programming
TEA00640 000:998.132    -- Downloading RAMCode
TEA00640 001:045.985    -- Preparing RAMCode
TEA00640 001:067.315    -- CPU frequency = 100000 kHz
TEA00640 001:067.337    -- End of preparing flash programming
TEA00640 001:067.343    -- CPU is running at 100000 kHz.
TEA00640 001:067.348    -- Start of comparing flash
TEA00640 001:067.353    -- CRC check was estimated as fastest method
TEA00640 001:067.358    -- Comparing range 0x0000 - 0x1FFF (1 Sector, 8 KB), using multi-block CRC calculation
TEA00640 001:073.899    -- All CRCs match
TEA00640 001:073.937    -- Comparing range 0x0000 - 0x1FFF (1 Sector, 8 KB), using alternative multi-block CRC calculation
TEA00640 001:080.940    -- All CRCs match
TEA00640 001:080.955    -- End of comparing flash
TEA00640 001:080.960    -- Start of erasing sectors
TEA00640 001:080.964    -- End of erasing sectors
TEA00640 001:080.968    -- Start of flash programming
TEA00640 001:080.973    -- End of flash programming
TEA00640 001:080.977    -- Start of restoring
TEA00640 001:080.981    -- Restoring RAMCode
TEA00640 001:089.871    -- Restoring target memory
TEA00640 001:125.726    -- Restore target
TEA00640 001:125.744    -- Restoring CPU registers
TEA00640 001:126.362    -- End of restoring
TEA00640 001:126.385    -- Bank 1 @ 0x00000000: Skipped. Contents already match
TEA00640 001:126.389    -- Bank 1 @ 0x00000000: Skipped. Contents already match
TEA00640 001:139.567 - 557.835ms returns 0 (0x0)
TEA00640 001:139.668 JLINK_WriteReg(R15 (PC), 0x00000ECC)
TEA00640 001:139.678 - 0.011ms returns 0
TEA00640 001:139.683 JLINK_WriteReg(XPSR, 0x01000000)
TEA00640 001:139.687 - 0.004ms returns 0
TEA00640 001:139.697 JLINK_ResetPullsRESET(ON)
TEA00640 001:139.700 - 0.004ms
TEA00640 001:139.703 JLINK_Halt()
TEA00640 001:139.707 - 0.003ms returns 0x00
TEA00640 001:139.710 JLINK_IsHalted()
TEA00640 001:139.713 - 0.004ms returns TRUE
TEA00640 001:139.717 JLINK_Reset()
TEA00640 001:139.725   CPU_WriteMem(4 bytes @ 0xE000EDF0)
TEA00640 001:140.497   CPU_ReadMem(4 bytes @ 0xE000ED44)
TEA00640 001:141.090   CPU_ReadMem(4 bytes @ 0xE000EE08)
TEA00640 001:141.682   CPU_WriteMem(4 bytes @ 0xE000EE08)
TEA00640 001:142.479   CPU_ReadMem(4 bytes @ 0xE000EE08)
TEA00640 001:143.117   Reset: ARMv8M core with Security Extension enabled detected. Switch to secure domain.
TEA00640 001:143.130   CPU_WriteMem(4 bytes @ 0xE000EDFC)
TEA00640 001:143.896   Reset: Halt core after reset via DEMCR.VC_CORERESET.
TEA00640 001:144.729   Reset: Reset device via AIRCR.SYSRESETREQ.
TEA00640 001:144.742   CPU_WriteMem(4 bytes @ 0xE000ED0C)
TEA00640 001:199.626   CPU_ReadMem(4 bytes @ 0xE000EDF0)
TEA00640 001:200.357   CPU_ReadMem(4 bytes @ 0xE000EDF0)
TEA00640 001:201.145   CPU_WriteMem(4 bytes @ 0xE000EDFC)
TEA00640 001:207.505   CPU_ReadMem(4 bytes @ 0xE000EDF0)
TEA00640 001:214.941   CPU_WriteMem(4 bytes @ 0xE0002000)
TEA00640 001:215.847   CPU_ReadMem(4 bytes @ 0xE000EDFC)
TEA00640 001:216.673   CPU_ReadMem(4 bytes @ 0xE0001000)
TEA00640 001:217.591   CPU_ReadMem(4 bytes @ 0xE000EE08)
TEA00640 001:218.541 - 78.825ms
TEA00640 001:218.554 JLINK_SetEndian(ARM_ENDIAN_LITTLE)
TEA00640 001:218.557 - 0.003ms returns 0
TEA00640 001:219.432 JLINK_ResetPullsRESET(ON)
TEA00640 001:219.444 - 0.013ms
TEA00640 001:219.449 JLINK_Halt()
TEA00640 001:219.453 - 0.003ms returns 0x00
TEA00640 001:219.456 JLINK_IsHalted()
TEA00640 001:219.460 - 0.004ms returns TRUE
TEA00640 001:219.463 JLINK_Reset()
TEA00640 001:219.473   CPU_WriteMem(4 bytes @ 0xE000EDF0)
TEA00640 001:220.136   CPU_ReadMem(4 bytes @ 0xE000ED44)
TEA00640 001:220.754   CPU_ReadMem(4 bytes @ 0xE000EE08)
TEA00640 001:221.404   CPU_WriteMem(4 bytes @ 0xE000EE08)
TEA00640 001:222.119   CPU_ReadMem(4 bytes @ 0xE000EE08)
TEA00640 001:222.790   Reset: ARMv8M core with Security Extension enabled detected. Switch to secure domain.
TEA00640 001:222.801   CPU_WriteMem(4 bytes @ 0xE000EDFC)
TEA00640 001:223.537   Reset: Halt core after reset via DEMCR.VC_CORERESET.
TEA00640 001:224.401   Reset: Reset device via AIRCR.SYSRESETREQ.
TEA00640 001:224.418   CPU_WriteMem(4 bytes @ 0xE000ED0C)
TEA00640 001:279.216   CPU_ReadMem(4 bytes @ 0xE000EDF0)
TEA00640 001:280.259   CPU_ReadMem(4 bytes @ 0xE000EDF0)
TEA00640 001:281.177   CPU_WriteMem(4 bytes @ 0xE000EDFC)
TEA00640 001:287.820   CPU_ReadMem(4 bytes @ 0xE000EDF0)
TEA00640 001:295.251   CPU_WriteMem(4 bytes @ 0xE0002000)
TEA00640 001:295.942   CPU_ReadMem(4 bytes @ 0xE000EDFC)
TEA00640 001:296.718   CPU_ReadMem(4 bytes @ 0xE0001000)
TEA00640 001:297.407   CPU_ReadMem(4 bytes @ 0xE000EE08)
TEA00640 001:298.049 - 78.585ms
TEA00640 001:298.092 JLINK_SetEndian(ARM_ENDIAN_LITTLE)
TEA00640 001:298.095 - 0.004ms returns 0
TEA00640 001:298.846 JLINK_ReadReg(XPSR)
TEA00640 001:298.863   CPU_ReadMem(4 bytes @ 0xE000EE08)
TEA00640 001:299.463 - 0.616ms returns 0xF9000000
TEA00640 001:302.266 JLINK_ReadReg(XPSR)
TEA00640 001:302.297 - 0.032ms returns 0xF9000000
TEA00640 001:302.798 JLINK_ReadMem(0x00000ECC, 0x4 Bytes, ...)
TEA00640 001:302.810    -- Read from flash cache (4 bytes @ 0x00000ECC)
TEA00640 001:302.816   Data:  08 B5 00 F0
TEA00640 001:302.823 - 0.025ms returns 0
TEA00640 001:303.725 JLINK_ReadMem(0x00000ECC, 0x4 Bytes, ...)
TEA00640 001:303.744    -- Read from flash cache (4 bytes @ 0x00000ECC)
TEA00640 001:303.760   Data:  08 B5 00 F0
TEA00640 001:303.765 - 0.041ms returns 0
TEA00640 001:304.644 JLINK_ReadReg(XPSR)
TEA00640 001:304.669 - 0.025ms returns 0xF9000000
TEA00640 001:304.922 JLINK_ReadMem(0x00000ECC, 0x4 Bytes, ...)
TEA00640 001:304.941    -- Read from flash cache (4 bytes @ 0x00000ECC)
TEA00640 001:304.948   Data:  08 B5 00 F0
TEA00640 001:304.953 - 0.030ms returns 0
TEA00640 001:308.789 JLINK_ReadMem(0x0000029C, 0x2 Bytes, ...)
TEA00640 001:308.811    -- Read from flash cache (2 bytes @ 0x0000029C)
TEA00640 001:308.817   Data:  4F F0
TEA00640 001:308.822 - 0.034ms returns 0
TEA00640 001:308.976 JLINK_ReadMem(0x00000240, 0x40 Bytes, ...)
TEA00640 001:308.985    -- Read from flash cache (64 bytes @ 0x00000240)
TEA00640 001:308.994   Data:  CD BF 00 BF 00 00 00 00 2C 00 00 20 0C 14 00 00 ...
TEA00640 001:309.001 - 0.025ms returns 0
TEA00640 001:309.136 JLINK_ReadMem(0x0000029C, 0x2 Bytes, ...)
TEA00640 001:309.149    -- Read from flash cache (2 bytes @ 0x0000029C)
TEA00640 001:309.153   Data:  4F F0
TEA00640 001:309.158 - 0.023ms returns 0
TEA00640 001:416.460 JLINK_ReadReg(XPSR)
TEA00640 001:416.495 - 0.035ms returns 0xF9000000
TEA00640 001:416.984 JLINK_GetNumBPUnits(Type = 0xFFFFFF00)
TEA00640 001:416.994 - 0.011ms returns 0x08
TEA00640 001:416.998 JLINK_GetNumWPUnits()
TEA00640 001:417.001 - 0.003ms returns 4
TEA00640 001:417.004 JLINK_GetNumWPUnits()
TEA00640 001:417.008 - 0.003ms returns 4
TEA00640 001:417.018 JLINK_GetNumBPUnits(Type = 0xFFFFFF00)
TEA00640 001:417.022 - 0.005ms returns 0x08
TEA00640 001:417.026 JLINK_GetNumWPUnits()
TEA00640 001:417.029 - 0.003ms returns 4
TEA00640 001:417.033 JLINK_GetNumWPUnits()
TEA00640 001:417.037 - 0.004ms returns 4
TEA00640 001:417.047 JLINK_GetNumBPUnits(Type = 0xFFFFFF00)
TEA00640 001:417.062 - 0.003ms returns 0x08
TEA00640 001:417.087 JLINK_GetNumWPUnits()
TEA00640 001:417.092 - 0.005ms returns 4
TEA00640 001:417.110 JLINK_GetNumWPUnits()
TEA00640 001:417.113 - 0.003ms returns 4
TEA00640 001:417.143 JLINK_SetBPEx(Addr = 0x0000041C, Type = 0xFFFFFF00)
TEA00640 001:417.149 - 0.007ms returns 0x00000001
TEA00640 001:417.155 JLINK_ClrBPEx(BPHandle = 0x00000001)
TEA00640 001:417.160 - 0.004ms returns 0x00
TEA00640 001:418.297 JLINK_ReadMem(0x00000400, 0x40 Bytes, ...)
TEA00640 001:418.362    -- Read from flash cache (64 bytes @ 0x00000400)
TEA00640 001:418.373   Data:  9C 10 00 00 48 00 00 20 03 79 02 2B 02 D1 01 22 ...
TEA00640 001:418.380 - 0.099ms returns 0
TEA00640 001:418.709 JLINK_ReadMem(0x0000041C, 0x2 Bytes, ...)
TEA00640 001:418.723    -- Read from flash cache (2 bytes @ 0x0000041C)
TEA00640 001:418.730   Data:  08 B5
TEA00640 001:418.737 - 0.029ms returns 0
TEA00640 001:419.109 JLINK_SetBPEx(Addr = 0x0000041C, Type = 0xFFFFFF00)
TEA00640 001:419.152 - 0.043ms returns 0x00000002
TEA00640 001:423.763 JLINK_ReadRegs(NumRegs = 22, Indexes: 0, 1, 2, 3, 4, 5, 6, 7, 8, 9, 10, 11, 12, 13, 14, 15, 16, 17, 18, 86, 87, 20)
TEA00640 001:423.812    -- R0=0x00, R1=0x00, R2=0x00, R3=0x00, R4=0x00, R5=0x00, R6=0x00, R7=0x00, R8=0x03, R9=0xFFFE3FFE, R10=0x60, R11=0x1404, R12=0x2000D888, R13 (SP)=0x20000650, R14=0xFFFFFFFF, R15 (PC)=0xECC, XPSR=0xF9000000, MSP=0x20000650, PSP=0x00, MSPLIM=0x00, PSPLIM=0x00, CFBP=0x00
TEA00640 001:423.818 - 0.054ms returns 0x00
TEA00640 001:424.032 JLINK_ReadReg(XPSR)
TEA00640 001:424.043 - 0.012ms returns 0xF9000000
TEA00640 001:424.718 JLINK_ReadMem(0x00000ECC, 0x4 Bytes, ...)
TEA00640 001:424.744    -- Read from flash cache (4 bytes @ 0x00000ECC)
TEA00640 001:424.751   Data:  08 B5 00 F0
TEA00640 001:424.758 - 0.042ms returns 0
TE000640 001:451.685 JLINK_GetNumBPUnits(Type = 0xFFFFFF00)
TE000640 001:451.704 - 0.020ms returns 0x08
TE000640 001:451.708 JLINK_GetNumWPUnits()
TE000640 001:451.711 - 0.003ms returns 4
TE000640 001:451.715 JLINK_GetNumWPUnits()
TE000640 001:451.718 - 0.003ms returns 4
TE000640 001:452.000 JLINK_GetNumBPUnits(Type = 0xFFFFFF00)
TE000640 001:452.007 - 0.008ms returns 0x08
TE000640 001:452.011 JLINK_GetNumWPUnits()
TE000640 001:452.014 - 0.004ms returns 4
TE000640 001:452.031 JLINK_GetNumWPUnits()
TE000640 001:452.034 - 0.003ms returns 4
TE000640 001:452.292 JLINK_GetNumBPUnits(Type = 0xFFFFFF00)
TE000640 001:452.306 - 0.014ms returns 0x08
TE000640 001:452.312 JLINK_GetNumWPUnits()
TE000640 001:452.316 - 0.005ms returns 4
TE000640 001:452.320 JLINK_GetNumWPUnits()
TE000640 001:452.324 - 0.003ms returns 4
TE000640 001:452.695 JLINK_GetNumBPUnits(Type = 0xFFFFFF00)
TE000640 001:452.703 - 0.009ms returns 0x08
TE000640 001:452.707 JLINK_GetNumWPUnits()
TE000640 001:452.711 - 0.003ms returns 4
TE000640 001:452.714 JLINK_GetNumWPUnits()
TE000640 001:452.718 - 0.004ms returns 4
TE000640 001:453.233 JLINK_GetNumBPUnits(Type = 0xFFFFFF00)
TE000640 001:453.267 - 0.034ms returns 0x08
TE000640 001:453.272 JLINK_GetNumWPUnits()
TE000640 001:453.276 - 0.004ms returns 4
TE000640 001:453.280 JLINK_GetNumWPUnits()
TE000640 001:453.284 - 0.004ms returns 4
TE000640 001:453.835 JLINK_ReadReg(XPSR)
TE000640 001:453.856 - 0.022ms returns 0xF9000000
TE000640 001:453.861 JLINK_ReadReg(R15 (PC))
TE000640 001:453.866 - 0.005ms returns 0x00000ECC
TE000640 001:453.979 JLINK_GetNumBPUnits(Type = 0xFFFFFF00)
TE000640 001:453.989 - 0.010ms returns 0x08
TE000640 001:453.994 JLINK_GetNumWPUnits()
TE000640 001:453.999 - 0.004ms returns 4
TE000640 001:454.003 JLINK_GetNumWPUnits()
TE000640 001:454.007 - 0.004ms returns 4
TE000640 001:454.335 JLINK_GetNumBPUnits(Type = 0xFFFFFF00)
TE000640 001:454.346 - 0.012ms returns 0x08
TE000640 001:454.350 JLINK_GetNumWPUnits()
TE000640 001:454.353 - 0.003ms returns 4
TE000640 001:454.356 JLINK_GetNumWPUnits()
TE000640 001:454.359 - 0.003ms returns 4
TE000640 001:454.541 JLINK_GetNumBPUnits(Type = 0xFFFFFF00)
TE000640 001:454.547 - 0.007ms returns 0x08
TE000640 001:454.551 JLINK_GetNumWPUnits()
TE000640 001:454.554 - 0.003ms returns 4
TE000640 001:454.557 JLINK_GetNumWPUnits()
TE000640 001:454.560 - 0.003ms returns 4
TEA00640 001:627.319 JLINK_ReadMem(0x00000ECC, 0x4 Bytes, ...)
TEA00640 001:627.345    -- Read from flash cache (4 bytes @ 0x00000ECC)
TEA00640 001:627.352   Data:  08 B5 00 F0
TEA00640 001:627.359 - 0.041ms returns 0
TEA00640 001:659.376 JLINK_ReadReg(XPSR)
TEA00640 001:659.429 - 0.053ms returns 0xF9000000
TEA00640 001:659.851 JLINK_ReadReg(XPSR)
TEA00640 001:659.868 - 0.017ms returns 0xF9000000
TEA00640 002:932.254 JLINK_STRACE_Read(..., NumItems = 0x10000)
TEA00640 002:932.670 - 0.417ms NumItemsRead = 0x00
TEA00640 002:932.705 JLINK_IsHalted()
TEA00640 002:933.310 - 0.603ms returns TRUE
TEA00640 002:933.349 JLINK_STRACE_Read(..., NumItems = 0x10000)
TEA00640 002:933.356 - 0.006ms NumItemsRead = 0x00
TEA00640 002:933.362 JLINK_GoEx(MaxEmulInsts = 0, Flags = 0x01)
TEA00640 002:933.380   CPU_WriteMem(4 bytes @ 0xE0002000)
TEA00640 002:933.995   CPU_ReadMem(4 bytes @ 0xE0001000)
TEA00640 002:934.591   CPU_WriteMem(4 bytes @ 0xE0002008)
TEA00640 002:934.605   CPU_WriteMem(4 bytes @ 0xE000200C)
TEA00640 002:934.611   CPU_WriteMem(4 bytes @ 0xE0002010)
TEA00640 002:934.616   CPU_WriteMem(4 bytes @ 0xE0002014)
TEA00640 002:934.622   CPU_WriteMem(4 bytes @ 0xE0002018)
TEA00640 002:934.627   CPU_WriteMem(4 bytes @ 0xE000201C)
TEA00640 002:934.633   CPU_WriteMem(4 bytes @ 0xE0002020)
TEA00640 002:934.639   CPU_WriteMem(4 bytes @ 0xE0002024)
TEA00640 002:938.477   CPU_WriteMem(4 bytes @ 0xE0001004)
TEA00640 002:940.166   Memory map 'after startup completion point' is active
TEA00640 002:940.202 - 6.840ms
TEA00640 003:041.189 JLINK_IsHalted()
TEA00640 003:047.681 - 6.491ms returns TRUE
TEA00640 003:047.695 JLINK_ReadReg(XPSR)
TEA00640 003:047.704   CPU_ReadMem(4 bytes @ 0xE000EE08)
TEA00640 003:048.618 - 0.923ms returns 0x69000000
TEA00640 003:048.628 JLINK_ReadReg(R15 (PC))
TEA00640 003:048.633 - 0.005ms returns 0x0000041C
TEA00640 003:048.638 JLINK_ReadReg(XPSR)
TEA00640 003:048.642 - 0.004ms returns 0x69000000
TEA00640 003:048.645 JLINK_ReadReg(XPSR)
TEA00640 003:048.648 - 0.003ms returns 0x69000000
TEA00640 003:048.651 JLINK_ReadReg(R15 (PC))
TEA00640 003:048.654 - 0.003ms returns 0x0000041C
TEA00640 003:048.666 JLINK_ReadReg(XPSR)
TEA00640 003:048.670 - 0.003ms returns 0x69000000
TEA00640 003:048.673 JLINK_ReadReg(XPSR)
TEA00640 003:048.676 - 0.004ms returns 0x69000000
TEA00640 003:048.679 JLINK_ReadMem(0x0000041C, 0x1 Bytes, ...)
TEA00640 003:048.685    -- Read from flash cache (1 bytes @ 0x0000041C)
TEA00640 003:048.689   Data:  08
TEA00640 003:048.693 - 0.014ms returns 0
TEA00640 003:048.697 JLINK_IsHalted()
TEA00640 003:048.700 - 0.003ms returns TRUE
TEA00640 003:048.703 JLINK_ReadReg(XPSR)
TEA00640 003:048.706 - 0.003ms returns 0x69000000
TEA00640 003:048.709 JLINK_ReadReg(XPSR)
TEA00640 003:048.712 - 0.003ms returns 0x69000000
TEA00640 003:048.715 JLINK_ReadReg(R15 (PC))
TEA00640 003:048.718 - 0.003ms returns 0x0000041C
TEA00640 003:048.721 JLINK_ReadReg(XPSR)
TEA00640 003:048.725 - 0.003ms returns 0x69000000
TEA00640 003:048.727 JLINK_ReadReg(XPSR)
TEA00640 003:048.731 - 0.003ms returns 0x69000000
TEA00640 003:048.733 JLINK_ReadMem(0x0000041C, 0x1 Bytes, ...)
TEA00640 003:048.736    -- Read from flash cache (1 bytes @ 0x0000041C)
TEA00640 003:048.740   Data:  08
TEA00640 003:048.744 - 0.011ms returns 0
TEA00640 003:049.085 JLINK_ReadRegs(NumRegs = 22, Indexes: 0, 1, 2, 3, 4, 5, 6, 7, 8, 9, 10, 11, 12, 13, 14, 15, 16, 17, 18, 86, 87, 20)
TEA00640 003:049.108    -- R0=0x00, R1=0x11F, R2=0x00, R3=0x60, R4=0x00, R5=0x00, R6=0x00, R7=0x00, R8=0x03, R9=0xFFFE3FFE, R10=0x60, R11=0x1404, R12=0x08, R13 (SP)=0x20000648, R14=0xED7, R15 (PC)=0x41C, XPSR=0x69000000, MSP=0x20000648, PSP=0x00, MSPLIM=0x20000250, PSPLIM=0x00, CFBP=0x00
TEA00640 003:049.113 - 0.027ms returns 0x00
TEA00640 003:049.947 JLINK_ReadReg(XPSR)
TEA00640 003:049.958 - 0.012ms returns 0x69000000
TEA00640 003:050.251 JLINK_ReadMem(0x0000041C, 0x4 Bytes, ...)
TEA00640 003:050.265    -- Read from flash cache (4 bytes @ 0x0000041C)
TEA00640 003:050.270   Data:  08 B5 FF F7
TEA00640 003:050.274 - 0.024ms returns 0
TEA00640 003:050.875 JLINK_ClrBPEx(BPHandle = 0x00000002)
TEA00640 003:050.889 - 0.014ms returns 0x00
TEA00640 003:059.351 JLINK_ReadMem(0x0000041C, 0x4 Bytes, ...)
TEA00640 003:059.377    -- Read from flash cache (4 bytes @ 0x0000041C)
TEA00640 003:059.383   Data:  08 B5 FF F7
TEA00640 003:059.390 - 0.040ms returns 0
TEA00640 003:134.469 JLINK_ReadReg(XPSR)
TEA00640 003:134.496 - 0.027ms returns 0x69000000
TEA00640 003:134.835 JLINK_ReadReg(XPSR)
TEA00640 003:134.850 - 0.015ms returns 0x69000000
TEA00640 004:010.120 JLINK_STRACE_Read(..., NumItems = 0x10000)
TEA00640 004:010.146 - 0.027ms NumItemsRead = 0x00
TEA00640 004:010.153 JLINK_IsHalted()
TEA00640 004:010.701 - 0.546ms returns TRUE
TEA00640 004:010.720 JLINK_STRACE_Read(..., NumItems = 0x10000)
TEA00640 004:010.726 - 0.007ms NumItemsRead = 0x00
TEA00640 004:010.735 JLINK_GoEx(MaxEmulInsts = 0, Flags = 0x01)
TEA00640 004:010.759   CPU_ReadMem(4 bytes @ 0xE0001000)
TEA00640 004:011.350   CPU_WriteMem(4 bytes @ 0xE0002008)
TEA00640 004:013.107 - 2.372ms
TE000640 004:051.809 JLINK_ReadReg(XPSR)
TE000640 004:052.460   CPU is running
TE000640 004:052.475   
  ***** Error: 
TE000640 004:052.480   Cannot read register 16 (XPSR) while CPU is running
TE000640 004:052.487 - 0.679ms returns 0x00000000
TE000640 004:052.493 JLINK_ReadReg(R15 (PC))
TE000640 004:053.029   CPU is running
TE000640 004:053.037   
  ***** Error: 
TE000640 004:053.042   Cannot read register 15 (R15) while CPU is running
TE000640 004:053.047 - 0.554ms returns 0x00000000
TEA00640 004:114.077 JLINK_IsHalted()
TEA00640 004:114.870 - 0.793ms returns FALSE
TEA00640 004:114.876 JLINK_IsHalted()
TEA00640 004:115.483 - 0.607ms returns FALSE
TEA00640 004:216.130 JLINK_IsHalted()
TEA00640 004:217.000 - 0.870ms returns FALSE
TEA00640 004:217.007 JLINK_IsHalted()
TEA00640 004:217.857 - 0.850ms returns FALSE
TEA00640 004:318.166 JLINK_IsHalted()
TEA00640 004:318.823 - 0.656ms returns FALSE
TEA00640 004:318.830 JLINK_IsHalted()
TEA00640 004:319.691 - 0.860ms returns FALSE
TEA00640 004:420.199 JLINK_IsHalted()
TEA00640 004:420.796 - 0.597ms returns FALSE
TEA00640 004:420.814 JLINK_IsHalted()
TEA00640 004:421.358 - 0.543ms returns FALSE
TEA00640 004:522.101 JLINK_IsHalted()
TEA00640 004:522.719 - 0.618ms returns FALSE
TEA00640 004:522.726 JLINK_IsHalted()
TEA00640 004:523.224 - 0.498ms returns FALSE
TEA00640 004:624.147 JLINK_IsHalted()
TEA00640 004:624.803 - 0.656ms returns FALSE
TEA00640 004:624.811 JLINK_IsHalted()
TEA00640 004:625.376 - 0.565ms returns FALSE
TEA00640 004:726.179 JLINK_IsHalted()
TEA00640 004:726.764 - 0.583ms returns FALSE
TEA00640 004:726.774 JLINK_IsHalted()
TEA00640 004:727.394 - 0.619ms returns FALSE
TEA00640 004:828.173 JLINK_IsHalted()
TEA00640 004:828.815 - 0.641ms returns FALSE
TEA00640 004:828.826 JLINK_IsHalted()
TEA00640 004:829.438 - 0.611ms returns FALSE
TEA00640 004:930.102 JLINK_IsHalted()
TEA00640 004:930.788 - 0.686ms returns FALSE
TEA00640 004:930.804 JLINK_IsHalted()
TEA00640 004:931.354 - 0.548ms returns FALSE
TEA00640 005:032.089 JLINK_IsHalted()
TEA00640 005:032.723 - 0.633ms returns FALSE
TEA00640 005:032.734 JLINK_IsHalted()
TEA00640 005:033.329 - 0.595ms returns FALSE
TE000640 005:053.808 JLINK_IsHalted()
TE000640 005:054.380 - 0.572ms returns FALSE
TE000640 005:054.392 JLINK_IsHalted()
TE000640 005:054.936 - 0.542ms returns FALSE
TE000640 005:055.071 JLINK_IsHalted()
TE000640 005:055.660 - 0.589ms returns FALSE
TE000640 005:055.667 JLINK_IsHalted()
TE000640 005:056.226 - 0.559ms returns FALSE
TEA00640 005:134.142 JLINK_IsHalted()
TEA00640 005:134.810 - 0.667ms returns FALSE
TEA00640 005:134.830 JLINK_IsHalted()
TEA00640 005:135.452 - 0.621ms returns FALSE
TEA00640 005:236.201 JLINK_IsHalted()
TEA00640 005:237.134 - 0.933ms returns FALSE
TEA00640 005:237.147 JLINK_IsHalted()
TEA00640 005:238.022 - 0.875ms returns FALSE
TEA00640 005:338.199 JLINK_IsHalted()
TEA00640 005:339.100 - 0.901ms returns FALSE
TEA00640 005:339.111 JLINK_IsHalted()
TEA00640 005:339.946 - 0.834ms returns FALSE
TEA00640 005:440.168 JLINK_IsHalted()
TEA00640 005:441.019 - 0.852ms returns FALSE
TEA00640 005:441.030 JLINK_IsHalted()
TEA00640 005:441.825 - 0.795ms returns FALSE
TEA00640 005:542.074 JLINK_IsHalted()
TEA00640 005:542.934 - 0.860ms returns FALSE
TEA00640 005:542.944 JLINK_IsHalted()
TEA00640 005:543.570 - 0.625ms returns FALSE
TEA00640 005:644.220 JLINK_IsHalted()
TEA00640 005:644.848 - 0.628ms returns FALSE
TEA00640 005:644.859 JLINK_IsHalted()
TEA00640 005:645.516 - 0.656ms returns FALSE
TEA00640 005:746.110 JLINK_IsHalted()
TEA00640 005:746.837 - 0.727ms returns FALSE
TEA00640 005:746.858 JLINK_IsHalted()
TEA00640 005:747.392 - 0.535ms returns FALSE
TEA00640 005:848.213 JLINK_IsHalted()
TEA00640 005:848.986 - 0.773ms returns FALSE
TEA00640 005:848.996 JLINK_IsHalted()
TEA00640 005:849.782 - 0.786ms returns FALSE
TEA00640 005:950.221 JLINK_IsHalted()
TEA00640 005:950.838 - 0.617ms returns FALSE
TEA00640 005:950.848 JLINK_IsHalted()
TEA00640 005:951.721 - 0.872ms returns FALSE
TEA00640 006:052.199 JLINK_IsHalted()
TEA00640 006:052.777 - 0.578ms returns FALSE
TEA00640 006:052.797 JLINK_IsHalted()
TEA00640 006:053.432 - 0.635ms returns FALSE
TE000640 006:055.237 JLINK_IsHalted()
TE000640 006:055.880 - 0.644ms returns FALSE
TE000640 006:055.893 JLINK_IsHalted()
TE000640 006:056.498 - 0.604ms returns FALSE
TEA00640 006:154.073 JLINK_IsHalted()
TEA00640 006:154.750 - 0.677ms returns FALSE
TEA00640 006:154.763 JLINK_IsHalted()
TEA00640 006:155.811 - 1.047ms returns FALSE
TEA00640 006:256.159 JLINK_IsHalted()
TEA00640 006:257.009 - 0.850ms returns FALSE
TEA00640 006:257.019 JLINK_IsHalted()
TEA00640 006:257.939 - 0.919ms returns FALSE
TEA00640 006:358.137 JLINK_IsHalted()
TEA00640 006:359.119 - 0.981ms returns FALSE
TEA00640 006:359.145 JLINK_IsHalted()
TEA00640 006:360.049 - 0.903ms returns FALSE
TEA00640 006:461.076 JLINK_IsHalted()
TEA00640 006:461.921 - 0.845ms returns FALSE
TEA00640 006:461.932 JLINK_IsHalted()
TEA00640 006:462.734 - 0.802ms returns FALSE
TEA00640 006:563.076 JLINK_IsHalted()
TEA00640 006:563.876 - 0.799ms returns FALSE
TEA00640 006:563.895 JLINK_IsHalted()
TEA00640 006:564.726 - 0.832ms returns FALSE
TEA00640 006:665.181 JLINK_IsHalted()
TEA00640 006:665.808 - 0.627ms returns FALSE
TEA00640 006:665.815 JLINK_IsHalted()
TEA00640 006:666.696 - 0.881ms returns FALSE
TEA00640 006:767.072 JLINK_IsHalted()
TEA00640 006:767.974 - 0.900ms returns FALSE
TEA00640 006:767.997 JLINK_IsHalted()
TEA00640 006:768.966 - 0.968ms returns FALSE
TEA00640 006:869.074 JLINK_IsHalted()
TEA00640 006:870.036 - 0.961ms returns FALSE
TEA00640 006:870.062 JLINK_IsHalted()
TEA00640 006:871.012 - 0.949ms returns FALSE
TEA00640 006:971.072 JLINK_IsHalted()
TEA00640 006:971.914 - 0.841ms returns FALSE
TEA00640 006:971.920 JLINK_IsHalted()
TEA00640 006:972.860 - 0.938ms returns FALSE
TE000640 007:056.903 JLINK_IsHalted()
TE000640 007:057.578 - 0.674ms returns FALSE
TE000640 007:057.587 JLINK_IsHalted()
TE000640 007:058.255 - 0.667ms returns FALSE
TEA00640 007:073.207 JLINK_IsHalted()
TEA00640 007:074.078 - 0.871ms returns FALSE
TEA00640 007:074.087 JLINK_IsHalted()
TEA00640 007:075.006 - 0.918ms returns FALSE
TEA00640 007:175.168 JLINK_IsHalted()
TEA00640 007:176.086 - 0.918ms returns FALSE
TEA00640 007:176.099 JLINK_IsHalted()
TEA00640 007:176.990 - 0.890ms returns FALSE
TEA00640 007:277.184 JLINK_IsHalted()
TEA00640 007:278.062 - 0.877ms returns FALSE
TEA00640 007:278.071 JLINK_IsHalted()
TEA00640 007:278.914 - 0.843ms returns FALSE
TEA00640 007:379.210 JLINK_IsHalted()
TEA00640 007:379.934 - 0.725ms returns FALSE
TEA00640 007:379.943 JLINK_IsHalted()
TEA00640 007:380.756 - 0.812ms returns FALSE
TEA00640 007:481.140 JLINK_IsHalted()
TEA00640 007:481.998 - 0.857ms returns FALSE
TEA00640 007:482.008 JLINK_IsHalted()
TEA00640 007:482.886 - 0.879ms returns FALSE
TEA00640 007:583.194 JLINK_IsHalted()
TEA00640 007:584.185 - 0.989ms returns FALSE
TEA00640 007:584.210 JLINK_IsHalted()
TEA00640 007:584.920 - 0.709ms returns FALSE
TEA00640 007:685.126 JLINK_IsHalted()
TEA00640 007:686.006 - 0.880ms returns FALSE
TEA00640 007:686.016 JLINK_IsHalted()
TEA00640 007:686.903 - 0.887ms returns FALSE
TEA00640 007:787.213 JLINK_IsHalted()
TEA00640 007:788.033 - 0.821ms returns FALSE
TEA00640 007:788.040 JLINK_IsHalted()
TEA00640 007:788.914 - 0.873ms returns FALSE
TEA00640 007:889.136 JLINK_IsHalted()
TEA00640 007:889.983 - 0.846ms returns FALSE
TEA00640 007:889.991 JLINK_IsHalted()
TEA00640 007:890.827 - 0.836ms returns FALSE
TEA00640 007:991.162 JLINK_IsHalted()
TEA00640 007:992.005 - 0.842ms returns FALSE
TEA00640 007:992.011 JLINK_IsHalted()
TEA00640 007:992.870 - 0.858ms returns FALSE
TE000640 008:058.566 JLINK_IsHalted()
TE000640 008:059.205 - 0.639ms returns FALSE
TE000640 008:059.214 JLINK_IsHalted()
TE000640 008:059.768 - 0.553ms returns FALSE
TEA00640 008:093.213 JLINK_IsHalted()
TEA00640 008:093.949 - 0.736ms returns FALSE
TEA00640 008:093.956 JLINK_IsHalted()
TEA00640 008:094.583 - 0.627ms returns FALSE
TEA00640 008:195.170 JLINK_IsHalted()
TEA00640 008:196.043 - 0.872ms returns FALSE
TEA00640 008:196.049 JLINK_IsHalted()
TEA00640 008:196.917 - 0.867ms returns FALSE
TEA00640 008:297.072 JLINK_IsHalted()
TEA00640 008:297.982 - 0.909ms returns FALSE
TEA00640 008:297.994 JLINK_IsHalted()
TEA00640 008:298.865 - 0.870ms returns FALSE
TEA00640 008:399.136 JLINK_IsHalted()
TEA00640 008:399.861 - 0.724ms returns FALSE
TEA00640 008:399.867 JLINK_IsHalted()
TEA00640 008:400.666 - 0.798ms returns FALSE
TEA00640 008:501.076 JLINK_IsHalted()
TEA00640 008:501.952 - 0.875ms returns FALSE
TEA00640 008:501.960 JLINK_IsHalted()
TEA00640 008:502.868 - 0.907ms returns FALSE
TEA00640 008:603.164 JLINK_IsHalted()
TEA00640 008:603.994 - 0.829ms returns FALSE
TEA00640 008:604.002 JLINK_IsHalted()
TEA00640 008:604.969 - 0.965ms returns FALSE
TEA00640 008:705.073 JLINK_IsHalted()
TEA00640 008:705.917 - 0.844ms returns FALSE
TEA00640 008:705.925 JLINK_IsHalted()
TEA00640 008:706.759 - 0.833ms returns FALSE
TEA00640 008:807.209 JLINK_IsHalted()
TEA00640 008:808.060 - 0.850ms returns FALSE
TEA00640 008:808.082 JLINK_IsHalted()
TEA00640 008:808.982 - 0.900ms returns FALSE
TEA00640 008:909.196 JLINK_IsHalted()
TEA00640 008:910.074 - 0.878ms returns FALSE
TEA00640 008:910.083 JLINK_IsHalted()
TEA00640 008:910.984 - 0.901ms returns FALSE
TEA00640 009:011.215 JLINK_IsHalted()
TEA00640 009:011.803 - 0.587ms returns FALSE
TEA00640 009:011.810 JLINK_IsHalted()
TEA00640 009:012.642 - 0.831ms returns FALSE
TE000640 009:060.089 JLINK_IsHalted()
TE000640 009:060.789 - 0.700ms returns FALSE
TE000640 009:060.796 JLINK_IsHalted()
TE000640 009:061.401 - 0.605ms returns FALSE
TEA00640 009:113.225 JLINK_IsHalted()
TEA00640 009:114.104 - 0.879ms returns FALSE
TEA00640 009:114.113 JLINK_IsHalted()
TEA00640 009:114.983 - 0.869ms returns FALSE
TEA00640 009:215.177 JLINK_IsHalted()
TEA00640 009:216.006 - 0.828ms returns FALSE
TEA00640 009:216.013 JLINK_IsHalted()
TEA00640 009:217.008 - 0.993ms returns FALSE
TEA00640 009:317.071 JLINK_IsHalted()
TEA00640 009:317.961 - 0.889ms returns FALSE
TEA00640 009:317.970 JLINK_IsHalted()
TEA00640 009:318.781 - 0.811ms returns FALSE
TEA00640 009:419.213 JLINK_IsHalted()
TEA00640 009:419.841 - 0.629ms returns FALSE
TEA00640 009:419.849 JLINK_IsHalted()
TEA00640 009:420.832 - 0.981ms returns FALSE
TEA00640 009:521.072 JLINK_IsHalted()
TEA00640 009:521.963 - 0.891ms returns FALSE
TEA00640 009:521.975 JLINK_IsHalted()
TEA00640 009:522.743 - 0.768ms returns FALSE
TEA00640 009:623.157 JLINK_IsHalted()
TEA00640 009:623.982 - 0.826ms returns FALSE
TEA00640 009:623.991 JLINK_IsHalted()
TEA00640 009:624.767 - 0.775ms returns FALSE
TEA00640 009:725.155 JLINK_IsHalted()
TEA00640 009:725.990 - 0.835ms returns FALSE
TEA00640 009:725.999 JLINK_IsHalted()
TEA00640 009:726.591 - 0.592ms returns FALSE
TEA00640 009:827.132 JLINK_IsHalted()
TEA00640 009:828.003 - 0.871ms returns FALSE
TEA00640 009:828.012 JLINK_IsHalted()
TEA00640 009:828.888 - 0.876ms returns FALSE
TEA00640 009:929.181 JLINK_IsHalted()
TEA00640 009:929.981 - 0.800ms returns FALSE
TEA00640 009:929.988 JLINK_IsHalted()
TEA00640 009:930.843 - 0.854ms returns FALSE
TEA00640 010:031.075 JLINK_IsHalted()
TEA00640 010:031.963 - 0.888ms returns FALSE
TEA00640 010:031.972 JLINK_IsHalted()
TEA00640 010:032.540 - 0.568ms returns FALSE
TE000640 010:061.684 JLINK_IsHalted()
TE000640 010:062.345 - 0.661ms returns FALSE
TE000640 010:062.355 JLINK_IsHalted()
TE000640 010:062.981 - 0.626ms returns FALSE
TEA00640 010:133.131 JLINK_IsHalted()
TEA00640 010:133.994 - 0.862ms returns FALSE
TEA00640 010:134.002 JLINK_IsHalted()
TEA00640 010:134.860 - 0.857ms returns FALSE
TEA00640 010:235.174 JLINK_IsHalted()
TEA00640 010:235.912 - 0.738ms returns FALSE
TEA00640 010:235.918 JLINK_IsHalted()
TEA00640 010:236.768 - 0.848ms returns FALSE
TEA00640 010:337.174 JLINK_IsHalted()
TEA00640 010:337.866 - 0.690ms returns FALSE
TEA00640 010:337.879 JLINK_IsHalted()
TEA00640 010:338.907 - 1.026ms returns FALSE
TEA00640 010:439.185 JLINK_IsHalted()
TEA00640 010:440.104 - 0.917ms returns FALSE
TEA00640 010:440.128 JLINK_IsHalted()
TEA00640 010:440.833 - 0.705ms returns FALSE
TEA00640 010:541.072 JLINK_IsHalted()
TEA00640 010:542.093 - 1.019ms returns FALSE
TEA00640 010:542.117 JLINK_IsHalted()
TEA00640 010:544.025 - 1.906ms returns FALSE
TEA00640 010:645.222 JLINK_IsHalted()
TEA00640 010:645.832 - 0.609ms returns FALSE
TEA00640 010:645.843 JLINK_IsHalted()
TEA00640 010:646.812 - 0.968ms returns FALSE
TEA00640 010:747.220 JLINK_IsHalted()
TEA00640 010:748.106 - 0.885ms returns FALSE
TEA00640 010:748.119 JLINK_IsHalted()
TEA00640 010:748.944 - 0.824ms returns FALSE
TEA00640 010:849.209 JLINK_IsHalted()
TEA00640 010:850.067 - 0.857ms returns FALSE
TEA00640 010:850.079 JLINK_IsHalted()
TEA00640 010:850.933 - 0.854ms returns FALSE
TEA00640 010:951.168 JLINK_IsHalted()
TEA00640 010:952.065 - 0.897ms returns FALSE
TEA00640 010:952.079 JLINK_IsHalted()
TEA00640 010:952.935 - 0.856ms returns FALSE
TEA00640 011:053.126 JLINK_IsHalted()
TEA00640 011:054.070 - 0.944ms returns FALSE
TEA00640 011:054.095 JLINK_IsHalted()
TEA00640 011:054.990 - 0.894ms returns FALSE
TE000640 011:063.208 JLINK_IsHalted()
TE000640 011:063.791 - 0.583ms returns FALSE
TE000640 011:063.798 JLINK_IsHalted()
TE000640 011:064.389 - 0.590ms returns FALSE
TEA00640 011:155.213 JLINK_IsHalted()
TEA00640 011:156.100 - 0.887ms returns FALSE
TEA00640 011:156.118 JLINK_IsHalted()
TEA00640 011:156.942 - 0.823ms returns FALSE
TEA00640 011:257.134 JLINK_IsHalted()
TEA00640 011:257.948 - 0.813ms returns FALSE
TEA00640 011:257.956 JLINK_IsHalted()
TEA00640 011:258.741 - 0.785ms returns FALSE
TEA00640 011:359.138 JLINK_IsHalted()
TEA00640 011:359.895 - 0.757ms returns FALSE
TEA00640 011:359.903 JLINK_IsHalted()
TEA00640 011:360.741 - 0.837ms returns FALSE
TEA00640 011:461.200 JLINK_IsHalted()
TEA00640 011:462.080 - 0.881ms returns FALSE
TEA00640 011:462.089 JLINK_IsHalted()
TEA00640 011:462.896 - 0.806ms returns FALSE
TEA00640 011:563.191 JLINK_IsHalted()
TEA00640 011:564.057 - 0.865ms returns FALSE
TEA00640 011:564.067 JLINK_IsHalted()
TEA00640 011:564.709 - 0.641ms returns FALSE
TEA00640 011:665.209 JLINK_IsHalted()
TEA00640 011:666.079 - 0.871ms returns FALSE
TEA00640 011:666.088 JLINK_IsHalted()
TEA00640 011:666.926 - 0.838ms returns FALSE
TEA00640 011:767.173 JLINK_IsHalted()
TEA00640 011:768.046 - 0.872ms returns FALSE
TEA00640 011:768.058 JLINK_IsHalted()
TEA00640 011:768.926 - 0.867ms returns FALSE
TEA00640 011:869.188 JLINK_IsHalted()
TEA00640 011:869.901 - 0.713ms returns FALSE
TEA00640 011:869.908 JLINK_IsHalted()
TEA00640 011:870.878 - 0.969ms returns FALSE
TEA00640 011:971.158 JLINK_IsHalted()
TEA00640 011:971.843 - 0.685ms returns FALSE
TEA00640 011:971.849 JLINK_IsHalted()
TEA00640 011:972.569 - 0.719ms returns FALSE
TE000640 012:064.702 JLINK_IsHalted()
TE000640 012:065.365 - 0.662ms returns FALSE
TE000640 012:065.374 JLINK_IsHalted()
TE000640 012:065.984 - 0.609ms returns FALSE
TEA00640 012:073.182 JLINK_IsHalted()
TEA00640 012:073.940 - 0.758ms returns FALSE
TEA00640 012:073.947 JLINK_IsHalted()
TEA00640 012:074.477 - 0.530ms returns FALSE
TEA00640 012:175.164 JLINK_IsHalted()
TEA00640 012:176.092 - 0.928ms returns FALSE
TEA00640 012:176.115 JLINK_IsHalted()
TEA00640 012:176.920 - 0.805ms returns FALSE
TEA00640 012:277.145 JLINK_IsHalted()
TEA00640 012:277.941 - 0.795ms returns FALSE
TEA00640 012:277.948 JLINK_IsHalted()
TEA00640 012:278.604 - 0.655ms returns FALSE
TEA00640 012:379.125 JLINK_IsHalted()
TEA00640 012:379.986 - 0.861ms returns FALSE
TEA00640 012:379.994 JLINK_IsHalted()
TEA00640 012:380.945 - 0.949ms returns FALSE
TEA00640 012:481.074 JLINK_IsHalted()
TEA00640 012:482.099 - 1.024ms returns FALSE
TEA00640 012:482.122 JLINK_IsHalted()
TEA00640 012:482.977 - 0.855ms returns FALSE
TEA00640 012:583.074 JLINK_IsHalted()
TEA00640 012:583.926 - 0.851ms returns FALSE
TEA00640 012:583.943 JLINK_IsHalted()
TEA00640 012:584.728 - 0.785ms returns FALSE
TEA00640 012:685.146 JLINK_IsHalted()
TEA00640 012:685.809 - 0.663ms returns FALSE
TEA00640 012:685.816 JLINK_IsHalted()
TEA00640 012:686.657 - 0.841ms returns FALSE
TEA00640 012:787.194 JLINK_IsHalted()
TEA00640 012:787.934 - 0.740ms returns FALSE
TEA00640 012:787.943 JLINK_IsHalted()
TEA00640 012:788.824 - 0.880ms returns FALSE
TEA00640 012:889.178 JLINK_IsHalted()
TEA00640 012:889.842 - 0.664ms returns FALSE
TEA00640 012:889.857 JLINK_IsHalted()
TEA00640 012:890.432 - 0.576ms returns FALSE
TEA00640 012:991.216 JLINK_IsHalted()
TEA00640 012:991.826 - 0.610ms returns FALSE
TEA00640 012:991.834 JLINK_IsHalted()
TEA00640 012:992.403 - 0.568ms returns FALSE
TE000640 013:066.259 JLINK_IsHalted()
TE000640 013:066.865 - 0.606ms returns FALSE
TE000640 013:066.873 JLINK_IsHalted()
TE000640 013:067.500 - 0.628ms returns FALSE
TEA00640 013:093.185 JLINK_IsHalted()
TEA00640 013:093.746 - 0.561ms returns FALSE
TEA00640 013:093.755 JLINK_IsHalted()
TEA00640 013:094.358 - 0.603ms returns FALSE
TEA00640 013:195.090 JLINK_IsHalted()
TEA00640 013:195.741 - 0.649ms returns FALSE
TEA00640 013:195.755 JLINK_IsHalted()
TEA00640 013:196.399 - 0.643ms returns FALSE
TEA00640 013:297.103 JLINK_IsHalted()
TEA00640 013:297.819 - 0.715ms returns FALSE
TEA00640 013:297.830 JLINK_IsHalted()
TEA00640 013:298.451 - 0.620ms returns FALSE
TEA00640 013:399.181 JLINK_IsHalted()
TEA00640 013:400.010 - 0.829ms returns FALSE
TEA00640 013:400.017 JLINK_IsHalted()
TEA00640 013:400.944 - 0.927ms returns FALSE
TEA00640 013:501.102 JLINK_IsHalted()
TEA00640 013:501.983 - 0.881ms returns FALSE
TEA00640 013:501.990 JLINK_IsHalted()
TEA00640 013:502.850 - 0.859ms returns FALSE
TEA00640 013:603.105 JLINK_IsHalted()
TEA00640 013:603.733 - 0.628ms returns FALSE
TEA00640 013:603.744 JLINK_IsHalted()
TEA00640 013:604.311 - 0.566ms returns FALSE
TEA00640 013:705.230 JLINK_IsHalted()
TEA00640 013:705.875 - 0.645ms returns FALSE
TEA00640 013:705.882 JLINK_IsHalted()
TEA00640 013:706.631 - 0.748ms returns FALSE
TEA00640 013:807.163 JLINK_IsHalted()
TEA00640 013:808.040 - 0.878ms returns FALSE
TEA00640 013:808.047 JLINK_IsHalted()
TEA00640 013:808.866 - 0.818ms returns FALSE
TEA00640 013:909.184 JLINK_IsHalted()
TEA00640 013:909.938 - 0.753ms returns FALSE
TEA00640 013:909.945 JLINK_IsHalted()
TEA00640 013:910.759 - 0.814ms returns FALSE
TEA00640 014:011.148 JLINK_IsHalted()
TEA00640 014:011.855 - 0.708ms returns FALSE
TEA00640 014:011.861 JLINK_IsHalted()
TEA00640 014:012.428 - 0.566ms returns FALSE
TE000640 014:067.816 JLINK_IsHalted()
TE000640 014:068.406 - 0.590ms returns FALSE
TE000640 014:068.415 JLINK_IsHalted()
TE000640 014:069.022 - 0.606ms returns FALSE
TEA00640 014:113.172 JLINK_IsHalted()
TEA00640 014:113.832 - 0.661ms returns FALSE
TEA00640 014:113.839 JLINK_IsHalted()
TEA00640 014:114.668 - 0.828ms returns FALSE
TEA00640 014:215.077 JLINK_IsHalted()
TEA00640 014:215.930 - 0.853ms returns FALSE
TEA00640 014:215.937 JLINK_IsHalted()
TEA00640 014:216.537 - 0.599ms returns FALSE
TEA00640 014:317.167 JLINK_IsHalted()
TEA00640 014:317.896 - 0.730ms returns FALSE
TEA00640 014:317.903 JLINK_IsHalted()
TEA00640 014:318.734 - 0.830ms returns FALSE
TEA00640 014:419.104 JLINK_IsHalted()
TEA00640 014:419.759 - 0.655ms returns FALSE
TEA00640 014:419.766 JLINK_IsHalted()
TEA00640 014:420.565 - 0.798ms returns FALSE
TEA00640 014:521.162 JLINK_IsHalted()
TEA00640 014:522.063 - 0.901ms returns FALSE
TEA00640 014:522.072 JLINK_IsHalted()
TEA00640 014:522.900 - 0.828ms returns FALSE
TEA00640 014:623.219 JLINK_IsHalted()
TEA00640 014:624.108 - 0.889ms returns FALSE
TEA00640 014:624.118 JLINK_IsHalted()
TEA00640 014:624.946 - 0.828ms returns FALSE
TEA00640 014:725.173 JLINK_IsHalted()
TEA00640 014:726.090 - 0.917ms returns FALSE
TEA00640 014:726.099 JLINK_IsHalted()
TEA00640 014:726.717 - 0.618ms returns FALSE
TEA00640 014:827.178 JLINK_IsHalted()
TEA00640 014:827.819 - 0.641ms returns FALSE
TEA00640 014:827.829 JLINK_IsHalted()
TEA00640 014:828.460 - 0.631ms returns FALSE
TEA00640 014:900.527 JLINK_IsHalted()
TEA00640 014:901.135 - 0.608ms returns FALSE
TEA00640 014:901.146 JLINK_IsHalted()
TEA00640 014:901.700 - 0.554ms returns FALSE
TEA00640 014:901.729 JLINK_IsHalted()
TEA00640 014:902.280 - 0.551ms returns FALSE
TEA00640 014:902.291 JLINK_IsHalted()
TEA00640 014:902.945 - 0.655ms returns FALSE
TEA00640 014:902.980 JLINK_Halt()
TEA00640 014:909.364 - 6.383ms returns 0x00
TEA00640 014:909.387 JLINK_IsHalted()
TEA00640 014:909.391 - 0.004ms returns TRUE
TEA00640 014:909.396 JLINK_ReadReg(XPSR)
TEA00640 014:909.402   CPU_ReadMem(4 bytes @ 0xE000EE08)
TEA00640 014:910.035 - 0.640ms returns 0x29000000
TEA00640 014:910.043 JLINK_ReadReg(R15 (PC))
TEA00640 014:910.048 - 0.006ms returns 0x00000CD0
TEA00640 014:910.062 JLINK_ReadReg(XPSR)
TEA00640 014:910.070 - 0.008ms returns 0x29000000
TEA00640 014:910.074 JLINK_ReadReg(XPSR)
TEA00640 014:910.078 - 0.004ms returns 0x29000000
TEA00640 014:910.081 JLINK_ReadReg(R15 (PC))
TEA00640 014:910.085 - 0.004ms returns 0x00000CD0
TEA00640 014:910.089 JLINK_ReadReg(XPSR)
TEA00640 014:910.093 - 0.004ms returns 0x29000000
TEA00640 014:910.097 JLINK_ReadReg(XPSR)
TEA00640 014:910.111 - 0.014ms returns 0x29000000
TEA00640 014:910.115 JLINK_ReadMem(0x00000CD0, 0x1 Bytes, ...)
TEA00640 014:910.121    -- Read from flash cache (1 bytes @ 0x00000CD0)
TEA00640 014:910.126   Data:  A0
TEA00640 014:910.130 - 0.015ms returns 0
TEA00640 014:910.134 JLINK_IsHalted()
TEA00640 014:910.138 - 0.004ms returns TRUE
TEA00640 014:910.143 JLINK_ReadReg(XPSR)
TEA00640 014:910.148 - 0.004ms returns 0x29000000
TEA00640 014:910.152 JLINK_ReadReg(XPSR)
TEA00640 014:910.157 - 0.005ms returns 0x29000000
TEA00640 014:910.161 JLINK_ReadReg(R15 (PC))
TEA00640 014:910.166 - 0.004ms returns 0x00000CD0
TEA00640 014:910.171 JLINK_ReadReg(XPSR)
TEA00640 014:910.177 - 0.005ms returns 0x29000000
TEA00640 014:910.182 JLINK_ReadReg(XPSR)
TEA00640 014:910.186 - 0.005ms returns 0x29000000
TEA00640 014:910.190 JLINK_ReadMem(0x00000CD0, 0x1 Bytes, ...)
TEA00640 014:910.194    -- Read from flash cache (1 bytes @ 0x00000CD0)
TEA00640 014:910.200   Data:  A0
TEA00640 014:910.205 - 0.016ms returns 0
TEA00640 014:910.625 JLINK_ReadRegs(NumRegs = 22, Indexes: 0, 1, 2, 3, 4, 5, 6, 7, 8, 9, 10, 11, 12, 13, 14, 15, 16, 17, 18, 86, 87, 20)
TEA00640 014:910.693    -- R0=0x439B1D, R1=0xF4240, R2=0x05, R3=0x3E8, R4=0x20000044, R5=0x69, R6=0x40080800, R7=0x200000C0, R8=0x02, R9=0xFFFE3FFE, R10=0x60, R11=0x1402, R12=0x00, R13 (SP)=0x20000608, R14=0x327, R15 (PC)=0xCD0, XPSR=0x29000000, MSP=0x20000608, PSP=0x00, MSPLIM=0x20000250, PSPLIM=0x00, CFBP=0x00
TEA00640 014:910.700 - 0.076ms returns 0x00
TEA00640 014:911.276 JLINK_ReadReg(XPSR)
TEA00640 014:911.303 - 0.027ms returns 0x29000000
TEA00640 014:911.875 JLINK_ReadMem(0x00000CD0, 0x4 Bytes, ...)
TEA00640 014:911.906    -- Read from flash cache (4 bytes @ 0x00000CD0)
TEA00640 014:911.912   Data:  A0 F1 01 00
TEA00640 014:911.940 - 0.065ms returns 0
TEA00640 014:912.188 JLINK_ReadMem(0x00000326, 0x4 Bytes, ...)
TEA00640 014:912.203    -- Read from flash cache (4 bytes @ 0x00000326)
TEA00640 014:912.208   Data:  56 F8 25 10
TEA00640 014:912.214 - 0.025ms returns 0
TEA00640 014:912.376 JLINK_ReadMem(0x20000600, 0x40 Bytes, ...)
TEA00640 014:912.391   CPU_ReadMem(64 bytes @ 0x20000600)
TEA00640 014:913.895   Data:  D0 0C 00 00 44 00 00 20 FE 3F FE FF 63 00 00 00 ...
TEA00640 014:913.912 - 1.536ms returns 0
TEA00640 014:921.452 JLINK_ReadReg(XPSR)
TEA00640 014:921.475 - 0.024ms returns 0x29000000
TEA00640 014:937.787 JLINK_ReadReg(XPSR)
TEA00640 014:937.814 - 0.027ms returns 0x29000000
T1E27D780 015:417.262 JLINK_Halt()
T1E27D780 015:417.826 - 0.565ms returns 0x00
T1E27D780 015:417.842 JLINK_ReadReg(XPSR)
T1E27D780 015:417.876 - 0.034ms returns 0x29000000
T1E27D780 015:427.081 JLINK_Close()
T1E27D780 015:440.315 - 13.233ms
T1E27D780 015:440.335   
T1E27D780 015:440.338   Closed
