T760C3780 000:003.456   SEGGER J-Link V7.96j Log File
T760C3780 000:003.604   DLL Compiled: May 29 2024 15:42:37
T760C3780 000:003.608   Logging started @ 2024-09-03 19:24
T760C3780 000:003.611   Process: /home/xenwithu/.eclipse/com.renesas.platform_1508544911/DebugComp/RA/e2-server-gdb
T760C3780 000:003.615 - 3.614ms
T760C3780 000:003.620 JLINK_GetDLLVersion()
T760C3780 000:003.624 - 0.003ms returns 79610
T760C3780 000:003.984 JLINK_OpenEx(...)
T760C3780 000:009.759   Firmware: J-Link OB-S124 compiled Apr 23 2024 10:48:24
T760C3780 000:011.221   Firmware: J-Link OB-S124 compiled Apr 23 2024 10:48:24
T760C3780 000:037.770   Hardware: V1.00
T760C3780 000:037.789   S/N: 831155721
T760C3780 000:037.793   OEM: SEGGER
T760C3780 000:037.797   Feature(s): None
T760C3780 000:038.660   Bootloader: 2019 Oct 15
T760C3780 000:039.574   USB speed mode: Full speed (12 MBit/s)
T760C3780 000:040.178   TELNET listener socket opened on port 19021
T760C3780 000:040.268   WEBSRV WEBSRV_Init(): Starting webserver thread(s)
T760C3780 000:040.340   WEBSRV Webserver running on local port 19080
T760C3780 000:040.362   Looking for J-Link GUI Server exe at: ARM/Segger_v7.96.10/JLinkGUIServerExe
T760C3780 000:040.372   Looking for J-Link GUI Server exe at: /opt/SEGGER/JLink/JLinkGUIServerExe
T760C3780 000:040.386   Forking J-Link GUI Server: /opt/SEGGER/JLink/JLinkGUIServerExe
T760C3780 000:071.291   J-Link GUI Server info: "J-Link GUI server V7.88d "
T760C3780 000:071.478   J-Link GUI Server: Connection breakdown.
T760C3780 000:071.531 - 67.536ms returns "O.K."
T760C3780 000:071.575 JLINK_ExecCommand("ProjectFile="/home/xenwithu/e2_studio/workspace/Day1_Blinky_One_By_One_RGB_Same_/Day1_Blinky_One_By_One_RGB_Same_ Debug_Flat.jlink"", ...). 
T760C3780 000:114.222 - 42.646ms returns 0x00
T760C3780 000:114.482 JLINK_ExecCommand("device=R7FA6M5BH", ...). 
T760C3780 000:118.878   Flash bank @ 0x0100A100: SFL: Parsing sectorization info from ELF file
T760C3780 000:118.905     FlashDevice.SectorInfo[0]: .SectorSize = 0x00000010, .SectorStartAddr = 0x00000000
T760C3780 000:118.938   FlashBank @0x0100A100: Sectorization info from SFL ELF file ignored because sectorization override from DLL / XML file is active.
T760C3780 000:120.830   Flash bank @ 0x60000000: SFL: Parsing sectorization info from ELF file
T760C3780 000:120.856     FlashDevice.SectorInfo[0]: .SectorSize = 0x00010000, .SectorStartAddr = 0x00000000
T760C3780 000:138.922   Device "R7FA6M5BH" selected.
T760C3780 000:139.152 - 24.659ms returns 0x00
T760C3780 000:139.166 JLINK_TIF_GetAvailable(...)
T760C3780 000:139.500 - 0.334ms
T760C3780 000:139.515 JLINK_TIF_Select(JLINKARM_TIF_SWD)
T760C3780 000:140.426 - 0.910ms returns 0x00
T760C3780 000:140.483 JLINK_SetSpeed(4000)
T760C3780 000:140.593 - 0.109ms
T760C3780 000:140.613 JLINK_ReadMem(0xE000EDF0, 0x4 Bytes, ...)
T760C3780 000:140.872   ConfigTargetSettings() start
T760C3780 000:140.894    J-Link Script File: Executing ConfigTargetSettings()
T760C3780 000:140.916   Configuring FlashDLNoRMWThreshold=0x200 in order to make sure that option bytes programming is done via read-modify-write
T760C3780 000:147.354   ConfigTargetSettings() end - Took 6.45ms
T760C3780 000:147.370   InitTarget() start
T760C3780 000:147.379    J-Link Script File: Executing InitTarget()
T760C3780 000:147.388   SWD selected. Executing JTAG -> SWD switching sequence.
T760C3780 000:150.690   DAP initialized successfully.
T760C3780 000:150.717   Determining TrustZone configuration...
T760C3780 000:152.736     Secure Debug: Enabled (SSD)
T760C3780 000:152.757   Determining currently configured transfer type by reading the AHB-AP CSW register.
T760C3780 000:154.200     --> Correct transfer type configured. Done.
T760C3780 000:154.222   InitTarget() end - Took 6.84ms
T760C3780 000:155.286   Found SW-DP with ID 0x6BA02477
T760C3780 000:159.263   DPIDR: 0x6BA02477
T760C3780 000:159.282   CoreSight SoC-400 or earlier
T760C3780 000:159.291   Scanning AP map to find all available APs
T760C3780 000:161.408   AP[2]: Stopped AP scan as end of AP map has been reached
T760C3780 000:161.456   AP[0]: AHB-AP (IDR: 0x84770001)
T760C3780 000:161.464   AP[1]: APB-AP (IDR: 0x54770002)
T760C3780 000:161.472   Iterating through AP map to find AHB-AP to use
T760C3780 000:163.081   AP[0]: Core found
T760C3780 000:163.104   AP[0]: AHB-AP ROM base: 0xE00FE000
T760C3780 000:164.038   CPUID register: 0x410FD214. Implementer code: 0x41 (ARM)
T760C3780 000:164.053   Feature set: Mainline
T760C3780 000:164.869   Cache: No cache
T760C3780 000:164.886   Found Cortex-M33 r0p4, Little endian.
T760C3780 000:165.522   -- Max. mem block: 0x00001B00
T760C3780 000:166.966   CPU_ReadMem(4 bytes @ 0xE000EDF0)
T760C3780 000:167.867   CPU_WriteMem(4 bytes @ 0xE000EDF0)
T760C3780 000:168.456   CPU_ReadMem(4 bytes @ 0xE0002000)
T760C3780 000:169.093   FPUnit: 8 code (BP) slots and 0 literal slots
T760C3780 000:169.113   CPU_ReadMem(4 bytes @ 0xE000EDFC)
T760C3780 000:169.661   CPU_WriteMem(4 bytes @ 0xE000EDFC)
T760C3780 000:170.248   CPU_ReadMem(4 bytes @ 0xE0001000)
T760C3780 000:170.803   CPU_ReadMem(4 bytes @ 0xE0001000)
T760C3780 000:171.453   CPU_ReadMem(4 bytes @ 0xE0001028)
T760C3780 000:172.041   CPU_ReadMem(4 bytes @ 0xE0001038)
T760C3780 000:172.582   CPU_ReadMem(4 bytes @ 0xE0001048)
T760C3780 000:173.119   CPU_ReadMem(4 bytes @ 0xE0001058)
T760C3780 000:173.682   CPU_WriteMem(4 bytes @ 0xE0001000)
T760C3780 000:174.326   CPU_ReadMem(4 bytes @ 0xE000ED88)
T760C3780 000:174.911   CPU_WriteMem(4 bytes @ 0xE000ED88)
T760C3780 000:175.504   CPU_ReadMem(4 bytes @ 0xE000ED88)
T760C3780 000:176.396   CPU_WriteMem(4 bytes @ 0xE000ED88)
T760C3780 000:176.998   CPU_ReadMem(4 bytes @ 0xE000EFB8)
T760C3780 000:177.606   Security extension: implemented
T760C3780 000:177.618   Secure debug: enabled
T760C3780 000:177.626   CoreSight components:
T760C3780 000:177.635   ROMTbl[0] @ E00FE000
T760C3780 000:177.688   CPU_ReadMem(64 bytes @ 0xE00FE000)
T760C3780 000:179.048   CPU_ReadMem(32 bytes @ 0xE0044FE0)
T760C3780 000:180.405   CPU_ReadMem(4 bytes @ 0xE0044FBC)
T760C3780 000:180.998   CPU_ReadMem(4 bytes @ 0xE0044FCC)
T760C3780 000:181.583   [0][0]: E0044000 CID B105900D PID 005BB906 DEVARCH 00000000 DEVTYPE 14 CTI (?)
T760C3780 000:181.597   CPU_ReadMem(32 bytes @ 0xE0047FE0)
T760C3780 000:182.535   CPU_ReadMem(4 bytes @ 0xE0047FBC)
T760C3780 000:183.142   CPU_ReadMem(4 bytes @ 0xE0047FCC)
T760C3780 000:183.798   [0][1]: E0047000 CID B105900D PID 003BB908 DEVARCH 00000000 DEVTYPE 12 CSTF
T760C3780 000:183.817   CPU_ReadMem(32 bytes @ 0xE0048FE0)
T760C3780 000:184.739   CPU_ReadMem(4 bytes @ 0xE0048FBC)
T760C3780 000:185.405   CPU_ReadMem(4 bytes @ 0xE0048FCC)
T760C3780 000:186.229   [0][2]: E0048000 CID B105900D PID 001BB961 DEVARCH 00000000 DEVTYPE 21 ETB
T760C3780 000:186.255   CPU_ReadMem(32 bytes @ 0xE0049FE0)
T760C3780 000:187.703   [0][3]: E0049000 CID B105F00D PID 001BB101 TSG
T760C3780 000:187.736   CPU_ReadMem(32 bytes @ 0xE0040FE0)
T760C3780 000:188.667   CPU_ReadMem(4 bytes @ 0xE0040FBC)
T760C3780 000:189.334   CPU_ReadMem(4 bytes @ 0xE0040FCC)
T760C3780 000:189.918   [0][4]: E0040000 CID B105900D PID 000BBD21 DEVARCH 00000000 DEVTYPE 11 TPIU
T760C3780 000:189.943   CPU_ReadMem(32 bytes @ 0xE00FFFE0)
T760C3780 000:190.912   [0][5]: E00FF000 CID B105100D PID 000BB4C9 ROM Table
T760C3780 000:190.937   ROMTbl[1] @ E00FF000
T760C3780 000:190.954   CPU_ReadMem(64 bytes @ 0xE00FF000)
T760C3780 000:192.382   CPU_ReadMem(32 bytes @ 0xE000EFE0)
T760C3780 000:193.363   CPU_ReadMem(4 bytes @ 0xE000EFBC)
T760C3780 000:193.960   CPU_ReadMem(4 bytes @ 0xE000EFCC)
T760C3780 000:194.563   [1][0]: E000E000 CID B105900D PID 000BBD21 DEVARCH 47702A04 DEVTYPE 00 Cortex-M33
T760C3780 000:194.577   CPU_ReadMem(32 bytes @ 0xE0001FE0)
T760C3780 000:195.542   CPU_ReadMem(4 bytes @ 0xE0001FBC)
T760C3780 000:196.197   CPU_ReadMem(4 bytes @ 0xE0001FCC)
T760C3780 000:196.856   [1][1]: E0001000 CID B105900D PID 000BBD21 DEVARCH 47701A02 DEVTYPE 00 DWT
T760C3780 000:196.874   CPU_ReadMem(32 bytes @ 0xE0002FE0)
T760C3780 000:197.858   CPU_ReadMem(4 bytes @ 0xE0002FBC)
T760C3780 000:198.411   CPU_ReadMem(4 bytes @ 0xE0002FCC)
T760C3780 000:198.975   [1][2]: E0002000 CID B105900D PID 000BBD21 DEVARCH 47701A03 DEVTYPE 00 FPB
T760C3780 000:198.989   CPU_ReadMem(32 bytes @ 0xE0000FE0)
T760C3780 000:199.907   CPU_ReadMem(4 bytes @ 0xE0000FBC)
T760C3780 000:200.495   CPU_ReadMem(4 bytes @ 0xE0000FCC)
T760C3780 000:201.089   [1][3]: E0000000 CID B105900D PID 000BBD21 DEVARCH 47701A01 DEVTYPE 43 ITM
T760C3780 000:201.106   CPU_ReadMem(32 bytes @ 0xE0041FE0)
T760C3780 000:202.124   CPU_ReadMem(4 bytes @ 0xE0041FBC)
T760C3780 000:202.707   CPU_ReadMem(4 bytes @ 0xE0041FCC)
T760C3780 000:203.242   [1][5]: E0041000 CID B105900D PID 002BBD21 DEVARCH 47724A13 DEVTYPE 13 ETM
T760C3780 000:203.253   CPU_ReadMem(32 bytes @ 0xE0042FE0)
T760C3780 000:204.193   CPU_ReadMem(4 bytes @ 0xE0042FBC)
T760C3780 000:204.837   CPU_ReadMem(4 bytes @ 0xE0042FCC)
T760C3780 000:205.402   [1][6]: E0042000 CID B105900D PID 000BBD21 DEVARCH 47701A14 DEVTYPE 14 CSS600-CTI
T760C3780 000:205.475   CPU_ReadMem(4 bytes @ 0xE000EDF0)
T760C3780 000:206.004   Data:  01 00 10 01
T760C3780 000:206.018   Debug reg: DHCSR
T760C3780 000:206.026 - 65.413ms returns 0
T760C3780 000:206.041 JLINK_ReadMem(0x400E002C, 0x4 Bytes, ...)
T760C3780 000:206.050   CPU_ReadMem(4 bytes @ 0x400E002C)
T760C3780 000:206.637   Data:  02 00 00 00
T760C3780 000:206.672 - 0.631ms returns 0
T760C3780 000:206.730 JLINK_ReadMem(0xE000EDF0, 0x4 Bytes, ...)
T760C3780 000:206.744   CPU_ReadMem(4 bytes @ 0xE000EDF0)
T760C3780 000:207.350   Data:  01 00 10 01
T760C3780 000:207.360   Debug reg: DHCSR
T760C3780 000:207.368 - 0.638ms returns 0
T760C3780 000:207.393 JLINK_ReadMem(0xE000EDF0, 0x4 Bytes, ...)
T760C3780 000:207.403   CPU_ReadMem(4 bytes @ 0xE000EDF0)
T760C3780 000:207.960   Data:  01 00 10 01
T760C3780 000:207.977   Debug reg: DHCSR
T760C3780 000:207.984 - 0.592ms returns 0
T760C3780 000:207.994 JLINK_ReadMem(0x400E001C, 0x4 Bytes, ...)
T760C3780 000:208.004   CPU_ReadMem(4 bytes @ 0x400E001C)
T760C3780 000:208.531   Data:  00 0C 00 00
T760C3780 000:208.542 - 0.549ms returns 0
T760C3780 000:208.558 JLINK_ReadMem(0xE000EDF0, 0x4 Bytes, ...)
T760C3780 000:208.568   CPU_ReadMem(4 bytes @ 0xE000EDF0)
T760C3780 000:209.148   Data:  01 00 10 01
T760C3780 000:209.165   Debug reg: DHCSR
T760C3780 000:209.172 - 0.615ms returns 0
T760C3780 000:209.181 JLINK_ReadMem(0x400E0018, 0x4 Bytes, ...)
T760C3780 000:209.192   CPU_ReadMem(4 bytes @ 0x400E0018)
T760C3780 000:209.839   Data:  00 80 00 00
T760C3780 000:209.854 - 0.674ms returns 0
T760C3780 000:209.870 JLINK_ReadMem(0xE000EDF0, 0x4 Bytes, ...)
T760C3780 000:209.881   CPU_ReadMem(4 bytes @ 0xE000EDF0)
T760C3780 000:210.442   Data:  01 00 10 01
T760C3780 000:210.453   Debug reg: DHCSR
T760C3780 000:210.461 - 0.591ms returns 0
T760C3780 000:210.470 JLINK_ReadMem(0x400E0020, 0x4 Bytes, ...)
T760C3780 000:210.480   CPU_ReadMem(4 bytes @ 0x400E0020)
T760C3780 000:211.021   Data:  00 00 00 00
T760C3780 000:211.037 - 0.568ms returns 0
T760C3780 000:211.054 JLINK_ReadMem(0xE000EDF0, 0x4 Bytes, ...)
T760C3780 000:211.065   CPU_ReadMem(4 bytes @ 0xE000EDF0)
T760C3780 000:211.600   Data:  01 00 10 01
T760C3780 000:211.611   Debug reg: DHCSR
T760C3780 000:211.619 - 0.565ms returns 0
T760C3780 000:211.627 JLINK_ReadMem(0x400E0028, 0x4 Bytes, ...)
T760C3780 000:211.638   CPU_ReadMem(4 bytes @ 0x400E0028)
T760C3780 000:212.274   Data:  00 08 00 00
T760C3780 000:212.285 - 0.658ms returns 0
T760C3780 000:212.301 JLINK_ReadMem(0xE000EDF0, 0x4 Bytes, ...)
T760C3780 000:212.312   CPU_ReadMem(4 bytes @ 0xE000EDF0)
T760C3780 000:212.863   Data:  01 00 10 01
T760C3780 000:212.879   Debug reg: DHCSR
T760C3780 000:212.887 - 0.586ms returns 0
T760C3780 000:212.896 JLINK_ReadMem(0x400E0024, 0x4 Bytes, ...)
T760C3780 000:212.908   CPU_ReadMem(4 bytes @ 0x400E0024)
T760C3780 000:213.431   Data:  00 20 00 00
T760C3780 000:213.443 - 0.547ms returns 0
T760C3780 000:213.456 JLINK_ReadMem(0xE000EDF0, 0x4 Bytes, ...)
T760C3780 000:213.467   CPU_ReadMem(4 bytes @ 0xE000EDF0)
T760C3780 000:214.047   Data:  01 00 10 01
T760C3780 000:214.062   Debug reg: DHCSR
T760C3780 000:214.070 - 0.615ms returns 0
T760C3780 000:214.079 JLINK_ReadMem(0x400E002C, 0x4 Bytes, ...)
T760C3780 000:214.090   CPU_ReadMem(4 bytes @ 0x400E002C)
T760C3780 000:214.649   Data:  02 00 00 00
T760C3780 000:214.665 - 0.586ms returns 0
T760C3780 000:214.678 JLINK_ReadMem(0xE000EDF0, 0x4 Bytes, ...)
T760C3780 000:214.689   CPU_ReadMem(4 bytes @ 0xE000EDF0)
T760C3780 000:215.265   Data:  01 00 10 01
T760C3780 000:215.276   Debug reg: DHCSR
T760C3780 000:215.284 - 0.606ms returns 0
T760C3780 000:215.293 JLINK_ReadMem(0x400E002C, 0x4 Bytes, ...)
T760C3780 000:215.303   CPU_ReadMem(4 bytes @ 0x400E002C)
T760C3780 000:215.890   Data:  02 00 00 00
T760C3780 000:215.907 - 0.615ms returns 0
T760C3780 000:216.023 JLINK_ReadMem(0xE000EDF0, 0x4 Bytes, ...)
T760C3780 000:216.043   CPU_ReadMem(4 bytes @ 0xE000EDF0)
T760C3780 000:216.618   Data:  01 00 10 01
T760C3780 000:216.629   Debug reg: DHCSR
T760C3780 000:216.637 - 0.615ms returns 0
T760C3780 000:216.660 JLINK_ReadMem(0x400E002C, 0x4 Bytes, ...)
T760C3780 000:216.672   CPU_ReadMem(4 bytes @ 0x400E002C)
T760C3780 000:217.228   Data:  02 00 00 00
T760C3780 000:217.239 - 0.578ms returns 0
T760C3780 000:217.253 JLINK_ReadMem(0xE000EDF0, 0x4 Bytes, ...)
T760C3780 000:217.265   CPU_ReadMem(4 bytes @ 0xE000EDF0)
T760C3780 000:217.848   Data:  01 00 10 01
T760C3780 000:217.863   Debug reg: DHCSR
T760C3780 000:217.871 - 0.617ms returns 0
T760C3780 000:217.879 JLINK_ReadMem(0x400E001C, 0x4 Bytes, ...)
T760C3780 000:217.890   CPU_ReadMem(4 bytes @ 0x400E001C)
T760C3780 000:218.458   Data:  00 0C 00 00
T760C3780 000:218.469 - 0.591ms returns 0
T760C3780 000:218.483 JLINK_ReadMem(0xE000EDF0, 0x4 Bytes, ...)
T760C3780 000:218.493   CPU_ReadMem(4 bytes @ 0xE000EDF0)
T760C3780 000:219.043   Data:  01 00 10 01
T760C3780 000:219.060   Debug reg: DHCSR
T760C3780 000:219.067 - 0.584ms returns 0
T760C3780 000:219.075 JLINK_ReadMem(0x400E0018, 0x4 Bytes, ...)
T760C3780 000:219.086   CPU_ReadMem(4 bytes @ 0x400E0018)
T760C3780 000:219.602   Data:  00 80 00 00
T760C3780 000:219.609 - 0.534ms returns 0
T760C3780 000:219.623 JLINK_ReadMem(0xE000EDF0, 0x4 Bytes, ...)
T760C3780 000:219.631   CPU_ReadMem(4 bytes @ 0xE000EDF0)
T760C3780 000:220.183   Data:  01 00 10 01
T760C3780 000:220.201   Debug reg: DHCSR
T760C3780 000:220.210 - 0.586ms returns 0
T760C3780 000:220.219 JLINK_ReadMem(0x400E0020, 0x4 Bytes, ...)
T760C3780 000:220.232   CPU_ReadMem(4 bytes @ 0x400E0020)
T760C3780 000:220.802   Data:  00 00 00 00
T760C3780 000:220.818 - 0.598ms returns 0
T760C3780 000:220.835 JLINK_ReadMem(0xE000EDF0, 0x4 Bytes, ...)
T760C3780 000:220.846   CPU_ReadMem(4 bytes @ 0xE000EDF0)
T760C3780 000:221.408   Data:  01 00 10 01
T760C3780 000:221.418   Debug reg: DHCSR
T760C3780 000:221.425 - 0.591ms returns 0
T760C3780 000:221.433 JLINK_ReadMem(0x400E0028, 0x4 Bytes, ...)
T760C3780 000:221.443   CPU_ReadMem(4 bytes @ 0x400E0028)
T760C3780 000:221.984   Data:  00 08 00 00
T760C3780 000:221.998 - 0.566ms returns 0
T760C3780 000:222.011 JLINK_ReadMem(0xE000EDF0, 0x4 Bytes, ...)
T760C3780 000:222.021   CPU_ReadMem(4 bytes @ 0xE000EDF0)
T760C3780 000:222.561   Data:  01 00 10 01
T760C3780 000:222.571   Debug reg: DHCSR
T760C3780 000:222.579 - 0.568ms returns 0
T760C3780 000:222.589 JLINK_ReadMem(0x400E0024, 0x4 Bytes, ...)
T760C3780 000:222.613   CPU_ReadMem(4 bytes @ 0x400E0024)
T760C3780 000:223.226   Data:  00 20 00 00
T760C3780 000:223.247 - 0.658ms returns 0
T760C3780 000:223.405 JLINK_TIF_GetAvailable(...)
T760C3780 000:223.637 - 0.231ms
T760C3780 000:223.671 JLINK_TIF_Select(JLINKARM_TIF_SWD)
T760C3780 000:223.677 - 0.007ms returns 0x00
T760C3780 000:223.683 JLINK_SetSpeed(4000)
T760C3780 000:223.793 - 0.109ms
T760C3780 000:223.801 JLINK_SetEndian(ARM_ENDIAN_LITTLE)
T760C3780 000:223.807 - 0.005ms returns 0
T760C3780 000:223.812 JLINK_SetInitRegsOnReset(OFF)
T760C3780 000:223.817 - 0.005ms returns 1
T760C3780 000:223.823 JLINK_SetResetType(JLINKARM_CM3_RESET_TYPE_CONNECT_UNDER_RESET)
T760C3780 000:223.850 - 0.027ms returns JLINKARM_CM3_RESET_TYPE_NORMAL
T760C3780 000:223.858 JLINK_ExecCommand("EnableFlashBPs", ...). 
T760C3780 000:223.866 - 0.001ms returns 0x00
T760C3780 000:223.873 JLINK_ExecCommand("SetAllowFlashCache = 1", ...). 
T760C3780 000:223.880 - 0.002ms returns 0x01
T760C3780 000:223.887 JLINK_ExecCommand("SetRestartOnClose = 0", ...). 
T760C3780 000:223.896 - 0.002ms returns 0x01
T760C3780 000:223.902 JLINK_EnableSoftBPs(ON)
T760C3780 000:223.907 - 0.005ms
T760C3780 000:223.912 JLINK_Connect()
T760C3780 000:224.150   ConfigTargetSettings() start
T760C3780 000:224.159    J-Link Script File: Executing ConfigTargetSettings()
T760C3780 000:224.166   Configuring FlashDLNoRMWThreshold=0x200 in order to make sure that option bytes programming is done via read-modify-write
T760C3780 000:227.941   ConfigTargetSettings() end - Took 3.77ms
T760C3780 000:227.957   InitTarget() start
T760C3780 000:227.965    J-Link Script File: Executing InitTarget()
T760C3780 000:227.973   SWD selected. Executing JTAG -> SWD switching sequence.
T760C3780 000:231.270   DAP initialized successfully.
T760C3780 000:231.293   Determining TrustZone configuration...
T760C3780 000:233.365     Secure Debug: Enabled (SSD)
T760C3780 000:233.385   Determining currently configured transfer type by reading the AHB-AP CSW register.
T760C3780 000:234.705     --> Correct transfer type configured. Done.
T760C3780 000:234.726   InitTarget() end - Took 6.76ms
T760C3780 000:235.700   Found SW-DP with ID 0x6BA02477
T760C3780 000:239.602   DPIDR: 0x6BA02477
T760C3780 000:239.621   CoreSight SoC-400 or earlier
T760C3780 000:239.627   AP map detection skipped. Manually configured AP map found.
T760C3780 000:239.632   AP[0]: AHB-AP (IDR: Not set)
T760C3780 000:241.282   AP[0]: Core found
T760C3780 000:241.294   AP[0]: AHB-AP ROM base: 0xE00FE000
T760C3780 000:242.156   CPUID register: 0x410FD214. Implementer code: 0x41 (ARM)
T760C3780 000:242.177   Feature set: Mainline
T760C3780 000:243.079   Cache: No cache
T760C3780 000:243.100   Found Cortex-M33 r0p4, Little endian.
T760C3780 000:243.352   -- Max. mem block: 0x000018A0
T760C3780 000:243.372   CPU_ReadMem(4 bytes @ 0xE000EDF0)
T760C3780 000:243.994   CPU_ReadMem(4 bytes @ 0xE0002000)
T760C3780 000:244.559   FPUnit: 8 code (BP) slots and 0 literal slots
T760C3780 000:244.572   CPU_ReadMem(4 bytes @ 0xE000EDFC)
T760C3780 000:245.181   CPU_ReadMem(4 bytes @ 0xE0001000)
T760C3780 000:245.792   CPU_ReadMem(4 bytes @ 0xE0001000)
T760C3780 000:249.461   CPU_ReadMem(4 bytes @ 0xE0001028)
T760C3780 000:250.074   CPU_ReadMem(4 bytes @ 0xE0001038)
T760C3780 000:254.210   CPU_ReadMem(4 bytes @ 0xE0001048)
T760C3780 000:254.864   CPU_ReadMem(4 bytes @ 0xE0001058)
T760C3780 000:255.467   CPU_WriteMem(4 bytes @ 0xE0001000)
T760C3780 000:256.169   CPU_ReadMem(4 bytes @ 0xE000ED88)
T760C3780 000:256.780   CPU_WriteMem(4 bytes @ 0xE000ED88)
T760C3780 000:257.395   CPU_ReadMem(4 bytes @ 0xE000ED88)
T760C3780 000:257.963   CPU_WriteMem(4 bytes @ 0xE000ED88)
T760C3780 000:258.564   CPU_ReadMem(4 bytes @ 0xE000EFB8)
T760C3780 000:261.240   Security extension: implemented
T760C3780 000:261.268   Secure debug: enabled
T760C3780 000:261.279   CoreSight components:
T760C3780 000:261.290   ROMTbl[0] @ E00FE000
T760C3780 000:261.304   CPU_ReadMem(64 bytes @ 0xE00FE000)
T760C3780 000:265.678   CPU_ReadMem(32 bytes @ 0xE0044FE0)
T760C3780 000:270.538   CPU_ReadMem(4 bytes @ 0xE0044FBC)
T760C3780 000:271.143   CPU_ReadMem(4 bytes @ 0xE0044FCC)
T760C3780 000:271.688   [0][0]: E0044000 CID B105900D PID 005BB906 DEVARCH 00000000 DEVTYPE 14 CTI (?)
T760C3780 000:271.709   CPU_ReadMem(32 bytes @ 0xE0047FE0)
T760C3780 000:272.615   CPU_ReadMem(4 bytes @ 0xE0047FBC)
T760C3780 000:273.208   CPU_ReadMem(4 bytes @ 0xE0047FCC)
T760C3780 000:274.027   [0][1]: E0047000 CID B105900D PID 003BB908 DEVARCH 00000000 DEVTYPE 12 CSTF
T760C3780 000:274.058   CPU_ReadMem(32 bytes @ 0xE0048FE0)
T760C3780 000:275.068   CPU_ReadMem(4 bytes @ 0xE0048FBC)
T760C3780 000:275.606   CPU_ReadMem(4 bytes @ 0xE0048FCC)
T760C3780 000:276.189   [0][2]: E0048000 CID B105900D PID 001BB961 DEVARCH 00000000 DEVTYPE 21 ETB
T760C3780 000:276.206   CPU_ReadMem(32 bytes @ 0xE0049FE0)
T760C3780 000:277.188   [0][3]: E0049000 CID B105F00D PID 001BB101 TSG
T760C3780 000:277.207   CPU_ReadMem(32 bytes @ 0xE0040FE0)
T760C3780 000:278.154   CPU_ReadMem(4 bytes @ 0xE0040FBC)
T760C3780 000:278.827   CPU_ReadMem(4 bytes @ 0xE0040FCC)
T760C3780 000:279.425   [0][4]: E0040000 CID B105900D PID 000BBD21 DEVARCH 00000000 DEVTYPE 11 TPIU
T760C3780 000:279.442   CPU_ReadMem(32 bytes @ 0xE00FFFE0)
T760C3780 000:281.522   [0][5]: E00FF000 CID B105100D PID 000BB4C9 ROM Table
T760C3780 000:281.547   ROMTbl[1] @ E00FF000
T760C3780 000:281.558   CPU_ReadMem(64 bytes @ 0xE00FF000)
T760C3780 000:282.954   CPU_ReadMem(32 bytes @ 0xE000EFE0)
T760C3780 000:283.916   CPU_ReadMem(4 bytes @ 0xE000EFBC)
T760C3780 000:284.570   CPU_ReadMem(4 bytes @ 0xE000EFCC)
T760C3780 000:285.128   [1][0]: E000E000 CID B105900D PID 000BBD21 DEVARCH 47702A04 DEVTYPE 00 Cortex-M33
T760C3780 000:285.151   CPU_ReadMem(32 bytes @ 0xE0001FE0)
T760C3780 000:286.056   CPU_ReadMem(4 bytes @ 0xE0001FBC)
T760C3780 000:286.704   CPU_ReadMem(4 bytes @ 0xE0001FCC)
T760C3780 000:287.370   [1][1]: E0001000 CID B105900D PID 000BBD21 DEVARCH 47701A02 DEVTYPE 00 DWT
T760C3780 000:287.385   CPU_ReadMem(32 bytes @ 0xE0002FE0)
T760C3780 000:288.315   CPU_ReadMem(4 bytes @ 0xE0002FBC)
T760C3780 000:288.911   CPU_ReadMem(4 bytes @ 0xE0002FCC)
T760C3780 000:289.504   [1][2]: E0002000 CID B105900D PID 000BBD21 DEVARCH 47701A03 DEVTYPE 00 FPB
T760C3780 000:289.520   CPU_ReadMem(32 bytes @ 0xE0000FE0)
T760C3780 000:290.518   CPU_ReadMem(4 bytes @ 0xE0000FBC)
T760C3780 000:291.099   CPU_ReadMem(4 bytes @ 0xE0000FCC)
T760C3780 000:291.742   [1][3]: E0000000 CID B105900D PID 000BBD21 DEVARCH 47701A01 DEVTYPE 43 ITM
T760C3780 000:291.763   CPU_ReadMem(32 bytes @ 0xE0041FE0)
T760C3780 000:292.711   CPU_ReadMem(4 bytes @ 0xE0041FBC)
T760C3780 000:293.335   CPU_ReadMem(4 bytes @ 0xE0041FCC)
T760C3780 000:293.928   [1][5]: E0041000 CID B105900D PID 002BBD21 DEVARCH 47724A13 DEVTYPE 13 ETM
T760C3780 000:293.945   CPU_ReadMem(32 bytes @ 0xE0042FE0)
T760C3780 000:294.945   CPU_ReadMem(4 bytes @ 0xE0042FBC)
T760C3780 000:295.560   CPU_ReadMem(4 bytes @ 0xE0042FCC)
T760C3780 000:296.141   [1][6]: E0042000 CID B105900D PID 000BBD21 DEVARCH 47701A14 DEVTYPE 14 CSS600-CTI
T760C3780 000:296.160 - 72.247ms returns 0x00
T760C3780 000:296.170 JLINK_Halt()
T760C3780 000:302.408 - 6.236ms returns 0x00
T760C3780 000:302.431 JLINK_IsHalted()
T760C3780 000:302.437 - 0.006ms returns TRUE
T760C3780 000:302.442 JLINK_ResetPullsRESET(ON)
T760C3780 000:302.447 - 0.004ms
T760C3780 000:302.451 JLINK_Reset()
T760C3780 000:302.467   CPU_WriteMem(4 bytes @ 0xE000EDF0)
T760C3780 000:303.091   CPU_ReadMem(4 bytes @ 0xE000ED44)
T760C3780 000:303.689   CPU_ReadMem(4 bytes @ 0xE000EE08)
T760C3780 000:304.255   CPU_WriteMem(4 bytes @ 0xE000EE08)
T760C3780 000:304.908   CPU_ReadMem(4 bytes @ 0xE000EE08)
T760C3780 000:305.492   Reset: ARMv8M core with Security Extension enabled detected. Switch to secure domain.
T760C3780 000:305.504   CPU_WriteMem(4 bytes @ 0xE000EDFC)
T760C3780 000:306.149   Reset: Halt core after reset via DEMCR.VC_CORERESET.
T760C3780 000:306.933   Reset: Reset device via AIRCR.SYSRESETREQ.
T760C3780 000:306.948   CPU_WriteMem(4 bytes @ 0xE000ED0C)
T760C3780 000:361.877   CPU_ReadMem(4 bytes @ 0xE000EDF0)
T760C3780 000:362.594   CPU_ReadMem(4 bytes @ 0xE000EDF0)
T760C3780 000:363.225   CPU_WriteMem(4 bytes @ 0xE000EDFC)
T760C3780 000:369.370   CPU_ReadMem(4 bytes @ 0xE000EDF0)
T760C3780 000:376.816   CPU_WriteMem(4 bytes @ 0xE0002000)
T760C3780 000:377.723   CPU_ReadMem(4 bytes @ 0xE000EDFC)
T760C3780 000:378.633   CPU_ReadMem(4 bytes @ 0xE0001000)
T760C3780 000:379.258   CPU_ReadMem(4 bytes @ 0xE000EE08)
T760C3780 000:380.052 - 77.597ms
T760C3780 000:380.128 JLINK_ReadMem(0xE000EDF0, 0x4 Bytes, ...)
T760C3780 000:380.145   CPU_ReadMem(4 bytes @ 0xE000EDF0)
T760C3780 000:380.957   Data:  03 00 13 00
T760C3780 000:380.967   Debug reg: DHCSR
T760C3780 000:380.971 - 0.844ms returns 0
T760C3780 000:380.987 JLINK_ReadMem(0x010080F0, 0x10 Bytes, ...)
T760C3780 000:380.994   CPU_ReadMem(16 bytes @ 0x010080F0)
T760C3780 000:381.964   Data:  52 37 46 41 36 4D 35 42 48 33 43 46 43 20 20 20
T760C3780 000:381.973 - 0.985ms returns 0
T760C3780 000:381.984 JLINK_IsHalted()
T760C3780 000:381.987 - 0.004ms returns TRUE
T760C3780 000:382.113 JLINK_ReadMem(0xE000EDF0, 0x4 Bytes, ...)
T760C3780 000:382.123   CPU_ReadMem(4 bytes @ 0xE000EDF0)
T760C3780 000:382.936   Data:  03 00 13 00
T760C3780 000:382.945   Debug reg: DHCSR
T760C3780 000:382.949 - 0.837ms returns 0
T760C3780 000:382.954 JLINK_ReadMem(0x400E002C, 0x4 Bytes, ...)
T760C3780 000:382.961   CPU_ReadMem(4 bytes @ 0x400E002C)
T760C3780 000:383.813   Data:  02 00 00 00
T760C3780 000:383.820 - 0.866ms returns 0
T760C3780 000:383.831 JLINK_MeasureCPUSpeed(RAMAddr = 0x20000000)
T760C3780 000:383.836   CPU_ReadMem(16 bytes @ 0x20000000)
T760C3780 000:384.809   CPU_ReadMem(4 bytes @ 0xE000EDFC)
T760C3780 000:385.358   CPU_ReadMem(4 bytes @ 0xE0001000)
T760C3780 000:385.983   CPU_ReadMem(6 bytes @ 0x20000000)
T760C3780 000:386.870   CPU_ReadMem(4 bytes @ 0xE000ED90)
T760C3780 000:387.708   CPU_ReadMem(4 bytes @ 0xE000ED94)
T760C3780 000:388.526   CPU_WriteMem(16 bytes @ 0x20000000)
T760C3780 000:389.308   CPU_WriteMem(6 bytes @ 0x20000000)
T760C3780 000:390.271   CPU_ReadMem(6 bytes @ 0x20000000)
T760C3780 000:390.956   CPU_ReadMem(4 bytes @ 0xE000EE08)
T760C3780 000:391.790   CPU_WriteMem(4 bytes @ 0xE0002008)
T760C3780 000:391.797   CPU_WriteMem(4 bytes @ 0xE000200C)
T760C3780 000:391.801   CPU_WriteMem(4 bytes @ 0xE0002010)
T760C3780 000:391.805   CPU_WriteMem(4 bytes @ 0xE0002014)
T760C3780 000:391.809   CPU_WriteMem(4 bytes @ 0xE0002018)
T760C3780 000:391.813   CPU_WriteMem(4 bytes @ 0xE000201C)
T760C3780 000:391.817   CPU_WriteMem(4 bytes @ 0xE0002020)
T760C3780 000:391.821   CPU_WriteMem(4 bytes @ 0xE0002024)
T760C3780 000:395.895   CPU_WriteMem(4 bytes @ 0xE0001004)
T760C3780 000:407.341   CPU_ReadMem(4 bytes @ 0xE0001004)
T760C3780 000:407.896   CPU_ReadMem(4 bytes @ 0xE000EE08)
T760C3780 000:408.700   CPU_WriteMem(4 bytes @ 0xE0002008)
T760C3780 000:409.626   CPU_WriteMem(4 bytes @ 0xE000200C)
T760C3780 000:410.486   CPU_WriteMem(4 bytes @ 0xE0002010)
T760C3780 000:411.381   CPU_WriteMem(4 bytes @ 0xE0002014)
T760C3780 000:412.241   CPU_WriteMem(4 bytes @ 0xE0002018)
T760C3780 000:412.968   CPU_WriteMem(4 bytes @ 0xE000201C)
T760C3780 000:413.828   CPU_WriteMem(4 bytes @ 0xE0002020)
T760C3780 000:414.498   CPU_WriteMem(4 bytes @ 0xE0002024)
T760C3780 000:415.085   CPU_ReadMem(4 bytes @ 0xE000EE08)
T760C3780 000:415.853   CPU_ReadMem(4 bytes @ 0xE000EE08)
T760C3780 000:416.682   CPU_WriteMem(4 bytes @ 0xE0001004)
T760C3780 000:448.732   CPU_ReadMem(4 bytes @ 0xE0001004)
T760C3780 000:449.635   CPU_WriteMem(6 bytes @ 0x20000000)
T760C3780 000:450.552   ClockFreq: 2082600 Hz
T760C3780 000:450.567 - 66.735ms returns 2082600
T760C3780 000:450.579 JLINK_ReadReg(XPSR)
T760C3780 000:450.588   CPU_ReadMem(4 bytes @ 0xE000EE08)
T760C3780 000:451.135 - 0.556ms returns 0xF9000000
T66200640 000:498.923 JLINK_ReadReg(XPSR)
T66200640 000:498.955   CPU_ReadMem(4 bytes @ 0xE000EE08)
T66200640 000:499.488 - 0.565ms returns 0xF9000000
T66200640 000:524.184 JLINK_ReadReg(XPSR)
T66200640 000:524.221   CPU_ReadMem(4 bytes @ 0xE000EE08)
T66200640 000:524.818 - 0.634ms returns 0xF9000000
T66200640 001:567.741 JLINK_SetEndian(ARM_ENDIAN_LITTLE)
T66200640 001:567.770 - 0.030ms returns 0
T66200640 001:567.849 JLINK_BeginDownload(Flags = 0x00000000)
T66200640 001:567.859 - 0.010ms
T66200640 001:585.519 JLINK_ReadMem(0xE000EDF0, 0x4 Bytes, ...)
T66200640 001:585.559   CPU_ReadMem(4 bytes @ 0xE000EDF0)
T66200640 001:586.115   Data:  03 00 13 00
T66200640 001:586.133   Debug reg: DHCSR
T66200640 001:586.141 - 0.623ms returns 0
T66200640 001:587.253 JLINK_WriteMem(0x00000000, 0xB74 Bytes, ...)
T66200640 001:587.281   Data:  A0 04 00 20 7D 06 00 00 E5 04 00 00 79 06 00 00 ...
T66200640 001:588.555   completely In flash
T66200640 001:588.582 - 1.330ms returns 0xB74
T66200640 001:589.228 JLINK_WriteMem(0x00000B74, 0x8 Bytes, ...)
T66200640 001:589.247   Data:  AD 00 00 00 85 00 00 00
T66200640 001:589.268   completely In flash
T66200640 001:589.279 - 0.052ms returns 0x8
T66200640 001:591.234 JLINK_WriteMem(0x0100A100, 0x14 Bytes, ...)
T66200640 001:591.259   Data:  FF FF FF FF FF FF FF FF FF FF FF FF FF FF FF FF ...
T66200640 001:592.534   completely In flash
T66200640 001:592.562 - 1.329ms returns 0x14
T66200640 001:593.492 JLINK_WriteMem(0x0100A134, 0x4 Bytes, ...)
T66200640 001:593.531   Data:  FF FF FF FF
T66200640 001:593.546   completely In flash
T66200640 001:593.555 - 0.063ms returns 0x4
T66200640 001:594.160 JLINK_WriteMem(0x0100A200, 0xD0 Bytes, ...)
T66200640 001:594.178   Data:  FF FD FF FF FF FF FF FF FF FF FF FF FF FF FF FF ...
T66200640 001:594.192   completely In flash
T66200640 001:594.201 - 0.041ms returns 0xD0
T66200640 001:603.261 JLINK_EndDownload()
T66200640 001:604.033   CPU_ReadMem(4 bytes @ 0xE000ED90)
T66200640 001:604.602   CPU_ReadMem(4 bytes @ 0xE000ED94)
T66200640 001:605.262    -- --------------------------------------
T66200640 001:605.304    -- Start of determining flash info (Bank @ 0x0100A100)
T66200640 001:605.335    -- End of determining flash info
T66200640 001:605.345    -- Start of determining dirty areas in flash cache
T66200640 001:605.358    -- Filling invalid ranges in sector buffer (flash cache) for sector @ 0x0100A100 if necessary
T66200640 001:605.368    -- Filling invalid ranges in sector buffer (flash cache) for sector @ 0x0100A110 if necessary
T66200640 001:605.380    -- Filling invalid ranges in sector buffer (flash cache) for sector @ 0x0100A130 if necessary
T66200640 001:605.389    -- Filling invalid ranges in sector buffer (flash cache) for sector @ 0x0100A200 if necessary
T66200640 001:605.399    -- Filling invalid ranges in sector buffer (flash cache) for sector @ 0x0100A210 if necessary
T66200640 001:605.407    -- Filling invalid ranges in sector buffer (flash cache) for sector @ 0x0100A220 if necessary
T66200640 001:605.417    -- Filling invalid ranges in sector buffer (flash cache) for sector @ 0x0100A230 if necessary
T66200640 001:605.426    -- Filling invalid ranges in sector buffer (flash cache) for sector @ 0x0100A240 if necessary
T66200640 001:605.435    -- Filling invalid ranges in sector buffer (flash cache) for sector @ 0x0100A250 if necessary
T66200640 001:605.444    -- Filling invalid ranges in sector buffer (flash cache) for sector @ 0x0100A260 if necessary
T66200640 001:605.453    -- Filling invalid ranges in sector buffer (flash cache) for sector @ 0x0100A270 if necessary
T66200640 001:605.461    -- Filling invalid ranges in sector buffer (flash cache) for sector @ 0x0100A280 if necessary
T66200640 001:605.469    -- Filling invalid ranges in sector buffer (flash cache) for sector @ 0x0100A290 if necessary
T66200640 001:605.478    -- Filling invalid ranges in sector buffer (flash cache) for sector @ 0x0100A2A0 if necessary
T66200640 001:605.487    -- Filling invalid ranges in sector buffer (flash cache) for sector @ 0x0100A2B0 if necessary
T66200640 001:605.495    -- Filling invalid ranges in sector buffer (flash cache) for sector @ 0x0100A2C0 if necessary
T66200640 001:605.505    -- End of determining dirty areas
T66200640 001:605.513    -- Start of preparing flash programming
T66200640 001:605.522    -- Preparing RAMCode
T66200640 001:605.530    -- Calculating RAM usage
T66200640 001:605.539    -- RAM usage = 5120 Bytes
T66200640 001:605.547    -- Preserving CPU registers
T66200640 001:628.257    -- Preparing memory
T66200640 001:628.287    -- Determining CPU clock frequency
T66200640 001:682.065    -- CPU frequency = 2082 kHz
T66200640 001:682.084    -- Preparing target
T66200640 001:682.089    -- Preserving target RAM temporarily used for programming
T66200640 001:742.158    -- Downloading RAMCode
T66200640 001:822.468    -- Initializing RAMCode (InitType: 3 = Verify)
T66200640 001:822.506    -- Executing Init(3)
T66200640 001:841.540    -- End of preparing flash programming
T66200640 001:841.570   
  ***** Warning: 
T66200640 001:841.579   CPU is running at low speed (2082 kHz).
T66200640 001:841.587    -- CPU is running at 2082 kHz.
T66200640 001:841.597    -- Start of comparing flash
T66200640 001:841.607    -- Flash algorithm supports a native verify function which is used to compare the flash content.
T66200640 001:841.619    -- Comparing range 0x100A100 - 0x100A11F (2 Sectors, 32 Bytes), using verify function of the RAMCode
T66200640 001:844.099    -- Data matches for sectors 0-1
T66200640 001:844.122    -- Comparing range 0x100A130 - 0x100A13F (1 Sector, 16 Bytes), using verify function of the RAMCode
T66200640 001:846.396    -- Data matches for sector 3
T66200640 001:846.416    -- Comparing range 0x100A200 - 0x100A2CF (13 Sectors, 208 Bytes), using verify function of the RAMCode
T66200640 001:851.543    -- Data matches for sectors 16-28
T66200640 001:851.568    -- End of comparing flash
T66200640 001:851.578    -- Start of erasing sectors
T66200640 001:851.587    -- End of erasing sectors
T66200640 001:851.596    -- Start of flash programming
T66200640 001:851.605    -- End of flash programming
T66200640 001:851.614    -- Start of verifying flash
T66200640 001:851.623    -- End of verifying flash
T66200640 001:851.631    -- Start of restoring
T66200640 001:851.652    -- Executing UnInit()
T66200640 001:859.811    -- Restoring target memory
T66200640 001:912.147    -- Restoring CPU registers
T66200640 001:912.847    -- End of restoring
T66200640 001:912.866    -- Bank 0 @ 0x0100A100: Skipped. Contents already match
T66200640 001:912.875    -- Bank 0 @ 0x0100A100: Skipped. Contents already match
T66200640 001:912.886    -- --------------------------------------
T66200640 001:912.895    -- Flash bank @ 0x00000000: Default: L2 verify disabled because algorithm performs L1 verify
T66200640 001:912.904    -- Start of determining dirty areas in flash cache
T66200640 001:912.914    -- Filling invalid ranges in sector buffer (flash cache) for sector @ 0x00000000 if necessary
T66200640 001:913.700    -- End of determining dirty areas
T66200640 001:913.716    -- Start of preparing flash programming
T66200640 001:913.725    -- Calculating RAM usage
T66200640 001:913.753    -- RAM usage = 3476 Bytes
T66200640 001:913.761    -- Preserving CPU registers
T66200640 001:913.815    -- Determining CPU clock frequency
T66200640 001:967.456    -- Preparing target
T66200640 001:967.474    -- Preserving target RAM temporarily used for programming
T66200640 002:008.243    -- Downloading RAMCode
T66200640 002:055.613    -- Preparing RAMCode
T66200640 002:076.658    -- CPU frequency = 100000 kHz
T66200640 002:076.683    -- End of preparing flash programming
T66200640 002:076.689    -- CPU is running at 100000 kHz.
T66200640 002:076.694    -- Start of comparing flash
T66200640 002:076.699    -- CRC check was estimated as fastest method
T66200640 002:076.704    -- Comparing range 0x0000 - 0x1FFF (1 Sector, 8 KB), using multi-block CRC calculation
T66200640 002:083.349    -- All CRCs match
T66200640 002:083.359    -- Comparing range 0x0000 - 0x1FFF (1 Sector, 8 KB), using alternative multi-block CRC calculation
T66200640 002:089.907    -- All CRCs match
T66200640 002:089.917    -- End of comparing flash
T66200640 002:089.922    -- Start of erasing sectors
T66200640 002:089.926    -- End of erasing sectors
T66200640 002:089.930    -- Start of flash programming
T66200640 002:089.934    -- End of flash programming
T66200640 002:089.939    -- Start of restoring
T66200640 002:089.943    -- Restoring RAMCode
T66200640 002:098.791    -- Restoring target memory
T66200640 002:135.098    -- Restore target
T66200640 002:135.129    -- Restoring CPU registers
T66200640 002:136.016    -- End of restoring
T66200640 002:136.043    -- Bank 1 @ 0x00000000: Skipped. Contents already match
T66200640 002:136.047    -- Bank 1 @ 0x00000000: Skipped. Contents already match
T66200640 002:149.051 - 545.790ms returns 0 (0x0)
T66200640 002:149.180 JLINK_WriteReg(R15 (PC), 0x0000067C)
T66200640 002:149.193 - 0.014ms returns 0
T66200640 002:149.198 JLINK_WriteReg(XPSR, 0x01000000)
T66200640 002:149.202 - 0.004ms returns 0
T66200640 002:149.212 JLINK_ResetPullsRESET(ON)
T66200640 002:149.215 - 0.003ms
T66200640 002:149.218 JLINK_Halt()
T66200640 002:149.812 - 0.593ms returns 0x00
T66200640 002:149.827 JLINK_IsHalted()
T66200640 002:149.832 - 0.005ms returns TRUE
T66200640 002:149.835 JLINK_Reset()
T66200640 002:149.847   CPU_WriteMem(4 bytes @ 0xE000EDF0)
T66200640 002:150.466   CPU_ReadMem(4 bytes @ 0xE000ED44)
T66200640 002:151.031   CPU_ReadMem(4 bytes @ 0xE000EE08)
T66200640 002:151.647   CPU_WriteMem(4 bytes @ 0xE000EE08)
T66200640 002:152.259   CPU_ReadMem(4 bytes @ 0xE000EE08)
T66200640 002:152.901   Reset: ARMv8M core with Security Extension enabled detected. Switch to secure domain.
T66200640 002:152.917   CPU_WriteMem(4 bytes @ 0xE000EDFC)
T66200640 002:153.549   Reset: Halt core after reset via DEMCR.VC_CORERESET.
T66200640 002:154.379   Reset: Reset device via AIRCR.SYSRESETREQ.
T66200640 002:154.393   CPU_WriteMem(4 bytes @ 0xE000ED0C)
T66200640 002:208.657   CPU_ReadMem(4 bytes @ 0xE000EDF0)
T66200640 002:209.240   CPU_ReadMem(4 bytes @ 0xE000EDF0)
T66200640 002:209.850   CPU_WriteMem(4 bytes @ 0xE000EDFC)
T66200640 002:216.043   CPU_ReadMem(4 bytes @ 0xE000EDF0)
T66200640 002:223.257   CPU_WriteMem(4 bytes @ 0xE0002000)
T66200640 002:223.883   CPU_ReadMem(4 bytes @ 0xE000EDFC)
T66200640 002:224.429   CPU_ReadMem(4 bytes @ 0xE0001000)
T66200640 002:225.301   CPU_ReadMem(4 bytes @ 0xE000EE08)
T66200640 002:226.018 - 76.182ms
T66200640 002:226.030 JLINK_SetEndian(ARM_ENDIAN_LITTLE)
T66200640 002:226.033 - 0.003ms returns 0
T66200640 002:226.633 JLINK_ResetPullsRESET(ON)
T66200640 002:226.658 - 0.025ms
T66200640 002:226.663 JLINK_Halt()
T66200640 002:226.667 - 0.004ms returns 0x00
T66200640 002:226.670 JLINK_IsHalted()
T66200640 002:226.675 - 0.005ms returns TRUE
T66200640 002:226.678 JLINK_Reset()
T66200640 002:226.695   CPU_WriteMem(4 bytes @ 0xE000EDF0)
T66200640 002:227.353   CPU_ReadMem(4 bytes @ 0xE000ED44)
T66200640 002:227.984   CPU_ReadMem(4 bytes @ 0xE000EE08)
T66200640 002:228.516   CPU_WriteMem(4 bytes @ 0xE000EE08)
T66200640 002:229.480   CPU_ReadMem(4 bytes @ 0xE000EE08)
T66200640 002:230.029   Reset: ARMv8M core with Security Extension enabled detected. Switch to secure domain.
T66200640 002:230.037   CPU_WriteMem(4 bytes @ 0xE000EDFC)
T66200640 002:230.899   Reset: Halt core after reset via DEMCR.VC_CORERESET.
T66200640 002:231.690   Reset: Reset device via AIRCR.SYSRESETREQ.
T66200640 002:231.698   CPU_WriteMem(4 bytes @ 0xE000ED0C)
T66200640 002:285.359   CPU_ReadMem(4 bytes @ 0xE000EDF0)
T66200640 002:285.972   CPU_ReadMem(4 bytes @ 0xE000EDF0)
T66200640 002:286.532   CPU_WriteMem(4 bytes @ 0xE000EDFC)
T66200640 002:292.503   CPU_ReadMem(4 bytes @ 0xE000EDF0)
T66200640 002:299.418   CPU_WriteMem(4 bytes @ 0xE0002000)
T66200640 002:300.048   CPU_ReadMem(4 bytes @ 0xE000EDFC)
T66200640 002:300.611   CPU_ReadMem(4 bytes @ 0xE0001000)
T66200640 002:301.167   CPU_ReadMem(4 bytes @ 0xE000EE08)
T66200640 002:301.817 - 75.137ms
T66200640 002:301.842 JLINK_SetEndian(ARM_ENDIAN_LITTLE)
T66200640 002:301.847 - 0.005ms returns 0
T66200640 002:308.374 JLINK_ReadReg(XPSR)
T66200640 002:308.410   CPU_ReadMem(4 bytes @ 0xE000EE08)
T66200640 002:308.984 - 0.610ms returns 0xF9000000
T66200640 002:309.767 JLINK_ReadMem(0x0000067C, 0x4 Bytes, ...)
T66200640 002:309.798    -- Read from flash cache (4 bytes @ 0x0000067C)
T66200640 002:309.806   Data:  08 B5 00 F0
T66200640 002:309.814 - 0.048ms returns 0
T66200640 002:322.002 JLINK_ReadReg(XPSR)
T66200640 002:322.049 - 0.048ms returns 0xF9000000
T66200640 002:322.441 JLINK_ReadMem(0x0000067C, 0x4 Bytes, ...)
T66200640 002:322.470    -- Read from flash cache (4 bytes @ 0x0000067C)
T66200640 002:322.479   Data:  08 B5 00 F0
T66200640 002:322.486 - 0.046ms returns 0
T66200640 003:450.879 JLINK_GetNumBPUnits(Type = 0xFFFFFF00)
T66200640 003:450.904 - 0.025ms returns 0x08
T66200640 003:450.910 JLINK_GetNumWPUnits()
T66200640 003:450.915 - 0.005ms returns 4
T66200640 003:450.920 JLINK_GetNumWPUnits()
T66200640 003:450.925 - 0.005ms returns 4
T66200640 003:450.937 JLINK_GetNumBPUnits(Type = 0xFFFFFF00)
T66200640 003:450.942 - 0.005ms returns 0x08
T66200640 003:450.947 JLINK_GetNumWPUnits()
T66200640 003:450.952 - 0.005ms returns 4
T66200640 003:450.957 JLINK_GetNumWPUnits()
T66200640 003:450.962 - 0.004ms returns 4
T66200640 003:450.973 JLINK_GetNumBPUnits(Type = 0xFFFFFF00)
T66200640 003:450.977 - 0.005ms returns 0x08
T66200640 003:450.982 JLINK_GetNumWPUnits()
T66200640 003:450.987 - 0.005ms returns 4
T66200640 003:450.992 JLINK_GetNumWPUnits()
T66200640 003:450.997 - 0.004ms returns 4
T66200640 003:451.037 JLINK_SetBPEx(Addr = 0x000001DC, Type = 0xFFFFFF00)
T66200640 003:451.045 - 0.009ms returns 0x00000001
T66200640 003:451.054 JLINK_ClrBPEx(BPHandle = 0x00000001)
T66200640 003:451.548 - 0.493ms returns 0x00
T66200640 003:455.275 JLINK_ReadMem(0x000001C0, 0x40 Bytes, ...)
T66200640 003:455.307    -- Read from flash cache (64 bytes @ 0x000001C0)
T66200640 003:455.317   Data:  FE 3F FE FF 02 28 00 D0 70 47 02 49 02 48 00 F0 ...
T66200640 003:455.325 - 0.051ms returns 0
T66200640 003:455.601 JLINK_ReadMem(0x000001DC, 0x2 Bytes, ...)
T66200640 003:455.613    -- Read from flash cache (2 bytes @ 0x000001DC)
T66200640 003:455.621   Data:  08 B5
T66200640 003:455.630 - 0.030ms returns 0
T66200640 003:455.928 JLINK_SetBPEx(Addr = 0x000001DC, Type = 0xFFFFFF00)
T66200640 003:455.950 - 0.024ms returns 0x00000002
T66200640 003:475.318 JLINK_ReadRegs(NumRegs = 22, Indexes: 0, 1, 2, 3, 4, 5, 6, 7, 8, 9, 10, 11, 12, 13, 14, 15, 16, 17, 18, 86, 87, 20)
T66200640 003:475.398    -- R0=0x00, R1=0x00, R2=0x00, R3=0x00, R4=0x00, R5=0x00, R6=0x00, R7=0x00, R8=0x63, R9=0x01, R10=0x69, R11=0x02, R12=0x2000D888, R13 (SP)=0x200004A0, R14=0xFFFFFFFF, R15 (PC)=0x67C, XPSR=0xF9000000, MSP=0x200004A0, PSP=0x00, MSPLIM=0x00, PSPLIM=0x00, CFBP=0x00
T66200640 003:475.409 - 0.091ms returns 0x00
T66200640 003:475.721 JLINK_ReadReg(XPSR)
T66200640 003:475.746 - 0.025ms returns 0xF9000000
T66200640 003:476.568 JLINK_ReadMem(0x0000067C, 0x4 Bytes, ...)
T66200640 003:476.591    -- Read from flash cache (4 bytes @ 0x0000067C)
T66200640 003:476.600   Data:  08 B5 00 F0
T66200640 003:476.610 - 0.043ms returns 0
T65800640 003:595.012 JLINK_GetNumBPUnits(Type = 0xFFFFFF00)
T65800640 003:595.044 - 0.033ms returns 0x08
T65800640 003:595.051 JLINK_GetNumWPUnits()
T65800640 003:595.057 - 0.006ms returns 4
T65800640 003:595.064 JLINK_GetNumWPUnits()
T65800640 003:595.069 - 0.006ms returns 4
T65800640 003:596.028 JLINK_GetNumBPUnits(Type = 0xFFFFFF00)
T65800640 003:596.054 - 0.027ms returns 0x08
T65800640 003:596.062 JLINK_GetNumWPUnits()
T65800640 003:596.068 - 0.007ms returns 4
T65800640 003:596.074 JLINK_GetNumWPUnits()
T65800640 003:596.080 - 0.006ms returns 4
T65800640 003:596.498 JLINK_GetNumBPUnits(Type = 0xFFFFFF00)
T65800640 003:596.511 - 0.013ms returns 0x08
T65800640 003:596.518 JLINK_GetNumWPUnits()
T65800640 003:596.524 - 0.006ms returns 4
T65800640 003:596.530 JLINK_GetNumWPUnits()
T65800640 003:596.535 - 0.006ms returns 4
T65800640 003:597.034 JLINK_GetNumBPUnits(Type = 0xFFFFFF00)
T65800640 003:597.063 - 0.029ms returns 0x08
T65800640 003:597.070 JLINK_GetNumWPUnits()
T65800640 003:597.076 - 0.006ms returns 4
T65800640 003:597.082 JLINK_GetNumWPUnits()
T65800640 003:597.088 - 0.005ms returns 4
T65800640 003:597.542 JLINK_GetNumBPUnits(Type = 0xFFFFFF00)
T65800640 003:597.555 - 0.013ms returns 0x08
T65800640 003:597.561 JLINK_GetNumWPUnits()
T65800640 003:597.567 - 0.005ms returns 4
T65800640 003:597.572 JLINK_GetNumWPUnits()
T65800640 003:597.578 - 0.006ms returns 4
T65800640 003:597.977 JLINK_GetNumBPUnits(Type = 0xFFFFFF00)
T65800640 003:598.014 - 0.038ms returns 0x08
T65800640 003:598.020 JLINK_GetNumWPUnits()
T65800640 003:598.026 - 0.006ms returns 4
T65800640 003:598.032 JLINK_GetNumWPUnits()
T65800640 003:598.037 - 0.005ms returns 4
T65800640 003:598.383 JLINK_GetNumBPUnits(Type = 0xFFFFFF00)
T65800640 003:598.397 - 0.016ms returns 0x08
T65800640 003:598.403 JLINK_GetNumWPUnits()
T65800640 003:598.409 - 0.006ms returns 4
T65800640 003:598.415 JLINK_GetNumWPUnits()
T65800640 003:598.421 - 0.006ms returns 4
T65800640 003:598.858 JLINK_GetNumBPUnits(Type = 0xFFFFFF00)
T65800640 003:598.879 - 0.022ms returns 0x08
T65800640 003:598.886 JLINK_GetNumWPUnits()
T65800640 003:598.891 - 0.005ms returns 4
T65800640 003:598.897 JLINK_GetNumWPUnits()
T65800640 003:598.902 - 0.005ms returns 4
T65800640 003:631.241 JLINK_ReadReg(XPSR)
T65800640 003:631.305 - 0.065ms returns 0xF9000000
T65800640 003:631.314 JLINK_ReadReg(R15 (PC))
T65800640 003:631.324 - 0.010ms returns 0x0000067C
T66200640 003:774.596 JLINK_ReadReg(XPSR)
T66200640 003:774.650 - 0.055ms returns 0xF9000000
T66200640 003:774.989 JLINK_ReadMem(0x0000067C, 0x4 Bytes, ...)
T66200640 003:775.001    -- Read from flash cache (4 bytes @ 0x0000067C)
T66200640 003:775.006   Data:  08 B5 00 F0
T66200640 003:775.012 - 0.024ms returns 0
T66200640 004:977.167 JLINK_ReadReg(XPSR)
T66200640 004:977.708 - 0.540ms returns 0xF9000000
T66200640 004:978.228 JLINK_ReadReg(XPSR)
T66200640 004:978.249 - 0.021ms returns 0xF9000000
T66200640 006:402.195 JLINK_STRACE_Read(..., NumItems = 0x10000)
T66200640 006:402.651 - 0.444ms NumItemsRead = 0x00
T66200640 006:402.680 JLINK_IsHalted()
T66200640 006:403.174 - 0.493ms returns TRUE
T66200640 006:403.197 JLINK_STRACE_Read(..., NumItems = 0x10000)
T66200640 006:403.211 - 0.014ms NumItemsRead = 0x00
T66200640 006:403.222 JLINK_GoEx(MaxEmulInsts = 0, Flags = 0x01)
T66200640 006:403.262   CPU_WriteMem(4 bytes @ 0xE0002000)
T66200640 006:403.992   CPU_ReadMem(4 bytes @ 0xE0001000)
T66200640 006:404.591   CPU_WriteMem(4 bytes @ 0xE0002008)
T66200640 006:404.609   CPU_WriteMem(4 bytes @ 0xE000200C)
T66200640 006:404.620   CPU_WriteMem(4 bytes @ 0xE0002010)
T66200640 006:404.635   CPU_WriteMem(4 bytes @ 0xE0002014)
T66200640 006:404.658   CPU_WriteMem(4 bytes @ 0xE0002018)
T66200640 006:404.674   CPU_WriteMem(4 bytes @ 0xE000201C)
T66200640 006:404.688   CPU_WriteMem(4 bytes @ 0xE0002020)
T66200640 006:404.698   CPU_WriteMem(4 bytes @ 0xE0002024)
T66200640 006:408.491   CPU_WriteMem(4 bytes @ 0xE0001004)
T66200640 006:410.106   Memory map 'after startup completion point' is active
T66200640 006:410.135 - 6.914ms
T66200640 006:510.704 JLINK_IsHalted()
T66200640 006:516.957 - 6.253ms returns TRUE
T66200640 006:516.983 JLINK_ReadReg(XPSR)
T66200640 006:516.997   CPU_ReadMem(4 bytes @ 0xE000EE08)
T66200640 006:517.540 - 0.556ms returns 0x69000000
T66200640 006:517.554 JLINK_ReadReg(R15 (PC))
T66200640 006:517.564 - 0.010ms returns 0x000001DC
T66200640 006:517.575 JLINK_ReadReg(XPSR)
T66200640 006:517.582 - 0.006ms returns 0x69000000
T66200640 006:517.588 JLINK_ReadReg(XPSR)
T66200640 006:517.595 - 0.006ms returns 0x69000000
T66200640 006:517.601 JLINK_ReadReg(R15 (PC))
T66200640 006:517.607 - 0.007ms returns 0x000001DC
T66200640 006:517.613 JLINK_ReadReg(XPSR)
T66200640 006:517.620 - 0.007ms returns 0x69000000
T66200640 006:517.626 JLINK_ReadReg(XPSR)
T66200640 006:517.633 - 0.006ms returns 0x69000000
T66200640 006:517.649 JLINK_ReadMem(0x000001DC, 0x1 Bytes, ...)
T66200640 006:517.664    -- Read from flash cache (1 bytes @ 0x000001DC)
T66200640 006:517.675   Data:  08
T66200640 006:517.684 - 0.035ms returns 0
T66200640 006:517.692 JLINK_IsHalted()
T66200640 006:517.698 - 0.007ms returns TRUE
T66200640 006:517.704 JLINK_ReadReg(XPSR)
T66200640 006:517.716 - 0.012ms returns 0x69000000
T66200640 006:517.723 JLINK_ReadReg(XPSR)
T66200640 006:517.730 - 0.007ms returns 0x69000000
T66200640 006:517.736 JLINK_ReadReg(R15 (PC))
T66200640 006:517.743 - 0.006ms returns 0x000001DC
T66200640 006:517.763 JLINK_ReadReg(XPSR)
T66200640 006:517.768 - 0.005ms returns 0x69000000
T66200640 006:517.772 JLINK_ReadReg(XPSR)
T66200640 006:517.776 - 0.004ms returns 0x69000000
T66200640 006:517.781 JLINK_ReadMem(0x000001DC, 0x1 Bytes, ...)
T66200640 006:517.785    -- Read from flash cache (1 bytes @ 0x000001DC)
T66200640 006:517.791   Data:  08
T66200640 006:517.796 - 0.016ms returns 0
T66200640 006:518.199 JLINK_ReadRegs(NumRegs = 22, Indexes: 0, 1, 2, 3, 4, 5, 6, 7, 8, 9, 10, 11, 12, 13, 14, 15, 16, 17, 18, 86, 87, 20)
T66200640 006:518.228    -- R0=0x00, R1=0x11F, R2=0x00, R3=0x60, R4=0x00, R5=0x00, R6=0x00, R7=0x00, R8=0x63, R9=0x01, R10=0x69, R11=0x02, R12=0x10, R13 (SP)=0x20000498, R14=0x687, R15 (PC)=0x1DC, XPSR=0x69000000, MSP=0x20000498, PSP=0x00, MSPLIM=0x200000A0, PSPLIM=0x00, CFBP=0x00
T66200640 006:518.235 - 0.036ms returns 0x00
T66200640 006:519.698 JLINK_ReadReg(XPSR)
T66200640 006:519.740 - 0.044ms returns 0x69000000
T66200640 006:520.590 JLINK_ReadMem(0x000001DC, 0x4 Bytes, ...)
T66200640 006:520.610    -- Read from flash cache (4 bytes @ 0x000001DC)
T66200640 006:520.619   Data:  08 B5 FF F7
T66200640 006:520.627 - 0.039ms returns 0
T66200640 006:521.601 JLINK_ClrBPEx(BPHandle = 0x00000002)
T66200640 006:521.633 - 0.032ms returns 0x00
T66200640 006:558.391 JLINK_ReadMem(0x000001DC, 0x4 Bytes, ...)
T66200640 006:558.423    -- Read from flash cache (4 bytes @ 0x000001DC)
T66200640 006:558.431   Data:  08 B5 FF F7
T66200640 006:558.439 - 0.050ms returns 0
T66200640 006:597.174 JLINK_ReadReg(XPSR)
T66200640 006:597.217 - 0.044ms returns 0x69000000
T66200640 006:598.066 JLINK_ReadReg(XPSR)
T66200640 006:598.102 - 0.036ms returns 0x69000000
T65800640 007:526.355 JLINK_ReadReg(XPSR)
T65800640 007:526.908 - 0.554ms returns 0x69000000
T65800640 007:526.917 JLINK_ReadReg(R15 (PC))
T65800640 007:526.922 - 0.005ms returns 0x000001DC
T65800640 007:530.262 JLINK_IsHalted()
T65800640 007:530.280 - 0.019ms returns TRUE
T65800640 007:530.287 JLINK_ReadReg(XPSR)
T65800640 007:530.296 - 0.010ms returns 0x69000000
T65800640 007:530.299 JLINK_ReadReg(R15 (PC))
T65800640 007:530.303 - 0.003ms returns 0x000001DC
T65800640 007:530.307 JLINK_ReadReg(XPSR)
T65800640 007:530.311 - 0.003ms returns 0x69000000
T65800640 007:530.314 JLINK_ReadReg(XPSR)
T65800640 007:530.317 - 0.003ms returns 0x69000000
T65800640 007:530.320 JLINK_ReadReg(R15 (PC))
T65800640 007:530.323 - 0.003ms returns 0x000001DC
T65800640 007:530.326 JLINK_ReadReg(XPSR)
T65800640 007:530.329 - 0.003ms returns 0x69000000
T65800640 007:530.332 JLINK_ReadReg(XPSR)
T65800640 007:530.336 - 0.003ms returns 0x69000000
T65800640 007:530.339 JLINK_ReadMem(0x000001DC, 0x1 Bytes, ...)
T65800640 007:530.345    -- Read from flash cache (1 bytes @ 0x000001DC)
T65800640 007:530.349   Data:  08
T65800640 007:530.354 - 0.014ms returns 0
T65800640 007:530.357 JLINK_IsHalted()
T65800640 007:530.360 - 0.003ms returns TRUE
T65800640 007:530.363 JLINK_ReadReg(XPSR)
T65800640 007:530.367 - 0.003ms returns 0x69000000
T65800640 007:530.369 JLINK_ReadReg(XPSR)
T65800640 007:530.373 - 0.004ms returns 0x69000000
T65800640 007:530.376 JLINK_ReadReg(R15 (PC))
T65800640 007:530.379 - 0.004ms returns 0x000001DC
T65800640 007:530.382 JLINK_ReadReg(XPSR)
T65800640 007:530.385 - 0.003ms returns 0x69000000
T65800640 007:530.388 JLINK_ReadReg(XPSR)
T65800640 007:530.391 - 0.003ms returns 0x69000000
T65800640 007:530.394 JLINK_ReadMem(0x000001DC, 0x1 Bytes, ...)
T65800640 007:530.397    -- Read from flash cache (1 bytes @ 0x000001DC)
T65800640 007:530.401   Data:  08
T65800640 007:530.405 - 0.011ms returns 0
T65800640 007:531.983 JLINK_WriteMem(0xE0001FB0, 0x4 Bytes, ...)
T65800640 007:531.991   Data:  55 CE AC C5
T65800640 007:532.664   CPU_WriteMem(4 bytes @ 0xE0001FB0)
T65800640 007:533.273 - 1.290ms returns 0x4
T65800640 007:534.166 JLINK_WriteMem(0xE0001000, 0x4 Bytes, ...)
T65800640 007:534.171   Data:  01 00 00 48
T65800640 007:534.176   Debug reg: DWT_CTRL
T65800640 007:534.184   CPU_WriteMem(4 bytes @ 0xE0001000)
T65800640 007:534.771 - 0.606ms returns 0x4
T65800640 007:535.667 JLINK_ReadMem(0xE0001000, 0x4 Bytes, ...)
T65800640 007:535.678   CPU_ReadMem(4 bytes @ 0xE0001000)
T65800640 007:536.246   Data:  01 00 00 40
T65800640 007:536.272   Debug reg: DWT_CTRL
T65800640 007:536.277 - 0.611ms returns 0
T65800640 007:537.304 JLINK_WriteMem(0xE0001004, 0x4 Bytes, ...)
T65800640 007:537.316   Data:  00 00 00 00
T65800640 007:537.323   Debug reg: DWT_CYCCNT
T65800640 007:537.344 - 0.040ms returns 0x4
T65800640 007:538.378 JLINK_ReadMem(0xE0001004, 0x4 Bytes, ...)
T65800640 007:538.392   Data:  00 00 00 00
T65800640 007:538.399   Debug reg: DWT_CYCCNT
T65800640 007:538.421 - 0.042ms returns 0
T66200640 007:583.108 JLINK_STRACE_Read(..., NumItems = 0x10000)
T66200640 007:583.134 - 0.027ms NumItemsRead = 0x00
T66200640 007:584.284 JLINK_ReadMem(0xE0001004, 0x4 Bytes, ...)
T66200640 007:584.304   Data:  00 00 00 00
T66200640 007:584.309   Debug reg: DWT_CYCCNT
T66200640 007:584.313 - 0.030ms returns 0
T66200640 007:584.320 JLINK_IsHalted()
T66200640 007:584.324 - 0.004ms returns TRUE
T66200640 007:584.329 JLINK_STRACE_Read(..., NumItems = 0x10000)
T66200640 007:584.334 - 0.005ms NumItemsRead = 0x00
T66200640 007:585.267 JLINK_ReadMem(0xE0001004, 0x4 Bytes, ...)
T66200640 007:585.306   Data:  00 00 00 00
T66200640 007:585.312   Debug reg: DWT_CYCCNT
T66200640 007:585.316 - 0.049ms returns 0
T66200640 007:585.320 JLINK_GoEx(MaxEmulInsts = 0, Flags = 0x01)
T66200640 007:585.334   CPU_ReadMem(4 bytes @ 0xE0001000)
T66200640 007:585.914   CPU_WriteMem(4 bytes @ 0xE0002008)
T66200640 007:586.602   CPU_WriteMem(4 bytes @ 0xE0001004)
T66200640 007:588.198 - 2.876ms
T66200640 007:688.714 JLINK_IsHalted()
T66200640 007:689.231 - 0.517ms returns FALSE
T66200640 007:689.242 JLINK_IsHalted()
T66200640 007:689.750 - 0.506ms returns FALSE
T66200640 007:790.685 JLINK_IsHalted()
T66200640 007:791.270 - 0.584ms returns FALSE
T66200640 007:791.283 JLINK_IsHalted()
T66200640 007:791.922 - 0.638ms returns FALSE
T66200640 007:892.812 JLINK_IsHalted()
T66200640 007:893.388 - 0.576ms returns FALSE
T66200640 007:893.397 JLINK_IsHalted()
T66200640 007:893.996 - 0.598ms returns FALSE
T66200640 007:994.690 JLINK_IsHalted()
T66200640 007:995.269 - 0.579ms returns FALSE
T66200640 007:995.278 JLINK_IsHalted()
T66200640 007:995.891 - 0.612ms returns FALSE
T66200640 008:096.760 JLINK_IsHalted()
T66200640 008:097.562 - 0.802ms returns FALSE
T66200640 008:097.569 JLINK_IsHalted()
T66200640 008:098.367 - 0.796ms returns FALSE
T66200640 008:198.741 JLINK_IsHalted()
T66200640 008:199.438 - 0.696ms returns FALSE
T66200640 008:199.444 JLINK_IsHalted()
T66200640 008:200.372 - 0.926ms returns FALSE
T66200640 008:300.805 JLINK_IsHalted()
T66200640 008:301.591 - 0.786ms returns FALSE
T66200640 008:301.598 JLINK_IsHalted()
T66200640 008:302.474 - 0.874ms returns FALSE
T66200640 008:402.752 JLINK_IsHalted()
T66200640 008:403.549 - 0.796ms returns FALSE
T66200640 008:403.555 JLINK_IsHalted()
T66200640 008:404.328 - 0.773ms returns FALSE
T66200640 008:504.797 JLINK_IsHalted()
T66200640 008:505.584 - 0.786ms returns FALSE
T66200640 008:505.591 JLINK_IsHalted()
T66200640 008:506.368 - 0.776ms returns FALSE
T65800640 008:588.068 JLINK_IsHalted()
T65800640 008:588.592 - 0.524ms returns FALSE
T65800640 008:588.599 JLINK_IsHalted()
T65800640 008:589.108 - 0.508ms returns FALSE
T66200640 008:606.784 JLINK_IsHalted()
T66200640 008:607.358 - 0.573ms returns FALSE
T66200640 008:607.373 JLINK_IsHalted()
T66200640 008:607.937 - 0.563ms returns FALSE
T66200640 008:708.772 JLINK_IsHalted()
T66200640 008:709.532 - 0.759ms returns FALSE
T66200640 008:709.539 JLINK_IsHalted()
T66200640 008:710.286 - 0.746ms returns FALSE
T66200640 008:810.730 JLINK_IsHalted()
T66200640 008:811.318 - 0.588ms returns FALSE
T66200640 008:811.325 JLINK_IsHalted()
T66200640 008:812.061 - 0.735ms returns FALSE
T66200640 008:912.743 JLINK_IsHalted()
T66200640 008:913.280 - 0.537ms returns FALSE
T66200640 008:913.289 JLINK_IsHalted()
T66200640 008:913.862 - 0.572ms returns FALSE
T66200640 009:014.745 JLINK_IsHalted()
T66200640 009:015.318 - 0.573ms returns FALSE
T66200640 009:015.325 JLINK_IsHalted()
T66200640 009:015.941 - 0.616ms returns FALSE
T66200640 009:116.803 JLINK_IsHalted()
T66200640 009:117.400 - 0.597ms returns FALSE
T66200640 009:117.406 JLINK_IsHalted()
T66200640 009:117.902 - 0.495ms returns FALSE
T66200640 009:218.819 JLINK_IsHalted()
T66200640 009:219.389 - 0.570ms returns FALSE
T66200640 009:219.395 JLINK_IsHalted()
T66200640 009:219.979 - 0.583ms returns FALSE
T66200640 009:320.803 JLINK_IsHalted()
T66200640 009:321.628 - 0.825ms returns FALSE
T66200640 009:321.635 JLINK_IsHalted()
T66200640 009:322.216 - 0.580ms returns FALSE
T66200640 009:422.800 JLINK_IsHalted()
T66200640 009:423.563 - 0.763ms returns FALSE
T66200640 009:423.571 JLINK_IsHalted()
T66200640 009:424.304 - 0.733ms returns FALSE
T66200640 009:524.730 JLINK_IsHalted()
T66200640 009:525.552 - 0.821ms returns FALSE
T66200640 009:525.558 JLINK_IsHalted()
T66200640 009:526.293 - 0.735ms returns FALSE
T65800640 009:589.783 JLINK_IsHalted()
T65800640 009:590.279 - 0.496ms returns FALSE
T65800640 009:590.285 JLINK_IsHalted()
T65800640 009:590.891 - 0.606ms returns FALSE
T66200640 009:626.799 JLINK_IsHalted()
T66200640 009:627.572 - 0.773ms returns FALSE
T66200640 009:627.579 JLINK_IsHalted()
T66200640 009:628.473 - 0.893ms returns FALSE
T66200640 009:728.673 JLINK_IsHalted()
T66200640 009:729.273 - 0.599ms returns FALSE
T66200640 009:729.280 JLINK_IsHalted()
T66200640 009:729.965 - 0.685ms returns FALSE
T66200640 009:830.672 JLINK_IsHalted()
T66200640 009:831.281 - 0.609ms returns FALSE
T66200640 009:831.288 JLINK_IsHalted()
T66200640 009:831.925 - 0.636ms returns FALSE
T66200640 009:932.728 JLINK_IsHalted()
T66200640 009:933.543 - 0.815ms returns FALSE
T66200640 009:933.549 JLINK_IsHalted()
T66200640 009:934.326 - 0.776ms returns FALSE
T66200640 010:034.658 JLINK_IsHalted()
T66200640 010:035.579 - 0.920ms returns FALSE
T66200640 010:035.595 JLINK_IsHalted()
T66200640 010:036.444 - 0.847ms returns FALSE
T66200640 010:136.758 JLINK_IsHalted()
T66200640 010:137.546 - 0.788ms returns FALSE
T66200640 010:137.553 JLINK_IsHalted()
T66200640 010:138.359 - 0.805ms returns FALSE
T66200640 010:238.769 JLINK_IsHalted()
T66200640 010:239.580 - 0.810ms returns FALSE
T66200640 010:239.586 JLINK_IsHalted()
T66200640 010:240.249 - 0.662ms returns FALSE
T66200640 010:340.793 JLINK_IsHalted()
T66200640 010:341.713 - 0.918ms returns FALSE
T66200640 010:341.737 JLINK_IsHalted()
T66200640 010:342.537 - 0.799ms returns FALSE
T66200640 010:442.718 JLINK_IsHalted()
T66200640 010:443.540 - 0.822ms returns FALSE
T66200640 010:443.548 JLINK_IsHalted()
T66200640 010:444.338 - 0.789ms returns FALSE
T66200640 010:544.659 JLINK_IsHalted()
T66200640 010:545.392 - 0.732ms returns FALSE
T66200640 010:545.401 JLINK_IsHalted()
T66200640 010:546.051 - 0.649ms returns FALSE
T65800640 010:591.265 JLINK_IsHalted()
T65800640 010:591.814 - 0.549ms returns FALSE
T65800640 010:591.823 JLINK_IsHalted()
T65800640 010:592.354 - 0.530ms returns FALSE
T66200640 010:646.715 JLINK_IsHalted()
T66200640 010:647.648 - 0.932ms returns FALSE
T66200640 010:647.670 JLINK_IsHalted()
T66200640 010:648.636 - 0.965ms returns FALSE
T66200640 010:749.715 JLINK_IsHalted()
T66200640 010:750.534 - 0.818ms returns FALSE
T66200640 010:750.540 JLINK_IsHalted()
T66200640 010:751.441 - 0.899ms returns FALSE
T66200640 010:851.717 JLINK_IsHalted()
T66200640 010:852.535 - 0.817ms returns FALSE
T66200640 010:852.542 JLINK_IsHalted()
T66200640 010:853.349 - 0.806ms returns FALSE
T66200640 010:953.756 JLINK_IsHalted()
T66200640 010:954.541 - 0.785ms returns FALSE
T66200640 010:954.549 JLINK_IsHalted()
T66200640 010:955.086 - 0.537ms returns FALSE
T66200640 011:055.764 JLINK_IsHalted()
T66200640 011:056.583 - 0.819ms returns FALSE
T66200640 011:056.593 JLINK_IsHalted()
T66200640 011:057.140 - 0.546ms returns FALSE
T66200640 011:157.745 JLINK_IsHalted()
T66200640 011:158.581 - 0.836ms returns FALSE
T66200640 011:158.587 JLINK_IsHalted()
T66200640 011:159.390 - 0.802ms returns FALSE
T66200640 011:259.745 JLINK_IsHalted()
T66200640 011:260.569 - 0.824ms returns FALSE
T66200640 011:260.576 JLINK_IsHalted()
T66200640 011:261.096 - 0.520ms returns FALSE
T66200640 011:361.750 JLINK_IsHalted()
T66200640 011:362.545 - 0.795ms returns FALSE
T66200640 011:362.552 JLINK_IsHalted()
T66200640 011:363.328 - 0.776ms returns FALSE
T66200640 011:463.736 JLINK_IsHalted()
T66200640 011:464.530 - 0.794ms returns FALSE
T66200640 011:464.536 JLINK_IsHalted()
T66200640 011:465.292 - 0.755ms returns FALSE
T66200640 011:565.662 JLINK_IsHalted()
T66200640 011:566.196 - 0.534ms returns FALSE
T66200640 011:566.203 JLINK_IsHalted()
T66200640 011:567.000 - 0.796ms returns FALSE
T65800640 011:592.750 JLINK_IsHalted()
T65800640 011:593.302 - 0.552ms returns FALSE
T65800640 011:593.307 JLINK_IsHalted()
T65800640 011:593.970 - 0.663ms returns FALSE
T66200640 011:667.663 JLINK_IsHalted()
T66200640 011:668.557 - 0.893ms returns FALSE
T66200640 011:668.573 JLINK_IsHalted()
T66200640 011:669.136 - 0.563ms returns FALSE
T66200640 011:769.768 JLINK_IsHalted()
T66200640 011:770.591 - 0.823ms returns FALSE
T66200640 011:770.598 JLINK_IsHalted()
T66200640 011:771.119 - 0.520ms returns FALSE
T66200640 011:871.761 JLINK_IsHalted()
T66200640 011:872.305 - 0.544ms returns FALSE
T66200640 011:872.312 JLINK_IsHalted()
T66200640 011:872.837 - 0.524ms returns FALSE
T66200640 011:973.691 JLINK_IsHalted()
T66200640 011:974.235 - 0.544ms returns FALSE
T66200640 011:974.244 JLINK_IsHalted()
T66200640 011:974.736 - 0.491ms returns FALSE
T66200640 012:075.670 JLINK_IsHalted()
T66200640 012:076.251 - 0.580ms returns FALSE
T66200640 012:076.260 JLINK_IsHalted()
T66200640 012:076.757 - 0.497ms returns FALSE
T66200640 012:177.717 JLINK_IsHalted()
T66200640 012:178.462 - 0.744ms returns FALSE
T66200640 012:178.470 JLINK_IsHalted()
T66200640 012:179.162 - 0.692ms returns FALSE
T66200640 012:279.814 JLINK_IsHalted()
T66200640 012:280.588 - 0.774ms returns FALSE
T66200640 012:280.596 JLINK_IsHalted()
T66200640 012:281.408 - 0.811ms returns FALSE
T66200640 012:381.721 JLINK_IsHalted()
T66200640 012:382.485 - 0.763ms returns FALSE
T66200640 012:382.493 JLINK_IsHalted()
T66200640 012:383.010 - 0.516ms returns FALSE
T66200640 012:483.735 JLINK_IsHalted()
T66200640 012:484.275 - 0.541ms returns FALSE
T66200640 012:484.283 JLINK_IsHalted()
T66200640 012:484.890 - 0.607ms returns FALSE
T66200640 012:585.763 JLINK_IsHalted()
T66200640 012:586.307 - 0.544ms returns FALSE
T66200640 012:586.314 JLINK_IsHalted()
T66200640 012:586.866 - 0.552ms returns FALSE
T65800640 012:594.370 JLINK_IsHalted()
T65800640 012:594.945 - 0.575ms returns FALSE
T65800640 012:594.953 JLINK_IsHalted()
T65800640 012:595.513 - 0.560ms returns FALSE
T66200640 012:687.743 JLINK_IsHalted()
T66200640 012:688.278 - 0.536ms returns FALSE
T66200640 012:688.286 JLINK_IsHalted()
T66200640 012:688.736 - 0.451ms returns FALSE
T66200640 012:789.791 JLINK_IsHalted()
T66200640 012:790.605 - 0.813ms returns FALSE
T66200640 012:790.612 JLINK_IsHalted()
T66200640 012:791.376 - 0.764ms returns FALSE
T66200640 012:891.659 JLINK_IsHalted()
T66200640 012:892.580 - 0.920ms returns FALSE
T66200640 012:892.597 JLINK_IsHalted()
T66200640 012:893.505 - 0.907ms returns FALSE
T66200640 012:993.796 JLINK_IsHalted()
T66200640 012:994.581 - 0.784ms returns FALSE
T66200640 012:994.587 JLINK_IsHalted()
T66200640 012:995.358 - 0.771ms returns FALSE
T66200640 013:095.790 JLINK_IsHalted()
T66200640 013:096.428 - 0.638ms returns FALSE
T66200640 013:096.435 JLINK_IsHalted()
T66200640 013:097.142 - 0.707ms returns FALSE
T66200640 013:197.775 JLINK_IsHalted()
T66200640 013:198.540 - 0.765ms returns FALSE
T66200640 013:198.547 JLINK_IsHalted()
T66200640 013:199.025 - 0.478ms returns FALSE
T66200640 013:299.796 JLINK_IsHalted()
T66200640 013:300.556 - 0.759ms returns FALSE
T66200640 013:300.563 JLINK_IsHalted()
T66200640 013:301.241 - 0.679ms returns FALSE
T66200640 013:401.663 JLINK_IsHalted()
T66200640 013:402.199 - 0.536ms returns FALSE
T66200640 013:402.210 JLINK_IsHalted()
T66200640 013:402.695 - 0.486ms returns FALSE
T66200640 013:503.679 JLINK_IsHalted()
T66200640 013:504.476 - 0.797ms returns FALSE
T66200640 013:504.483 JLINK_IsHalted()
T66200640 013:505.282 - 0.798ms returns FALSE
T65800640 013:595.953 JLINK_IsHalted()
T65800640 013:596.530 - 0.577ms returns FALSE
T65800640 013:596.537 JLINK_IsHalted()
T65800640 013:597.068 - 0.532ms returns FALSE
T66200640 013:605.717 JLINK_IsHalted()
T66200640 013:606.262 - 0.544ms returns FALSE
T66200640 013:606.270 JLINK_IsHalted()
T66200640 013:606.787 - 0.516ms returns FALSE
T66200640 013:707.718 JLINK_IsHalted()
T66200640 013:708.386 - 0.667ms returns FALSE
T66200640 013:708.392 JLINK_IsHalted()
T66200640 013:709.009 - 0.616ms returns FALSE
T66200640 013:809.806 JLINK_IsHalted()
T66200640 013:810.335 - 0.529ms returns FALSE
T66200640 013:810.342 JLINK_IsHalted()
T66200640 013:810.953 - 0.611ms returns FALSE
T66200640 013:911.684 JLINK_IsHalted()
T66200640 013:912.210 - 0.523ms returns FALSE
T66200640 013:912.225 JLINK_IsHalted()
T66200640 013:912.738 - 0.511ms returns FALSE
T66200640 014:013.667 JLINK_IsHalted()
T66200640 014:014.282 - 0.615ms returns FALSE
T66200640 014:014.289 JLINK_IsHalted()
T66200640 014:014.843 - 0.553ms returns FALSE
T66200640 014:115.758 JLINK_IsHalted()
T66200640 014:116.302 - 0.545ms returns FALSE
T66200640 014:116.308 JLINK_IsHalted()
T66200640 014:116.857 - 0.548ms returns FALSE
T66200640 014:217.791 JLINK_IsHalted()
T66200640 014:218.342 - 0.551ms returns FALSE
T66200640 014:218.349 JLINK_IsHalted()
T66200640 014:218.881 - 0.531ms returns FALSE
T66200640 014:319.813 JLINK_IsHalted()
T66200640 014:320.340 - 0.526ms returns FALSE
T66200640 014:320.349 JLINK_IsHalted()
T66200640 014:320.829 - 0.479ms returns FALSE
T66200640 014:421.774 JLINK_IsHalted()
T66200640 014:422.564 - 0.790ms returns FALSE
T66200640 014:422.571 JLINK_IsHalted()
T66200640 014:423.340 - 0.769ms returns FALSE
T66200640 014:523.688 JLINK_IsHalted()
T66200640 014:524.469 - 0.781ms returns FALSE
T66200640 014:524.477 JLINK_IsHalted()
T66200640 014:525.172 - 0.694ms returns FALSE
T65800640 014:597.527 JLINK_IsHalted()
T65800640 014:598.074 - 0.548ms returns FALSE
T65800640 014:598.083 JLINK_IsHalted()
T65800640 014:598.606 - 0.523ms returns FALSE
T66200640 014:625.764 JLINK_IsHalted()
T66200640 014:626.577 - 0.814ms returns FALSE
T66200640 014:626.583 JLINK_IsHalted()
T66200640 014:627.354 - 0.770ms returns FALSE
T66200640 014:727.746 JLINK_IsHalted()
T66200640 014:728.454 - 0.707ms returns FALSE
T66200640 014:728.460 JLINK_IsHalted()
T66200640 014:729.224 - 0.762ms returns FALSE
T66200640 014:829.745 JLINK_IsHalted()
T66200640 014:830.307 - 0.562ms returns FALSE
T66200640 014:830.314 JLINK_IsHalted()
T66200640 014:830.850 - 0.535ms returns FALSE
T66200640 014:931.786 JLINK_IsHalted()
T66200640 014:932.319 - 0.532ms returns FALSE
T66200640 014:932.332 JLINK_IsHalted()
T66200640 014:932.847 - 0.514ms returns FALSE
T66200640 015:033.666 JLINK_IsHalted()
T66200640 015:034.232 - 0.566ms returns FALSE
T66200640 015:034.246 JLINK_IsHalted()
T66200640 015:034.823 - 0.577ms returns FALSE
T66200640 015:135.801 JLINK_IsHalted()
T66200640 015:136.633 - 0.832ms returns FALSE
T66200640 015:136.646 JLINK_IsHalted()
T66200640 015:137.552 - 0.904ms returns FALSE
T66200640 015:237.734 JLINK_IsHalted()
T66200640 015:238.565 - 0.831ms returns FALSE
T66200640 015:238.571 JLINK_IsHalted()
T66200640 015:239.377 - 0.805ms returns FALSE
T66200640 015:339.774 JLINK_IsHalted()
T66200640 015:340.545 - 0.770ms returns FALSE
T66200640 015:340.559 JLINK_IsHalted()
T66200640 015:341.144 - 0.585ms returns FALSE
T66200640 015:441.808 JLINK_IsHalted()
T66200640 015:442.645 - 0.831ms returns FALSE
T66200640 015:442.654 JLINK_IsHalted()
T66200640 015:443.429 - 0.775ms returns FALSE
T66200640 015:543.771 JLINK_IsHalted()
T66200640 015:546.122 - 2.350ms returns FALSE
T66200640 015:546.160 JLINK_IsHalted()
T66200640 015:546.661 - 0.500ms returns FALSE
T65800640 015:599.119 JLINK_IsHalted()
T65800640 015:599.638 - 0.518ms returns FALSE
T65800640 015:599.667 JLINK_IsHalted()
T65800640 015:600.167 - 0.498ms returns FALSE
T66200640 015:647.815 JLINK_IsHalted()
T66200640 015:648.398 - 0.583ms returns FALSE
T66200640 015:648.407 JLINK_IsHalted()
T66200640 015:648.999 - 0.592ms returns FALSE
T66200640 015:749.807 JLINK_IsHalted()
T66200640 015:750.382 - 0.578ms returns FALSE
T66200640 015:750.390 JLINK_IsHalted()
T66200640 015:751.081 - 0.690ms returns FALSE
T66200640 015:851.661 JLINK_IsHalted()
T66200640 015:852.492 - 0.831ms returns FALSE
T66200640 015:852.499 JLINK_IsHalted()
T66200640 015:853.002 - 0.502ms returns FALSE
T66200640 015:953.801 JLINK_IsHalted()
T66200640 015:954.433 - 0.630ms returns FALSE
T66200640 015:954.441 JLINK_IsHalted()
T66200640 015:955.033 - 0.592ms returns FALSE
T66200640 016:055.668 JLINK_IsHalted()
T66200640 016:056.322 - 0.655ms returns FALSE
T66200640 016:056.330 JLINK_IsHalted()
T66200640 016:056.893 - 0.563ms returns FALSE
T66200640 016:157.774 JLINK_IsHalted()
T66200640 016:158.351 - 0.577ms returns FALSE
T66200640 016:158.362 JLINK_IsHalted()
T66200640 016:158.915 - 0.553ms returns FALSE
T66200640 016:259.734 JLINK_IsHalted()
T66200640 016:260.318 - 0.584ms returns FALSE
T66200640 016:260.330 JLINK_IsHalted()
T66200640 016:260.863 - 0.531ms returns FALSE
T66200640 016:361.690 JLINK_IsHalted()
T66200640 016:362.225 - 0.534ms returns FALSE
T66200640 016:362.267 JLINK_IsHalted()
T66200640 016:362.771 - 0.503ms returns FALSE
T66200640 016:463.744 JLINK_IsHalted()
T66200640 016:464.494 - 0.751ms returns FALSE
T66200640 016:464.503 JLINK_IsHalted()
T66200640 016:465.375 - 0.870ms returns FALSE
T66200640 016:565.746 JLINK_IsHalted()
T66200640 016:566.561 - 0.815ms returns FALSE
T66200640 016:566.571 JLINK_IsHalted()
T66200640 016:567.444 - 0.872ms returns FALSE
T65800640 016:600.597 JLINK_IsHalted()
T65800640 016:601.166 - 0.570ms returns FALSE
T65800640 016:601.177 JLINK_IsHalted()
T65800640 016:601.695 - 0.519ms returns FALSE
T66200640 016:667.775 JLINK_IsHalted()
T66200640 016:668.619 - 0.844ms returns FALSE
T66200640 016:668.629 JLINK_IsHalted()
T66200640 016:669.392 - 0.764ms returns FALSE
T66200640 016:769.743 JLINK_IsHalted()
T66200640 016:770.286 - 0.544ms returns FALSE
T66200640 016:770.300 JLINK_IsHalted()
T66200640 016:770.837 - 0.536ms returns FALSE
T66200640 016:871.736 JLINK_IsHalted()
T66200640 016:872.681 - 0.944ms returns FALSE
T66200640 016:872.706 JLINK_IsHalted()
T66200640 016:873.673 - 0.966ms returns FALSE
T66200640 016:974.775 JLINK_IsHalted()
T66200640 016:975.271 - 0.496ms returns FALSE
T66200640 016:975.285 JLINK_IsHalted()
T66200640 016:976.047 - 0.762ms returns FALSE
T66200640 017:076.664 JLINK_IsHalted()
T66200640 017:077.458 - 0.794ms returns FALSE
T66200640 017:077.468 JLINK_IsHalted()
T66200640 017:078.180 - 0.711ms returns FALSE
T66200640 017:178.798 JLINK_IsHalted()
T66200640 017:179.594 - 0.797ms returns FALSE
T66200640 017:179.604 JLINK_IsHalted()
T66200640 017:180.491 - 0.885ms returns FALSE
T66200640 017:280.769 JLINK_IsHalted()
T66200640 017:281.561 - 0.792ms returns FALSE
T66200640 017:281.571 JLINK_IsHalted()
T66200640 017:282.376 - 0.805ms returns FALSE
T66200640 017:382.753 JLINK_IsHalted()
T66200640 017:383.507 - 0.754ms returns FALSE
T66200640 017:383.516 JLINK_IsHalted()
T66200640 017:384.316 - 0.799ms returns FALSE
T66200640 017:484.793 JLINK_IsHalted()
T66200640 017:485.328 - 0.535ms returns FALSE
T66200640 017:485.338 JLINK_IsHalted()
T66200640 017:485.886 - 0.548ms returns FALSE
T66200640 017:586.776 JLINK_IsHalted()
T66200640 017:587.596 - 0.820ms returns FALSE
T66200640 017:587.606 JLINK_IsHalted()
T66200640 017:588.424 - 0.818ms returns FALSE
T65800640 017:602.121 JLINK_IsHalted()
T65800640 017:602.663 - 0.543ms returns FALSE
T65800640 017:602.674 JLINK_IsHalted()
T65800640 017:603.176 - 0.502ms returns FALSE
T66200640 017:688.766 JLINK_IsHalted()
T66200640 017:689.546 - 0.781ms returns FALSE
T66200640 017:689.554 JLINK_IsHalted()
T66200640 017:690.425 - 0.870ms returns FALSE
T66200640 017:790.663 JLINK_IsHalted()
T66200640 017:791.199 - 0.536ms returns FALSE
T66200640 017:791.210 JLINK_IsHalted()
T66200640 017:791.712 - 0.501ms returns FALSE
T66200640 017:892.772 JLINK_IsHalted()
T66200640 017:893.354 - 0.581ms returns FALSE
T66200640 017:893.361 JLINK_IsHalted()
T66200640 017:894.084 - 0.723ms returns FALSE
T66200640 017:994.777 JLINK_IsHalted()
T66200640 017:995.437 - 0.660ms returns FALSE
T66200640 017:995.443 JLINK_IsHalted()
T66200640 017:996.101 - 0.658ms returns FALSE
T66200640 018:096.658 JLINK_IsHalted()
T66200640 018:097.546 - 0.886ms returns FALSE
T66200640 018:097.563 JLINK_IsHalted()
T66200640 018:098.522 - 0.959ms returns FALSE
T66200640 018:198.715 JLINK_IsHalted()
T66200640 018:199.544 - 0.829ms returns FALSE
T66200640 018:199.551 JLINK_IsHalted()
T66200640 018:200.421 - 0.869ms returns FALSE
T66200640 018:300.777 JLINK_IsHalted()
T66200640 018:301.715 - 0.936ms returns FALSE
T66200640 018:301.738 JLINK_IsHalted()
T66200640 018:302.707 - 0.968ms returns FALSE
T66200640 018:403.663 JLINK_IsHalted()
T66200640 018:404.275 - 0.612ms returns FALSE
T66200640 018:404.281 JLINK_IsHalted()
T66200640 018:404.767 - 0.485ms returns FALSE
T66200640 018:505.721 JLINK_IsHalted()
T66200640 018:506.368 - 0.646ms returns FALSE
T66200640 018:506.376 JLINK_IsHalted()
T66200640 018:507.099 - 0.722ms returns FALSE
T65800640 018:603.752 JLINK_IsHalted()
T65800640 018:604.257 - 0.506ms returns FALSE
T65800640 018:604.262 JLINK_IsHalted()
T65800640 018:604.822 - 0.559ms returns FALSE
T66200640 018:607.665 JLINK_IsHalted()
T66200640 018:608.455 - 0.790ms returns FALSE
T66200640 018:608.464 JLINK_IsHalted()
T66200640 018:609.279 - 0.815ms returns FALSE
T66200640 018:709.734 JLINK_IsHalted()
T66200640 018:710.271 - 0.537ms returns FALSE
T66200640 018:710.277 JLINK_IsHalted()
T66200640 018:710.955 - 0.678ms returns FALSE
T66200640 018:811.759 JLINK_IsHalted()
T66200640 018:812.672 - 0.913ms returns FALSE
T66200640 018:812.696 JLINK_IsHalted()
T66200640 018:813.635 - 0.937ms returns FALSE
T66200640 018:914.802 JLINK_IsHalted()
T66200640 018:915.460 - 0.658ms returns FALSE
T66200640 018:915.468 JLINK_IsHalted()
T66200640 018:916.272 - 0.804ms returns FALSE
T66200640 019:016.798 JLINK_IsHalted()
T66200640 019:017.610 - 0.813ms returns FALSE
T66200640 019:017.617 JLINK_IsHalted()
T66200640 019:018.384 - 0.767ms returns FALSE
T66200640 019:118.660 JLINK_IsHalted()
T66200640 019:119.437 - 0.776ms returns FALSE
T66200640 019:119.452 JLINK_IsHalted()
T66200640 019:120.083 - 0.631ms returns FALSE
T66200640 019:220.795 JLINK_IsHalted()
T66200640 019:221.616 - 0.820ms returns FALSE
T66200640 019:221.623 JLINK_IsHalted()
T66200640 019:222.126 - 0.502ms returns FALSE
T66200640 019:322.771 JLINK_IsHalted()
T66200640 019:323.702 - 0.929ms returns FALSE
T66200640 019:323.725 JLINK_IsHalted()
T66200640 019:324.377 - 0.651ms returns FALSE
T66200640 019:424.709 JLINK_IsHalted()
T66200640 019:425.228 - 0.517ms returns FALSE
T66200640 019:425.242 JLINK_IsHalted()
T66200640 019:425.761 - 0.518ms returns FALSE
T66200640 019:526.763 JLINK_IsHalted()
T66200640 019:527.290 - 0.526ms returns FALSE
T66200640 019:527.305 JLINK_IsHalted()
T66200640 019:527.787 - 0.482ms returns FALSE
T65800640 019:605.348 JLINK_IsHalted()
T65800640 019:605.855 - 0.507ms returns FALSE
T65800640 019:605.866 JLINK_IsHalted()
T65800640 019:606.379 - 0.512ms returns FALSE
T66200640 019:628.729 JLINK_IsHalted()
T66200640 019:629.259 - 0.530ms returns FALSE
T66200640 019:629.267 JLINK_IsHalted()
T66200640 019:629.883 - 0.615ms returns FALSE
T66200640 019:730.800 JLINK_IsHalted()
T66200640 019:731.585 - 0.786ms returns FALSE
T66200640 019:731.592 JLINK_IsHalted()
T66200640 019:732.358 - 0.766ms returns FALSE
T66200640 019:832.744 JLINK_IsHalted()
T66200640 019:833.531 - 0.787ms returns FALSE
T66200640 019:833.549 JLINK_IsHalted()
T66200640 019:834.315 - 0.765ms returns FALSE
T66200640 019:934.741 JLINK_IsHalted()
T66200640 019:935.252 - 0.510ms returns FALSE
T66200640 019:935.257 JLINK_IsHalted()
T66200640 019:935.926 - 0.668ms returns FALSE
T66200640 020:036.776 JLINK_IsHalted()
T66200640 020:037.481 - 0.705ms returns FALSE
T66200640 020:037.488 JLINK_IsHalted()
T66200640 020:038.392 - 0.903ms returns FALSE
T66200640 020:138.736 JLINK_IsHalted()
T66200640 020:139.295 - 0.558ms returns FALSE
T66200640 020:139.305 JLINK_IsHalted()
T66200640 020:139.819 - 0.514ms returns FALSE
T66200640 020:240.795 JLINK_IsHalted()
T66200640 020:241.343 - 0.548ms returns FALSE
T66200640 020:241.350 JLINK_IsHalted()
T66200640 020:241.888 - 0.538ms returns FALSE
T66200640 020:342.694 JLINK_IsHalted()
T66200640 020:343.274 - 0.579ms returns FALSE
T66200640 020:343.285 JLINK_IsHalted()
T66200640 020:343.801 - 0.515ms returns FALSE
T66200640 020:444.671 JLINK_IsHalted()
T66200640 020:445.253 - 0.582ms returns FALSE
T66200640 020:445.263 JLINK_IsHalted()
T66200640 020:445.890 - 0.627ms returns FALSE
T66200640 020:546.664 JLINK_IsHalted()
T66200640 020:547.492 - 0.828ms returns FALSE
T66200640 020:547.499 JLINK_IsHalted()
T66200640 020:548.366 - 0.867ms returns FALSE
T65800640 020:606.845 JLINK_IsHalted()
T65800640 020:607.415 - 0.570ms returns FALSE
T65800640 020:607.421 JLINK_IsHalted()
T65800640 020:607.951 - 0.530ms returns FALSE
T66200640 020:648.773 JLINK_IsHalted()
T66200640 020:649.551 - 0.778ms returns FALSE
T66200640 020:649.563 JLINK_IsHalted()
T66200640 020:650.100 - 0.537ms returns FALSE
T66200640 020:750.773 JLINK_IsHalted()
T66200640 020:751.551 - 0.779ms returns FALSE
T66200640 020:751.560 JLINK_IsHalted()
T66200640 020:752.207 - 0.647ms returns FALSE
T66200640 020:852.773 JLINK_IsHalted()
T66200640 020:853.594 - 0.821ms returns FALSE
T66200640 020:853.601 JLINK_IsHalted()
T66200640 020:854.407 - 0.805ms returns FALSE
T66200640 020:954.742 JLINK_IsHalted()
T66200640 020:955.325 - 0.583ms returns FALSE
T66200640 020:955.334 JLINK_IsHalted()
T66200640 020:955.804 - 0.469ms returns FALSE
T66200640 021:056.664 JLINK_IsHalted()
T66200640 021:057.146 - 0.482ms returns FALSE
T66200640 021:057.150 JLINK_IsHalted()
T66200640 021:057.711 - 0.561ms returns FALSE
T66200640 021:158.752 JLINK_IsHalted()
T66200640 021:159.532 - 0.780ms returns FALSE
T66200640 021:159.539 JLINK_IsHalted()
T66200640 021:160.290 - 0.751ms returns FALSE
T66200640 021:260.782 JLINK_IsHalted()
T66200640 021:261.574 - 0.793ms returns FALSE
T66200640 021:261.584 JLINK_IsHalted()
T66200640 021:262.355 - 0.771ms returns FALSE
T66200640 021:362.747 JLINK_IsHalted()
T66200640 021:363.344 - 0.596ms returns FALSE
T66200640 021:363.353 JLINK_IsHalted()
T66200640 021:364.065 - 0.711ms returns FALSE
T66200640 021:464.775 JLINK_IsHalted()
T66200640 021:465.468 - 0.694ms returns FALSE
T66200640 021:465.479 JLINK_IsHalted()
T66200640 021:466.326 - 0.846ms returns FALSE
T66200640 021:566.728 JLINK_IsHalted()
T66200640 021:567.551 - 0.823ms returns FALSE
T66200640 021:567.561 JLINK_IsHalted()
T66200640 021:568.372 - 0.810ms returns FALSE
T65800640 021:608.448 JLINK_IsHalted()
T65800640 021:608.993 - 0.545ms returns FALSE
T65800640 021:609.003 JLINK_IsHalted()
T65800640 021:609.536 - 0.532ms returns FALSE
T66200640 021:668.661 JLINK_IsHalted()
T66200640 021:669.297 - 0.636ms returns FALSE
T66200640 021:669.309 JLINK_IsHalted()
T66200640 021:669.844 - 0.534ms returns FALSE
T66200640 021:770.792 JLINK_IsHalted()
T66200640 021:771.374 - 0.582ms returns FALSE
T66200640 021:771.388 JLINK_IsHalted()
T66200640 021:771.955 - 0.566ms returns FALSE
T66200640 021:872.683 JLINK_IsHalted()
T66200640 021:873.484 - 0.802ms returns FALSE
T66200640 021:873.494 JLINK_IsHalted()
T66200640 021:874.145 - 0.651ms returns FALSE
T66200640 021:974.783 JLINK_IsHalted()
T66200640 021:975.524 - 0.740ms returns FALSE
T66200640 021:975.533 JLINK_IsHalted()
T66200640 021:976.336 - 0.802ms returns FALSE
T66200640 022:021.557 JLINK_IsHalted()
T66200640 022:022.063 - 0.505ms returns FALSE
T66200640 022:022.076 JLINK_IsHalted()
T66200640 022:022.613 - 0.537ms returns FALSE
T66200640 022:022.650 JLINK_IsHalted()
T66200640 022:023.231 - 0.580ms returns FALSE
T66200640 022:023.246 JLINK_IsHalted()
T66200640 022:023.761 - 0.515ms returns FALSE
T66200640 022:023.777 JLINK_Halt()
T66200640 022:029.971 - 6.193ms returns 0x00
T66200640 022:029.998 JLINK_IsHalted()
T66200640 022:030.001 - 0.003ms returns TRUE
T66200640 022:030.006 JLINK_ReadReg(XPSR)
T66200640 022:030.013   CPU_ReadMem(4 bytes @ 0xE000EE08)
T66200640 022:030.890 - 0.883ms returns 0x29000000
T66200640 022:030.899 JLINK_ReadReg(R15 (PC))
T66200640 022:030.904 - 0.005ms returns 0x00000480
T66200640 022:030.910 JLINK_ReadReg(XPSR)
T66200640 022:030.913 - 0.003ms returns 0x29000000
T66200640 022:030.917 JLINK_ReadReg(XPSR)
T66200640 022:030.920 - 0.004ms returns 0x29000000
T66200640 022:030.923 JLINK_ReadReg(R15 (PC))
T66200640 022:030.926 - 0.003ms returns 0x00000480
T66200640 022:030.929 JLINK_ReadReg(XPSR)
T66200640 022:030.932 - 0.003ms returns 0x29000000
T66200640 022:030.935 JLINK_ReadReg(XPSR)
T66200640 022:030.938 - 0.003ms returns 0x29000000
T66200640 022:030.942 JLINK_ReadMem(0x00000480, 0x1 Bytes, ...)
T66200640 022:030.947    -- Read from flash cache (1 bytes @ 0x00000480)
T66200640 022:030.951   Data:  A0
T66200640 022:030.955 - 0.013ms returns 0
T66200640 022:030.959 JLINK_IsHalted()
T66200640 022:030.962 - 0.003ms returns TRUE
T66200640 022:030.965 JLINK_ReadReg(XPSR)
T66200640 022:030.968 - 0.003ms returns 0x29000000
T66200640 022:030.971 JLINK_ReadReg(XPSR)
T66200640 022:030.974 - 0.003ms returns 0x29000000
T66200640 022:030.977 JLINK_ReadReg(R15 (PC))
T66200640 022:030.980 - 0.003ms returns 0x00000480
T66200640 022:030.983 JLINK_ReadReg(XPSR)
T66200640 022:030.986 - 0.003ms returns 0x29000000
T66200640 022:030.989 JLINK_ReadReg(XPSR)
T66200640 022:030.992 - 0.003ms returns 0x29000000
T66200640 022:030.995 JLINK_ReadMem(0x00000480, 0x1 Bytes, ...)
T66200640 022:030.998    -- Read from flash cache (1 bytes @ 0x00000480)
T66200640 022:031.002   Data:  A0
T66200640 022:031.006 - 0.011ms returns 0
T66200640 022:031.364 JLINK_ReadRegs(NumRegs = 22, Indexes: 0, 1, 2, 3, 4, 5, 6, 7, 8, 9, 10, 11, 12, 13, 14, 15, 16, 17, 18, 86, 87, 20)
T66200640 022:031.398    -- R0=0x14D168, R1=0x7A120, R2=0x05, R3=0x3E8, R4=0x40080800, R5=0xFFFE3FFE, R6=0xB66, R7=0x2000008C, R8=0x63, R9=0x01, R10=0x69, R11=0x02, R12=0x10, R13 (SP)=0x20000460, R14=0x163, R15 (PC)=0x480, XPSR=0x29000000, MSP=0x20000460, PSP=0x00, MSPLIM=0x200000A0, PSPLIM=0x00, CFBP=0x00
T66200640 022:031.405 - 0.042ms returns 0x00
T66200640 022:031.898 JLINK_ReadReg(XPSR)
T66200640 022:031.933 - 0.035ms returns 0x29000000
T66200640 022:032.359 JLINK_ReadMem(0x00000480, 0x4 Bytes, ...)
T66200640 022:032.371    -- Read from flash cache (4 bytes @ 0x00000480)
T66200640 022:032.377   Data:  A0 F1 01 00
T66200640 022:032.383 - 0.024ms returns 0
T66200640 022:032.617 JLINK_ReadMem(0x00000162, 0x4 Bytes, ...)
T66200640 022:032.624    -- Read from flash cache (4 bytes @ 0x00000162)
T66200640 022:032.629   Data:  54 F8 2A 30
T66200640 022:032.634 - 0.017ms returns 0
T66200640 022:032.747 JLINK_ReadMem(0x20000480, 0x40 Bytes, ...)
T66200640 022:032.764   CPU_ReadMem(64 bytes @ 0x20000480)
T66200640 022:034.140   Data:  01 00 00 00 69 00 00 00 02 00 00 00 E3 01 00 00 ...
T66200640 022:034.154 - 1.407ms returns 0
T66200640 022:096.613 JLINK_ReadReg(XPSR)
T66200640 022:096.697 - 0.084ms returns 0x29000000
T66200640 022:130.632 JLINK_ReadReg(XPSR)
T66200640 022:130.677 - 0.045ms returns 0x29000000
T760C3780 022:540.353 JLINK_Halt()
T760C3780 022:540.944 - 0.589ms returns 0x00
T760C3780 022:540.964 JLINK_ReadReg(XPSR)
T760C3780 022:540.979 - 0.014ms returns 0x29000000
T760C3780 022:550.761 JLINK_Close()
T760C3780 022:558.881 - 8.119ms
T760C3780 022:558.896   
T760C3780 022:558.899   Closed
