TEE9D7780 000:003.019   SEGGER J-Link V7.96j Log File
TEE9D7780 000:003.144   DLL Compiled: May 29 2024 15:42:37
TEE9D7780 000:003.148   Logging started @ 2024-09-03 18:09
TEE9D7780 000:003.150   Process: /home/xenwithu/.eclipse/com.renesas.platform_1508544911/DebugComp/RA/e2-server-gdb
TEE9D7780 000:003.153 - 3.153ms
TEE9D7780 000:003.158 JLINK_GetDLLVersion()
TEE9D7780 000:003.161 - 0.003ms returns 79610
TEE9D7780 000:003.464 JLINK_OpenEx(...)
TEE9D7780 000:007.851   Firmware: J-Link OB-S124 compiled Apr 23 2024 10:48:24
TEE9D7780 000:009.240   Firmware: J-Link OB-S124 compiled Apr 23 2024 10:48:24
TEE9D7780 000:036.821   Hardware: V1.00
TEE9D7780 000:036.847   S/N: 831155721
TEE9D7780 000:036.851   OEM: SEGGER
TEE9D7780 000:036.855   Feature(s): None
TEE9D7780 000:037.740   Bootloader: 2019 Oct 15
TEE9D7780 000:038.616   USB speed mode: Full speed (12 MBit/s)
TEE9D7780 000:039.499   TELNET listener socket opened on port 19021
TEE9D7780 000:039.570   WEBSRV WEBSRV_Init(): Starting webserver thread(s)
TEE9D7780 000:039.644   WEBSRV Webserver running on local port 19080
TEE9D7780 000:039.660   Looking for J-Link GUI Server exe at: ARM/Segger_v7.96.10/JLinkGUIServerExe
TEE9D7780 000:039.667   Looking for J-Link GUI Server exe at: /opt/SEGGER/JLink/JLinkGUIServerExe
TEE9D7780 000:039.678   Forking J-Link GUI Server: /opt/SEGGER/JLink/JLinkGUIServerExe
TEE9D7780 000:058.510   J-Link GUI Server info: "J-Link GUI server V7.88d "
TEE9D7780 000:058.697   J-Link GUI Server: Connection breakdown.
TEE9D7780 000:058.753 - 55.279ms returns "O.K."
TEE9D7780 000:058.785 JLINK_ExecCommand("ProjectFile="/home/xenwithu/e2_studio/workspace/Day1_Blinky_one_by_one/Day1_Blinky_one_by_one Debug_Flat.jlink"", ...). 
TEE9D7780 000:080.523 - 21.738ms returns 0x00
TEE9D7780 000:080.657 JLINK_ExecCommand("device=R7FA6M5BH", ...). 
TEE9D7780 000:082.968   Flash bank @ 0x0100A100: SFL: Parsing sectorization info from ELF file
TEE9D7780 000:082.979     FlashDevice.SectorInfo[0]: .SectorSize = 0x00000010, .SectorStartAddr = 0x00000000
TEE9D7780 000:082.983   FlashBank @0x0100A100: Sectorization info from SFL ELF file ignored because sectorization override from DLL / XML file is active.
TEE9D7780 000:083.844   Flash bank @ 0x60000000: SFL: Parsing sectorization info from ELF file
TEE9D7780 000:083.851     FlashDevice.SectorInfo[0]: .SectorSize = 0x00010000, .SectorStartAddr = 0x00000000
TEE9D7780 000:092.990   Device "R7FA6M5BH" selected.
TEE9D7780 000:093.103 - 12.441ms returns 0x00
TEE9D7780 000:093.114 JLINK_TIF_GetAvailable(...)
TEE9D7780 000:093.611 - 0.497ms
TEE9D7780 000:093.620 JLINK_TIF_Select(JLINKARM_TIF_SWD)
TEE9D7780 000:094.682 - 1.061ms returns 0x00
TEE9D7780 000:094.693 JLINK_SetSpeed(4000)
TEE9D7780 000:094.799 - 0.107ms
TEE9D7780 000:094.825 JLINK_ReadMem(0xE000EDF0, 0x4 Bytes, ...)
TEE9D7780 000:095.266   ConfigTargetSettings() start
TEE9D7780 000:095.275    J-Link Script File: Executing ConfigTargetSettings()
TEE9D7780 000:095.283   Configuring FlashDLNoRMWThreshold=0x200 in order to make sure that option bytes programming is done via read-modify-write
TEE9D7780 000:097.748   ConfigTargetSettings() end - Took 2.47ms
TEE9D7780 000:097.755   InitTarget() start
TEE9D7780 000:097.759    J-Link Script File: Executing InitTarget()
TEE9D7780 000:097.770   SWD selected. Executing JTAG -> SWD switching sequence.
TEE9D7780 000:102.066   DAP initialized successfully.
TEE9D7780 000:102.075   Determining TrustZone configuration...
TEE9D7780 000:104.483     Secure Debug: Enabled (SSD)
TEE9D7780 000:104.493   Determining currently configured transfer type by reading the AHB-AP CSW register.
TEE9D7780 000:106.655     --> Correct transfer type configured. Done.
TEE9D7780 000:106.666   InitTarget() end - Took 8.90ms
TEE9D7780 000:107.647   Found SW-DP with ID 0x6BA02477
TEE9D7780 000:112.389   DPIDR: 0x6BA02477
TEE9D7780 000:112.398   CoreSight SoC-400 or earlier
TEE9D7780 000:112.402   Scanning AP map to find all available APs
TEE9D7780 000:114.725   AP[2]: Stopped AP scan as end of AP map has been reached
TEE9D7780 000:114.743   AP[0]: AHB-AP (IDR: 0x84770001)
TEE9D7780 000:114.747   AP[1]: APB-AP (IDR: 0x54770002)
TEE9D7780 000:114.751   Iterating through AP map to find AHB-AP to use
TEE9D7780 000:116.719   AP[0]: Core found
TEE9D7780 000:116.729   AP[0]: AHB-AP ROM base: 0xE00FE000
TEE9D7780 000:117.460   CPUID register: 0x410FD214. Implementer code: 0x41 (ARM)
TEE9D7780 000:117.469   Feature set: Mainline
TEE9D7780 000:118.414   Cache: No cache
TEE9D7780 000:118.423   Found Cortex-M33 r0p4, Little endian.
TEE9D7780 000:119.177   -- Max. mem block: 0x00001B00
TEE9D7780 000:120.774   CPU_ReadMem(4 bytes @ 0xE000EDF0)
TEE9D7780 000:121.884   CPU_WriteMem(4 bytes @ 0xE000EDF0)
TEE9D7780 000:122.644   CPU_ReadMem(4 bytes @ 0xE0002000)
TEE9D7780 000:123.405   FPUnit: 8 code (BP) slots and 0 literal slots
TEE9D7780 000:123.412   CPU_ReadMem(4 bytes @ 0xE000EDFC)
TEE9D7780 000:124.110   CPU_WriteMem(4 bytes @ 0xE000EDFC)
TEE9D7780 000:124.924   CPU_ReadMem(4 bytes @ 0xE0001000)
TEE9D7780 000:125.686   CPU_ReadMem(4 bytes @ 0xE0001000)
TEE9D7780 000:126.467   CPU_ReadMem(4 bytes @ 0xE0001028)
TEE9D7780 000:127.083   CPU_ReadMem(4 bytes @ 0xE0001038)
TEE9D7780 000:127.651   CPU_ReadMem(4 bytes @ 0xE0001048)
TEE9D7780 000:128.278   CPU_ReadMem(4 bytes @ 0xE0001058)
TEE9D7780 000:129.084   CPU_WriteMem(4 bytes @ 0xE0001000)
TEE9D7780 000:129.958   CPU_ReadMem(4 bytes @ 0xE000ED88)
TEE9D7780 000:130.783   CPU_WriteMem(4 bytes @ 0xE000ED88)
TEE9D7780 000:131.649   CPU_ReadMem(4 bytes @ 0xE000ED88)
TEE9D7780 000:132.459   CPU_WriteMem(4 bytes @ 0xE000ED88)
TEE9D7780 000:133.187   CPU_ReadMem(4 bytes @ 0xE000EFB8)
TEE9D7780 000:134.057   Security extension: implemented
TEE9D7780 000:134.067   Secure debug: enabled
TEE9D7780 000:134.070   CoreSight components:
TEE9D7780 000:134.075   ROMTbl[0] @ E00FE000
TEE9D7780 000:134.080   CPU_ReadMem(64 bytes @ 0xE00FE000)
TEE9D7780 000:135.642   CPU_ReadMem(32 bytes @ 0xE0044FE0)
TEE9D7780 000:136.824   CPU_ReadMem(4 bytes @ 0xE0044FBC)
TEE9D7780 000:137.423   CPU_ReadMem(4 bytes @ 0xE0044FCC)
TEE9D7780 000:138.040   [0][0]: E0044000 CID B105900D PID 005BB906 DEVARCH 00000000 DEVTYPE 14 CTI (?)
TEE9D7780 000:138.050   CPU_ReadMem(32 bytes @ 0xE0047FE0)
TEE9D7780 000:139.172   CPU_ReadMem(4 bytes @ 0xE0047FBC)
TEE9D7780 000:139.971   CPU_ReadMem(4 bytes @ 0xE0047FCC)
TEE9D7780 000:140.798   [0][1]: E0047000 CID B105900D PID 003BB908 DEVARCH 00000000 DEVTYPE 12 CSTF
TEE9D7780 000:140.806   CPU_ReadMem(32 bytes @ 0xE0048FE0)
TEE9D7780 000:141.934   CPU_ReadMem(4 bytes @ 0xE0048FBC)
TEE9D7780 000:142.668   CPU_ReadMem(4 bytes @ 0xE0048FCC)
TEE9D7780 000:143.389   [0][2]: E0048000 CID B105900D PID 001BB961 DEVARCH 00000000 DEVTYPE 21 ETB
TEE9D7780 000:143.397   CPU_ReadMem(32 bytes @ 0xE0049FE0)
TEE9D7780 000:144.526   [0][3]: E0049000 CID B105F00D PID 001BB101 TSG
TEE9D7780 000:144.536   CPU_ReadMem(32 bytes @ 0xE0040FE0)
TEE9D7780 000:145.716   CPU_ReadMem(4 bytes @ 0xE0040FBC)
TEE9D7780 000:146.285   CPU_ReadMem(4 bytes @ 0xE0040FCC)
TEE9D7780 000:147.230   [0][4]: E0040000 CID B105900D PID 000BBD21 DEVARCH 00000000 DEVTYPE 11 TPIU
TEE9D7780 000:147.243   CPU_ReadMem(32 bytes @ 0xE00FFFE0)
TEE9D7780 000:148.328   [0][5]: E00FF000 CID B105100D PID 000BB4C9 ROM Table
TEE9D7780 000:148.337   ROMTbl[1] @ E00FF000
TEE9D7780 000:148.342   CPU_ReadMem(64 bytes @ 0xE00FF000)
TEE9D7780 000:149.942   CPU_ReadMem(32 bytes @ 0xE000EFE0)
TEE9D7780 000:150.961   CPU_ReadMem(4 bytes @ 0xE000EFBC)
TEE9D7780 000:151.804   CPU_ReadMem(4 bytes @ 0xE000EFCC)
TEE9D7780 000:152.558   [1][0]: E000E000 CID B105900D PID 000BBD21 DEVARCH 47702A04 DEVTYPE 00 Cortex-M33
TEE9D7780 000:152.565   CPU_ReadMem(32 bytes @ 0xE0001FE0)
TEE9D7780 000:153.733   CPU_ReadMem(4 bytes @ 0xE0001FBC)
TEE9D7780 000:154.346   CPU_ReadMem(4 bytes @ 0xE0001FCC)
TEE9D7780 000:154.889   [1][1]: E0001000 CID B105900D PID 000BBD21 DEVARCH 47701A02 DEVTYPE 00 DWT
TEE9D7780 000:154.900   CPU_ReadMem(32 bytes @ 0xE0002FE0)
TEE9D7780 000:156.122   CPU_ReadMem(4 bytes @ 0xE0002FBC)
TEE9D7780 000:156.860   CPU_ReadMem(4 bytes @ 0xE0002FCC)
TEE9D7780 000:157.461   [1][2]: E0002000 CID B105900D PID 000BBD21 DEVARCH 47701A03 DEVTYPE 00 FPB
TEE9D7780 000:157.468   CPU_ReadMem(32 bytes @ 0xE0000FE0)
TEE9D7780 000:158.737   CPU_ReadMem(4 bytes @ 0xE0000FBC)
TEE9D7780 000:159.569   CPU_ReadMem(4 bytes @ 0xE0000FCC)
TEE9D7780 000:160.404   [1][3]: E0000000 CID B105900D PID 000BBD21 DEVARCH 47701A01 DEVTYPE 43 ITM
TEE9D7780 000:160.413   CPU_ReadMem(32 bytes @ 0xE0041FE0)
TEE9D7780 000:161.681   CPU_ReadMem(4 bytes @ 0xE0041FBC)
TEE9D7780 000:162.513   CPU_ReadMem(4 bytes @ 0xE0041FCC)
TEE9D7780 000:163.257   [1][5]: E0041000 CID B105900D PID 002BBD21 DEVARCH 47724A13 DEVTYPE 13 ETM
TEE9D7780 000:163.267   CPU_ReadMem(32 bytes @ 0xE0042FE0)
TEE9D7780 000:164.437   CPU_ReadMem(4 bytes @ 0xE0042FBC)
TEE9D7780 000:165.162   CPU_ReadMem(4 bytes @ 0xE0042FCC)
TEE9D7780 000:165.986   [1][6]: E0042000 CID B105900D PID 000BBD21 DEVARCH 47701A14 DEVTYPE 14 CSS600-CTI
TEE9D7780 000:166.038   CPU_ReadMem(4 bytes @ 0xE000EDF0)
TEE9D7780 000:166.886   Data:  01 00 10 01
TEE9D7780 000:166.893   Debug reg: DHCSR
TEE9D7780 000:166.898 - 72.073ms returns 0
TEE9D7780 000:166.908 JLINK_ReadMem(0x400E002C, 0x4 Bytes, ...)
TEE9D7780 000:166.914   CPU_ReadMem(4 bytes @ 0x400E002C)
TEE9D7780 000:167.481   Data:  02 00 00 00
TEE9D7780 000:167.488 - 0.580ms returns 0
TEE9D7780 000:167.510 JLINK_ReadMem(0xE000EDF0, 0x4 Bytes, ...)
TEE9D7780 000:167.516   CPU_ReadMem(4 bytes @ 0xE000EDF0)
TEE9D7780 000:168.158   Data:  01 00 10 01
TEE9D7780 000:168.167   Debug reg: DHCSR
TEE9D7780 000:168.171 - 0.662ms returns 0
TEE9D7780 000:168.186 JLINK_ReadMem(0xE000EDF0, 0x4 Bytes, ...)
TEE9D7780 000:168.193   CPU_ReadMem(4 bytes @ 0xE000EDF0)
TEE9D7780 000:169.018   Data:  01 00 10 01
TEE9D7780 000:169.028   Debug reg: DHCSR
TEE9D7780 000:169.034 - 0.847ms returns 0
TEE9D7780 000:169.042 JLINK_ReadMem(0x400E001C, 0x4 Bytes, ...)
TEE9D7780 000:169.050   CPU_ReadMem(4 bytes @ 0x400E001C)
TEE9D7780 000:169.670   Data:  00 0C 00 00
TEE9D7780 000:169.677 - 0.635ms returns 0
TEE9D7780 000:169.686 JLINK_ReadMem(0xE000EDF0, 0x4 Bytes, ...)
TEE9D7780 000:169.693   CPU_ReadMem(4 bytes @ 0xE000EDF0)
TEE9D7780 000:170.279   Data:  01 00 10 01
TEE9D7780 000:170.285   Debug reg: DHCSR
TEE9D7780 000:170.290 - 0.603ms returns 0
TEE9D7780 000:170.296 JLINK_ReadMem(0x400E0018, 0x4 Bytes, ...)
TEE9D7780 000:170.302   CPU_ReadMem(4 bytes @ 0x400E0018)
TEE9D7780 000:170.873   Data:  00 80 00 00
TEE9D7780 000:170.883 - 0.587ms returns 0
TEE9D7780 000:170.893 JLINK_ReadMem(0xE000EDF0, 0x4 Bytes, ...)
TEE9D7780 000:170.899   CPU_ReadMem(4 bytes @ 0xE000EDF0)
TEE9D7780 000:171.451   Data:  01 00 10 01
TEE9D7780 000:171.459   Debug reg: DHCSR
TEE9D7780 000:171.465 - 0.573ms returns 0
TEE9D7780 000:171.475 JLINK_ReadMem(0x400E0020, 0x4 Bytes, ...)
TEE9D7780 000:171.483   CPU_ReadMem(4 bytes @ 0x400E0020)
TEE9D7780 000:172.081   Data:  00 00 00 00
TEE9D7780 000:172.091 - 0.616ms returns 0
TEE9D7780 000:172.101 JLINK_ReadMem(0xE000EDF0, 0x4 Bytes, ...)
TEE9D7780 000:172.107   CPU_ReadMem(4 bytes @ 0xE000EDF0)
TEE9D7780 000:172.916   Data:  01 00 10 01
TEE9D7780 000:172.925   Debug reg: DHCSR
TEE9D7780 000:172.929 - 0.828ms returns 0
TEE9D7780 000:172.936 JLINK_ReadMem(0x400E0028, 0x4 Bytes, ...)
TEE9D7780 000:172.942   CPU_ReadMem(4 bytes @ 0x400E0028)
TEE9D7780 000:173.767   Data:  00 08 00 00
TEE9D7780 000:173.774 - 0.839ms returns 0
TEE9D7780 000:173.784 JLINK_ReadMem(0xE000EDF0, 0x4 Bytes, ...)
TEE9D7780 000:173.790   CPU_ReadMem(4 bytes @ 0xE000EDF0)
TEE9D7780 000:174.579   Data:  01 00 10 01
TEE9D7780 000:174.586   Debug reg: DHCSR
TEE9D7780 000:174.590 - 0.807ms returns 0
TEE9D7780 000:174.597 JLINK_ReadMem(0x400E0024, 0x4 Bytes, ...)
TEE9D7780 000:174.603   CPU_ReadMem(4 bytes @ 0x400E0024)
TEE9D7780 000:175.422   Data:  00 20 00 00
TEE9D7780 000:175.431 - 0.834ms returns 0
TEE9D7780 000:175.440 JLINK_ReadMem(0xE000EDF0, 0x4 Bytes, ...)
TEE9D7780 000:175.446   CPU_ReadMem(4 bytes @ 0xE000EDF0)
TEE9D7780 000:176.134   Data:  01 00 10 01
TEE9D7780 000:176.150   Debug reg: DHCSR
TEE9D7780 000:176.154 - 0.714ms returns 0
TEE9D7780 000:176.161 JLINK_ReadMem(0x400E002C, 0x4 Bytes, ...)
TEE9D7780 000:176.167   CPU_ReadMem(4 bytes @ 0x400E002C)
TEE9D7780 000:176.992   Data:  02 00 00 00
TEE9D7780 000:177.002 - 0.840ms returns 0
TEE9D7780 000:177.012 JLINK_ReadMem(0xE000EDF0, 0x4 Bytes, ...)
TEE9D7780 000:177.018   CPU_ReadMem(4 bytes @ 0xE000EDF0)
TEE9D7780 000:177.623   Data:  01 00 10 01
TEE9D7780 000:177.630   Debug reg: DHCSR
TEE9D7780 000:177.634 - 0.623ms returns 0
TEE9D7780 000:177.642 JLINK_ReadMem(0x400E002C, 0x4 Bytes, ...)
TEE9D7780 000:177.648   CPU_ReadMem(4 bytes @ 0x400E002C)
TEE9D7780 000:178.516   Data:  02 00 00 00
TEE9D7780 000:178.523 - 0.882ms returns 0
TEE9D7780 000:178.587 JLINK_ReadMem(0xE000EDF0, 0x4 Bytes, ...)
TEE9D7780 000:178.597   CPU_ReadMem(4 bytes @ 0xE000EDF0)
TEE9D7780 000:179.268   Data:  01 00 10 01
TEE9D7780 000:179.277   Debug reg: DHCSR
TEE9D7780 000:179.281 - 0.695ms returns 0
TEE9D7780 000:179.286 JLINK_ReadMem(0x400E002C, 0x4 Bytes, ...)
TEE9D7780 000:179.292   CPU_ReadMem(4 bytes @ 0x400E002C)
TEE9D7780 000:180.177   Data:  02 00 00 00
TEE9D7780 000:180.186 - 0.901ms returns 0
TEE9D7780 000:180.194 JLINK_ReadMem(0xE000EDF0, 0x4 Bytes, ...)
TEE9D7780 000:180.200   CPU_ReadMem(4 bytes @ 0xE000EDF0)
TEE9D7780 000:181.020   Data:  01 00 10 01
TEE9D7780 000:181.029   Debug reg: DHCSR
TEE9D7780 000:181.033 - 0.840ms returns 0
TEE9D7780 000:181.038 JLINK_ReadMem(0x400E001C, 0x4 Bytes, ...)
TEE9D7780 000:181.044   CPU_ReadMem(4 bytes @ 0x400E001C)
TEE9D7780 000:181.943   Data:  00 0C 00 00
TEE9D7780 000:181.950 - 0.912ms returns 0
TEE9D7780 000:181.957 JLINK_ReadMem(0xE000EDF0, 0x4 Bytes, ...)
TEE9D7780 000:181.963   CPU_ReadMem(4 bytes @ 0xE000EDF0)
TEE9D7780 000:182.822   Data:  01 00 10 01
TEE9D7780 000:182.829   Debug reg: DHCSR
TEE9D7780 000:182.838 - 0.880ms returns 0
TEE9D7780 000:182.842 JLINK_ReadMem(0x400E0018, 0x4 Bytes, ...)
TEE9D7780 000:182.849   CPU_ReadMem(4 bytes @ 0x400E0018)
TEE9D7780 000:183.652   Data:  00 80 00 00
TEE9D7780 000:183.662 - 0.819ms returns 0
TEE9D7780 000:183.669 JLINK_ReadMem(0xE000EDF0, 0x4 Bytes, ...)
TEE9D7780 000:183.675   CPU_ReadMem(4 bytes @ 0xE000EDF0)
TEE9D7780 000:184.262   Data:  01 00 10 01
TEE9D7780 000:184.277   Debug reg: DHCSR
TEE9D7780 000:184.282 - 0.613ms returns 0
TEE9D7780 000:184.290 JLINK_ReadMem(0x400E0020, 0x4 Bytes, ...)
TEE9D7780 000:184.298   CPU_ReadMem(4 bytes @ 0x400E0020)
TEE9D7780 000:185.167   Data:  00 00 00 00
TEE9D7780 000:185.176 - 0.887ms returns 0
TEE9D7780 000:185.186 JLINK_ReadMem(0xE000EDF0, 0x4 Bytes, ...)
TEE9D7780 000:185.193   CPU_ReadMem(4 bytes @ 0xE000EDF0)
TEE9D7780 000:186.013   Data:  01 00 10 01
TEE9D7780 000:186.022   Debug reg: DHCSR
TEE9D7780 000:186.026 - 0.840ms returns 0
TEE9D7780 000:186.031 JLINK_ReadMem(0x400E0028, 0x4 Bytes, ...)
TEE9D7780 000:186.037   CPU_ReadMem(4 bytes @ 0x400E0028)
TEE9D7780 000:186.887   Data:  00 08 00 00
TEE9D7780 000:186.894 - 0.863ms returns 0
TEE9D7780 000:186.902 JLINK_ReadMem(0xE000EDF0, 0x4 Bytes, ...)
TEE9D7780 000:186.908   CPU_ReadMem(4 bytes @ 0xE000EDF0)
TEE9D7780 000:187.590   Data:  01 00 10 01
TEE9D7780 000:187.597   Debug reg: DHCSR
TEE9D7780 000:187.601 - 0.700ms returns 0
TEE9D7780 000:187.606 JLINK_ReadMem(0x400E0024, 0x4 Bytes, ...)
TEE9D7780 000:187.612   CPU_ReadMem(4 bytes @ 0x400E0024)
TEE9D7780 000:188.191   Data:  00 20 00 00
TEE9D7780 000:188.205 - 0.598ms returns 0
TEE9D7780 000:188.321 JLINK_TIF_GetAvailable(...)
TEE9D7780 000:188.747 - 0.425ms
TEE9D7780 000:188.754 JLINK_TIF_Select(JLINKARM_TIF_SWD)
TEE9D7780 000:188.757 - 0.003ms returns 0x00
TEE9D7780 000:188.761 JLINK_SetSpeed(4000)
TEE9D7780 000:188.801 - 0.041ms
TEE9D7780 000:188.805 JLINK_SetEndian(ARM_ENDIAN_LITTLE)
TEE9D7780 000:188.808 - 0.002ms returns 0
TEE9D7780 000:188.811 JLINK_SetInitRegsOnReset(OFF)
TEE9D7780 000:188.813 - 0.003ms returns 1
TEE9D7780 000:188.817 JLINK_SetResetType(JLINKARM_CM3_RESET_TYPE_CONNECT_UNDER_RESET)
TEE9D7780 000:188.828 - 0.011ms returns JLINKARM_CM3_RESET_TYPE_NORMAL
TEE9D7780 000:188.840 JLINK_ExecCommand("EnableFlashBPs", ...). 
TEE9D7780 000:188.845 - 0.001ms returns 0x00
TEE9D7780 000:188.849 JLINK_ExecCommand("SetAllowFlashCache = 1", ...). 
TEE9D7780 000:188.853 - 0.001ms returns 0x01
TEE9D7780 000:188.857 JLINK_ExecCommand("SetRestartOnClose = 0", ...). 
TEE9D7780 000:188.862 - 0.002ms returns 0x01
TEE9D7780 000:188.865 JLINK_EnableSoftBPs(ON)
TEE9D7780 000:188.868 - 0.002ms
TEE9D7780 000:188.870 JLINK_Connect()
TEE9D7780 000:189.245   ConfigTargetSettings() start
TEE9D7780 000:189.255    J-Link Script File: Executing ConfigTargetSettings()
TEE9D7780 000:189.259   Configuring FlashDLNoRMWThreshold=0x200 in order to make sure that option bytes programming is done via read-modify-write
TEE9D7780 000:191.859   ConfigTargetSettings() end - Took 2.60ms
TEE9D7780 000:191.867   InitTarget() start
TEE9D7780 000:191.871    J-Link Script File: Executing InitTarget()
TEE9D7780 000:191.883   SWD selected. Executing JTAG -> SWD switching sequence.
TEE9D7780 000:196.472   DAP initialized successfully.
TEE9D7780 000:196.482   Determining TrustZone configuration...
TEE9D7780 000:198.678     Secure Debug: Enabled (SSD)
TEE9D7780 000:198.688   Determining currently configured transfer type by reading the AHB-AP CSW register.
TEE9D7780 000:200.778     --> Correct transfer type configured. Done.
TEE9D7780 000:200.789   InitTarget() end - Took 8.91ms
TEE9D7780 000:201.920   Found SW-DP with ID 0x6BA02477
TEE9D7780 000:206.518   DPIDR: 0x6BA02477
TEE9D7780 000:206.528   CoreSight SoC-400 or earlier
TEE9D7780 000:206.533   AP map detection skipped. Manually configured AP map found.
TEE9D7780 000:206.537   AP[0]: AHB-AP (IDR: Not set)
TEE9D7780 000:208.547   AP[0]: Core found
TEE9D7780 000:208.555   AP[0]: AHB-AP ROM base: 0xE00FE000
TEE9D7780 000:209.519   CPUID register: 0x410FD214. Implementer code: 0x41 (ARM)
TEE9D7780 000:209.526   Feature set: Mainline
TEE9D7780 000:210.489   Cache: No cache
TEE9D7780 000:210.495   Found Cortex-M33 r0p4, Little endian.
TEE9D7780 000:210.815   -- Max. mem block: 0x000018A0
TEE9D7780 000:210.825   CPU_ReadMem(4 bytes @ 0xE000EDF0)
TEE9D7780 000:211.661   CPU_ReadMem(4 bytes @ 0xE0002000)
TEE9D7780 000:212.472   FPUnit: 8 code (BP) slots and 0 literal slots
TEE9D7780 000:212.482   CPU_ReadMem(4 bytes @ 0xE000EDFC)
TEE9D7780 000:213.041   CPU_ReadMem(4 bytes @ 0xE0001000)
TEE9D7780 000:213.850   CPU_ReadMem(4 bytes @ 0xE0001000)
TEE9D7780 000:214.645   CPU_ReadMem(4 bytes @ 0xE0001028)
TEE9D7780 000:215.418   CPU_ReadMem(4 bytes @ 0xE0001038)
TEE9D7780 000:216.099   CPU_ReadMem(4 bytes @ 0xE0001048)
TEE9D7780 000:216.870   CPU_ReadMem(4 bytes @ 0xE0001058)
TEE9D7780 000:217.559   CPU_WriteMem(4 bytes @ 0xE0001000)
TEE9D7780 000:218.299   CPU_ReadMem(4 bytes @ 0xE000ED88)
TEE9D7780 000:219.112   CPU_WriteMem(4 bytes @ 0xE000ED88)
TEE9D7780 000:219.941   CPU_ReadMem(4 bytes @ 0xE000ED88)
TEE9D7780 000:220.549   CPU_WriteMem(4 bytes @ 0xE000ED88)
TEE9D7780 000:221.137   CPU_ReadMem(4 bytes @ 0xE000EFB8)
TEE9D7780 000:221.794   Security extension: implemented
TEE9D7780 000:221.802   Secure debug: enabled
TEE9D7780 000:221.806   CoreSight components:
TEE9D7780 000:221.810   ROMTbl[0] @ E00FE000
TEE9D7780 000:221.816   CPU_ReadMem(64 bytes @ 0xE00FE000)
TEE9D7780 000:223.159   CPU_ReadMem(32 bytes @ 0xE0044FE0)
TEE9D7780 000:224.192   CPU_ReadMem(4 bytes @ 0xE0044FBC)
TEE9D7780 000:224.894   CPU_ReadMem(4 bytes @ 0xE0044FCC)
TEE9D7780 000:225.489   [0][0]: E0044000 CID B105900D PID 005BB906 DEVARCH 00000000 DEVTYPE 14 CTI (?)
TEE9D7780 000:225.496   CPU_ReadMem(32 bytes @ 0xE0047FE0)
TEE9D7780 000:226.429   CPU_ReadMem(4 bytes @ 0xE0047FBC)
TEE9D7780 000:227.296   CPU_ReadMem(4 bytes @ 0xE0047FCC)
TEE9D7780 000:228.179   [0][1]: E0047000 CID B105900D PID 003BB908 DEVARCH 00000000 DEVTYPE 12 CSTF
TEE9D7780 000:228.189   CPU_ReadMem(32 bytes @ 0xE0048FE0)
TEE9D7780 000:229.119   CPU_ReadMem(4 bytes @ 0xE0048FBC)
TEE9D7780 000:230.011   CPU_ReadMem(4 bytes @ 0xE0048FCC)
TEE9D7780 000:230.709   [0][2]: E0048000 CID B105900D PID 001BB961 DEVARCH 00000000 DEVTYPE 21 ETB
TEE9D7780 000:230.716   CPU_ReadMem(32 bytes @ 0xE0049FE0)
TEE9D7780 000:231.844   [0][3]: E0049000 CID B105F00D PID 001BB101 TSG
TEE9D7780 000:231.857   CPU_ReadMem(32 bytes @ 0xE0040FE0)
TEE9D7780 000:233.014   CPU_ReadMem(4 bytes @ 0xE0040FBC)
TEE9D7780 000:233.841   CPU_ReadMem(4 bytes @ 0xE0040FCC)
TEE9D7780 000:234.614   [0][4]: E0040000 CID B105900D PID 000BBD21 DEVARCH 00000000 DEVTYPE 11 TPIU
TEE9D7780 000:234.622   CPU_ReadMem(32 bytes @ 0xE00FFFE0)
TEE9D7780 000:235.780   [0][5]: E00FF000 CID B105100D PID 000BB4C9 ROM Table
TEE9D7780 000:235.796   ROMTbl[1] @ E00FF000
TEE9D7780 000:235.802   CPU_ReadMem(64 bytes @ 0xE00FF000)
TEE9D7780 000:237.123   CPU_ReadMem(32 bytes @ 0xE000EFE0)
TEE9D7780 000:238.427   CPU_ReadMem(4 bytes @ 0xE000EFBC)
TEE9D7780 000:239.113   CPU_ReadMem(4 bytes @ 0xE000EFCC)
TEE9D7780 000:239.944   [1][0]: E000E000 CID B105900D PID 000BBD21 DEVARCH 47702A04 DEVTYPE 00 Cortex-M33
TEE9D7780 000:239.954   CPU_ReadMem(32 bytes @ 0xE0001FE0)
TEE9D7780 000:241.105   CPU_ReadMem(4 bytes @ 0xE0001FBC)
TEE9D7780 000:241.852   CPU_ReadMem(4 bytes @ 0xE0001FCC)
TEE9D7780 000:242.552   [1][1]: E0001000 CID B105900D PID 000BBD21 DEVARCH 47701A02 DEVTYPE 00 DWT
TEE9D7780 000:242.560   CPU_ReadMem(32 bytes @ 0xE0002FE0)
TEE9D7780 000:243.741   CPU_ReadMem(4 bytes @ 0xE0002FBC)
TEE9D7780 000:244.567   CPU_ReadMem(4 bytes @ 0xE0002FCC)
TEE9D7780 000:245.136   [1][2]: E0002000 CID B105900D PID 000BBD21 DEVARCH 47701A03 DEVTYPE 00 FPB
TEE9D7780 000:245.146   CPU_ReadMem(32 bytes @ 0xE0000FE0)
TEE9D7780 000:246.308   CPU_ReadMem(4 bytes @ 0xE0000FBC)
TEE9D7780 000:247.163   CPU_ReadMem(4 bytes @ 0xE0000FCC)
TEE9D7780 000:247.988   [1][3]: E0000000 CID B105900D PID 000BBD21 DEVARCH 47701A01 DEVTYPE 43 ITM
TEE9D7780 000:247.998   CPU_ReadMem(32 bytes @ 0xE0041FE0)
TEE9D7780 000:249.007   CPU_ReadMem(4 bytes @ 0xE0041FBC)
TEE9D7780 000:249.709   CPU_ReadMem(4 bytes @ 0xE0041FCC)
TEE9D7780 000:250.505   [1][5]: E0041000 CID B105900D PID 002BBD21 DEVARCH 47724A13 DEVTYPE 13 ETM
TEE9D7780 000:250.515   CPU_ReadMem(32 bytes @ 0xE0042FE0)
TEE9D7780 000:251.733   CPU_ReadMem(4 bytes @ 0xE0042FBC)
TEE9D7780 000:252.567   CPU_ReadMem(4 bytes @ 0xE0042FCC)
TEE9D7780 000:253.399   [1][6]: E0042000 CID B105900D PID 000BBD21 DEVARCH 47701A14 DEVTYPE 14 CSS600-CTI
TEE9D7780 000:253.416 - 64.545ms returns 0x00
TEE9D7780 000:253.428 JLINK_Halt()
TEE9D7780 000:260.003 - 6.575ms returns 0x00
TEE9D7780 000:260.014 JLINK_IsHalted()
TEE9D7780 000:260.018 - 0.004ms returns TRUE
TEE9D7780 000:260.022 JLINK_ResetPullsRESET(ON)
TEE9D7780 000:260.025 - 0.003ms
TEE9D7780 000:260.028 JLINK_Reset()
TEE9D7780 000:260.040   CPU_WriteMem(4 bytes @ 0xE000EDF0)
TEE9D7780 000:260.943   CPU_ReadMem(4 bytes @ 0xE000ED44)
TEE9D7780 000:261.776   CPU_ReadMem(4 bytes @ 0xE000EE08)
TEE9D7780 000:262.771   CPU_WriteMem(4 bytes @ 0xE000EE08)
TEE9D7780 000:263.804   CPU_ReadMem(4 bytes @ 0xE000EE08)
TEE9D7780 000:264.664   Reset: ARMv8M core with Security Extension enabled detected. Switch to secure domain.
TEE9D7780 000:264.675   CPU_WriteMem(4 bytes @ 0xE000EDFC)
TEE9D7780 000:265.299   Reset: Halt core after reset via DEMCR.VC_CORERESET.
TEE9D7780 000:266.408   Reset: Reset device via AIRCR.SYSRESETREQ.
TEE9D7780 000:266.430   CPU_WriteMem(4 bytes @ 0xE000ED0C)
TEE9D7780 000:321.236   CPU_ReadMem(4 bytes @ 0xE000EDF0)
TEE9D7780 000:321.857   CPU_ReadMem(4 bytes @ 0xE000EDF0)
TEE9D7780 000:322.613   CPU_WriteMem(4 bytes @ 0xE000EDFC)
TEE9D7780 000:329.203   CPU_ReadMem(4 bytes @ 0xE000EDF0)
TEE9D7780 000:336.946   CPU_WriteMem(4 bytes @ 0xE0002000)
TEE9D7780 000:337.650   CPU_ReadMem(4 bytes @ 0xE000EDFC)
TEE9D7780 000:338.200   CPU_ReadMem(4 bytes @ 0xE0001000)
TEE9D7780 000:338.942   CPU_ReadMem(4 bytes @ 0xE000EE08)
TEE9D7780 000:339.801 - 79.772ms
TEE9D7780 000:339.839 JLINK_ReadMem(0xE000EDF0, 0x4 Bytes, ...)
TEE9D7780 000:339.849   CPU_ReadMem(4 bytes @ 0xE000EDF0)
TEE9D7780 000:340.455   Data:  03 00 13 00
TEE9D7780 000:340.462   Debug reg: DHCSR
TEE9D7780 000:340.466 - 0.627ms returns 0
TEE9D7780 000:340.479 JLINK_ReadMem(0x010080F0, 0x10 Bytes, ...)
TEE9D7780 000:340.486   CPU_ReadMem(16 bytes @ 0x010080F0)
TEE9D7780 000:341.459   Data:  52 37 46 41 36 4D 35 42 48 33 43 46 43 20 20 20
TEE9D7780 000:341.468 - 0.989ms returns 0
TEE9D7780 000:341.477 JLINK_IsHalted()
TEE9D7780 000:341.480 - 0.004ms returns TRUE
TEE9D7780 000:341.599 JLINK_ReadMem(0xE000EDF0, 0x4 Bytes, ...)
TEE9D7780 000:341.607   CPU_ReadMem(4 bytes @ 0xE000EDF0)
TEE9D7780 000:342.454   Data:  03 00 13 00
TEE9D7780 000:342.461   Debug reg: DHCSR
TEE9D7780 000:342.465 - 0.866ms returns 0
TEE9D7780 000:342.470 JLINK_ReadMem(0x400E002C, 0x4 Bytes, ...)
TEE9D7780 000:342.476   CPU_ReadMem(4 bytes @ 0x400E002C)
TEE9D7780 000:343.107   Data:  02 00 00 00
TEE9D7780 000:343.117 - 0.646ms returns 0
TEE9D7780 000:343.128 JLINK_MeasureCPUSpeed(RAMAddr = 0x20000000)
TEE9D7780 000:343.133   CPU_ReadMem(16 bytes @ 0x20000000)
TEE9D7780 000:344.080   CPU_ReadMem(4 bytes @ 0xE000EDFC)
TEE9D7780 000:344.773   CPU_ReadMem(4 bytes @ 0xE0001000)
TEE9D7780 000:345.820   CPU_ReadMem(6 bytes @ 0x20000000)
TEE9D7780 000:346.845   CPU_ReadMem(4 bytes @ 0xE000ED90)
TEE9D7780 000:347.698   CPU_ReadMem(4 bytes @ 0xE000ED94)
TEE9D7780 000:348.501   CPU_WriteMem(16 bytes @ 0x20000000)
TEE9D7780 000:349.701   CPU_WriteMem(6 bytes @ 0x20000000)
TEE9D7780 000:350.569   CPU_ReadMem(6 bytes @ 0x20000000)
TEE9D7780 000:351.496   CPU_ReadMem(4 bytes @ 0xE000EE08)
TEE9D7780 000:352.319   CPU_WriteMem(4 bytes @ 0xE0002008)
TEE9D7780 000:352.330   CPU_WriteMem(4 bytes @ 0xE000200C)
TEE9D7780 000:352.335   CPU_WriteMem(4 bytes @ 0xE0002010)
TEE9D7780 000:352.339   CPU_WriteMem(4 bytes @ 0xE0002014)
TEE9D7780 000:352.343   CPU_WriteMem(4 bytes @ 0xE0002018)
TEE9D7780 000:352.347   CPU_WriteMem(4 bytes @ 0xE000201C)
TEE9D7780 000:352.351   CPU_WriteMem(4 bytes @ 0xE0002020)
TEE9D7780 000:352.355   CPU_WriteMem(4 bytes @ 0xE0002024)
TEE9D7780 000:356.345   CPU_WriteMem(4 bytes @ 0xE0001004)
TEE9D7780 000:367.530   CPU_ReadMem(4 bytes @ 0xE0001004)
TEE9D7780 000:368.217   CPU_ReadMem(4 bytes @ 0xE000EE08)
TEE9D7780 000:369.095   CPU_WriteMem(4 bytes @ 0xE0002008)
TEE9D7780 000:369.957   CPU_WriteMem(4 bytes @ 0xE000200C)
TEE9D7780 000:370.828   CPU_WriteMem(4 bytes @ 0xE0002010)
TEE9D7780 000:371.482   CPU_WriteMem(4 bytes @ 0xE0002014)
TEE9D7780 000:372.409   CPU_WriteMem(4 bytes @ 0xE0002018)
TEE9D7780 000:373.122   CPU_WriteMem(4 bytes @ 0xE000201C)
TEE9D7780 000:373.756   CPU_WriteMem(4 bytes @ 0xE0002020)
TEE9D7780 000:374.634   CPU_WriteMem(4 bytes @ 0xE0002024)
TEE9D7780 000:375.483   CPU_ReadMem(4 bytes @ 0xE000EE08)
TEE9D7780 000:376.206   CPU_ReadMem(4 bytes @ 0xE000EE08)
TEE9D7780 000:377.020   CPU_WriteMem(4 bytes @ 0xE0001004)
TEE9D7780 000:408.125   CPU_ReadMem(4 bytes @ 0xE0001004)
TEE9D7780 000:408.950   CPU_WriteMem(6 bytes @ 0x20000000)
TEE9D7780 000:409.863   ClockFreq: 2083200 Hz
TEE9D7780 000:409.871 - 66.742ms returns 2083200
TEE9D7780 000:409.881 JLINK_ReadReg(XPSR)
TEE9D7780 000:409.887   CPU_ReadMem(4 bytes @ 0xE000EE08)
TEE9D7780 000:410.713 - 0.833ms returns 0xF9000000
TDF400640 000:418.769 JLINK_ReadReg(XPSR)
TDF400640 000:418.797   CPU_ReadMem(4 bytes @ 0xE000EE08)
TDF400640 000:419.395 - 0.626ms returns 0xF9000000
TDF400640 000:429.513 JLINK_ReadReg(XPSR)
TDF400640 000:429.537   CPU_ReadMem(4 bytes @ 0xE000EE08)
TDF400640 000:430.140 - 0.627ms returns 0xF9000000
TDF400640 000:430.473 JLINK_ReadReg(XPSR)
TDF400640 000:430.491   CPU_ReadMem(4 bytes @ 0xE000EE08)
TDF400640 000:431.069 - 0.596ms returns 0xF9000000
TDF400640 000:664.626 JLINK_SetEndian(ARM_ENDIAN_LITTLE)
TDF400640 000:664.643 - 0.018ms returns 0
TDF400640 000:664.710 JLINK_BeginDownload(Flags = 0x00000000)
TDF400640 000:664.718 - 0.009ms
TDF400640 000:668.471 JLINK_ReadMem(0xE000EDF0, 0x4 Bytes, ...)
TDF400640 000:668.506   CPU_ReadMem(4 bytes @ 0xE000EDF0)
TDF400640 000:669.052   Data:  03 00 13 00
TDF400640 000:669.068   Debug reg: DHCSR
TDF400640 000:669.075 - 0.604ms returns 0
TDF400640 000:669.733 JLINK_WriteMem(0x00000000, 0xB48 Bytes, ...)
TDF400640 000:669.744   Data:  A0 04 00 20 51 06 00 00 B9 04 00 00 4D 06 00 00 ...
TDF400640 000:670.731   completely In flash
TDF400640 000:670.759 - 1.027ms returns 0xB48
TDF400640 000:671.179 JLINK_WriteMem(0x00000B48, 0x8 Bytes, ...)
TDF400640 000:671.194   Data:  AD 00 00 00 85 00 00 00
TDF400640 000:671.215   completely In flash
TDF400640 000:671.223 - 0.045ms returns 0x8
TDF400640 000:671.688 JLINK_WriteMem(0x0100A100, 0x14 Bytes, ...)
TDF400640 000:671.700   Data:  FF FF FF FF FF FF FF FF FF FF FF FF FF FF FF FF ...
TDF400640 000:672.871   completely In flash
TDF400640 000:672.906 - 1.218ms returns 0x14
TDF400640 000:673.578 JLINK_WriteMem(0x0100A134, 0x4 Bytes, ...)
TDF400640 000:673.591   Data:  FF FF FF FF
TDF400640 000:673.608   completely In flash
TDF400640 000:673.617 - 0.040ms returns 0x4
TDF400640 000:674.182 JLINK_WriteMem(0x0100A200, 0xD0 Bytes, ...)
TDF400640 000:674.202   Data:  FF FD FF FF FF FF FF FF FF FF FF FF FF FF FF FF ...
TDF400640 000:674.214   completely In flash
TDF400640 000:674.221 - 0.039ms returns 0xD0
TDF400640 000:676.237 JLINK_EndDownload()
TDF400640 000:676.567   CPU_ReadMem(4 bytes @ 0xE000ED90)
TDF400640 000:677.140   CPU_ReadMem(4 bytes @ 0xE000ED94)
TDF400640 000:677.702    -- --------------------------------------
TDF400640 000:677.726    -- Start of determining flash info (Bank @ 0x0100A100)
TDF400640 000:677.747    -- End of determining flash info
TDF400640 000:677.755    -- Start of determining dirty areas in flash cache
TDF400640 000:677.767    -- Filling invalid ranges in sector buffer (flash cache) for sector @ 0x0100A100 if necessary
TDF400640 000:677.775    -- Filling invalid ranges in sector buffer (flash cache) for sector @ 0x0100A110 if necessary
TDF400640 000:677.784    -- Filling invalid ranges in sector buffer (flash cache) for sector @ 0x0100A130 if necessary
TDF400640 000:677.793    -- Filling invalid ranges in sector buffer (flash cache) for sector @ 0x0100A200 if necessary
TDF400640 000:677.800    -- Filling invalid ranges in sector buffer (flash cache) for sector @ 0x0100A210 if necessary
TDF400640 000:677.807    -- Filling invalid ranges in sector buffer (flash cache) for sector @ 0x0100A220 if necessary
TDF400640 000:677.815    -- Filling invalid ranges in sector buffer (flash cache) for sector @ 0x0100A230 if necessary
TDF400640 000:677.822    -- Filling invalid ranges in sector buffer (flash cache) for sector @ 0x0100A240 if necessary
TDF400640 000:677.837    -- Filling invalid ranges in sector buffer (flash cache) for sector @ 0x0100A250 if necessary
TDF400640 000:677.849    -- Filling invalid ranges in sector buffer (flash cache) for sector @ 0x0100A260 if necessary
TDF400640 000:677.856    -- Filling invalid ranges in sector buffer (flash cache) for sector @ 0x0100A270 if necessary
TDF400640 000:677.864    -- Filling invalid ranges in sector buffer (flash cache) for sector @ 0x0100A280 if necessary
TDF400640 000:677.871    -- Filling invalid ranges in sector buffer (flash cache) for sector @ 0x0100A290 if necessary
TDF400640 000:677.878    -- Filling invalid ranges in sector buffer (flash cache) for sector @ 0x0100A2A0 if necessary
TDF400640 000:677.886    -- Filling invalid ranges in sector buffer (flash cache) for sector @ 0x0100A2B0 if necessary
TDF400640 000:677.893    -- Filling invalid ranges in sector buffer (flash cache) for sector @ 0x0100A2C0 if necessary
TDF400640 000:677.900    -- End of determining dirty areas
TDF400640 000:677.907    -- Start of preparing flash programming
TDF400640 000:677.915    -- Preparing RAMCode
TDF400640 000:677.922    -- Calculating RAM usage
TDF400640 000:677.929    -- RAM usage = 5120 Bytes
TDF400640 000:677.936    -- Preserving CPU registers
TDF400640 000:695.987    -- Preparing memory
TDF400640 000:696.014    -- Determining CPU clock frequency
TDF400640 000:755.715    -- CPU frequency = 2083 kHz
TDF400640 000:755.753    -- Preparing target
TDF400640 000:755.759    -- Preserving target RAM temporarily used for programming
TDF400640 000:815.858    -- Downloading RAMCode
TDF400640 000:896.215    -- Initializing RAMCode (InitType: 3 = Verify)
TDF400640 000:896.261    -- Executing Init(3)
TDF400640 000:916.116    -- End of preparing flash programming
TDF400640 000:916.141   
  ***** Warning: 
TDF400640 000:916.146   CPU is running at low speed (2083 kHz).
TDF400640 000:916.151    -- CPU is running at 2083 kHz.
TDF400640 000:916.157    -- Start of comparing flash
TDF400640 000:916.163    -- Flash algorithm supports a native verify function which is used to compare the flash content.
TDF400640 000:916.171    -- Comparing range 0x100A100 - 0x100A11F (2 Sectors, 32 Bytes), using verify function of the RAMCode
TDF400640 000:918.671    -- Data matches for sectors 0-1
TDF400640 000:918.699    -- Comparing range 0x100A130 - 0x100A13F (1 Sector, 16 Bytes), using verify function of the RAMCode
TDF400640 000:921.028    -- Data matches for sector 3
TDF400640 000:921.051    -- Comparing range 0x100A200 - 0x100A2CF (13 Sectors, 208 Bytes), using verify function of the RAMCode
TDF400640 000:926.345    -- Data matches for sectors 16-28
TDF400640 000:926.367    -- End of comparing flash
TDF400640 000:926.373    -- Start of erasing sectors
TDF400640 000:926.379    -- End of erasing sectors
TDF400640 000:926.384    -- Start of flash programming
TDF400640 000:926.390    -- End of flash programming
TDF400640 000:926.395    -- Start of verifying flash
TDF400640 000:926.400    -- End of verifying flash
TDF400640 000:926.405    -- Start of restoring
TDF400640 000:926.412    -- Executing UnInit()
TDF400640 000:934.671    -- Restoring target memory
TDF400640 000:987.073    -- Restoring CPU registers
TDF400640 000:987.746    -- End of restoring
TDF400640 000:987.755    -- Bank 0 @ 0x0100A100: Skipped. Contents already match
TDF400640 000:987.760    -- Bank 0 @ 0x0100A100: Skipped. Contents already match
TDF400640 000:987.766    -- --------------------------------------
TDF400640 000:987.770    -- Flash bank @ 0x00000000: Default: L2 verify disabled because algorithm performs L1 verify
TDF400640 000:987.775    -- Start of determining dirty areas in flash cache
TDF400640 000:987.780    -- Filling invalid ranges in sector buffer (flash cache) for sector @ 0x00000000 if necessary
TDF400640 000:988.218    -- End of determining dirty areas
TDF400640 000:988.231    -- Start of preparing flash programming
TDF400640 000:988.236    -- Calculating RAM usage
TDF400640 000:988.268    -- RAM usage = 3476 Bytes
TDF400640 000:988.273    -- Preserving CPU registers
TDF400640 000:988.299    -- Determining CPU clock frequency
TDF400640 001:045.505    -- Preparing target
TDF400640 001:045.523    -- Preserving target RAM temporarily used for programming
TDF400640 001:086.468    -- Downloading RAMCode
TDF400640 001:134.152    -- Preparing RAMCode
TDF400640 001:156.130    -- CPU frequency = 100000 kHz
TDF400640 001:156.153    -- End of preparing flash programming
TDF400640 001:156.159    -- CPU is running at 100000 kHz.
TDF400640 001:156.164    -- Start of comparing flash
TDF400640 001:156.169    -- CRC check was estimated as fastest method
TDF400640 001:156.174    -- Comparing range 0x0000 - 0x1FFF (1 Sector, 8 KB), using multi-block CRC calculation
TDF400640 001:162.169    -- CRC does not match for sector 0
TDF400640 001:162.179    -- End of comparing flash
TDF400640 001:162.183    -- Start of erasing sectors
TDF400640 001:162.188    -- Erasing range 0x00000000 - 0x00001FFF (  1 Sector, 8 KB)
TDF400640 001:202.189    -- End of erasing sectors
TDF400640 001:202.207    -- Start of flash programming
TDF400640 001:202.214    -- Programming range 0x00000000 - 0x00001FFF (  1 Sector, 8 KB)
TDF400640 001:240.162    -- End of flash programming
TDF400640 001:240.181    -- 0x0000 - 0x1FFF (  1 Sector, 8 KB)
TDF400640 001:240.186    -- Start of restoring
TDF400640 001:240.190    -- Restoring RAMCode
TDF400640 001:257.550    -- Restoring target memory
TDF400640 001:293.577    -- Restore target
TDF400640 001:293.594    -- Restoring CPU registers
TDF400640 001:294.452    -- End of restoring
TDF400640 001:294.464    -- Bank 1 @ 0x00000000: 1 range affected (8192 bytes)
TDF400640 001:294.471    -- Total: 0.306s (Prepare: 0.167s, Compare: 0.006s, Erase: 0.040s, Program & Verify: 0.047s, Restore: 0.044s)
TDF400640 001:294.478    -- Program & Verify speed: 170 KB/s
TDF400640 001:307.425 - 631.188ms returns 8192 (0x2000)
TDF400640 001:308.125 JLINK_WriteReg(R15 (PC), 0x00000650)
TDF400640 001:308.150 - 0.025ms returns 0
TDF400640 001:308.159 JLINK_WriteReg(XPSR, 0x01000000)
TDF400640 001:308.164 - 0.005ms returns 0
TDF400640 001:308.178 JLINK_ResetPullsRESET(ON)
TDF400640 001:308.182 - 0.005ms
TDF400640 001:308.186 JLINK_Halt()
TDF400640 001:308.190 - 0.004ms returns 0x00
TDF400640 001:308.194 JLINK_IsHalted()
TDF400640 001:308.198 - 0.004ms returns TRUE
TDF400640 001:308.202 JLINK_Reset()
TDF400640 001:308.213   CPU_WriteMem(4 bytes @ 0xE000EDF0)
TDF400640 001:308.839   CPU_ReadMem(4 bytes @ 0xE000ED44)
TDF400640 001:309.428   CPU_ReadMem(4 bytes @ 0xE000EE08)
TDF400640 001:310.066   CPU_WriteMem(4 bytes @ 0xE000EE08)
TDF400640 001:310.648   CPU_ReadMem(4 bytes @ 0xE000EE08)
TDF400640 001:311.308   Reset: ARMv8M core with Security Extension enabled detected. Switch to secure domain.
TDF400640 001:311.318   CPU_WriteMem(4 bytes @ 0xE000EDFC)
TDF400640 001:311.985   Reset: Halt core after reset via DEMCR.VC_CORERESET.
TDF400640 001:312.892   Reset: Reset device via AIRCR.SYSRESETREQ.
TDF400640 001:312.903   CPU_WriteMem(4 bytes @ 0xE000ED0C)
TDF400640 001:367.475   CPU_ReadMem(4 bytes @ 0xE000EDF0)
TDF400640 001:368.067   CPU_ReadMem(4 bytes @ 0xE000EDF0)
TDF400640 001:368.636   CPU_WriteMem(4 bytes @ 0xE000EDFC)
TDF400640 001:375.085   CPU_ReadMem(4 bytes @ 0xE000EDF0)
TDF400640 001:382.568   CPU_WriteMem(4 bytes @ 0xE0002000)
TDF400640 001:383.444   CPU_ReadMem(4 bytes @ 0xE000EDFC)
TDF400640 001:384.156   CPU_ReadMem(4 bytes @ 0xE0001000)
TDF400640 001:384.949   CPU_ReadMem(4 bytes @ 0xE000EE08)
TDF400640 001:385.525 - 77.322ms
TDF400640 001:385.537 JLINK_SetEndian(ARM_ENDIAN_LITTLE)
TDF400640 001:385.540 - 0.003ms returns 0
TDF400640 001:385.871 JLINK_ResetPullsRESET(ON)
TDF400640 001:385.877 - 0.007ms
TDF400640 001:385.883 JLINK_Halt()
TDF400640 001:385.889 - 0.005ms returns 0x00
TDF400640 001:385.893 JLINK_IsHalted()
TDF400640 001:385.899 - 0.006ms returns TRUE
TDF400640 001:385.903 JLINK_Reset()
TDF400640 001:385.919   CPU_WriteMem(4 bytes @ 0xE000EDF0)
TDF400640 001:386.542   CPU_ReadMem(4 bytes @ 0xE000ED44)
TDF400640 001:387.141   CPU_ReadMem(4 bytes @ 0xE000EE08)
TDF400640 001:387.740   CPU_WriteMem(4 bytes @ 0xE000EE08)
TDF400640 001:388.430   CPU_ReadMem(4 bytes @ 0xE000EE08)
TDF400640 001:389.009   Reset: ARMv8M core with Security Extension enabled detected. Switch to secure domain.
TDF400640 001:389.019   CPU_WriteMem(4 bytes @ 0xE000EDFC)
TDF400640 001:389.816   Reset: Halt core after reset via DEMCR.VC_CORERESET.
TDF400640 001:390.886   Reset: Reset device via AIRCR.SYSRESETREQ.
TDF400640 001:390.896   CPU_WriteMem(4 bytes @ 0xE000ED0C)
TDF400640 001:445.318   CPU_ReadMem(4 bytes @ 0xE000EDF0)
TDF400640 001:445.916   CPU_ReadMem(4 bytes @ 0xE000EDF0)
TDF400640 001:446.529   CPU_WriteMem(4 bytes @ 0xE000EDFC)
TDF400640 001:452.607   CPU_ReadMem(4 bytes @ 0xE000EDF0)
TDF400640 001:460.181   CPU_WriteMem(4 bytes @ 0xE0002000)
TDF400640 001:461.045   CPU_ReadMem(4 bytes @ 0xE000EDFC)
TDF400640 001:461.886   CPU_ReadMem(4 bytes @ 0xE0001000)
TDF400640 001:463.023   CPU_ReadMem(4 bytes @ 0xE000EE08)
TDF400640 001:463.887 - 77.984ms
TDF400640 001:463.900 JLINK_SetEndian(ARM_ENDIAN_LITTLE)
TDF400640 001:463.906 - 0.007ms returns 0
TDF400640 001:467.677 JLINK_ReadReg(XPSR)
TDF400640 001:467.718   CPU_ReadMem(4 bytes @ 0xE000EE08)
TDF400640 001:468.272 - 0.595ms returns 0xF9000000
TDF400640 001:468.776 JLINK_ReadMem(0x00000650, 0x4 Bytes, ...)
TDF400640 001:468.801    -- Read from flash cache (4 bytes @ 0x00000650)
TDF400640 001:468.808   Data:  08 B5 00 F0
TDF400640 001:468.815 - 0.039ms returns 0
TDF400640 001:471.451 JLINK_ReadReg(XPSR)
TDF400640 001:471.483 - 0.033ms returns 0xF9000000
TDF400640 001:472.014 JLINK_ReadMem(0x00000650, 0x4 Bytes, ...)
TDF400640 001:472.038    -- Read from flash cache (4 bytes @ 0x00000650)
TDF400640 001:472.046   Data:  08 B5 00 F0
TDF400640 001:472.054 - 0.041ms returns 0
TDF400640 001:636.101 JLINK_GetNumBPUnits(Type = 0xFFFFFF00)
TDF400640 001:636.118 - 0.018ms returns 0x08
TDF400640 001:636.123 JLINK_GetNumWPUnits()
TDF400640 001:636.126 - 0.004ms returns 4
TDF400640 001:636.129 JLINK_GetNumWPUnits()
TDF400640 001:636.132 - 0.003ms returns 4
TDF400640 001:636.142 JLINK_GetNumBPUnits(Type = 0xFFFFFF00)
TDF400640 001:636.145 - 0.004ms returns 0x08
TDF400640 001:636.148 JLINK_GetNumWPUnits()
TDF400640 001:636.151 - 0.003ms returns 4
TDF400640 001:636.155 JLINK_GetNumWPUnits()
TDF400640 001:636.158 - 0.002ms returns 4
TDF400640 001:636.165 JLINK_GetNumBPUnits(Type = 0xFFFFFF00)
TDF400640 001:636.168 - 0.004ms returns 0x08
TDF400640 001:636.171 JLINK_GetNumWPUnits()
TDF400640 001:636.174 - 0.003ms returns 4
TDF400640 001:636.177 JLINK_GetNumWPUnits()
TDF400640 001:636.180 - 0.003ms returns 4
TDF400640 001:636.210 JLINK_SetBPEx(Addr = 0x000001B0, Type = 0xFFFFFF00)
TDF400640 001:636.217 - 0.008ms returns 0x00000001
TDF400640 001:636.223 JLINK_ClrBPEx(BPHandle = 0x00000001)
TDF400640 001:636.228 - 0.004ms returns 0x00
TDF400640 001:637.732 JLINK_ReadMem(0x00000180, 0x40 Bytes, ...)
TDF400640 001:637.751    -- Read from flash cache (64 bytes @ 0x00000180)
TDF400640 001:637.757   Data:  B7 E7 FE E7 30 0B 00 00 8C 00 00 20 00 08 08 40 ...
TDF400640 001:637.761 - 0.030ms returns 0
TDF400640 001:637.952 JLINK_ReadMem(0x000001B0, 0x2 Bytes, ...)
TDF400640 001:637.962    -- Read from flash cache (2 bytes @ 0x000001B0)
TDF400640 001:637.967   Data:  08 B5
TDF400640 001:637.971 - 0.019ms returns 0
TDF400640 001:638.148 JLINK_SetBPEx(Addr = 0x000001B0, Type = 0xFFFFFF00)
TDF400640 001:638.161 - 0.013ms returns 0x00000002
TDF400640 001:643.152 JLINK_ReadRegs(NumRegs = 22, Indexes: 0, 1, 2, 3, 4, 5, 6, 7, 8, 9, 10, 11, 12, 13, 14, 15, 16, 17, 18, 86, 87, 20)
TDF400640 001:643.191    -- R0=0x00, R1=0x00, R2=0x00, R3=0x00, R4=0x00, R5=0x00, R6=0x00, R7=0x00, R8=0x40080D00, R9=0x01, R10=0xB58, R11=0xFFFE3FFE, R12=0x2000D888, R13 (SP)=0x200004A0, R14=0xFFFFFFFF, R15 (PC)=0x650, XPSR=0xF9000000, MSP=0x200004A0, PSP=0x00, MSPLIM=0x00, PSPLIM=0x00, CFBP=0x00
TDF400640 001:643.197 - 0.046ms returns 0x00
TDF400640 001:643.404 JLINK_ReadReg(XPSR)
TDF400640 001:643.416 - 0.011ms returns 0xF9000000
TDF400640 001:643.950 JLINK_ReadMem(0x00000650, 0x4 Bytes, ...)
TDF400640 001:643.972    -- Read from flash cache (4 bytes @ 0x00000650)
TDF400640 001:643.979   Data:  08 B5 00 F0
TDF400640 001:643.986 - 0.037ms returns 0
TDEA00640 001:668.502 JLINK_GetNumBPUnits(Type = 0xFFFFFF00)
TDEA00640 001:668.524 - 0.022ms returns 0x08
TDEA00640 001:668.529 JLINK_GetNumWPUnits()
TDEA00640 001:668.533 - 0.004ms returns 4
TDEA00640 001:668.537 JLINK_GetNumWPUnits()
TDEA00640 001:668.541 - 0.004ms returns 4
TDEA00640 001:668.751 JLINK_GetNumBPUnits(Type = 0xFFFFFF00)
TDEA00640 001:668.758 - 0.008ms returns 0x08
TDEA00640 001:668.762 JLINK_GetNumWPUnits()
TDEA00640 001:668.766 - 0.004ms returns 4
TDEA00640 001:668.770 JLINK_GetNumWPUnits()
TDEA00640 001:668.773 - 0.003ms returns 4
TDEA00640 001:668.996 JLINK_GetNumBPUnits(Type = 0xFFFFFF00)
TDEA00640 001:669.010 - 0.015ms returns 0x08
TDEA00640 001:669.014 JLINK_GetNumWPUnits()
TDEA00640 001:669.018 - 0.004ms returns 4
TDEA00640 001:669.022 JLINK_GetNumWPUnits()
TDEA00640 001:669.025 - 0.003ms returns 4
TDEA00640 001:669.240 JLINK_GetNumBPUnits(Type = 0xFFFFFF00)
TDEA00640 001:669.250 - 0.010ms returns 0x08
TDEA00640 001:669.254 JLINK_GetNumWPUnits()
TDEA00640 001:669.257 - 0.003ms returns 4
TDEA00640 001:669.261 JLINK_GetNumWPUnits()
TDEA00640 001:669.277 - 0.015ms returns 4
TDEA00640 001:669.683 JLINK_GetNumBPUnits(Type = 0xFFFFFF00)
TDEA00640 001:669.697 - 0.014ms returns 0x08
TDEA00640 001:669.701 JLINK_GetNumWPUnits()
TDEA00640 001:669.705 - 0.003ms returns 4
TDEA00640 001:669.708 JLINK_GetNumWPUnits()
TDEA00640 001:669.712 - 0.004ms returns 4
TDEA00640 001:669.991 JLINK_GetNumBPUnits(Type = 0xFFFFFF00)
TDEA00640 001:670.009 - 0.018ms returns 0x08
TDEA00640 001:670.013 JLINK_GetNumWPUnits()
TDEA00640 001:670.017 - 0.004ms returns 4
TDEA00640 001:670.021 JLINK_GetNumWPUnits()
TDEA00640 001:670.025 - 0.003ms returns 4
TDEA00640 001:670.206 JLINK_GetNumBPUnits(Type = 0xFFFFFF00)
TDEA00640 001:670.214 - 0.008ms returns 0x08
TDEA00640 001:670.218 JLINK_GetNumWPUnits()
TDEA00640 001:670.222 - 0.003ms returns 4
TDEA00640 001:670.225 JLINK_GetNumWPUnits()
TDEA00640 001:670.228 - 0.003ms returns 4
TDEA00640 001:670.427 JLINK_GetNumBPUnits(Type = 0xFFFFFF00)
TDEA00640 001:670.437 - 0.011ms returns 0x08
TDEA00640 001:670.442 JLINK_GetNumWPUnits()
TDEA00640 001:670.447 - 0.004ms returns 4
TDEA00640 001:670.451 JLINK_GetNumWPUnits()
TDEA00640 001:670.455 - 0.004ms returns 4
TDEA00640 001:672.098 JLINK_ReadReg(XPSR)
TDEA00640 001:672.148 - 0.051ms returns 0xF9000000
TDEA00640 001:672.155 JLINK_ReadReg(R15 (PC))
TDEA00640 001:672.161 - 0.006ms returns 0x00000650
TDF400640 001:832.626 JLINK_ReadMem(0x00000650, 0x4 Bytes, ...)
TDF400640 001:832.650    -- Read from flash cache (4 bytes @ 0x00000650)
TDF400640 001:832.658   Data:  08 B5 00 F0
TDF400640 001:832.664 - 0.039ms returns 0
TDF400640 001:862.426 JLINK_ReadReg(XPSR)
TDF400640 001:862.453 - 0.027ms returns 0xF9000000
TDF400640 001:862.811 JLINK_ReadReg(XPSR)
TDF400640 001:862.824 - 0.013ms returns 0xF9000000
TDF400640 004:871.957 JLINK_STRACE_Read(..., NumItems = 0x10000)
TDF400640 004:872.422 - 0.465ms NumItemsRead = 0x00
TDF400640 004:872.432 JLINK_IsHalted()
TDF400640 004:873.041 - 0.608ms returns TRUE
TDF400640 004:873.057 JLINK_STRACE_Read(..., NumItems = 0x10000)
TDF400640 004:873.062 - 0.006ms NumItemsRead = 0x00
TDF400640 004:873.069 JLINK_GoEx(MaxEmulInsts = 0, Flags = 0x01)
TDF400640 004:873.101   CPU_WriteMem(4 bytes @ 0xE0002000)
TDF400640 004:873.696   CPU_ReadMem(4 bytes @ 0xE0001000)
TDF400640 004:874.340   CPU_WriteMem(4 bytes @ 0xE0002008)
TDF400640 004:874.356   CPU_WriteMem(4 bytes @ 0xE000200C)
TDF400640 004:874.361   CPU_WriteMem(4 bytes @ 0xE0002010)
TDF400640 004:874.365   CPU_WriteMem(4 bytes @ 0xE0002014)
TDF400640 004:874.369   CPU_WriteMem(4 bytes @ 0xE0002018)
TDF400640 004:874.373   CPU_WriteMem(4 bytes @ 0xE000201C)
TDF400640 004:874.377   CPU_WriteMem(4 bytes @ 0xE0002020)
TDF400640 004:874.381   CPU_WriteMem(4 bytes @ 0xE0002024)
TDF400640 004:878.201   CPU_WriteMem(4 bytes @ 0xE0001004)
TDF400640 004:882.417   Memory map 'after startup completion point' is active
TDF400640 004:882.452 - 9.384ms
TDF400640 004:982.984 JLINK_IsHalted()
TDF400640 004:989.397 - 6.411ms returns TRUE
TDF400640 004:989.421 JLINK_ReadReg(XPSR)
TDF400640 004:989.432   CPU_ReadMem(4 bytes @ 0xE000EE08)
TDF400640 004:990.062 - 0.640ms returns 0x69000000
TDF400640 004:990.074 JLINK_ReadReg(R15 (PC))
TDF400640 004:990.080 - 0.006ms returns 0x000001B0
TDF400640 004:990.087 JLINK_ReadReg(XPSR)
TDF400640 004:990.090 - 0.003ms returns 0x69000000
TDF400640 004:990.094 JLINK_ReadReg(XPSR)
TDF400640 004:990.097 - 0.003ms returns 0x69000000
TDF400640 004:990.100 JLINK_ReadReg(R15 (PC))
TDF400640 004:990.103 - 0.003ms returns 0x000001B0
TDF400640 004:990.106 JLINK_ReadReg(XPSR)
TDF400640 004:990.109 - 0.003ms returns 0x69000000
TDF400640 004:990.112 JLINK_ReadReg(XPSR)
TDF400640 004:990.115 - 0.003ms returns 0x69000000
TDF400640 004:990.120 JLINK_ReadMem(0x000001B0, 0x1 Bytes, ...)
TDF400640 004:990.126    -- Read from flash cache (1 bytes @ 0x000001B0)
TDF400640 004:990.130   Data:  08
TDF400640 004:990.134 - 0.014ms returns 0
TDF400640 004:990.139 JLINK_IsHalted()
TDF400640 004:990.142 - 0.003ms returns TRUE
TDF400640 004:990.145 JLINK_ReadReg(XPSR)
TDF400640 004:990.158 - 0.013ms returns 0x69000000
TDF400640 004:990.161 JLINK_ReadReg(XPSR)
TDF400640 004:990.164 - 0.003ms returns 0x69000000
TDF400640 004:990.167 JLINK_ReadReg(R15 (PC))
TDF400640 004:990.170 - 0.003ms returns 0x000001B0
TDF400640 004:990.173 JLINK_ReadReg(XPSR)
TDF400640 004:990.177 - 0.004ms returns 0x69000000
TDF400640 004:990.181 JLINK_ReadReg(XPSR)
TDF400640 004:990.184 - 0.003ms returns 0x69000000
TDF400640 004:990.188 JLINK_ReadMem(0x000001B0, 0x1 Bytes, ...)
TDF400640 004:990.191    -- Read from flash cache (1 bytes @ 0x000001B0)
TDF400640 004:990.195   Data:  08
TDF400640 004:990.199 - 0.011ms returns 0
TDF400640 004:990.502 JLINK_ReadRegs(NumRegs = 22, Indexes: 0, 1, 2, 3, 4, 5, 6, 7, 8, 9, 10, 11, 12, 13, 14, 15, 16, 17, 18, 86, 87, 20)
TDF400640 004:990.522    -- R0=0x00, R1=0x11F, R2=0x00, R3=0x60, R4=0x00, R5=0x00, R6=0x00, R7=0x00, R8=0x40080D00, R9=0x01, R10=0xB58, R11=0xFFFE3FFE, R12=0x10, R13 (SP)=0x20000498, R14=0x65B, R15 (PC)=0x1B0, XPSR=0x69000000, MSP=0x20000498, PSP=0x00, MSPLIM=0x200000A0, PSPLIM=0x00, CFBP=0x00
TDF400640 004:990.526 - 0.025ms returns 0x00
TDF400640 004:991.415 JLINK_ReadReg(XPSR)
TDF400640 004:991.450 - 0.035ms returns 0x69000000
TDF400640 004:991.755 JLINK_ReadMem(0x000001B0, 0x4 Bytes, ...)
TDF400640 004:991.766    -- Read from flash cache (4 bytes @ 0x000001B0)
TDF400640 004:991.771   Data:  08 B5 FF F7
TDF400640 004:991.776 - 0.022ms returns 0
TDF400640 004:992.737 JLINK_ClrBPEx(BPHandle = 0x00000002)
TDF400640 004:992.759 - 0.023ms returns 0x00
TDF400640 004:998.785 JLINK_ReadMem(0x000001B0, 0x4 Bytes, ...)
TDF400640 004:998.807    -- Read from flash cache (4 bytes @ 0x000001B0)
TDF400640 004:998.812   Data:  08 B5 FF F7
TDF400640 004:998.818 - 0.034ms returns 0
TDF400640 005:145.646 JLINK_ReadReg(XPSR)
TDF400640 005:145.679 - 0.034ms returns 0x69000000
TDF400640 005:146.109 JLINK_ReadReg(XPSR)
TDF400640 005:146.131 - 0.022ms returns 0x69000000
TDEA00640 005:993.923 JLINK_ReadReg(XPSR)
TDEA00640 005:994.538 - 0.616ms returns 0x69000000
TDEA00640 005:994.545 JLINK_ReadReg(R15 (PC))
TDEA00640 005:994.549 - 0.004ms returns 0x000001B0
TDEA00640 005:995.116 JLINK_IsHalted()
TDEA00640 005:995.133 - 0.018ms returns TRUE
TDEA00640 005:995.139 JLINK_ReadReg(XPSR)
TDEA00640 005:995.149 - 0.009ms returns 0x69000000
TDEA00640 005:995.170 JLINK_ReadReg(R15 (PC))
TDEA00640 005:995.175 - 0.004ms returns 0x000001B0
TDEA00640 005:995.180 JLINK_ReadReg(XPSR)
TDEA00640 005:995.184 - 0.004ms returns 0x69000000
TDEA00640 005:995.188 JLINK_ReadReg(XPSR)
TDEA00640 005:995.192 - 0.004ms returns 0x69000000
TDEA00640 005:995.196 JLINK_ReadReg(R15 (PC))
TDEA00640 005:995.201 - 0.004ms returns 0x000001B0
TDEA00640 005:995.205 JLINK_ReadReg(XPSR)
TDEA00640 005:995.209 - 0.004ms returns 0x69000000
TDEA00640 005:995.213 JLINK_ReadReg(XPSR)
TDEA00640 005:995.217 - 0.005ms returns 0x69000000
TDEA00640 005:995.222 JLINK_ReadMem(0x000001B0, 0x1 Bytes, ...)
TDEA00640 005:995.229    -- Read from flash cache (1 bytes @ 0x000001B0)
TDEA00640 005:995.235   Data:  08
TDEA00640 005:995.240 - 0.019ms returns 0
TDEA00640 005:995.245 JLINK_IsHalted()
TDEA00640 005:995.249 - 0.004ms returns TRUE
TDEA00640 005:995.253 JLINK_ReadReg(XPSR)
TDEA00640 005:995.258 - 0.005ms returns 0x69000000
TDEA00640 005:995.263 JLINK_ReadReg(XPSR)
TDEA00640 005:995.267 - 0.004ms returns 0x69000000
TDEA00640 005:995.271 JLINK_ReadReg(R15 (PC))
TDEA00640 005:995.275 - 0.004ms returns 0x000001B0
TDEA00640 005:995.279 JLINK_ReadReg(XPSR)
TDEA00640 005:995.284 - 0.005ms returns 0x69000000
TDEA00640 005:995.288 JLINK_ReadReg(XPSR)
TDEA00640 005:995.292 - 0.004ms returns 0x69000000
TDEA00640 005:995.296 JLINK_ReadMem(0x000001B0, 0x1 Bytes, ...)
TDEA00640 005:995.300    -- Read from flash cache (1 bytes @ 0x000001B0)
TDEA00640 005:995.305   Data:  08
TDEA00640 005:995.310 - 0.014ms returns 0
TDEA00640 005:997.247 JLINK_WriteMem(0xE0001FB0, 0x4 Bytes, ...)
TDEA00640 005:997.261   Data:  55 CE AC C5
TDEA00640 005:997.921   CPU_WriteMem(4 bytes @ 0xE0001FB0)
TDEA00640 005:998.536 - 1.289ms returns 0x4
TDEA00640 005:999.423 JLINK_WriteMem(0xE0001000, 0x4 Bytes, ...)
TDEA00640 005:999.429   Data:  01 00 00 48
TDEA00640 005:999.433   Debug reg: DWT_CTRL
TDEA00640 005:999.440   CPU_WriteMem(4 bytes @ 0xE0001000)
TDEA00640 006:000.072 - 0.649ms returns 0x4
TDEA00640 006:000.960 JLINK_ReadMem(0xE0001000, 0x4 Bytes, ...)
TDEA00640 006:000.970   CPU_ReadMem(4 bytes @ 0xE0001000)
TDEA00640 006:001.538   Data:  01 00 00 40
TDEA00640 006:001.545   Debug reg: DWT_CTRL
TDEA00640 006:001.549 - 0.589ms returns 0
TDEA00640 006:002.932 JLINK_WriteMem(0xE0001004, 0x4 Bytes, ...)
TDEA00640 006:002.949   Data:  00 00 00 00
TDEA00640 006:002.956   Debug reg: DWT_CYCCNT
TDEA00640 006:002.974 - 0.042ms returns 0x4
TDEA00640 006:004.269 JLINK_ReadMem(0xE0001004, 0x4 Bytes, ...)
TDEA00640 006:004.286   Data:  00 00 00 00
TDEA00640 006:004.292   Debug reg: DWT_CYCCNT
TDEA00640 006:004.297 - 0.028ms returns 0
TDF400640 006:096.110 JLINK_STRACE_Read(..., NumItems = 0x10000)
TDF400640 006:096.135 - 0.026ms NumItemsRead = 0x00
TDF400640 006:097.509 JLINK_ReadMem(0xE0001004, 0x4 Bytes, ...)
TDF400640 006:097.536   Data:  00 00 00 00
TDF400640 006:097.541   Debug reg: DWT_CYCCNT
TDF400640 006:097.545 - 0.038ms returns 0
TDF400640 006:097.552 JLINK_IsHalted()
TDF400640 006:097.556 - 0.004ms returns TRUE
TDF400640 006:097.561 JLINK_STRACE_Read(..., NumItems = 0x10000)
TDF400640 006:097.566 - 0.005ms NumItemsRead = 0x00
TDF400640 006:098.500 JLINK_ReadMem(0xE0001004, 0x4 Bytes, ...)
TDF400640 006:098.516   Data:  00 00 00 00
TDF400640 006:098.520   Debug reg: DWT_CYCCNT
TDF400640 006:098.524 - 0.025ms returns 0
TDF400640 006:098.528 JLINK_GoEx(MaxEmulInsts = 0, Flags = 0x01)
TDF400640 006:098.540   CPU_ReadMem(4 bytes @ 0xE0001000)
TDF400640 006:099.113   CPU_WriteMem(4 bytes @ 0xE0002008)
TDF400640 006:099.789   CPU_WriteMem(4 bytes @ 0xE0001004)
TDF400640 006:101.410 - 2.882ms
TDF400640 006:201.889 JLINK_IsHalted()
TDF400640 006:202.435 - 0.545ms returns FALSE
TDF400640 006:202.447 JLINK_IsHalted()
TDF400640 006:203.024 - 0.576ms returns FALSE
TDF400640 006:303.974 JLINK_IsHalted()
TDF400640 006:304.550 - 0.576ms returns FALSE
TDF400640 006:304.559 JLINK_IsHalted()
TDF400640 006:305.337 - 0.778ms returns FALSE
TDF400640 006:405.931 JLINK_IsHalted()
TDF400640 006:406.721 - 0.790ms returns FALSE
TDF400640 006:406.728 JLINK_IsHalted()
TDF400640 006:407.313 - 0.585ms returns FALSE
TDF400640 006:507.956 JLINK_IsHalted()
TDF400640 006:508.822 - 0.866ms returns FALSE
TDF400640 006:508.828 JLINK_IsHalted()
TDF400640 006:509.337 - 0.509ms returns FALSE
TDF400640 006:609.987 JLINK_IsHalted()
TDF400640 006:610.781 - 0.793ms returns FALSE
TDF400640 006:610.787 JLINK_IsHalted()
TDF400640 006:611.672 - 0.883ms returns FALSE
TDF400640 006:711.963 JLINK_IsHalted()
TDF400640 006:712.817 - 0.853ms returns FALSE
TDF400640 006:712.823 JLINK_IsHalted()
TDF400640 006:713.725 - 0.901ms returns FALSE
TDF400640 006:813.986 JLINK_IsHalted()
TDF400640 006:814.821 - 0.835ms returns FALSE
TDF400640 006:814.828 JLINK_IsHalted()
TDF400640 006:815.628 - 0.800ms returns FALSE
TDF400640 006:915.913 JLINK_IsHalted()
TDF400640 006:916.726 - 0.812ms returns FALSE
TDF400640 006:916.733 JLINK_IsHalted()
TDF400640 006:917.269 - 0.536ms returns FALSE
TDF400640 007:017.852 JLINK_IsHalted()
TDF400640 007:018.645 - 0.794ms returns FALSE
TDF400640 007:018.654 JLINK_IsHalted()
TDF400640 007:019.445 - 0.790ms returns FALSE
TDEA00640 007:097.421 JLINK_IsHalted()
TDEA00640 007:097.976 - 0.555ms returns FALSE
TDEA00640 007:097.985 JLINK_IsHalted()
TDEA00640 007:098.599 - 0.613ms returns FALSE
TDF400640 007:119.989 JLINK_IsHalted()
TDF400640 007:120.807 - 0.819ms returns FALSE
TDF400640 007:120.815 JLINK_IsHalted()
TDF400640 007:121.672 - 0.855ms returns FALSE
TDF400640 007:221.935 JLINK_IsHalted()
TDF400640 007:222.501 - 0.566ms returns FALSE
TDF400640 007:222.509 JLINK_IsHalted()
TDF400640 007:223.050 - 0.541ms returns FALSE
TDF400640 007:323.853 JLINK_IsHalted()
TDF400640 007:324.652 - 0.798ms returns FALSE
TDF400640 007:324.661 JLINK_IsHalted()
TDF400640 007:325.461 - 0.799ms returns FALSE
TDF400640 007:425.859 JLINK_IsHalted()
TDF400640 007:426.631 - 0.773ms returns FALSE
TDF400640 007:426.640 JLINK_IsHalted()
TDF400640 007:427.334 - 0.693ms returns FALSE
TDF400640 007:527.989 JLINK_IsHalted()
TDF400640 007:528.809 - 0.820ms returns FALSE
TDF400640 007:528.815 JLINK_IsHalted()
TDF400640 007:529.690 - 0.873ms returns FALSE
TDF400640 007:629.960 JLINK_IsHalted()
TDF400640 007:630.845 - 0.885ms returns FALSE
TDF400640 007:630.854 JLINK_IsHalted()
TDF400640 007:631.624 - 0.769ms returns FALSE
TDF400640 007:731.975 JLINK_IsHalted()
TDF400640 007:732.556 - 0.581ms returns FALSE
TDF400640 007:732.566 JLINK_IsHalted()
TDF400640 007:733.084 - 0.517ms returns FALSE
TDF400640 007:833.940 JLINK_IsHalted()
TDF400640 007:834.522 - 0.582ms returns FALSE
TDF400640 007:834.532 JLINK_IsHalted()
TDF400640 007:835.099 - 0.567ms returns FALSE
TDF400640 007:935.918 JLINK_IsHalted()
TDF400640 007:936.979 - 1.061ms returns FALSE
TDF400640 007:936.988 JLINK_IsHalted()
TDF400640 007:937.751 - 0.762ms returns FALSE
TDF400640 008:037.968 JLINK_IsHalted()
TDF400640 008:038.784 - 0.816ms returns FALSE
TDF400640 008:038.791 JLINK_IsHalted()
TDF400640 008:039.621 - 0.830ms returns FALSE
TDEA00640 008:098.974 JLINK_IsHalted()
TDEA00640 008:099.516 - 0.542ms returns FALSE
TDEA00640 008:099.523 JLINK_IsHalted()
TDEA00640 008:100.043 - 0.519ms returns FALSE
TDF400640 008:139.988 JLINK_IsHalted()
TDF400640 008:140.727 - 0.738ms returns FALSE
TDF400640 008:140.734 JLINK_IsHalted()
TDF400640 008:141.468 - 0.734ms returns FALSE
TDF400640 008:241.964 JLINK_IsHalted()
TDF400640 008:242.752 - 0.787ms returns FALSE
TDF400640 008:242.759 JLINK_IsHalted()
TDF400640 008:243.504 - 0.745ms returns FALSE
TDF400640 008:343.938 JLINK_IsHalted()
TDF400640 008:344.639 - 0.702ms returns FALSE
TDF400640 008:344.646 JLINK_IsHalted()
TDF400640 008:345.412 - 0.765ms returns FALSE
TDF400640 008:445.988 JLINK_IsHalted()
TDF400640 008:446.840 - 0.852ms returns FALSE
TDF400640 008:446.849 JLINK_IsHalted()
TDF400640 008:447.599 - 0.749ms returns FALSE
TDF400640 008:547.920 JLINK_IsHalted()
TDF400640 008:548.555 - 0.635ms returns FALSE
TDF400640 008:548.560 JLINK_IsHalted()
TDF400640 008:549.293 - 0.732ms returns FALSE
TDF400640 008:649.999 JLINK_IsHalted()
TDF400640 008:650.841 - 0.842ms returns FALSE
TDF400640 008:650.850 JLINK_IsHalted()
TDF400640 008:651.698 - 0.847ms returns FALSE
TDF400640 008:751.946 JLINK_IsHalted()
TDF400640 008:752.508 - 0.563ms returns FALSE
TDF400640 008:752.515 JLINK_IsHalted()
TDF400640 008:753.206 - 0.690ms returns FALSE
TDF400640 008:853.854 JLINK_IsHalted()
TDF400640 008:854.563 - 0.710ms returns FALSE
TDF400640 008:854.570 JLINK_IsHalted()
TDF400640 008:855.515 - 0.943ms returns FALSE
TDF400640 008:955.942 JLINK_IsHalted()
TDF400640 008:956.727 - 0.784ms returns FALSE
TDF400640 008:956.734 JLINK_IsHalted()
TDF400640 008:957.507 - 0.773ms returns FALSE
TDF400640 009:057.985 JLINK_IsHalted()
TDF400640 009:058.850 - 0.865ms returns FALSE
TDF400640 009:058.859 JLINK_IsHalted()
TDF400640 009:059.422 - 0.563ms returns FALSE
TDEA00640 009:100.533 JLINK_IsHalted()
TDEA00640 009:101.069 - 0.536ms returns FALSE
TDEA00640 009:101.079 JLINK_IsHalted()
TDEA00640 009:101.611 - 0.532ms returns FALSE
TDF400640 009:159.994 JLINK_IsHalted()
TDF400640 009:160.847 - 0.853ms returns FALSE
TDF400640 009:160.856 JLINK_IsHalted()
TDF400640 009:161.603 - 0.746ms returns FALSE
TDF400640 009:261.853 JLINK_IsHalted()
TDF400640 009:262.690 - 0.832ms returns FALSE
TDF400640 009:262.762 JLINK_IsHalted()
TDF400640 009:263.536 - 0.774ms returns FALSE
TDF400640 009:363.964 JLINK_IsHalted()
TDF400640 009:364.753 - 0.788ms returns FALSE
TDF400640 009:364.762 JLINK_IsHalted()
TDF400640 009:365.607 - 0.843ms returns FALSE
TDF400640 009:465.925 JLINK_IsHalted()
TDF400640 009:466.722 - 0.797ms returns FALSE
TDF400640 009:466.730 JLINK_IsHalted()
TDF400640 009:467.626 - 0.894ms returns FALSE
TDF400640 009:567.987 JLINK_IsHalted()
TDF400640 009:568.593 - 0.607ms returns FALSE
TDF400640 009:568.601 JLINK_IsHalted()
TDF400640 009:569.325 - 0.724ms returns FALSE
TDF400640 009:669.913 JLINK_IsHalted()
TDF400640 009:670.634 - 0.721ms returns FALSE
TDF400640 009:670.643 JLINK_IsHalted()
TDF400640 009:671.520 - 0.875ms returns FALSE
TDF400640 009:771.862 JLINK_IsHalted()
TDF400640 009:772.685 - 0.822ms returns FALSE
TDF400640 009:772.694 JLINK_IsHalted()
TDF400640 009:773.493 - 0.798ms returns FALSE
TDF400640 009:873.965 JLINK_IsHalted()
TDF400640 009:874.776 - 0.811ms returns FALSE
TDF400640 009:874.783 JLINK_IsHalted()
TDF400640 009:875.557 - 0.774ms returns FALSE
TDF400640 009:975.950 JLINK_IsHalted()
TDF400640 009:976.760 - 0.809ms returns FALSE
TDF400640 009:976.766 JLINK_IsHalted()
TDF400640 009:977.440 - 0.673ms returns FALSE
TDF400640 010:077.912 JLINK_IsHalted()
TDF400640 010:078.698 - 0.786ms returns FALSE
TDF400640 010:078.705 JLINK_IsHalted()
TDF400640 010:079.461 - 0.755ms returns FALSE
TDEA00640 010:101.950 JLINK_IsHalted()
TDEA00640 010:102.509 - 0.559ms returns FALSE
TDEA00640 010:102.515 JLINK_IsHalted()
TDEA00640 010:103.100 - 0.584ms returns FALSE
TDF400640 010:179.990 JLINK_IsHalted()
TDF400640 010:180.731 - 0.741ms returns FALSE
TDF400640 010:180.738 JLINK_IsHalted()
TDF400640 010:181.332 - 0.594ms returns FALSE
TDF400640 010:281.911 JLINK_IsHalted()
TDF400640 010:282.712 - 0.800ms returns FALSE
TDF400640 010:282.719 JLINK_IsHalted()
TDF400640 010:283.391 - 0.670ms returns FALSE
TDF400640 010:383.906 JLINK_IsHalted()
TDF400640 010:384.723 - 0.817ms returns FALSE
TDF400640 010:384.730 JLINK_IsHalted()
TDF400640 010:385.534 - 0.802ms returns FALSE
TDF400640 010:485.862 JLINK_IsHalted()
TDF400640 010:486.618 - 0.755ms returns FALSE
TDF400640 010:486.625 JLINK_IsHalted()
TDF400640 010:487.539 - 0.913ms returns FALSE
TDF400640 010:587.971 JLINK_IsHalted()
TDF400640 010:588.620 - 0.649ms returns FALSE
TDF400640 010:588.626 JLINK_IsHalted()
TDF400640 010:589.169 - 0.542ms returns FALSE
TDF400640 010:689.930 JLINK_IsHalted()
TDF400640 010:690.755 - 0.825ms returns FALSE
TDF400640 010:690.761 JLINK_IsHalted()
TDF400640 010:691.561 - 0.800ms returns FALSE
TDF400640 010:791.855 JLINK_IsHalted()
TDF400640 010:792.682 - 0.827ms returns FALSE
TDF400640 010:792.688 JLINK_IsHalted()
TDF400640 010:793.381 - 0.692ms returns FALSE
TDF400640 010:893.970 JLINK_IsHalted()
TDF400640 010:894.888 - 0.916ms returns FALSE
TDF400640 010:894.910 JLINK_IsHalted()
TDF400640 010:895.750 - 0.839ms returns FALSE
TDF400640 010:995.852 JLINK_IsHalted()
TDF400640 010:996.757 - 0.905ms returns FALSE
TDF400640 010:996.779 JLINK_IsHalted()
TDF400640 010:997.616 - 0.835ms returns FALSE
TDF400640 011:097.959 JLINK_IsHalted()
TDF400640 011:098.620 - 0.661ms returns FALSE
TDF400640 011:098.630 JLINK_IsHalted()
TDF400640 011:099.176 - 0.546ms returns FALSE
TDEA00640 011:103.524 JLINK_IsHalted()
TDEA00640 011:104.114 - 0.590ms returns FALSE
TDEA00640 011:104.126 JLINK_IsHalted()
TDEA00640 011:104.686 - 0.559ms returns FALSE
TDF400640 011:199.936 JLINK_IsHalted()
TDF400640 011:200.742 - 0.806ms returns FALSE
TDF400640 011:200.753 JLINK_IsHalted()
TDF400640 011:201.519 - 0.766ms returns FALSE
TDF400640 011:301.906 JLINK_IsHalted()
TDF400640 011:302.694 - 0.787ms returns FALSE
TDF400640 011:302.703 JLINK_IsHalted()
TDF400640 011:303.213 - 0.509ms returns FALSE
TDF400640 011:403.960 JLINK_IsHalted()
TDF400640 011:404.761 - 0.801ms returns FALSE
TDF400640 011:404.771 JLINK_IsHalted()
TDF400640 011:405.687 - 0.914ms returns FALSE
TDF400640 011:505.851 JLINK_IsHalted()
TDF400640 011:506.600 - 0.749ms returns FALSE
TDF400640 011:506.611 JLINK_IsHalted()
TDF400640 011:507.514 - 0.901ms returns FALSE
TDF400640 011:607.945 JLINK_IsHalted()
TDF400640 011:608.737 - 0.791ms returns FALSE
TDF400640 011:608.746 JLINK_IsHalted()
TDF400640 011:609.518 - 0.772ms returns FALSE
TDF400640 011:709.967 JLINK_IsHalted()
TDF400640 011:710.798 - 0.830ms returns FALSE
TDF400640 011:710.804 JLINK_IsHalted()
TDF400640 011:711.341 - 0.536ms returns FALSE
TDF400640 011:811.944 JLINK_IsHalted()
TDF400640 011:812.770 - 0.826ms returns FALSE
TDF400640 011:812.777 JLINK_IsHalted()
TDF400640 011:813.676 - 0.899ms returns FALSE
TDF400640 011:913.988 JLINK_IsHalted()
TDF400640 011:914.916 - 0.927ms returns FALSE
TDF400640 011:914.938 JLINK_IsHalted()
TDF400640 011:915.683 - 0.745ms returns FALSE
TDF400640 012:015.907 JLINK_IsHalted()
TDF400640 012:016.604 - 0.697ms returns FALSE
TDF400640 012:016.610 JLINK_IsHalted()
TDF400640 012:017.308 - 0.697ms returns FALSE
TDEA00640 012:105.023 JLINK_IsHalted()
TDEA00640 012:105.610 - 0.587ms returns FALSE
TDEA00640 012:105.617 JLINK_IsHalted()
TDEA00640 012:106.190 - 0.573ms returns FALSE
TDF400640 012:117.934 JLINK_IsHalted()
TDF400640 012:118.761 - 0.827ms returns FALSE
TDF400640 012:118.768 JLINK_IsHalted()
TDF400640 012:119.301 - 0.533ms returns FALSE
TDF400640 012:219.963 JLINK_IsHalted()
TDF400640 012:220.606 - 0.643ms returns FALSE
TDF400640 012:220.613 JLINK_IsHalted()
TDF400640 012:221.529 - 0.915ms returns FALSE
TDF400640 012:321.938 JLINK_IsHalted()
TDF400640 012:322.815 - 0.877ms returns FALSE
TDF400640 012:322.821 JLINK_IsHalted()
TDF400640 012:323.735 - 0.912ms returns FALSE
TDF400640 012:423.962 JLINK_IsHalted()
TDF400640 012:424.789 - 0.826ms returns FALSE
TDF400640 012:424.796 JLINK_IsHalted()
TDF400640 012:425.700 - 0.903ms returns FALSE
TDF400640 012:525.918 JLINK_IsHalted()
TDF400640 012:526.704 - 0.786ms returns FALSE
TDF400640 012:526.710 JLINK_IsHalted()
TDF400640 012:527.495 - 0.784ms returns FALSE
TDF400640 012:627.990 JLINK_IsHalted()
TDF400640 012:628.724 - 0.736ms returns FALSE
TDF400640 012:628.731 JLINK_IsHalted()
TDF400640 012:629.536 - 0.804ms returns FALSE
TDF400640 012:729.914 JLINK_IsHalted()
TDF400640 012:730.729 - 0.814ms returns FALSE
TDF400640 012:730.735 JLINK_IsHalted()
TDF400640 012:731.522 - 0.787ms returns FALSE
TDF400640 012:831.862 JLINK_IsHalted()
TDF400640 012:832.691 - 0.828ms returns FALSE
TDF400640 012:832.706 JLINK_IsHalted()
TDF400640 012:833.335 - 0.628ms returns FALSE
TDF400640 012:933.852 JLINK_IsHalted()
TDF400640 012:934.678 - 0.827ms returns FALSE
TDF400640 012:934.685 JLINK_IsHalted()
TDF400640 012:935.483 - 0.797ms returns FALSE
TDF400640 013:035.960 JLINK_IsHalted()
TDF400640 013:036.756 - 0.796ms returns FALSE
TDF400640 013:036.763 JLINK_IsHalted()
TDF400640 013:037.645 - 0.880ms returns FALSE
TDEA00640 013:106.572 JLINK_IsHalted()
TDEA00640 013:107.149 - 0.577ms returns FALSE
TDEA00640 013:107.158 JLINK_IsHalted()
TDEA00640 013:107.766 - 0.607ms returns FALSE
TDF400640 013:137.972 JLINK_IsHalted()
TDF400640 013:138.801 - 0.830ms returns FALSE
TDF400640 013:138.808 JLINK_IsHalted()
TDF400640 013:139.633 - 0.824ms returns FALSE
TDF400640 013:239.932 JLINK_IsHalted()
TDF400640 013:240.743 - 0.812ms returns FALSE
TDF400640 013:240.750 JLINK_IsHalted()
TDF400640 013:241.662 - 0.910ms returns FALSE
TDF400640 013:341.960 JLINK_IsHalted()
TDF400640 013:342.783 - 0.822ms returns FALSE
TDF400640 013:342.789 JLINK_IsHalted()
TDF400640 013:343.590 - 0.800ms returns FALSE
TDF400640 013:443.986 JLINK_IsHalted()
TDF400640 013:444.804 - 0.818ms returns FALSE
TDF400640 013:444.810 JLINK_IsHalted()
TDF400640 013:445.603 - 0.793ms returns FALSE
TDF400640 013:545.908 JLINK_IsHalted()
TDF400640 013:546.640 - 0.733ms returns FALSE
TDF400640 013:546.647 JLINK_IsHalted()
TDF400640 013:547.458 - 0.811ms returns FALSE
TDF400640 013:647.988 JLINK_IsHalted()
TDF400640 013:648.684 - 0.696ms returns FALSE
TDF400640 013:648.690 JLINK_IsHalted()
TDF400640 013:649.406 - 0.715ms returns FALSE
TDF400640 013:749.937 JLINK_IsHalted()
TDF400640 013:750.643 - 0.705ms returns FALSE
TDF400640 013:750.650 JLINK_IsHalted()
TDF400640 013:751.423 - 0.772ms returns FALSE
TDF400640 013:851.863 JLINK_IsHalted()
TDF400640 013:852.431 - 0.569ms returns FALSE
TDF400640 013:852.438 JLINK_IsHalted()
TDF400640 013:853.148 - 0.710ms returns FALSE
TDF400640 013:953.867 JLINK_IsHalted()
TDF400640 013:954.503 - 0.635ms returns FALSE
TDF400640 013:954.510 JLINK_IsHalted()
TDF400640 013:955.057 - 0.548ms returns FALSE
TDF400640 014:055.954 JLINK_IsHalted()
TDF400640 014:056.779 - 0.825ms returns FALSE
TDF400640 014:056.786 JLINK_IsHalted()
TDF400640 014:057.380 - 0.593ms returns FALSE
TDEA00640 014:108.134 JLINK_IsHalted()
TDEA00640 014:108.761 - 0.628ms returns FALSE
TDEA00640 014:108.768 JLINK_IsHalted()
TDEA00640 014:109.327 - 0.559ms returns FALSE
TDF400640 014:157.879 JLINK_IsHalted()
TDF400640 014:158.726 - 0.847ms returns FALSE
TDF400640 014:158.733 JLINK_IsHalted()
TDF400640 014:159.445 - 0.711ms returns FALSE
TDF400640 014:259.882 JLINK_IsHalted()
TDF400640 014:260.501 - 0.619ms returns FALSE
TDF400640 014:260.507 JLINK_IsHalted()
TDF400640 014:261.045 - 0.537ms returns FALSE
TDF400640 014:361.976 JLINK_IsHalted()
TDF400640 014:362.751 - 0.774ms returns FALSE
TDF400640 014:362.758 JLINK_IsHalted()
TDF400640 014:363.516 - 0.758ms returns FALSE
TDF400640 014:463.899 JLINK_IsHalted()
TDF400640 014:464.708 - 0.809ms returns FALSE
TDF400640 014:464.715 JLINK_IsHalted()
TDF400640 014:465.510 - 0.795ms returns FALSE
TDF400640 014:565.898 JLINK_IsHalted()
TDF400640 014:566.491 - 0.592ms returns FALSE
TDF400640 014:566.499 JLINK_IsHalted()
TDF400640 014:566.987 - 0.488ms returns FALSE
TDF400640 014:667.846 JLINK_IsHalted()
TDF400640 014:668.388 - 0.542ms returns FALSE
TDF400640 014:668.401 JLINK_IsHalted()
TDF400640 014:668.926 - 0.525ms returns FALSE
TDF400640 014:769.956 JLINK_IsHalted()
TDF400640 014:770.492 - 0.536ms returns FALSE
TDF400640 014:770.500 JLINK_IsHalted()
TDF400640 014:771.033 - 0.532ms returns FALSE
TDF400640 014:871.867 JLINK_IsHalted()
TDF400640 014:872.403 - 0.536ms returns FALSE
TDF400640 014:872.414 JLINK_IsHalted()
TDF400640 014:872.968 - 0.553ms returns FALSE
TDF400640 014:973.975 JLINK_IsHalted()
TDF400640 014:974.502 - 0.527ms returns FALSE
TDF400640 014:974.510 JLINK_IsHalted()
TDF400640 014:975.088 - 0.577ms returns FALSE
TDF400640 015:075.991 JLINK_IsHalted()
TDF400640 015:076.752 - 0.760ms returns FALSE
TDF400640 015:076.757 JLINK_IsHalted()
TDF400640 015:077.282 - 0.525ms returns FALSE
TDEA00640 015:109.821 JLINK_IsHalted()
TDEA00640 015:110.336 - 0.515ms returns FALSE
TDEA00640 015:110.343 JLINK_IsHalted()
TDEA00640 015:110.874 - 0.530ms returns FALSE
TDF400640 015:177.964 JLINK_IsHalted()
TDF400640 015:178.734 - 0.769ms returns FALSE
TDF400640 015:178.741 JLINK_IsHalted()
TDF400640 015:179.285 - 0.544ms returns FALSE
TDF400640 015:279.997 JLINK_IsHalted()
TDF400640 015:280.802 - 0.804ms returns FALSE
TDF400640 015:280.809 JLINK_IsHalted()
TDF400640 015:281.581 - 0.772ms returns FALSE
TDF400640 015:382.003 JLINK_IsHalted()
TDF400640 015:382.816 - 0.812ms returns FALSE
TDF400640 015:382.823 JLINK_IsHalted()
TDF400640 015:383.599 - 0.775ms returns FALSE
TDF400640 015:483.909 JLINK_IsHalted()
TDF400640 015:484.712 - 0.803ms returns FALSE
TDF400640 015:484.719 JLINK_IsHalted()
TDF400640 015:485.438 - 0.718ms returns FALSE
TDF400640 015:585.963 JLINK_IsHalted()
TDF400640 015:586.751 - 0.787ms returns FALSE
TDF400640 015:586.757 JLINK_IsHalted()
TDF400640 015:587.630 - 0.871ms returns FALSE
TDF400640 015:687.938 JLINK_IsHalted()
TDF400640 015:688.757 - 0.819ms returns FALSE
TDF400640 015:688.763 JLINK_IsHalted()
TDF400640 015:689.533 - 0.770ms returns FALSE
TDF400640 015:789.940 JLINK_IsHalted()
TDF400640 015:790.591 - 0.651ms returns FALSE
TDF400640 015:790.599 JLINK_IsHalted()
TDF400640 015:791.131 - 0.532ms returns FALSE
TDF400640 015:891.963 JLINK_IsHalted()
TDF400640 015:892.789 - 0.826ms returns FALSE
TDF400640 015:892.796 JLINK_IsHalted()
TDF400640 015:893.580 - 0.783ms returns FALSE
TDF400640 015:993.888 JLINK_IsHalted()
TDF400640 015:994.711 - 0.823ms returns FALSE
TDF400640 015:994.717 JLINK_IsHalted()
TDF400640 015:995.251 - 0.534ms returns FALSE
TDF400640 016:095.853 JLINK_IsHalted()
TDF400640 016:096.628 - 0.775ms returns FALSE
TDF400640 016:096.654 JLINK_IsHalted()
TDF400640 016:097.198 - 0.544ms returns FALSE
TDEA00640 016:111.332 JLINK_IsHalted()
TDEA00640 016:111.850 - 0.518ms returns FALSE
TDEA00640 016:111.856 JLINK_IsHalted()
TDEA00640 016:112.407 - 0.551ms returns FALSE
TDF400640 016:197.867 JLINK_IsHalted()
TDF400640 016:198.655 - 0.788ms returns FALSE
TDF400640 016:198.662 JLINK_IsHalted()
TDF400640 016:199.562 - 0.898ms returns FALSE
TDF400640 016:299.927 JLINK_IsHalted()
TDF400640 016:300.692 - 0.764ms returns FALSE
TDF400640 016:300.698 JLINK_IsHalted()
TDF400640 016:301.184 - 0.486ms returns FALSE
TDF400640 016:401.987 JLINK_IsHalted()
TDF400640 016:402.557 - 0.568ms returns FALSE
TDF400640 016:402.571 JLINK_IsHalted()
TDF400640 016:403.120 - 0.548ms returns FALSE
TDF400640 016:408.842 JLINK_IsHalted()
TDF400640 016:409.453 - 0.612ms returns FALSE
TDF400640 016:409.460 JLINK_IsHalted()
TDF400640 016:409.987 - 0.526ms returns FALSE
TDF400640 016:410.016 JLINK_IsHalted()
TDF400640 016:410.544 - 0.528ms returns FALSE
TDF400640 016:410.551 JLINK_IsHalted()
TDF400640 016:411.084 - 0.532ms returns FALSE
TDF400640 016:411.096 JLINK_Halt()
TDF400640 016:417.420 - 6.323ms returns 0x00
TDF400640 016:417.441 JLINK_IsHalted()
TDF400640 016:417.444 - 0.004ms returns TRUE
TDF400640 016:417.449 JLINK_ReadReg(XPSR)
TDF400640 016:417.455   CPU_ReadMem(4 bytes @ 0xE000EE08)
TDF400640 016:418.135 - 0.686ms returns 0x29000000
TDF400640 016:418.146 JLINK_ReadReg(R15 (PC))
TDF400640 016:418.152 - 0.006ms returns 0x00000454
TDF400640 016:418.159 JLINK_ReadReg(XPSR)
TDF400640 016:418.165 - 0.005ms returns 0x29000000
TDF400640 016:418.170 JLINK_ReadReg(XPSR)
TDF400640 016:418.174 - 0.004ms returns 0x29000000
TDF400640 016:418.178 JLINK_ReadReg(R15 (PC))
TDF400640 016:418.183 - 0.004ms returns 0x00000454
TDF400640 016:418.187 JLINK_ReadReg(XPSR)
TDF400640 016:418.193 - 0.005ms returns 0x29000000
TDF400640 016:418.198 JLINK_ReadReg(XPSR)
TDF400640 016:418.202 - 0.005ms returns 0x29000000
TDF400640 016:418.207 JLINK_ReadMem(0x00000454, 0x1 Bytes, ...)
TDF400640 016:418.214    -- Read from flash cache (1 bytes @ 0x00000454)
TDF400640 016:418.220   Data:  A0
TDF400640 016:418.225 - 0.018ms returns 0
TDF400640 016:418.229 JLINK_IsHalted()
TDF400640 016:418.232 - 0.003ms returns TRUE
TDF400640 016:418.236 JLINK_ReadReg(XPSR)
TDF400640 016:418.241 - 0.005ms returns 0x29000000
TDF400640 016:418.245 JLINK_ReadReg(XPSR)
TDF400640 016:418.250 - 0.005ms returns 0x29000000
TDF400640 016:418.255 JLINK_ReadReg(R15 (PC))
TDF400640 016:418.260 - 0.005ms returns 0x00000454
TDF400640 016:418.265 JLINK_ReadReg(XPSR)
TDF400640 016:418.269 - 0.004ms returns 0x29000000
TDF400640 016:418.272 JLINK_ReadReg(XPSR)
TDF400640 016:418.277 - 0.005ms returns 0x29000000
TDF400640 016:418.281 JLINK_ReadMem(0x00000454, 0x1 Bytes, ...)
TDF400640 016:418.285    -- Read from flash cache (1 bytes @ 0x00000454)
TDF400640 016:418.290   Data:  A0
TDF400640 016:418.296 - 0.015ms returns 0
TDF400640 016:418.676 JLINK_ReadRegs(NumRegs = 22, Indexes: 0, 1, 2, 3, 4, 5, 6, 7, 8, 9, 10, 11, 12, 13, 14, 15, 16, 17, 18, 86, 87, 20)
TDF400640 016:418.709    -- R0=0x8383CC, R1=0x7A120, R2=0x05, R3=0x3E8, R4=0x61, R5=0x2000008C, R6=0x40080800, R7=0x02, R8=0xFFFE3FFE, R9=0xB3C, R10=0x01, R11=0x40080D00, R12=0xC04, R13 (SP)=0x20000460, R14=0x145, R15 (PC)=0x454, XPSR=0x29000000, MSP=0x20000460, PSP=0x00, MSPLIM=0x200000A0, PSPLIM=0x00, CFBP=0x00
TDF400640 016:418.716 - 0.039ms returns 0x00
TDF400640 016:419.096 JLINK_ReadReg(XPSR)
TDF400640 016:419.116 - 0.020ms returns 0x29000000
TDF400640 016:419.747 JLINK_ReadMem(0x00000454, 0x4 Bytes, ...)
TDF400640 016:419.761    -- Read from flash cache (4 bytes @ 0x00000454)
TDF400640 016:419.768   Data:  A0 F1 01 00
TDF400640 016:419.775 - 0.028ms returns 0
TDF400640 016:420.719 JLINK_ReadMem(0x00000144, 0x4 Bytes, ...)
TDF400640 016:420.733    -- Read from flash cache (4 bytes @ 0x00000144)
TDF400640 016:420.739   Data:  56 F8 24 10
TDF400640 016:420.744 - 0.025ms returns 0
TDF400640 016:420.852 JLINK_ReadMem(0x20000480, 0x40 Bytes, ...)
TDF400640 016:420.870   CPU_ReadMem(64 bytes @ 0x20000480)
TDF400640 016:422.276   Data:  01 00 00 00 58 0B 00 00 FE 3F FE FF B7 01 00 00 ...
TDF400640 016:422.290 - 1.438ms returns 0
TDF400640 016:432.033 JLINK_ReadReg(XPSR)
TDF400640 016:432.072 - 0.040ms returns 0x29000000
TDF400640 016:436.599 JLINK_ReadReg(XPSR)
TDF400640 016:436.636 - 0.038ms returns 0x29000000
TDF400640 016:452.027 JLINK_ReadReg(XPSR)
TDF400640 016:452.054 - 0.028ms returns 0x29000000
TEE9D7780 016:927.362 JLINK_Halt()
TEE9D7780 016:927.988 - 0.626ms returns 0x00
TEE9D7780 016:928.009 JLINK_ReadReg(XPSR)
TEE9D7780 016:928.025 - 0.016ms returns 0x29000000
TEE9D7780 016:937.078 JLINK_Close()
TEE9D7780 016:947.000 - 9.922ms
TEE9D7780 016:947.011   
TEE9D7780 016:947.013   Closed
