TA7150780 000:002.868   SEGGER J-Link V7.96j Log File
TA7150780 000:002.989   DLL Compiled: May 29 2024 15:42:37
TA7150780 000:002.992   Logging started @ 2024-10-07 10:17
TA7150780 000:002.995   Process: /home/xenwithu/.eclipse/com.renesas.platform_1508544911/DebugComp/RA/e2-server-gdb
TA7150780 000:002.998 - 2.998ms
TA7150780 000:003.002 JLINK_GetDLLVersion()
TA7150780 000:003.005 - 0.003ms returns 79610
TA7150780 000:003.397 JLINK_OpenEx(...)
TA7150780 000:007.875   Firmware: J-Link OB-S124 compiled Apr 23 2024 10:48:24
TA7150780 000:008.945   Firmware: J-Link OB-S124 compiled Apr 23 2024 10:48:24
TA7150780 000:035.562   Hardware: V1.00
TA7150780 000:035.580   S/N: 831155721
TA7150780 000:035.584   OEM: SEGGER
TA7150780 000:035.588   Feature(s): None
TA7150780 000:036.939   Bootloader: 2019 Oct 15
TA7150780 000:037.919   USB speed mode: Full speed (12 MBit/s)
TA7150780 000:038.558   TELNET listener socket opened on port 19021
TA7150780 000:038.650   WEBSRV WEBSRV_Init(): Starting webserver thread(s)
TA7150780 000:038.723   WEBSRV Webserver running on local port 19080
TA7150780 000:038.740   Looking for J-Link GUI Server exe at: ARM/Segger_v7.96.10/JLinkGUIServerExe
TA7150780 000:038.748   Looking for J-Link GUI Server exe at: /opt/SEGGER/JLink/JLinkGUIServerExe
TA7150780 000:038.759   Forking J-Link GUI Server: /opt/SEGGER/JLink/JLinkGUIServerExe
TA7150780 000:060.088   J-Link GUI Server info: "J-Link GUI server V7.88d "
TA7150780 000:060.270   J-Link GUI Server: Connection breakdown.
TA7150780 000:060.322 - 56.916ms returns "O.K."
TA7150780 000:060.381 JLINK_ExecCommand("ProjectFile="/home/xenwithu/e2_studio/workspace/Led_Controller/Led_Controller Debug_Flat.jlink"", ...). 
TA7150780 000:087.013 - 26.631ms returns 0x00
TA7150780 000:087.144 JLINK_ExecCommand("device=R7FA6M5BH", ...). 
TA7150780 000:090.097   Flash bank @ 0x0100A100: SFL: Parsing sectorization info from ELF file
TA7150780 000:090.126     FlashDevice.SectorInfo[0]: .SectorSize = 0x00000010, .SectorStartAddr = 0x00000000
TA7150780 000:090.131   FlashBank @0x0100A100: Sectorization info from SFL ELF file ignored because sectorization override from DLL / XML file is active.
TA7150780 000:091.376   Flash bank @ 0x60000000: SFL: Parsing sectorization info from ELF file
TA7150780 000:091.397     FlashDevice.SectorInfo[0]: .SectorSize = 0x00010000, .SectorStartAddr = 0x00000000
TA7150780 000:103.349   Device "R7FA6M5BH" selected.
TA7150780 000:103.481 - 16.330ms returns 0x00
TA7150780 000:103.490 JLINK_TIF_GetAvailable(...)
TA7150780 000:103.741 - 0.251ms
TA7150780 000:103.746 JLINK_TIF_Select(JLINKARM_TIF_SWD)
TA7150780 000:104.695 - 0.949ms returns 0x00
TA7150780 000:104.705 JLINK_SetSpeed(4000)
TA7150780 000:104.827 - 0.122ms
TA7150780 000:104.842 JLINK_ReadMem(0xE000EDF0, 0x4 Bytes, ...)
TA7150780 000:105.070   ConfigTargetSettings() start
TA7150780 000:105.075    J-Link Script File: Executing ConfigTargetSettings()
TA7150780 000:105.083   Configuring FlashDLNoRMWThreshold=0x200 in order to make sure that option bytes programming is done via read-modify-write
TA7150780 000:108.568   ConfigTargetSettings() end - Took 3.49ms
TA7150780 000:108.579   InitTarget() start
TA7150780 000:108.584    J-Link Script File: Executing InitTarget()
TA7150780 000:108.591   SWD selected. Executing JTAG -> SWD switching sequence.
TA7150780 000:112.194   DAP initialized successfully.
TA7150780 000:112.245   Determining TrustZone configuration...
TA7150780 000:114.678     Secure Debug: Enabled (SSD)
TA7150780 000:114.741   Determining currently configured transfer type by reading the AHB-AP CSW register.
TA7150780 000:116.390     --> Correct transfer type configured. Done.
TA7150780 000:116.420   InitTarget() end - Took 7.83ms
TA7150780 000:117.618   Found SW-DP with ID 0x6BA02477
TA7150780 000:121.805   DPIDR: 0x6BA02477
TA7150780 000:121.822   CoreSight SoC-400 or earlier
TA7150780 000:121.830   Scanning AP map to find all available APs
TA7150780 000:123.605   AP[2]: Stopped AP scan as end of AP map has been reached
TA7150780 000:123.633   AP[0]: AHB-AP (IDR: 0x84770001)
TA7150780 000:123.677   AP[1]: APB-AP (IDR: 0x54770002)
TA7150780 000:123.687   Iterating through AP map to find AHB-AP to use
TA7150780 000:125.365   AP[0]: Core found
TA7150780 000:125.390   AP[0]: AHB-AP ROM base: 0xE00FE000
TA7150780 000:126.194   CPUID register: 0x410FD214. Implementer code: 0x41 (ARM)
TA7150780 000:126.213   Feature set: Mainline
TA7150780 000:127.006   Cache: No cache
TA7150780 000:127.030   Found Cortex-M33 r0p4, Little endian.
TA7150780 000:127.617   -- Max. mem block: 0x00001960
TA7150780 000:129.233   CPU_ReadMem(4 bytes @ 0xE000EDF0)
TA7150780 000:130.113   CPU_ReadMem(4 bytes @ 0xE0002000)
TA7150780 000:130.779   FPUnit: 8 code (BP) slots and 0 literal slots
TA7150780 000:130.826   CPU_ReadMem(4 bytes @ 0xE000EDFC)
TA7150780 000:131.470   CPU_ReadMem(4 bytes @ 0xE0001000)
TA7150780 000:132.098   CPU_ReadMem(4 bytes @ 0xE0001000)
TA7150780 000:132.743   CPU_ReadMem(4 bytes @ 0xE0001028)
TA7150780 000:133.395   CPU_ReadMem(4 bytes @ 0xE0001038)
TA7150780 000:134.060   CPU_ReadMem(4 bytes @ 0xE0001048)
TA7150780 000:134.630   CPU_ReadMem(4 bytes @ 0xE0001058)
TA7150780 000:135.230   CPU_WriteMem(4 bytes @ 0xE0001000)
TA7150780 000:135.978   CPU_ReadMem(4 bytes @ 0xE000ED88)
TA7150780 000:136.711   CPU_WriteMem(4 bytes @ 0xE000ED88)
TA7150780 000:137.379   CPU_ReadMem(4 bytes @ 0xE000ED88)
TA7150780 000:138.011   CPU_WriteMem(4 bytes @ 0xE000ED88)
TA7150780 000:138.617   CPU_ReadMem(4 bytes @ 0xE000EFB8)
TA7150780 000:139.309   Security extension: implemented
TA7150780 000:139.324   Secure debug: enabled
TA7150780 000:139.331   CoreSight components:
TA7150780 000:139.339   ROMTbl[0] @ E00FE000
TA7150780 000:139.349   CPU_ReadMem(64 bytes @ 0xE00FE000)
TA7150780 000:140.688   CPU_ReadMem(32 bytes @ 0xE0044FE0)
TA7150780 000:141.736   CPU_ReadMem(4 bytes @ 0xE0044FBC)
TA7150780 000:142.367   CPU_ReadMem(4 bytes @ 0xE0044FCC)
TA7150780 000:142.956   [0][0]: E0044000 CID B105900D PID 005BB906 DEVARCH 00000000 DEVTYPE 14 CTI (?)
TA7150780 000:142.981   CPU_ReadMem(32 bytes @ 0xE0047FE0)
TA7150780 000:143.972   CPU_ReadMem(4 bytes @ 0xE0047FBC)
TA7150780 000:144.568   CPU_ReadMem(4 bytes @ 0xE0047FCC)
TA7150780 000:145.157   [0][1]: E0047000 CID B105900D PID 003BB908 DEVARCH 00000000 DEVTYPE 12 CSTF
TA7150780 000:145.200   CPU_ReadMem(32 bytes @ 0xE0048FE0)
TA7150780 000:146.158   CPU_ReadMem(4 bytes @ 0xE0048FBC)
TA7150780 000:146.906   CPU_ReadMem(4 bytes @ 0xE0048FCC)
TA7150780 000:147.546   [0][2]: E0048000 CID B105900D PID 001BB961 DEVARCH 00000000 DEVTYPE 21 ETB
TA7150780 000:147.563   CPU_ReadMem(32 bytes @ 0xE0049FE0)
TA7150780 000:148.572   [0][3]: E0049000 CID B105F00D PID 001BB101 TSG
TA7150780 000:148.591   CPU_ReadMem(32 bytes @ 0xE0040FE0)
TA7150780 000:149.545   CPU_ReadMem(4 bytes @ 0xE0040FBC)
TA7150780 000:150.247   CPU_ReadMem(4 bytes @ 0xE0040FCC)
TA7150780 000:151.030   [0][4]: E0040000 CID B105900D PID 000BBD21 DEVARCH 00000000 DEVTYPE 11 TPIU
TA7150780 000:151.045   CPU_ReadMem(32 bytes @ 0xE00FFFE0)
TA7150780 000:152.104   [0][5]: E00FF000 CID B105100D PID 000BB4C9 ROM Table
TA7150780 000:152.121   ROMTbl[1] @ E00FF000
TA7150780 000:152.131   CPU_ReadMem(64 bytes @ 0xE00FF000)
TA7150780 000:153.493   CPU_ReadMem(32 bytes @ 0xE000EFE0)
TA7150780 000:154.508   CPU_ReadMem(4 bytes @ 0xE000EFBC)
TA7150780 000:155.210   CPU_ReadMem(4 bytes @ 0xE000EFCC)
TA7150780 000:155.836   [1][0]: E000E000 CID B105900D PID 000BBD21 DEVARCH 47702A04 DEVTYPE 00 Cortex-M33
TA7150780 000:155.851   CPU_ReadMem(32 bytes @ 0xE0001FE0)
TA7150780 000:156.798   CPU_ReadMem(4 bytes @ 0xE0001FBC)
TA7150780 000:157.419   CPU_ReadMem(4 bytes @ 0xE0001FCC)
TA7150780 000:158.031   [1][1]: E0001000 CID B105900D PID 000BBD21 DEVARCH 47701A02 DEVTYPE 00 DWT
TA7150780 000:158.048   CPU_ReadMem(32 bytes @ 0xE0002FE0)
TA7150780 000:159.022   CPU_ReadMem(4 bytes @ 0xE0002FBC)
TA7150780 000:159.635   CPU_ReadMem(4 bytes @ 0xE0002FCC)
TA7150780 000:160.220   [1][2]: E0002000 CID B105900D PID 000BBD21 DEVARCH 47701A03 DEVTYPE 00 FPB
TA7150780 000:160.259   CPU_ReadMem(32 bytes @ 0xE0000FE0)
TA7150780 000:161.331   CPU_ReadMem(4 bytes @ 0xE0000FBC)
TA7150780 000:161.954   CPU_ReadMem(4 bytes @ 0xE0000FCC)
TA7150780 000:162.604   [1][3]: E0000000 CID B105900D PID 000BBD21 DEVARCH 47701A01 DEVTYPE 43 ITM
TA7150780 000:162.633   CPU_ReadMem(32 bytes @ 0xE0041FE0)
TA7150780 000:163.668   CPU_ReadMem(4 bytes @ 0xE0041FBC)
TA7150780 000:164.321   CPU_ReadMem(4 bytes @ 0xE0041FCC)
TA7150780 000:165.001   [1][5]: E0041000 CID B105900D PID 002BBD21 DEVARCH 47724A13 DEVTYPE 13 ETM
TA7150780 000:165.019   CPU_ReadMem(32 bytes @ 0xE0042FE0)
TA7150780 000:166.019   CPU_ReadMem(4 bytes @ 0xE0042FBC)
TA7150780 000:166.822   CPU_ReadMem(4 bytes @ 0xE0042FCC)
TA7150780 000:167.575   [1][6]: E0042000 CID B105900D PID 000BBD21 DEVARCH 47701A14 DEVTYPE 14 CSS600-CTI
TA7150780 000:167.690   CPU_ReadMem(4 bytes @ 0xE000EDF0)
TA7150780 000:168.322   Data:  03 00 13 00
TA7150780 000:168.340   Debug reg: DHCSR
TA7150780 000:168.348 - 63.506ms returns 0
TA7150780 000:168.364 JLINK_ReadMem(0x400E002C, 0x4 Bytes, ...)
TA7150780 000:168.376   CPU_ReadMem(4 bytes @ 0x400E002C)
TA7150780 000:168.942   Data:  02 00 00 00
TA7150780 000:168.956 - 0.592ms returns 0
TA7150780 000:168.988 JLINK_ReadMem(0xE000EDF0, 0x4 Bytes, ...)
TA7150780 000:169.001   CPU_ReadMem(4 bytes @ 0xE000EDF0)
TA7150780 000:169.633   Data:  03 00 13 00
TA7150780 000:169.651   Debug reg: DHCSR
TA7150780 000:169.659 - 0.671ms returns 0
TA7150780 000:169.686 JLINK_ReadMem(0xE000EDF0, 0x4 Bytes, ...)
TA7150780 000:169.698   CPU_ReadMem(4 bytes @ 0xE000EDF0)
TA7150780 000:170.321   Data:  03 00 13 00
TA7150780 000:170.339   Debug reg: DHCSR
TA7150780 000:170.347 - 0.661ms returns 0
TA7150780 000:170.360 JLINK_ReadMem(0x400E001C, 0x4 Bytes, ...)
TA7150780 000:170.373   CPU_ReadMem(4 bytes @ 0x400E001C)
TA7150780 000:171.016   Data:  00 18 00 00
TA7150780 000:171.031 - 0.670ms returns 0
TA7150780 000:171.049 JLINK_ReadMem(0xE000EDF0, 0x4 Bytes, ...)
TA7150780 000:171.061   CPU_ReadMem(4 bytes @ 0xE000EDF0)
TA7150780 000:171.658   Data:  03 00 13 00
TA7150780 000:171.678   Debug reg: DHCSR
TA7150780 000:171.686 - 0.636ms returns 0
TA7150780 000:171.698 JLINK_ReadMem(0x400E0018, 0x4 Bytes, ...)
TA7150780 000:171.710   CPU_ReadMem(4 bytes @ 0x400E0018)
TA7150780 000:172.323   Data:  00 80 00 00
TA7150780 000:172.343 - 0.645ms returns 0
TA7150780 000:172.363 JLINK_ReadMem(0xE000EDF0, 0x4 Bytes, ...)
TA7150780 000:172.375   CPU_ReadMem(4 bytes @ 0xE000EDF0)
TA7150780 000:172.969   Data:  03 00 13 00
TA7150780 000:172.983   Debug reg: DHCSR
TA7150780 000:172.991 - 0.629ms returns 0
TA7150780 000:173.004 JLINK_ReadMem(0x400E0020, 0x4 Bytes, ...)
TA7150780 000:173.016   CPU_ReadMem(4 bytes @ 0x400E0020)
TA7150780 000:173.612   Data:  00 00 00 00
TA7150780 000:173.642 - 0.638ms returns 0
TA7150780 000:173.666 JLINK_ReadMem(0xE000EDF0, 0x4 Bytes, ...)
TA7150780 000:173.684   CPU_ReadMem(4 bytes @ 0xE000EDF0)
TA7150780 000:174.365   Data:  03 00 13 00
TA7150780 000:174.382   Debug reg: DHCSR
TA7150780 000:174.391 - 0.725ms returns 0
TA7150780 000:174.403 JLINK_ReadMem(0x400E0028, 0x4 Bytes, ...)
TA7150780 000:174.415   CPU_ReadMem(4 bytes @ 0x400E0028)
TA7150780 000:175.124   Data:  00 08 00 00
TA7150780 000:175.138 - 0.735ms returns 0
TA7150780 000:175.157 JLINK_ReadMem(0xE000EDF0, 0x4 Bytes, ...)
TA7150780 000:175.186   CPU_ReadMem(4 bytes @ 0xE000EDF0)
TA7150780 000:175.730   Data:  03 00 13 00
TA7150780 000:175.744   Debug reg: DHCSR
TA7150780 000:175.754 - 0.597ms returns 0
TA7150780 000:175.767 JLINK_ReadMem(0x400E0024, 0x4 Bytes, ...)
TA7150780 000:175.781   CPU_ReadMem(4 bytes @ 0x400E0024)
TA7150780 000:176.421   Data:  00 20 00 00
TA7150780 000:176.442 - 0.675ms returns 0
TA7150780 000:176.464 JLINK_ReadMem(0xE000EDF0, 0x4 Bytes, ...)
TA7150780 000:176.478   CPU_ReadMem(4 bytes @ 0xE000EDF0)
TA7150780 000:177.058   Data:  03 00 13 00
TA7150780 000:177.086   Debug reg: DHCSR
TA7150780 000:177.097 - 0.633ms returns 0
TA7150780 000:177.121 JLINK_ReadMem(0x400E002C, 0x4 Bytes, ...)
TA7150780 000:177.230   CPU_ReadMem(4 bytes @ 0x400E002C)
TA7150780 000:177.824   Data:  02 00 00 00
TA7150780 000:177.838 - 0.718ms returns 0
TA7150780 000:177.929 JLINK_ReadMem(0xE000EDF0, 0x4 Bytes, ...)
TA7150780 000:177.939   CPU_ReadMem(4 bytes @ 0xE000EDF0)
TA7150780 000:178.600   Data:  03 00 13 00
TA7150780 000:178.624   Debug reg: DHCSR
TA7150780 000:178.633 - 0.703ms returns 0
TA7150780 000:178.646 JLINK_ReadMem(0x400E002C, 0x4 Bytes, ...)
TA7150780 000:178.661   CPU_ReadMem(4 bytes @ 0x400E002C)
TA7150780 000:179.315   Data:  02 00 00 00
TA7150780 000:179.339 - 0.692ms returns 0
TA7150780 000:179.520 JLINK_ReadMem(0xE000EDF0, 0x4 Bytes, ...)
TA7150780 000:179.552   CPU_ReadMem(4 bytes @ 0xE000EDF0)
TA7150780 000:180.133   Data:  03 00 13 00
TA7150780 000:180.151   Debug reg: DHCSR
TA7150780 000:180.171 - 0.651ms returns 0
TA7150780 000:180.194 JLINK_ReadMem(0x400E002C, 0x4 Bytes, ...)
TA7150780 000:180.225   CPU_ReadMem(4 bytes @ 0x400E002C)
TA7150780 000:180.794   Data:  02 00 00 00
TA7150780 000:180.811 - 0.617ms returns 0
TA7150780 000:180.835 JLINK_ReadMem(0xE000EDF0, 0x4 Bytes, ...)
TA7150780 000:180.852   CPU_ReadMem(4 bytes @ 0xE000EDF0)
TA7150780 000:181.433   Data:  03 00 13 00
TA7150780 000:181.460   Debug reg: DHCSR
TA7150780 000:181.468 - 0.634ms returns 0
TA7150780 000:181.481 JLINK_ReadMem(0x400E001C, 0x4 Bytes, ...)
TA7150780 000:181.497   CPU_ReadMem(4 bytes @ 0x400E001C)
TA7150780 000:182.090   Data:  00 18 00 00
TA7150780 000:182.111 - 0.629ms returns 0
TA7150780 000:182.136 JLINK_ReadMem(0xE000EDF0, 0x4 Bytes, ...)
TA7150780 000:182.153   CPU_ReadMem(4 bytes @ 0xE000EDF0)
TA7150780 000:182.789   Data:  03 00 13 00
TA7150780 000:182.805   Debug reg: DHCSR
TA7150780 000:182.813 - 0.678ms returns 0
TA7150780 000:182.825 JLINK_ReadMem(0x400E0018, 0x4 Bytes, ...)
TA7150780 000:182.839   CPU_ReadMem(4 bytes @ 0x400E0018)
TA7150780 000:183.465   Data:  00 80 00 00
TA7150780 000:183.490 - 0.665ms returns 0
TA7150780 000:183.512 JLINK_ReadMem(0xE000EDF0, 0x4 Bytes, ...)
TA7150780 000:183.526   CPU_ReadMem(4 bytes @ 0xE000EDF0)
TA7150780 000:184.140   Data:  03 00 13 00
TA7150780 000:184.155   Debug reg: DHCSR
TA7150780 000:184.185 - 0.672ms returns 0
TA7150780 000:184.200 JLINK_ReadMem(0x400E0020, 0x4 Bytes, ...)
TA7150780 000:184.215   CPU_ReadMem(4 bytes @ 0x400E0020)
TA7150780 000:184.773   Data:  00 00 00 00
TA7150780 000:184.788 - 0.588ms returns 0
TA7150780 000:184.816 JLINK_ReadMem(0xE000EDF0, 0x4 Bytes, ...)
TA7150780 000:184.836   CPU_ReadMem(4 bytes @ 0xE000EDF0)
TA7150780 000:185.416   Data:  03 00 13 00
TA7150780 000:185.437   Debug reg: DHCSR
TA7150780 000:185.445 - 0.628ms returns 0
TA7150780 000:185.454 JLINK_ReadMem(0x400E0028, 0x4 Bytes, ...)
TA7150780 000:185.466   CPU_ReadMem(4 bytes @ 0x400E0028)
TA7150780 000:186.010   Data:  00 08 00 00
TA7150780 000:186.021 - 0.566ms returns 0
TA7150780 000:186.038 JLINK_ReadMem(0xE000EDF0, 0x4 Bytes, ...)
TA7150780 000:186.048   CPU_ReadMem(4 bytes @ 0xE000EDF0)
TA7150780 000:186.742   Data:  03 00 13 00
TA7150780 000:186.765   Debug reg: DHCSR
TA7150780 000:186.773 - 0.735ms returns 0
TA7150780 000:186.784 JLINK_ReadMem(0x400E0024, 0x4 Bytes, ...)
TA7150780 000:186.797   CPU_ReadMem(4 bytes @ 0x400E0024)
TA7150780 000:187.501   Data:  00 20 00 00
TA7150780 000:187.519 - 0.735ms returns 0
TA7150780 000:187.670 JLINK_TIF_GetAvailable(...)
TA7150780 000:188.012 - 0.341ms
TA7150780 000:188.025 JLINK_TIF_Select(JLINKARM_TIF_SWD)
TA7150780 000:188.032 - 0.006ms returns 0x00
TA7150780 000:188.038 JLINK_SetSpeed(4000)
TA7150780 000:188.091 - 0.053ms
TA7150780 000:188.099 JLINK_SetEndian(ARM_ENDIAN_LITTLE)
TA7150780 000:188.104 - 0.005ms returns 0
TA7150780 000:188.110 JLINK_SetInitRegsOnReset(OFF)
TA7150780 000:188.115 - 0.006ms returns 1
TA7150780 000:188.121 JLINK_SetResetType(JLINKARM_CM3_RESET_TYPE_CONNECT_UNDER_RESET)
TA7150780 000:188.127 - 0.006ms returns JLINKARM_CM3_RESET_TYPE_NORMAL
TA7150780 000:188.136 JLINK_ExecCommand("EnableFlashBPs", ...). 
TA7150780 000:188.177 - 0.001ms returns 0x00
TA7150780 000:188.190 JLINK_ExecCommand("SetAllowFlashCache = 1", ...). 
TA7150780 000:188.199 - 0.001ms returns 0x01
TA7150780 000:188.206 JLINK_ExecCommand("SetRestartOnClose = 0", ...). 
TA7150780 000:188.214 - 0.003ms returns 0x01
TA7150780 000:188.220 JLINK_EnableSoftBPs(ON)
TA7150780 000:188.225 - 0.005ms
TA7150780 000:188.230 JLINK_Connect()
TA7150780 000:188.573   ConfigTargetSettings() start
TA7150780 000:188.587    J-Link Script File: Executing ConfigTargetSettings()
TA7150780 000:188.594   Configuring FlashDLNoRMWThreshold=0x200 in order to make sure that option bytes programming is done via read-modify-write
TA7150780 000:193.301   ConfigTargetSettings() end - Took 4.71ms
TA7150780 000:193.327   InitTarget() start
TA7150780 000:193.337    J-Link Script File: Executing InitTarget()
TA7150780 000:193.347   SWD selected. Executing JTAG -> SWD switching sequence.
TA7150780 000:196.451   DAP initialized successfully.
TA7150780 000:196.480   Determining TrustZone configuration...
TA7150780 000:198.463     Secure Debug: Enabled (SSD)
TA7150780 000:198.487   Determining currently configured transfer type by reading the AHB-AP CSW register.
TA7150780 000:200.032     --> Correct transfer type configured. Done.
TA7150780 000:200.055   InitTarget() end - Took 6.71ms
TA7150780 000:201.048   Found SW-DP with ID 0x6BA02477
TA7150780 000:205.021   DPIDR: 0x6BA02477
TA7150780 000:205.056   CoreSight SoC-400 or earlier
TA7150780 000:205.067   AP map detection skipped. Manually configured AP map found.
TA7150780 000:205.077   AP[0]: AHB-AP (IDR: Not set)
TA7150780 000:206.680   AP[0]: Core found
TA7150780 000:206.705   AP[0]: AHB-AP ROM base: 0xE00FE000
TA7150780 000:207.560   CPUID register: 0x410FD214. Implementer code: 0x41 (ARM)
TA7150780 000:207.587   Feature set: Mainline
TA7150780 000:208.320   Cache: No cache
TA7150780 000:208.347   Found Cortex-M33 r0p4, Little endian.
TA7150780 000:208.542   -- Max. mem block: 0x00001700
TA7150780 000:208.566   CPU_ReadMem(4 bytes @ 0xE000EDF0)
TA7150780 000:209.201   CPU_ReadMem(4 bytes @ 0xE0002000)
TA7150780 000:209.756   FPUnit: 8 code (BP) slots and 0 literal slots
TA7150780 000:209.775   CPU_ReadMem(4 bytes @ 0xE000EDFC)
TA7150780 000:210.419   CPU_ReadMem(4 bytes @ 0xE0001000)
TA7150780 000:211.071   CPU_ReadMem(4 bytes @ 0xE0001000)
TA7150780 000:211.739   CPU_ReadMem(4 bytes @ 0xE0001028)
TA7150780 000:212.429   CPU_ReadMem(4 bytes @ 0xE0001038)
TA7150780 000:213.039   CPU_ReadMem(4 bytes @ 0xE0001048)
TA7150780 000:213.657   CPU_ReadMem(4 bytes @ 0xE0001058)
TA7150780 000:214.260   CPU_WriteMem(4 bytes @ 0xE0001000)
TA7150780 000:214.938   CPU_ReadMem(4 bytes @ 0xE000ED88)
TA7150780 000:215.502   CPU_WriteMem(4 bytes @ 0xE000ED88)
TA7150780 000:216.187   CPU_ReadMem(4 bytes @ 0xE000ED88)
TA7150780 000:216.871   CPU_WriteMem(4 bytes @ 0xE000ED88)
TA7150780 000:217.568   CPU_ReadMem(4 bytes @ 0xE000EFB8)
TA7150780 000:218.214   Security extension: implemented
TA7150780 000:218.232   Secure debug: enabled
TA7150780 000:218.239   CoreSight components:
TA7150780 000:218.247   ROMTbl[0] @ E00FE000
TA7150780 000:218.256   CPU_ReadMem(64 bytes @ 0xE00FE000)
TA7150780 000:219.605   CPU_ReadMem(32 bytes @ 0xE0044FE0)
TA7150780 000:220.584   CPU_ReadMem(4 bytes @ 0xE0044FBC)
TA7150780 000:221.265   CPU_ReadMem(4 bytes @ 0xE0044FCC)
TA7150780 000:221.851   [0][0]: E0044000 CID B105900D PID 005BB906 DEVARCH 00000000 DEVTYPE 14 CTI (?)
TA7150780 000:221.863   CPU_ReadMem(32 bytes @ 0xE0047FE0)
TA7150780 000:222.788   CPU_ReadMem(4 bytes @ 0xE0047FBC)
TA7150780 000:223.417   CPU_ReadMem(4 bytes @ 0xE0047FCC)
TA7150780 000:224.011   [0][1]: E0047000 CID B105900D PID 003BB908 DEVARCH 00000000 DEVTYPE 12 CSTF
TA7150780 000:224.023   CPU_ReadMem(32 bytes @ 0xE0048FE0)
TA7150780 000:225.007   CPU_ReadMem(4 bytes @ 0xE0048FBC)
TA7150780 000:225.669   CPU_ReadMem(4 bytes @ 0xE0048FCC)
TA7150780 000:226.232   [0][2]: E0048000 CID B105900D PID 001BB961 DEVARCH 00000000 DEVTYPE 21 ETB
TA7150780 000:226.270   CPU_ReadMem(32 bytes @ 0xE0049FE0)
TA7150780 000:227.185   [0][3]: E0049000 CID B105F00D PID 001BB101 TSG
TA7150780 000:227.209   CPU_ReadMem(32 bytes @ 0xE0040FE0)
TA7150780 000:228.134   CPU_ReadMem(4 bytes @ 0xE0040FBC)
TA7150780 000:228.727   CPU_ReadMem(4 bytes @ 0xE0040FCC)
TA7150780 000:229.423   [0][4]: E0040000 CID B105900D PID 000BBD21 DEVARCH 00000000 DEVTYPE 11 TPIU
TA7150780 000:229.471   CPU_ReadMem(32 bytes @ 0xE00FFFE0)
TA7150780 000:230.479   [0][5]: E00FF000 CID B105100D PID 000BB4C9 ROM Table
TA7150780 000:230.528   ROMTbl[1] @ E00FF000
TA7150780 000:230.542   CPU_ReadMem(64 bytes @ 0xE00FF000)
TA7150780 000:231.957   CPU_ReadMem(32 bytes @ 0xE000EFE0)
TA7150780 000:232.962   CPU_ReadMem(4 bytes @ 0xE000EFBC)
TA7150780 000:233.627   CPU_ReadMem(4 bytes @ 0xE000EFCC)
TA7150780 000:234.200   [1][0]: E000E000 CID B105900D PID 000BBD21 DEVARCH 47702A04 DEVTYPE 00 Cortex-M33
TA7150780 000:234.217   CPU_ReadMem(32 bytes @ 0xE0001FE0)
TA7150780 000:235.122   CPU_ReadMem(4 bytes @ 0xE0001FBC)
TA7150780 000:235.714   CPU_ReadMem(4 bytes @ 0xE0001FCC)
TA7150780 000:236.306   [1][1]: E0001000 CID B105900D PID 000BBD21 DEVARCH 47701A02 DEVTYPE 00 DWT
TA7150780 000:236.322   CPU_ReadMem(32 bytes @ 0xE0002FE0)
TA7150780 000:237.220   CPU_ReadMem(4 bytes @ 0xE0002FBC)
TA7150780 000:237.937   CPU_ReadMem(4 bytes @ 0xE0002FCC)
TA7150780 000:238.518   [1][2]: E0002000 CID B105900D PID 000BBD21 DEVARCH 47701A03 DEVTYPE 00 FPB
TA7150780 000:238.537   CPU_ReadMem(32 bytes @ 0xE0000FE0)
TA7150780 000:239.457   CPU_ReadMem(4 bytes @ 0xE0000FBC)
TA7150780 000:240.063   CPU_ReadMem(4 bytes @ 0xE0000FCC)
TA7150780 000:240.635   [1][3]: E0000000 CID B105900D PID 000BBD21 DEVARCH 47701A01 DEVTYPE 43 ITM
TA7150780 000:240.652   CPU_ReadMem(32 bytes @ 0xE0041FE0)
TA7150780 000:241.559   CPU_ReadMem(4 bytes @ 0xE0041FBC)
TA7150780 000:242.144   CPU_ReadMem(4 bytes @ 0xE0041FCC)
TA7150780 000:242.805   [1][5]: E0041000 CID B105900D PID 002BBD21 DEVARCH 47724A13 DEVTYPE 13 ETM
TA7150780 000:242.833   CPU_ReadMem(32 bytes @ 0xE0042FE0)
TA7150780 000:243.753   CPU_ReadMem(4 bytes @ 0xE0042FBC)
TA7150780 000:244.393   CPU_ReadMem(4 bytes @ 0xE0042FCC)
TA7150780 000:245.030   [1][6]: E0042000 CID B105900D PID 000BBD21 DEVARCH 47701A14 DEVTYPE 14 CSS600-CTI
TA7150780 000:245.049 - 56.818ms returns 0x00
TA7150780 000:245.063 JLINK_Halt()
TA7150780 000:251.230 - 6.166ms returns 0x00
TA7150780 000:251.257 JLINK_IsHalted()
TA7150780 000:251.264 - 0.006ms returns TRUE
TA7150780 000:251.273 JLINK_ResetPullsRESET(ON)
TA7150780 000:251.279 - 0.006ms
TA7150780 000:251.287 JLINK_Reset()
TA7150780 000:251.314   CPU_WriteMem(4 bytes @ 0xE000EDF0)
TA7150780 000:251.940   CPU_ReadMem(4 bytes @ 0xE000ED44)
TA7150780 000:252.541   CPU_ReadMem(4 bytes @ 0xE000EE08)
TA7150780 000:253.135   CPU_WriteMem(4 bytes @ 0xE000EE08)
TA7150780 000:253.728   CPU_ReadMem(4 bytes @ 0xE000EE08)
TA7150780 000:254.372   Reset: ARMv8M core with Security Extension enabled detected. Switch to secure domain.
TA7150780 000:254.392   CPU_WriteMem(4 bytes @ 0xE000EDFC)
TA7150780 000:255.063   Reset: Halt core after reset via DEMCR.VC_CORERESET.
TA7150780 000:255.844   Reset: Reset device via AIRCR.SYSRESETREQ.
TA7150780 000:255.871   CPU_WriteMem(4 bytes @ 0xE000ED0C)
TA7150780 000:309.971   CPU_ReadMem(4 bytes @ 0xE000EDF0)
TA7150780 000:310.572   CPU_ReadMem(4 bytes @ 0xE000EDF0)
TA7150780 000:311.095   CPU_WriteMem(4 bytes @ 0xE000EDFC)
TA7150780 000:317.187   CPU_ReadMem(4 bytes @ 0xE000EDF0)
TA7150780 000:324.254   CPU_WriteMem(4 bytes @ 0xE0002000)
TA7150780 000:324.968   CPU_ReadMem(4 bytes @ 0xE000EDFC)
TA7150780 000:325.651   CPU_ReadMem(4 bytes @ 0xE0001000)
TA7150780 000:326.306   CPU_ReadMem(4 bytes @ 0xE000EE08)
TA7150780 000:327.053 - 75.766ms
TA7150780 000:327.171 JLINK_ReadMem(0xE000EDF0, 0x4 Bytes, ...)
TA7150780 000:327.196   CPU_ReadMem(4 bytes @ 0xE000EDF0)
TA7150780 000:327.843   Data:  03 00 13 00
TA7150780 000:327.854   Debug reg: DHCSR
TA7150780 000:327.899 - 0.740ms returns 0
TA7150780 000:327.920 JLINK_ReadMem(0x010080F0, 0x10 Bytes, ...)
TA7150780 000:327.930   CPU_ReadMem(16 bytes @ 0x010080F0)
TA7150780 000:328.667   Data:  52 37 46 41 36 4D 35 42 48 33 43 46 43 20 20 20
TA7150780 000:328.688 - 0.767ms returns 0
TA7150780 000:328.720 JLINK_IsHalted()
TA7150780 000:328.729 - 0.008ms returns TRUE
TA7150780 000:328.881 JLINK_ReadMem(0xE000EDF0, 0x4 Bytes, ...)
TA7150780 000:328.894   CPU_ReadMem(4 bytes @ 0xE000EDF0)
TA7150780 000:329.542   Data:  03 00 13 00
TA7150780 000:329.561   Debug reg: DHCSR
TA7150780 000:329.567 - 0.686ms returns 0
TA7150780 000:329.575 JLINK_ReadMem(0x400E002C, 0x4 Bytes, ...)
TA7150780 000:329.585   CPU_ReadMem(4 bytes @ 0x400E002C)
TA7150780 000:330.126   Data:  02 00 00 00
TA7150780 000:330.138 - 0.563ms returns 0
TA7150780 000:330.156 JLINK_MeasureCPUSpeed(RAMAddr = 0x20000000)
TA7150780 000:330.175   CPU_ReadMem(16 bytes @ 0x20000000)
TA7150780 000:330.955   CPU_ReadMem(4 bytes @ 0xE000EDFC)
TA7150780 000:331.613   CPU_ReadMem(4 bytes @ 0xE0001000)
TA7150780 000:332.290   CPU_ReadMem(6 bytes @ 0x20000000)
TA7150780 000:332.973   CPU_ReadMem(4 bytes @ 0xE000ED90)
TA7150780 000:333.597   CPU_ReadMem(4 bytes @ 0xE000ED94)
TA7150780 000:334.189   CPU_WriteMem(16 bytes @ 0x20000000)
TA7150780 000:334.987   CPU_WriteMem(6 bytes @ 0x20000000)
TA7150780 000:335.661   CPU_ReadMem(6 bytes @ 0x20000000)
TA7150780 000:336.341   CPU_ReadMem(4 bytes @ 0xE000EE08)
TA7150780 000:337.027   CPU_WriteMem(4 bytes @ 0xE0002008)
TA7150780 000:337.047   CPU_WriteMem(4 bytes @ 0xE000200C)
TA7150780 000:337.053   CPU_WriteMem(4 bytes @ 0xE0002010)
TA7150780 000:337.059   CPU_WriteMem(4 bytes @ 0xE0002014)
TA7150780 000:337.065   CPU_WriteMem(4 bytes @ 0xE0002018)
TA7150780 000:337.070   CPU_WriteMem(4 bytes @ 0xE000201C)
TA7150780 000:337.076   CPU_WriteMem(4 bytes @ 0xE0002020)
TA7150780 000:337.082   CPU_WriteMem(4 bytes @ 0xE0002024)
TA7150780 000:341.023   CPU_WriteMem(4 bytes @ 0xE0001004)
TA7150780 000:351.281   CPU_ReadMem(4 bytes @ 0xE0001004)
TA7150780 000:351.829   CPU_ReadMem(4 bytes @ 0xE000EE08)
TA7150780 000:352.455   CPU_WriteMem(4 bytes @ 0xE0002008)
TA7150780 000:353.092   CPU_WriteMem(4 bytes @ 0xE000200C)
TA7150780 000:353.718   CPU_WriteMem(4 bytes @ 0xE0002010)
TA7150780 000:354.308   CPU_WriteMem(4 bytes @ 0xE0002014)
TA7150780 000:354.911   CPU_WriteMem(4 bytes @ 0xE0002018)
TA7150780 000:355.535   CPU_WriteMem(4 bytes @ 0xE000201C)
TA7150780 000:356.147   CPU_WriteMem(4 bytes @ 0xE0002020)
TA7150780 000:356.766   CPU_WriteMem(4 bytes @ 0xE0002024)
TA7150780 000:357.496   CPU_ReadMem(4 bytes @ 0xE000EE08)
TA7150780 000:358.136   CPU_ReadMem(4 bytes @ 0xE000EE08)
TA7150780 000:358.701   CPU_WriteMem(4 bytes @ 0xE0001004)
TA7150780 000:389.442   CPU_ReadMem(4 bytes @ 0xE0001004)
TA7150780 000:390.065   CPU_WriteMem(6 bytes @ 0x20000000)
TA7150780 000:390.723   ClockFreq: 2082000 Hz
TA7150780 000:390.744 - 60.589ms returns 2082000
TA7150780 000:390.759 JLINK_ReadReg(XPSR)
TA7150780 000:390.774   CPU_ReadMem(4 bytes @ 0xE000EE08)
TA7150780 000:391.376 - 0.615ms returns 0xF9000000
T97E00640 000:404.357 JLINK_ReadReg(XPSR)
T97E00640 000:404.425   CPU_ReadMem(4 bytes @ 0xE000EE08)
T97E00640 000:405.021 - 0.666ms returns 0xF9000000
T97E00640 000:416.041 JLINK_ReadReg(XPSR)
T97E00640 000:416.094   CPU_ReadMem(4 bytes @ 0xE000EE08)
T97E00640 000:416.657 - 0.615ms returns 0xF9000000
T97E00640 000:582.962 JLINK_SetEndian(ARM_ENDIAN_LITTLE)
T97E00640 000:582.976 - 0.015ms returns 0
T97E00640 000:583.023 JLINK_BeginDownload(Flags = 0x00000000)
T97E00640 000:583.030 - 0.007ms
T97E00640 000:585.596 JLINK_ReadMem(0xE000EDF0, 0x4 Bytes, ...)
T97E00640 000:585.657   CPU_ReadMem(4 bytes @ 0xE000EDF0)
T97E00640 000:586.353   Data:  03 00 13 00
T97E00640 000:586.363   Debug reg: DHCSR
T97E00640 000:586.368 - 0.776ms returns 0
T97E00640 000:586.907 JLINK_WriteMem(0x00000000, 0xBB0 Bytes, ...)
T97E00640 000:586.916   Data:  50 06 00 20 D9 0F 00 00 41 0E 00 00 D5 0F 00 00 ...
T97E00640 000:587.878   completely In flash
T97E00640 000:587.891 - 0.985ms returns 0xBB0
T97E00640 000:588.268 JLINK_WriteMem(0x00000BB0, 0x9A0 Bytes, ...)
T97E00640 000:588.290   Data:  06 03 8A F8 BB 34 00 F0 B3 F9 DA E7 33 42 D8 D1 ...
T97E00640 000:588.307   completely In flash
T97E00640 000:588.317 - 0.049ms returns 0x9A0
T97E00640 000:588.697 JLINK_WriteMem(0x00001550, 0xC Bytes, ...)
T97E00640 000:588.706   Data:  40 00 35 00 2D 02 00 00 05 02 00 00
T97E00640 000:588.716   completely In flash
T97E00640 000:588.724 - 0.029ms returns 0xC
T97E00640 000:589.177 JLINK_WriteMem(0x0100A100, 0x14 Bytes, ...)
T97E00640 000:589.194   Data:  FF FF FF FF FF FF FF FF FF FF FF FF FF FF FF FF ...
T97E00640 000:590.061   completely In flash
T97E00640 000:590.072 - 0.894ms returns 0x14
T97E00640 000:590.531 JLINK_WriteMem(0x0100A134, 0x4 Bytes, ...)
T97E00640 000:590.556   Data:  FF FF FF FF
T97E00640 000:590.572   completely In flash
T97E00640 000:590.581 - 0.051ms returns 0x4
T97E00640 000:591.057 JLINK_WriteMem(0x0100A200, 0xD0 Bytes, ...)
T97E00640 000:591.070   Data:  FF FD FF FF FF FF FF FF FF FF FF FF FF FF FF FF ...
T97E00640 000:591.082   completely In flash
T97E00640 000:591.088 - 0.032ms returns 0xD0
T97E00640 000:593.290 JLINK_EndDownload()
T97E00640 000:593.581   CPU_ReadMem(4 bytes @ 0xE000ED90)
T97E00640 000:594.140   CPU_ReadMem(4 bytes @ 0xE000ED94)
T97E00640 000:594.737    -- --------------------------------------
T97E00640 000:594.782    -- Start of determining flash info (Bank @ 0x0100A100)
T97E00640 000:594.810    -- End of determining flash info
T97E00640 000:594.817    -- Start of determining dirty areas in flash cache
T97E00640 000:594.829    -- Filling invalid ranges in sector buffer (flash cache) for sector @ 0x0100A100 if necessary
T97E00640 000:594.837    -- Filling invalid ranges in sector buffer (flash cache) for sector @ 0x0100A110 if necessary
T97E00640 000:594.846    -- Filling invalid ranges in sector buffer (flash cache) for sector @ 0x0100A130 if necessary
T97E00640 000:594.854    -- Filling invalid ranges in sector buffer (flash cache) for sector @ 0x0100A200 if necessary
T97E00640 000:594.862    -- Filling invalid ranges in sector buffer (flash cache) for sector @ 0x0100A210 if necessary
T97E00640 000:594.869    -- Filling invalid ranges in sector buffer (flash cache) for sector @ 0x0100A220 if necessary
T97E00640 000:594.876    -- Filling invalid ranges in sector buffer (flash cache) for sector @ 0x0100A230 if necessary
T97E00640 000:594.883    -- Filling invalid ranges in sector buffer (flash cache) for sector @ 0x0100A240 if necessary
T97E00640 000:594.891    -- Filling invalid ranges in sector buffer (flash cache) for sector @ 0x0100A250 if necessary
T97E00640 000:594.898    -- Filling invalid ranges in sector buffer (flash cache) for sector @ 0x0100A260 if necessary
T97E00640 000:594.905    -- Filling invalid ranges in sector buffer (flash cache) for sector @ 0x0100A270 if necessary
T97E00640 000:594.912    -- Filling invalid ranges in sector buffer (flash cache) for sector @ 0x0100A280 if necessary
T97E00640 000:594.919    -- Filling invalid ranges in sector buffer (flash cache) for sector @ 0x0100A290 if necessary
T97E00640 000:594.928    -- Filling invalid ranges in sector buffer (flash cache) for sector @ 0x0100A2A0 if necessary
T97E00640 000:594.942    -- Filling invalid ranges in sector buffer (flash cache) for sector @ 0x0100A2B0 if necessary
T97E00640 000:594.949    -- Filling invalid ranges in sector buffer (flash cache) for sector @ 0x0100A2C0 if necessary
T97E00640 000:594.956    -- End of determining dirty areas
T97E00640 000:594.963    -- Start of preparing flash programming
T97E00640 000:594.971    -- Preparing RAMCode
T97E00640 000:594.980    -- Calculating RAM usage
T97E00640 000:594.988    -- RAM usage = 5120 Bytes
T97E00640 000:594.996    -- Preserving CPU registers
T97E00640 000:612.444    -- Preparing memory
T97E00640 000:612.476    -- Determining CPU clock frequency
T97E00640 000:672.014    -- CPU frequency = 2082 kHz
T97E00640 000:672.058    -- Preparing target
T97E00640 000:672.065    -- Preserving target RAM temporarily used for programming
T97E00640 000:732.145    -- Downloading RAMCode
T97E00640 000:812.481    -- Initializing RAMCode (InitType: 3 = Verify)
T97E00640 000:812.505    -- Executing Init(3)
T97E00640 000:832.203    -- End of preparing flash programming
T97E00640 000:832.224   
  ***** Warning: 
T97E00640 000:832.228   CPU is running at low speed (2082 kHz).
T97E00640 000:832.232    -- CPU is running at 2082 kHz.
T97E00640 000:832.238    -- Start of comparing flash
T97E00640 000:832.243    -- Flash algorithm supports a native verify function which is used to compare the flash content.
T97E00640 000:832.249    -- Comparing range 0x100A100 - 0x100A11F (2 Sectors, 32 Bytes), using verify function of the RAMCode
T97E00640 000:834.782    -- Data matches for sectors 0-1
T97E00640 000:834.803    -- Comparing range 0x100A130 - 0x100A13F (1 Sector, 16 Bytes), using verify function of the RAMCode
T97E00640 000:837.153    -- Data matches for sector 3
T97E00640 000:837.180    -- Comparing range 0x100A200 - 0x100A2CF (13 Sectors, 208 Bytes), using verify function of the RAMCode
T97E00640 000:842.464    -- Data matches for sectors 16-28
T97E00640 000:842.485    -- End of comparing flash
T97E00640 000:842.490    -- Start of erasing sectors
T97E00640 000:842.495    -- End of erasing sectors
T97E00640 000:842.500    -- Start of flash programming
T97E00640 000:842.504    -- End of flash programming
T97E00640 000:842.509    -- Start of verifying flash
T97E00640 000:842.513    -- End of verifying flash
T97E00640 000:842.518    -- Start of restoring
T97E00640 000:842.523    -- Executing UnInit()
T97E00640 000:850.840    -- Restoring target memory
T97E00640 000:903.339    -- Restoring CPU registers
T97E00640 000:904.189    -- End of restoring
T97E00640 000:904.202    -- Bank 0 @ 0x0100A100: Skipped. Contents already match
T97E00640 000:904.207    -- Bank 0 @ 0x0100A100: Skipped. Contents already match
T97E00640 000:904.213    -- --------------------------------------
T97E00640 000:904.218    -- Flash bank @ 0x00000000: Default: L2 verify disabled because algorithm performs L1 verify
T97E00640 000:904.223    -- Start of determining dirty areas in flash cache
T97E00640 000:904.229    -- Filling invalid ranges in sector buffer (flash cache) for sector @ 0x00000000 if necessary
T97E00640 000:904.662    -- End of determining dirty areas
T97E00640 000:904.667    -- Start of preparing flash programming
T97E00640 000:904.672    -- Calculating RAM usage
T97E00640 000:904.688    -- RAM usage = 3476 Bytes
T97E00640 000:904.693    -- Preserving CPU registers
T97E00640 000:904.718    -- Determining CPU clock frequency
T97E00640 000:959.994    -- Preparing target
T97E00640 000:960.026    -- Preserving target RAM temporarily used for programming
T97E00640 001:000.947    -- Downloading RAMCode
T97E00640 001:048.520    -- Preparing RAMCode
T97E00640 001:070.027    -- CPU frequency = 100000 kHz
T97E00640 001:070.101    -- End of preparing flash programming
T97E00640 001:070.123    -- CPU is running at 100000 kHz.
T97E00640 001:070.141    -- Start of comparing flash
T97E00640 001:070.158    -- CRC check was estimated as fastest method
T97E00640 001:070.223    -- Comparing range 0x0000 - 0x1FFF (1 Sector, 8 KB), using multi-block CRC calculation
T97E00640 001:077.130    -- CRC does not match for sector 0
T97E00640 001:077.199    -- End of comparing flash
T97E00640 001:077.219    -- Start of erasing sectors
T97E00640 001:077.245    -- Erasing range 0x00000000 - 0x00001FFF (  1 Sector, 8 KB)
T97E00640 001:119.965    -- End of erasing sectors
T97E00640 001:120.019    -- Start of flash programming
T97E00640 001:120.041    -- Programming range 0x00000000 - 0x00001FFF (  1 Sector, 8 KB)
T97E00640 001:196.088    -- End of flash programming
T97E00640 001:196.141    -- 0x0000 - 0x1FFF (  1 Sector, 8 KB)
T97E00640 001:196.182    -- Start of restoring
T97E00640 001:196.209    -- Restoring RAMCode
T97E00640 001:213.150    -- Restoring target memory
T97E00640 001:249.087    -- Restore target
T97E00640 001:249.130    -- Restoring CPU registers
T97E00640 001:249.925    -- End of restoring
T97E00640 001:249.958    -- Bank 1 @ 0x00000000: 1 range affected (8192 bytes)
T97E00640 001:249.973    -- Total: 0.345s (Prepare: 0.165s, Compare: 0.007s, Erase: 0.042s, Program & Verify: 0.085s, Restore: 0.044s)
T97E00640 001:249.986    -- Program & Verify speed: 94 KB/s
T97E00640 001:281.800 - 688.508ms returns 8192 (0x2000)
T97E00640 001:281.893 JLINK_WriteReg(R15 (PC), 0x00000FD8)
T97E00640 001:281.907 - 0.015ms returns 0
T97E00640 001:281.916 JLINK_WriteReg(XPSR, 0x01000000)
T97E00640 001:281.922 - 0.008ms returns 0
T97E00640 001:281.947 JLINK_ResetPullsRESET(ON)
T97E00640 001:281.951 - 0.004ms
T97E00640 001:281.955 JLINK_Halt()
T97E00640 001:281.960 - 0.004ms returns 0x00
T97E00640 001:281.964 JLINK_IsHalted()
T97E00640 001:281.968 - 0.004ms returns TRUE
T97E00640 001:281.974 JLINK_Reset()
T97E00640 001:281.985   CPU_WriteMem(4 bytes @ 0xE000EDF0)
T97E00640 001:282.618   CPU_ReadMem(4 bytes @ 0xE000ED44)
T97E00640 001:283.237   CPU_ReadMem(4 bytes @ 0xE000EE08)
T97E00640 001:283.824   CPU_WriteMem(4 bytes @ 0xE000EE08)
T97E00640 001:284.457   CPU_ReadMem(4 bytes @ 0xE000EE08)
T97E00640 001:285.220   Reset: ARMv8M core with Security Extension enabled detected. Switch to secure domain.
T97E00640 001:285.235   CPU_WriteMem(4 bytes @ 0xE000EDFC)
T97E00640 001:286.043   Reset: Halt core after reset via DEMCR.VC_CORERESET.
T97E00640 001:287.121   Reset: Reset device via AIRCR.SYSRESETREQ.
T97E00640 001:287.135   CPU_WriteMem(4 bytes @ 0xE000ED0C)
T97E00640 001:341.641   CPU_ReadMem(4 bytes @ 0xE000EDF0)
T97E00640 001:342.375   CPU_ReadMem(4 bytes @ 0xE000EDF0)
T97E00640 001:343.667   CPU_WriteMem(4 bytes @ 0xE000EDFC)
T97E00640 001:349.974   CPU_ReadMem(4 bytes @ 0xE000EDF0)
T97E00640 001:357.433   CPU_WriteMem(4 bytes @ 0xE0002000)
T97E00640 001:358.305   CPU_ReadMem(4 bytes @ 0xE000EDFC)
T97E00640 001:359.050   CPU_ReadMem(4 bytes @ 0xE0001000)
T97E00640 001:359.774   CPU_ReadMem(4 bytes @ 0xE000EE08)
T97E00640 001:360.438 - 78.461ms
T97E00640 001:360.498 JLINK_SetEndian(ARM_ENDIAN_LITTLE)
T97E00640 001:360.511 - 0.013ms returns 0
T97E00640 001:361.995 JLINK_ResetPullsRESET(ON)
T97E00640 001:362.048 - 0.054ms
T97E00640 001:362.066 JLINK_Halt()
T97E00640 001:362.083 - 0.017ms returns 0x00
T97E00640 001:362.101 JLINK_IsHalted()
T97E00640 001:362.122 - 0.021ms returns TRUE
T97E00640 001:362.139 JLINK_Reset()
T97E00640 001:362.209   CPU_WriteMem(4 bytes @ 0xE000EDF0)
T97E00640 001:363.047   CPU_ReadMem(4 bytes @ 0xE000ED44)
T97E00640 001:363.744   CPU_ReadMem(4 bytes @ 0xE000EE08)
T97E00640 001:364.445   CPU_WriteMem(4 bytes @ 0xE000EE08)
T97E00640 001:365.210   CPU_ReadMem(4 bytes @ 0xE000EE08)
T97E00640 001:365.915   Reset: ARMv8M core with Security Extension enabled detected. Switch to secure domain.
T97E00640 001:365.952   CPU_WriteMem(4 bytes @ 0xE000EDFC)
T97E00640 001:366.727   Reset: Halt core after reset via DEMCR.VC_CORERESET.
T97E00640 001:367.701   Reset: Reset device via AIRCR.SYSRESETREQ.
T97E00640 001:367.754   CPU_WriteMem(4 bytes @ 0xE000ED0C)
T97E00640 001:421.652   CPU_ReadMem(4 bytes @ 0xE000EDF0)
T97E00640 001:422.326   CPU_ReadMem(4 bytes @ 0xE000EDF0)
T97E00640 001:422.989   CPU_WriteMem(4 bytes @ 0xE000EDFC)
T97E00640 001:429.088   CPU_ReadMem(4 bytes @ 0xE000EDF0)
T97E00640 001:436.174   CPU_WriteMem(4 bytes @ 0xE0002000)
T97E00640 001:436.800   CPU_ReadMem(4 bytes @ 0xE000EDFC)
T97E00640 001:437.443   CPU_ReadMem(4 bytes @ 0xE0001000)
T97E00640 001:438.006   CPU_ReadMem(4 bytes @ 0xE000EE08)
T97E00640 001:438.601 - 76.461ms
T97E00640 001:438.625 JLINK_SetEndian(ARM_ENDIAN_LITTLE)
T97E00640 001:438.629 - 0.005ms returns 0
T97E00640 001:439.489 JLINK_ReadReg(XPSR)
T97E00640 001:439.535   CPU_ReadMem(4 bytes @ 0xE000EE08)
T97E00640 001:440.093 - 0.607ms returns 0xF9000000
T97E00640 001:444.610 JLINK_ReadReg(XPSR)
T97E00640 001:444.713 - 0.104ms returns 0xF9000000
T97E00640 001:445.345 JLINK_ReadMem(0x00000FD8, 0x4 Bytes, ...)
T97E00640 001:445.367    -- Read from flash cache (4 bytes @ 0x00000FD8)
T97E00640 001:445.374   Data:  08 B5 00 F0
T97E00640 001:445.381 - 0.036ms returns 0
T97E00640 001:446.820 JLINK_ReadMem(0x00000FD8, 0x4 Bytes, ...)
T97E00640 001:446.851    -- Read from flash cache (4 bytes @ 0x00000FD8)
T97E00640 001:446.860   Data:  08 B5 00 F0
T97E00640 001:446.867 - 0.048ms returns 0
T97E00640 001:447.765 JLINK_ReadReg(XPSR)
T97E00640 001:447.800 - 0.035ms returns 0xF9000000
T97E00640 001:448.134 JLINK_ReadMem(0x00000FD8, 0x4 Bytes, ...)
T97E00640 001:448.145    -- Read from flash cache (4 bytes @ 0x00000FD8)
T97E00640 001:448.152   Data:  08 B5 00 F0
T97E00640 001:448.158 - 0.025ms returns 0
T97E00640 001:622.732 JLINK_ReadReg(XPSR)
T97E00640 001:622.763 - 0.031ms returns 0xF9000000
T97E00640 001:698.650 JLINK_GetNumBPUnits(Type = 0xFFFFFF00)
T97E00640 001:698.673 - 0.023ms returns 0x08
T97E00640 001:698.678 JLINK_GetNumWPUnits()
T97E00640 001:698.683 - 0.004ms returns 4
T97E00640 001:698.687 JLINK_GetNumWPUnits()
T97E00640 001:698.691 - 0.003ms returns 4
T97E00640 001:698.701 JLINK_GetNumBPUnits(Type = 0xFFFFFF00)
T97E00640 001:698.706 - 0.005ms returns 0x08
T97E00640 001:698.710 JLINK_GetNumWPUnits()
T97E00640 001:698.714 - 0.004ms returns 4
T97E00640 001:698.719 JLINK_GetNumWPUnits()
T97E00640 001:698.723 - 0.005ms returns 4
T97E00640 001:698.731 JLINK_GetNumBPUnits(Type = 0xFFFFFF00)
T97E00640 001:698.735 - 0.005ms returns 0x08
T97E00640 001:698.739 JLINK_GetNumWPUnits()
T97E00640 001:698.744 - 0.005ms returns 4
T97E00640 001:698.748 JLINK_GetNumWPUnits()
T97E00640 001:698.752 - 0.004ms returns 4
T97E00640 001:698.788 JLINK_SetBPEx(Addr = 0x00000528, Type = 0xFFFFFF00)
T97E00640 001:698.799 - 0.012ms returns 0x00000001
T97E00640 001:698.809 JLINK_ClrBPEx(BPHandle = 0x00000001)
T97E00640 001:698.816 - 0.007ms returns 0x00
T97E00640 001:699.870 JLINK_ReadMem(0x00000500, 0x40 Bytes, ...)
T97E00640 001:699.895    -- Read from flash cache (64 bytes @ 0x00000500)
T97E00640 001:699.901   Data:  70 47 02 49 02 48 00 F0 C1 BB 00 BF B4 11 00 00 ...
T97E00640 001:699.906 - 0.037ms returns 0
T97E00640 001:700.123 JLINK_ReadMem(0x00000528, 0x2 Bytes, ...)
T97E00640 001:700.129    -- Read from flash cache (2 bytes @ 0x00000528)
T97E00640 001:700.134   Data:  08 B5
T97E00640 001:700.139 - 0.017ms returns 0
T97E00640 001:700.320 JLINK_SetBPEx(Addr = 0x00000528, Type = 0xFFFFFF00)
T97E00640 001:700.334 - 0.013ms returns 0x00000002
T97E00640 001:703.803 JLINK_ReadRegs(NumRegs = 22, Indexes: 0, 1, 2, 3, 4, 5, 6, 7, 8, 9, 10, 11, 12, 13, 14, 15, 16, 17, 18, 86, 87, 20)
T97E00640 001:703.856    -- R0=0x00, R1=0x00, R2=0x00, R3=0x00, R4=0x00, R5=0x00, R6=0x00, R7=0x00, R8=0x153E, R9=0x00, R10=0x20000050, R11=0x02, R12=0x2000D888, R13 (SP)=0x20000650, R14=0xFFFFFFFF, R15 (PC)=0xFD8, XPSR=0xF9000000, MSP=0x20000650, PSP=0x00, MSPLIM=0x00, PSPLIM=0x00, CFBP=0x00
T97E00640 001:703.863 - 0.061ms returns 0x00
T97E00640 001:704.022 JLINK_ReadReg(XPSR)
T97E00640 001:704.031 - 0.009ms returns 0xF9000000
T97E00640 001:704.573 JLINK_ReadMem(0x00000FD8, 0x4 Bytes, ...)
T97E00640 001:704.602    -- Read from flash cache (4 bytes @ 0x00000FD8)
T97E00640 001:704.609   Data:  08 B5 00 F0
T97E00640 001:704.617 - 0.045ms returns 0
T97400640 001:882.990 JLINK_GetNumBPUnits(Type = 0xFFFFFF00)
T97400640 001:883.010 - 0.021ms returns 0x08
T97400640 001:883.015 JLINK_GetNumWPUnits()
T97400640 001:883.019 - 0.004ms returns 4
T97400640 001:883.023 JLINK_GetNumWPUnits()
T97400640 001:883.026 - 0.004ms returns 4
T97400640 001:883.199 JLINK_GetNumBPUnits(Type = 0xFFFFFF00)
T97400640 001:883.210 - 0.010ms returns 0x08
T97400640 001:883.214 JLINK_GetNumWPUnits()
T97400640 001:883.218 - 0.003ms returns 4
T97400640 001:883.221 JLINK_GetNumWPUnits()
T97400640 001:883.225 - 0.004ms returns 4
T97400640 001:883.434 JLINK_GetNumBPUnits(Type = 0xFFFFFF00)
T97400640 001:883.444 - 0.011ms returns 0x08
T97400640 001:883.451 JLINK_GetNumWPUnits()
T97400640 001:883.467 - 0.017ms returns 4
T97400640 001:883.471 JLINK_GetNumWPUnits()
T97400640 001:883.475 - 0.004ms returns 4
T97400640 001:883.698 JLINK_GetNumBPUnits(Type = 0xFFFFFF00)
T97400640 001:883.709 - 0.010ms returns 0x08
T97400640 001:883.713 JLINK_GetNumWPUnits()
T97400640 001:883.717 - 0.004ms returns 4
T97400640 001:883.721 JLINK_GetNumWPUnits()
T97400640 001:883.725 - 0.003ms returns 4
T97400640 001:884.041 JLINK_GetNumBPUnits(Type = 0xFFFFFF00)
T97400640 001:884.056 - 0.017ms returns 0x08
T97400640 001:884.061 JLINK_GetNumWPUnits()
T97400640 001:884.065 - 0.004ms returns 4
T97400640 001:884.070 JLINK_GetNumWPUnits()
T97400640 001:884.074 - 0.003ms returns 4
T97400640 001:884.488 JLINK_GetNumBPUnits(Type = 0xFFFFFF00)
T97400640 001:884.509 - 0.021ms returns 0x08
T97400640 001:884.514 JLINK_GetNumWPUnits()
T97400640 001:884.518 - 0.004ms returns 4
T97400640 001:884.523 JLINK_GetNumWPUnits()
T97400640 001:884.527 - 0.004ms returns 4
T97400640 001:885.042 JLINK_GetNumBPUnits(Type = 0xFFFFFF00)
T97400640 001:885.052 - 0.010ms returns 0x08
T97400640 001:885.057 JLINK_GetNumWPUnits()
T97400640 001:885.061 - 0.004ms returns 4
T97400640 001:885.065 JLINK_GetNumWPUnits()
T97400640 001:885.069 - 0.004ms returns 4
T97400640 001:885.305 JLINK_GetNumBPUnits(Type = 0xFFFFFF00)
T97400640 001:885.339 - 0.035ms returns 0x08
T97400640 001:885.344 JLINK_GetNumWPUnits()
T97400640 001:885.348 - 0.005ms returns 4
T97400640 001:885.352 JLINK_GetNumWPUnits()
T97400640 001:885.357 - 0.004ms returns 4
T97400640 001:885.490 JLINK_ReadReg(XPSR)
T97400640 001:885.518 - 0.028ms returns 0xF9000000
T97400640 001:885.523 JLINK_ReadReg(R15 (PC))
T97400640 001:885.529 - 0.006ms returns 0x00000FD8
T97E00640 001:970.924 JLINK_ReadMem(0x00000FD8, 0x4 Bytes, ...)
T97E00640 001:970.948    -- Read from flash cache (4 bytes @ 0x00000FD8)
T97E00640 001:970.954   Data:  08 B5 00 F0
T97E00640 001:970.961 - 0.039ms returns 0
T97E00640 001:983.676 JLINK_ReadReg(XPSR)
T97E00640 001:984.273 - 0.597ms returns 0xF9000000
T97E00640 001:984.677 JLINK_ReadReg(XPSR)
T97E00640 001:984.687 - 0.010ms returns 0xF9000000
TA1000640 461:864.329   
  ***** Error: Connection to emulator lost!
T97E00640 1961:739.826 JLINK_ReadReg(XPSR)
T97E00640 1961:741.982 - 3.646ms returns 0x00000000
T97E00640 1961:744.657 JLINK_ReadReg(XPSR)
T97E00640 1961:744.682 - 0.026ms returns 0x00000000
T97E00640 1961:745.617 JLINK_ReadReg(XPSR)
T97E00640 1961:745.630 - 0.013ms returns 0x00000000
TA7150780 1962:236.215 JLINK_ClrBPEx(BPHandle = 0x00000002)
TA7150780 1962:236.234 - 0.020ms returns 0x01
TA7150780 1962:237.531 JLINK_Halt()
TA7150780 1962:237.541 - 0.010ms returns 0x00
TA7150780 1962:237.548 JLINK_ReadReg(XPSR)
TA7150780 1962:237.552 - 0.004ms returns 0x00000000
TA7150780 1962:244.645 JLINK_Close()
TA7150780 1962:257.095 - 12.449ms
TA7150780 1962:257.113   
TA7150780 1962:257.117   Closed
