TCFE2E780 000:002.992   SEGGER J-Link V7.96j Log File
TCFE2E780 000:003.130   DLL Compiled: May 29 2024 15:42:37
TCFE2E780 000:003.133   Logging started @ 2024-10-02 07:16
TCFE2E780 000:003.136   Process: /home/xenwithu/.eclipse/com.renesas.platform_1508544911/DebugComp/RA/e2-server-gdb
TCFE2E780 000:003.139 - 3.139ms
TCFE2E780 000:003.143 JLINK_GetDLLVersion()
TCFE2E780 000:003.146 - 0.003ms returns 79610
TCFE2E780 000:003.416 JLINK_OpenEx(...)
TCFE2E780 000:010.444   Firmware: J-Link OB-S124 compiled Apr 23 2024 10:48:24
TCFE2E780 000:011.827   Firmware: J-Link OB-S124 compiled Apr 23 2024 10:48:24
TCFE2E780 000:042.496   Hardware: V1.00
TCFE2E780 000:042.515   S/N: 831155721
TCFE2E780 000:042.519   OEM: SEGGER
TCFE2E780 000:042.523   Feature(s): None
TCFE2E780 000:044.241   Bootloader: 2019 Oct 15
TCFE2E780 000:045.603   USB speed mode: Full speed (12 MBit/s)
TCFE2E780 000:046.627   TELNET listener socket opened on port 19021
TCFE2E780 000:046.725   WEBSRV WEBSRV_Init(): Starting webserver thread(s)
TCFE2E780 000:046.812   WEBSRV Webserver running on local port 19080
TCFE2E780 000:046.830   Looking for J-Link GUI Server exe at: ARM/Segger_v7.96.10/JLinkGUIServerExe
TCFE2E780 000:046.839   Looking for J-Link GUI Server exe at: /opt/SEGGER/JLink/JLinkGUIServerExe
TCFE2E780 000:046.849   Forking J-Link GUI Server: /opt/SEGGER/JLink/JLinkGUIServerExe
TCFE2E780 000:065.502   J-Link GUI Server info: "J-Link GUI server V7.88d "
TCFE2E780 000:065.689   J-Link GUI Server: Connection breakdown.
TCFE2E780 000:065.741 - 62.317ms returns "O.K."
TCFE2E780 000:065.783 JLINK_ExecCommand("ProjectFile="/home/xenwithu/e2_studio/workspace/Daty3_Humidity_N_Temperature/Daty3_Humidity_N_Temperature Debug_Flat.jlink"", ...). 
TCFE2E780 000:087.186 - 21.401ms returns 0x00
TCFE2E780 000:087.331 JLINK_ExecCommand("device=R7FA6M5BH", ...). 
TCFE2E780 000:089.645   Flash bank @ 0x0100A100: SFL: Parsing sectorization info from ELF file
TCFE2E780 000:089.654     FlashDevice.SectorInfo[0]: .SectorSize = 0x00000010, .SectorStartAddr = 0x00000000
TCFE2E780 000:089.659   FlashBank @0x0100A100: Sectorization info from SFL ELF file ignored because sectorization override from DLL / XML file is active.
TCFE2E780 000:090.521   Flash bank @ 0x60000000: SFL: Parsing sectorization info from ELF file
TCFE2E780 000:090.529     FlashDevice.SectorInfo[0]: .SectorSize = 0x00010000, .SectorStartAddr = 0x00000000
TCFE2E780 000:099.556   Device "R7FA6M5BH" selected.
TCFE2E780 000:099.701 - 12.364ms returns 0x00
TCFE2E780 000:099.710 JLINK_TIF_GetAvailable(...)
TCFE2E780 000:100.119 - 0.409ms
TCFE2E780 000:100.127 JLINK_TIF_Select(JLINKARM_TIF_SWD)
TCFE2E780 000:101.219 - 1.092ms returns 0x00
TCFE2E780 000:101.228 JLINK_SetSpeed(4000)
TCFE2E780 000:101.498 - 0.270ms
TCFE2E780 000:101.511 JLINK_ReadMem(0xE000EDF0, 0x4 Bytes, ...)
TCFE2E780 000:101.792   ConfigTargetSettings() start
TCFE2E780 000:101.802    J-Link Script File: Executing ConfigTargetSettings()
TCFE2E780 000:101.809   Configuring FlashDLNoRMWThreshold=0x200 in order to make sure that option bytes programming is done via read-modify-write
TCFE2E780 000:105.568   ConfigTargetSettings() end - Took 3.76ms
TCFE2E780 000:105.576   InitTarget() start
TCFE2E780 000:105.580    J-Link Script File: Executing InitTarget()
TCFE2E780 000:105.584   SWD selected. Executing JTAG -> SWD switching sequence.
TCFE2E780 000:108.825   DAP initialized successfully.
TCFE2E780 000:108.835   Determining TrustZone configuration...
TCFE2E780 000:111.349     Secure Debug: Enabled (SSD)
TCFE2E780 000:111.359   Determining currently configured transfer type by reading the AHB-AP CSW register.
TCFE2E780 000:113.050     --> Correct transfer type configured. Done.
TCFE2E780 000:113.063   InitTarget() end - Took 7.48ms
TCFE2E780 000:114.329   Found SW-DP with ID 0x6BA02477
TCFE2E780 000:118.849   DPIDR: 0x6BA02477
TCFE2E780 000:118.856   CoreSight SoC-400 or earlier
TCFE2E780 000:118.860   Scanning AP map to find all available APs
TCFE2E780 000:120.743   AP[2]: Stopped AP scan as end of AP map has been reached
TCFE2E780 000:120.757   AP[0]: AHB-AP (IDR: 0x84770001)
TCFE2E780 000:120.761   AP[1]: APB-AP (IDR: 0x54770002)
TCFE2E780 000:120.765   Iterating through AP map to find AHB-AP to use
TCFE2E780 000:122.717   AP[0]: Core found
TCFE2E780 000:122.725   AP[0]: AHB-AP ROM base: 0xE00FE000
TCFE2E780 000:123.555   CPUID register: 0x410FD214. Implementer code: 0x41 (ARM)
TCFE2E780 000:123.560   Feature set: Mainline
TCFE2E780 000:124.636   Cache: No cache
TCFE2E780 000:124.644   Found Cortex-M33 r0p4, Little endian.
TCFE2E780 000:125.490   -- Max. mem block: 0x00001B00
TCFE2E780 000:128.304   CPU_ReadMem(4 bytes @ 0xE000EDF0)
TCFE2E780 000:129.435   CPU_ReadMem(4 bytes @ 0xE0002000)
TCFE2E780 000:130.615   FPUnit: 8 code (BP) slots and 0 literal slots
TCFE2E780 000:130.623   CPU_ReadMem(4 bytes @ 0xE000EDFC)
TCFE2E780 000:131.467   CPU_ReadMem(4 bytes @ 0xE0001000)
TCFE2E780 000:132.615   CPU_ReadMem(4 bytes @ 0xE0001000)
TCFE2E780 000:133.440   CPU_ReadMem(4 bytes @ 0xE0001028)
TCFE2E780 000:134.239   CPU_ReadMem(4 bytes @ 0xE0001038)
TCFE2E780 000:134.888   CPU_ReadMem(4 bytes @ 0xE0001048)
TCFE2E780 000:135.745   CPU_ReadMem(4 bytes @ 0xE0001058)
TCFE2E780 000:136.547   CPU_WriteMem(4 bytes @ 0xE0001000)
TCFE2E780 000:137.465   CPU_ReadMem(4 bytes @ 0xE000ED88)
TCFE2E780 000:138.264   CPU_WriteMem(4 bytes @ 0xE000ED88)
TCFE2E780 000:139.120   CPU_ReadMem(4 bytes @ 0xE000ED88)
TCFE2E780 000:139.846   CPU_WriteMem(4 bytes @ 0xE000ED88)
TCFE2E780 000:140.639   CPU_ReadMem(4 bytes @ 0xE000EFB8)
TCFE2E780 000:141.413   Security extension: implemented
TCFE2E780 000:141.420   Secure debug: enabled
TCFE2E780 000:141.424   CoreSight components:
TCFE2E780 000:141.427   ROMTbl[0] @ E00FE000
TCFE2E780 000:141.432   CPU_ReadMem(64 bytes @ 0xE00FE000)
TCFE2E780 000:142.942   CPU_ReadMem(32 bytes @ 0xE0044FE0)
TCFE2E780 000:143.943   CPU_ReadMem(4 bytes @ 0xE0044FBC)
TCFE2E780 000:144.813   CPU_ReadMem(4 bytes @ 0xE0044FCC)
TCFE2E780 000:145.395   [0][0]: E0044000 CID B105900D PID 005BB906 DEVARCH 00000000 DEVTYPE 14 CTI (?)
TCFE2E780 000:145.403   CPU_ReadMem(32 bytes @ 0xE0047FE0)
TCFE2E780 000:146.552   CPU_ReadMem(4 bytes @ 0xE0047FBC)
TCFE2E780 000:147.323   CPU_ReadMem(4 bytes @ 0xE0047FCC)
TCFE2E780 000:147.943   [0][1]: E0047000 CID B105900D PID 003BB908 DEVARCH 00000000 DEVTYPE 12 CSTF
TCFE2E780 000:147.953   CPU_ReadMem(32 bytes @ 0xE0048FE0)
TCFE2E780 000:149.017   CPU_ReadMem(4 bytes @ 0xE0048FBC)
TCFE2E780 000:149.642   CPU_ReadMem(4 bytes @ 0xE0048FCC)
TCFE2E780 000:150.391   [0][2]: E0048000 CID B105900D PID 001BB961 DEVARCH 00000000 DEVTYPE 21 ETB
TCFE2E780 000:150.400   CPU_ReadMem(32 bytes @ 0xE0049FE0)
TCFE2E780 000:151.635   [0][3]: E0049000 CID B105F00D PID 001BB101 TSG
TCFE2E780 000:151.643   CPU_ReadMem(32 bytes @ 0xE0040FE0)
TCFE2E780 000:152.816   CPU_ReadMem(4 bytes @ 0xE0040FBC)
TCFE2E780 000:153.656   CPU_ReadMem(4 bytes @ 0xE0040FCC)
TCFE2E780 000:154.547   [0][4]: E0040000 CID B105900D PID 000BBD21 DEVARCH 00000000 DEVTYPE 11 TPIU
TCFE2E780 000:154.558   CPU_ReadMem(32 bytes @ 0xE00FFFE0)
TCFE2E780 000:155.652   [0][5]: E00FF000 CID B105100D PID 000BB4C9 ROM Table
TCFE2E780 000:155.661   ROMTbl[1] @ E00FF000
TCFE2E780 000:155.666   CPU_ReadMem(64 bytes @ 0xE00FF000)
TCFE2E780 000:157.219   CPU_ReadMem(32 bytes @ 0xE000EFE0)
TCFE2E780 000:158.523   CPU_ReadMem(4 bytes @ 0xE000EFBC)
TCFE2E780 000:159.419   CPU_ReadMem(4 bytes @ 0xE000EFCC)
TCFE2E780 000:160.213   [1][0]: E000E000 CID B105900D PID 000BBD21 DEVARCH 47702A04 DEVTYPE 00 Cortex-M33
TCFE2E780 000:160.223   CPU_ReadMem(32 bytes @ 0xE0001FE0)
TCFE2E780 000:161.592   CPU_ReadMem(4 bytes @ 0xE0001FBC)
TCFE2E780 000:162.477   CPU_ReadMem(4 bytes @ 0xE0001FCC)
TCFE2E780 000:163.300   [1][1]: E0001000 CID B105900D PID 000BBD21 DEVARCH 47701A02 DEVTYPE 00 DWT
TCFE2E780 000:163.312   CPU_ReadMem(32 bytes @ 0xE0002FE0)
TCFE2E780 000:164.695   CPU_ReadMem(4 bytes @ 0xE0002FBC)
TCFE2E780 000:165.638   CPU_ReadMem(4 bytes @ 0xE0002FCC)
TCFE2E780 000:166.595   [1][2]: E0002000 CID B105900D PID 000BBD21 DEVARCH 47701A03 DEVTYPE 00 FPB
TCFE2E780 000:166.629   CPU_ReadMem(32 bytes @ 0xE0000FE0)
TCFE2E780 000:167.616   CPU_ReadMem(4 bytes @ 0xE0000FBC)
TCFE2E780 000:168.485   CPU_ReadMem(4 bytes @ 0xE0000FCC)
TCFE2E780 000:169.491   [1][3]: E0000000 CID B105900D PID 000BBD21 DEVARCH 47701A01 DEVTYPE 43 ITM
TCFE2E780 000:169.515   CPU_ReadMem(32 bytes @ 0xE0041FE0)
TCFE2E780 000:170.502   CPU_ReadMem(4 bytes @ 0xE0041FBC)
TCFE2E780 000:171.348   CPU_ReadMem(4 bytes @ 0xE0041FCC)
TCFE2E780 000:172.408   [1][5]: E0041000 CID B105900D PID 002BBD21 DEVARCH 47724A13 DEVTYPE 13 ETM
TCFE2E780 000:172.432   CPU_ReadMem(32 bytes @ 0xE0042FE0)
TCFE2E780 000:173.757   CPU_ReadMem(4 bytes @ 0xE0042FBC)
TCFE2E780 000:174.650   CPU_ReadMem(4 bytes @ 0xE0042FCC)
TCFE2E780 000:175.289   [1][6]: E0042000 CID B105900D PID 000BBD21 DEVARCH 47701A14 DEVTYPE 14 CSS600-CTI
TCFE2E780 000:175.349   CPU_ReadMem(4 bytes @ 0xE000EDF0)
TCFE2E780 000:176.365   Data:  03 00 13 00
TCFE2E780 000:176.386   Debug reg: DHCSR
TCFE2E780 000:176.391 - 74.879ms returns 0
TCFE2E780 000:176.404 JLINK_ReadMem(0x400E002C, 0x4 Bytes, ...)
TCFE2E780 000:176.415   CPU_ReadMem(4 bytes @ 0x400E002C)
TCFE2E780 000:177.452   Data:  02 00 00 00
TCFE2E780 000:177.473 - 1.069ms returns 0
TCFE2E780 000:177.502 JLINK_ReadMem(0xE000EDF0, 0x4 Bytes, ...)
TCFE2E780 000:177.513   CPU_ReadMem(4 bytes @ 0xE000EDF0)
TCFE2E780 000:178.512   Data:  03 00 13 00
TCFE2E780 000:178.534   Debug reg: DHCSR
TCFE2E780 000:178.539 - 1.036ms returns 0
TCFE2E780 000:178.566 JLINK_ReadMem(0xE000EDF0, 0x4 Bytes, ...)
TCFE2E780 000:178.577   CPU_ReadMem(4 bytes @ 0xE000EDF0)
TCFE2E780 000:179.552   Data:  03 00 13 00
TCFE2E780 000:179.575   Debug reg: DHCSR
TCFE2E780 000:179.580 - 1.013ms returns 0
TCFE2E780 000:179.593 JLINK_ReadMem(0x400E001C, 0x4 Bytes, ...)
TCFE2E780 000:179.605   CPU_ReadMem(4 bytes @ 0x400E001C)
TCFE2E780 000:180.422   Data:  00 3C 00 00
TCFE2E780 000:180.433 - 0.839ms returns 0
TCFE2E780 000:180.448 JLINK_ReadMem(0xE000EDF0, 0x4 Bytes, ...)
TCFE2E780 000:180.455   CPU_ReadMem(4 bytes @ 0xE000EDF0)
TCFE2E780 000:181.310   Data:  03 00 13 00
TCFE2E780 000:181.321   Debug reg: DHCSR
TCFE2E780 000:181.325 - 0.878ms returns 0
TCFE2E780 000:181.333 JLINK_ReadMem(0x400E0018, 0x4 Bytes, ...)
TCFE2E780 000:181.340   CPU_ReadMem(4 bytes @ 0x400E0018)
TCFE2E780 000:182.163   Data:  00 80 00 00
TCFE2E780 000:182.174 - 0.842ms returns 0
TCFE2E780 000:182.185 JLINK_ReadMem(0xE000EDF0, 0x4 Bytes, ...)
TCFE2E780 000:182.193   CPU_ReadMem(4 bytes @ 0xE000EDF0)
TCFE2E780 000:183.076   Data:  03 00 13 00
TCFE2E780 000:183.088   Debug reg: DHCSR
TCFE2E780 000:183.093 - 0.908ms returns 0
TCFE2E780 000:183.102 JLINK_ReadMem(0x400E0020, 0x4 Bytes, ...)
TCFE2E780 000:183.110   CPU_ReadMem(4 bytes @ 0x400E0020)
TCFE2E780 000:183.927   Data:  00 00 00 00
TCFE2E780 000:183.939 - 0.837ms returns 0
TCFE2E780 000:183.952 JLINK_ReadMem(0xE000EDF0, 0x4 Bytes, ...)
TCFE2E780 000:183.959   CPU_ReadMem(4 bytes @ 0xE000EDF0)
TCFE2E780 000:184.854   Data:  03 00 13 00
TCFE2E780 000:184.865   Debug reg: DHCSR
TCFE2E780 000:184.869 - 0.917ms returns 0
TCFE2E780 000:184.877 JLINK_ReadMem(0x400E0028, 0x4 Bytes, ...)
TCFE2E780 000:184.884   CPU_ReadMem(4 bytes @ 0x400E0028)
TCFE2E780 000:185.740   Data:  00 0C 00 00
TCFE2E780 000:185.751 - 0.875ms returns 0
TCFE2E780 000:185.762 JLINK_ReadMem(0xE000EDF0, 0x4 Bytes, ...)
TCFE2E780 000:185.769   CPU_ReadMem(4 bytes @ 0xE000EDF0)
TCFE2E780 000:186.636   Data:  03 00 13 00
TCFE2E780 000:186.650   Debug reg: DHCSR
TCFE2E780 000:186.655 - 0.893ms returns 0
TCFE2E780 000:186.668 JLINK_ReadMem(0x400E0024, 0x4 Bytes, ...)
TCFE2E780 000:186.687   CPU_ReadMem(4 bytes @ 0x400E0024)
TCFE2E780 000:187.545   Data:  00 20 00 00
TCFE2E780 000:187.559 - 0.892ms returns 0
TCFE2E780 000:187.574 JLINK_ReadMem(0xE000EDF0, 0x4 Bytes, ...)
TCFE2E780 000:187.581   CPU_ReadMem(4 bytes @ 0xE000EDF0)
TCFE2E780 000:188.283   Data:  03 00 13 00
TCFE2E780 000:188.295   Debug reg: DHCSR
TCFE2E780 000:188.299 - 0.725ms returns 0
TCFE2E780 000:188.316 JLINK_ReadMem(0x400E002C, 0x4 Bytes, ...)
TCFE2E780 000:188.324   CPU_ReadMem(4 bytes @ 0x400E002C)
TCFE2E780 000:189.361   Data:  02 00 00 00
TCFE2E780 000:189.383 - 1.066ms returns 0
TCFE2E780 000:189.404 JLINK_ReadMem(0xE000EDF0, 0x4 Bytes, ...)
TCFE2E780 000:189.414   CPU_ReadMem(4 bytes @ 0xE000EDF0)
TCFE2E780 000:190.250   Data:  03 00 13 00
TCFE2E780 000:190.261   Debug reg: DHCSR
TCFE2E780 000:190.265 - 0.862ms returns 0
TCFE2E780 000:190.273 JLINK_ReadMem(0x400E002C, 0x4 Bytes, ...)
TCFE2E780 000:190.280   CPU_ReadMem(4 bytes @ 0x400E002C)
TCFE2E780 000:190.910   Data:  02 00 00 00
TCFE2E780 000:190.922 - 0.649ms returns 0
TCFE2E780 000:199.054 JLINK_Close()
TCFE2E780 000:223.695 - 24.639ms
TCFE2E780 000:223.707   
TCFE2E780 000:223.710   Closed
