T906D5780 000:003.299   SEGGER J-Link V7.96j Log File
T906D5780 000:003.420   DLL Compiled: May 29 2024 15:42:37
T906D5780 000:003.425   Logging started @ 2024-10-06 08:22
T906D5780 000:003.428   Process: /home/xenwithu/.eclipse/com.renesas.platform_1508544911/DebugComp/RA/e2-server-gdb
T906D5780 000:003.432 - 3.432ms
T906D5780 000:003.436 JLINK_GetDLLVersion()
T906D5780 000:003.440 - 0.004ms returns 79610
T906D5780 000:003.703 JLINK_OpenEx(...)
T906D5780 000:009.939   Firmware: J-Link OB-S124 compiled Apr 23 2024 10:48:24
T906D5780 000:011.479   Firmware: J-Link OB-S124 compiled Apr 23 2024 10:48:24
T906D5780 000:039.596   Hardware: V1.00
T906D5780 000:039.618   S/N: 831155721
T906D5780 000:039.623   OEM: SEGGER
T906D5780 000:039.628   Feature(s): None
T906D5780 000:040.798   Bootloader: 2019 Oct 15
T906D5780 000:042.035   USB speed mode: Full speed (12 MBit/s)
T906D5780 000:042.980   TELNET listener socket opened on port 19021
T906D5780 000:043.055   WEBSRV WEBSRV_Init(): Starting webserver thread(s)
T906D5780 000:043.123   WEBSRV Webserver running on local port 19080
T906D5780 000:043.141   Looking for J-Link GUI Server exe at: ARM/Segger_v7.96.10/JLinkGUIServerExe
T906D5780 000:043.150   Looking for J-Link GUI Server exe at: /opt/SEGGER/JLink/JLinkGUIServerExe
T906D5780 000:043.161   Forking J-Link GUI Server: /opt/SEGGER/JLink/JLinkGUIServerExe
T906D5780 000:064.303   J-Link GUI Server info: "J-Link GUI server V7.88d "
T906D5780 000:064.411   J-Link GUI Server: Connection breakdown.
T906D5780 000:064.450 - 60.739ms returns "O.K."
T906D5780 000:064.490 JLINK_ExecCommand("ProjectFile="/home/xenwithu/e2_studio/workspace/Day1_Blinky/Day1_Blinky Debug_Flat.jlink"", ...). 
T906D5780 000:087.736 - 23.247ms returns 0x00
T906D5780 000:087.864 JLINK_ExecCommand("device=R7FA6M5BH", ...). 
T906D5780 000:090.175   Flash bank @ 0x0100A100: SFL: Parsing sectorization info from ELF file
T906D5780 000:090.188     FlashDevice.SectorInfo[0]: .SectorSize = 0x00000010, .SectorStartAddr = 0x00000000
T906D5780 000:090.193   FlashBank @0x0100A100: Sectorization info from SFL ELF file ignored because sectorization override from DLL / XML file is active.
T906D5780 000:091.107   Flash bank @ 0x60000000: SFL: Parsing sectorization info from ELF file
T906D5780 000:091.116     FlashDevice.SectorInfo[0]: .SectorSize = 0x00010000, .SectorStartAddr = 0x00000000
T906D5780 000:101.007   Device "R7FA6M5BH" selected.
T906D5780 000:101.191 - 13.318ms returns 0x00
T906D5780 000:101.213 JLINK_TIF_GetAvailable(...)
T906D5780 000:101.558 - 0.344ms
T906D5780 000:101.570 JLINK_TIF_Select(JLINKARM_TIF_SWD)
T906D5780 000:102.658 - 1.089ms returns 0x00
T906D5780 000:102.672 JLINK_SetSpeed(4000)
T906D5780 000:102.766 - 0.094ms
T906D5780 000:102.781 JLINK_ReadMem(0xE000EDF0, 0x4 Bytes, ...)
T906D5780 000:103.138   ConfigTargetSettings() start
T906D5780 000:103.150    J-Link Script File: Executing ConfigTargetSettings()
T906D5780 000:103.158   Configuring FlashDLNoRMWThreshold=0x200 in order to make sure that option bytes programming is done via read-modify-write
T906D5780 000:106.858   ConfigTargetSettings() end - Took 3.70ms
T906D5780 000:106.869   InitTarget() start
T906D5780 000:106.876    J-Link Script File: Executing InitTarget()
T906D5780 000:106.884   SWD selected. Executing JTAG -> SWD switching sequence.
T906D5780 000:109.999   DAP initialized successfully.
T906D5780 000:110.011   Determining TrustZone configuration...
T906D5780 000:111.989     Secure Debug: Enabled (SSD)
T906D5780 000:112.004   Determining currently configured transfer type by reading the AHB-AP CSW register.
T906D5780 000:113.517     --> Correct transfer type configured. Done.
T906D5780 000:113.529   InitTarget() end - Took 6.65ms
T906D5780 000:114.526   Found SW-DP with ID 0x6BA02477
T906D5780 000:118.723   DPIDR: 0x6BA02477
T906D5780 000:118.747   CoreSight SoC-400 or earlier
T906D5780 000:118.753   Scanning AP map to find all available APs
T906D5780 000:120.645   AP[2]: Stopped AP scan as end of AP map has been reached
T906D5780 000:120.657   AP[0]: AHB-AP (IDR: 0x84770001)
T906D5780 000:120.674   AP[1]: APB-AP (IDR: 0x54770002)
T906D5780 000:120.680   Iterating through AP map to find AHB-AP to use
T906D5780 000:122.296   AP[0]: Core found
T906D5780 000:122.308   AP[0]: AHB-AP ROM base: 0xE00FE000
T906D5780 000:123.205   CPUID register: 0x410FD214. Implementer code: 0x41 (ARM)
T906D5780 000:123.216   Feature set: Mainline
T906D5780 000:124.068   Cache: No cache
T906D5780 000:124.080   Found Cortex-M33 r0p4, Little endian.
T906D5780 000:124.672   -- Max. mem block: 0x00001960
T906D5780 000:126.340   CPU_ReadMem(4 bytes @ 0xE000EDF0)
T906D5780 000:127.233   CPU_ReadMem(4 bytes @ 0xE0002000)
T906D5780 000:128.110   FPUnit: 8 code (BP) slots and 0 literal slots
T906D5780 000:128.125   CPU_ReadMem(4 bytes @ 0xE000EDFC)
T906D5780 000:128.722   CPU_ReadMem(4 bytes @ 0xE0001000)
T906D5780 000:129.270   CPU_ReadMem(4 bytes @ 0xE0001000)
T906D5780 000:130.163   CPU_ReadMem(4 bytes @ 0xE0001028)
T906D5780 000:130.944   CPU_ReadMem(4 bytes @ 0xE0001038)
T906D5780 000:131.776   CPU_ReadMem(4 bytes @ 0xE0001048)
T906D5780 000:132.323   CPU_ReadMem(4 bytes @ 0xE0001058)
T906D5780 000:132.873   CPU_WriteMem(4 bytes @ 0xE0001000)
T906D5780 000:133.574   CPU_ReadMem(4 bytes @ 0xE000ED88)
T906D5780 000:134.206   CPU_WriteMem(4 bytes @ 0xE000ED88)
T906D5780 000:134.846   CPU_ReadMem(4 bytes @ 0xE000ED88)
T906D5780 000:135.520   CPU_WriteMem(4 bytes @ 0xE000ED88)
T906D5780 000:136.144   CPU_ReadMem(4 bytes @ 0xE000EFB8)
T906D5780 000:137.029   Security extension: implemented
T906D5780 000:137.041   Secure debug: enabled
T906D5780 000:137.046   CoreSight components:
T906D5780 000:137.051   ROMTbl[0] @ E00FE000
T906D5780 000:137.057   CPU_ReadMem(64 bytes @ 0xE00FE000)
T906D5780 000:138.492   CPU_ReadMem(32 bytes @ 0xE0044FE0)
T906D5780 000:139.448   CPU_ReadMem(4 bytes @ 0xE0044FBC)
T906D5780 000:140.076   CPU_ReadMem(4 bytes @ 0xE0044FCC)
T906D5780 000:140.856   [0][0]: E0044000 CID B105900D PID 005BB906 DEVARCH 00000000 DEVTYPE 14 CTI (?)
T906D5780 000:140.866   CPU_ReadMem(32 bytes @ 0xE0047FE0)
T906D5780 000:142.029   CPU_ReadMem(4 bytes @ 0xE0047FBC)
T906D5780 000:142.852   CPU_ReadMem(4 bytes @ 0xE0047FCC)
T906D5780 000:143.421   [0][1]: E0047000 CID B105900D PID 003BB908 DEVARCH 00000000 DEVTYPE 12 CSTF
T906D5780 000:143.433   CPU_ReadMem(32 bytes @ 0xE0048FE0)
T906D5780 000:144.447   CPU_ReadMem(4 bytes @ 0xE0048FBC)
T906D5780 000:145.099   CPU_ReadMem(4 bytes @ 0xE0048FCC)
T906D5780 000:145.921   [0][2]: E0048000 CID B105900D PID 001BB961 DEVARCH 00000000 DEVTYPE 21 ETB
T906D5780 000:145.941   CPU_ReadMem(32 bytes @ 0xE0049FE0)
T906D5780 000:147.116   [0][3]: E0049000 CID B105F00D PID 001BB101 TSG
T906D5780 000:147.128   CPU_ReadMem(32 bytes @ 0xE0040FE0)
T906D5780 000:148.133   CPU_ReadMem(4 bytes @ 0xE0040FBC)
T906D5780 000:148.733   CPU_ReadMem(4 bytes @ 0xE0040FCC)
T906D5780 000:149.330   [0][4]: E0040000 CID B105900D PID 000BBD21 DEVARCH 00000000 DEVTYPE 11 TPIU
T906D5780 000:149.342   CPU_ReadMem(32 bytes @ 0xE00FFFE0)
T906D5780 000:150.262   [0][5]: E00FF000 CID B105100D PID 000BB4C9 ROM Table
T906D5780 000:150.281   ROMTbl[1] @ E00FF000
T906D5780 000:150.289   CPU_ReadMem(64 bytes @ 0xE00FF000)
T906D5780 000:151.793   CPU_ReadMem(32 bytes @ 0xE000EFE0)
T906D5780 000:153.049   CPU_ReadMem(4 bytes @ 0xE000EFBC)
T906D5780 000:153.879   CPU_ReadMem(4 bytes @ 0xE000EFCC)
T906D5780 000:154.483   [1][0]: E000E000 CID B105900D PID 000BBD21 DEVARCH 47702A04 DEVTYPE 00 Cortex-M33
T906D5780 000:154.496   CPU_ReadMem(32 bytes @ 0xE0001FE0)
T906D5780 000:155.491   CPU_ReadMem(4 bytes @ 0xE0001FBC)
T906D5780 000:156.128   CPU_ReadMem(4 bytes @ 0xE0001FCC)
T906D5780 000:156.899   [1][1]: E0001000 CID B105900D PID 000BBD21 DEVARCH 47701A02 DEVTYPE 00 DWT
T906D5780 000:156.909   CPU_ReadMem(32 bytes @ 0xE0002FE0)
T906D5780 000:158.073   CPU_ReadMem(4 bytes @ 0xE0002FBC)
T906D5780 000:158.892   CPU_ReadMem(4 bytes @ 0xE0002FCC)
T906D5780 000:159.469   [1][2]: E0002000 CID B105900D PID 000BBD21 DEVARCH 47701A03 DEVTYPE 00 FPB
T906D5780 000:159.491   CPU_ReadMem(32 bytes @ 0xE0000FE0)
T906D5780 000:160.447   CPU_ReadMem(4 bytes @ 0xE0000FBC)
T906D5780 000:161.088   CPU_ReadMem(4 bytes @ 0xE0000FCC)
T906D5780 000:161.887   [1][3]: E0000000 CID B105900D PID 000BBD21 DEVARCH 47701A01 DEVTYPE 43 ITM
T906D5780 000:161.898   CPU_ReadMem(32 bytes @ 0xE0041FE0)
T906D5780 000:163.081   CPU_ReadMem(4 bytes @ 0xE0041FBC)
T906D5780 000:163.810   CPU_ReadMem(4 bytes @ 0xE0041FCC)
T906D5780 000:164.358   [1][5]: E0041000 CID B105900D PID 002BBD21 DEVARCH 47724A13 DEVTYPE 13 ETM
T906D5780 000:164.368   CPU_ReadMem(32 bytes @ 0xE0042FE0)
T906D5780 000:165.404   CPU_ReadMem(4 bytes @ 0xE0042FBC)
T906D5780 000:166.073   CPU_ReadMem(4 bytes @ 0xE0042FCC)
T906D5780 000:166.641   [1][6]: E0042000 CID B105900D PID 000BBD21 DEVARCH 47701A14 DEVTYPE 14 CSS600-CTI
T906D5780 000:166.721   CPU_ReadMem(4 bytes @ 0xE000EDF0)
T906D5780 000:167.317   Data:  03 00 13 00
T906D5780 000:167.337   Debug reg: DHCSR
T906D5780 000:167.343 - 64.562ms returns 0
T906D5780 000:167.361 JLINK_ReadMem(0x400E002C, 0x4 Bytes, ...)
T906D5780 000:167.393   CPU_ReadMem(4 bytes @ 0x400E002C)
T906D5780 000:167.911   Data:  02 00 00 00
T906D5780 000:167.931 - 0.569ms returns 0
T906D5780 000:167.983 JLINK_ReadMem(0xE000EDF0, 0x4 Bytes, ...)
T906D5780 000:168.011   CPU_ReadMem(4 bytes @ 0xE000EDF0)
T906D5780 000:168.822   Data:  03 00 13 00
T906D5780 000:168.832   Debug reg: DHCSR
T906D5780 000:168.837 - 0.854ms returns 0
T906D5780 000:168.858 JLINK_ReadMem(0xE000EDF0, 0x4 Bytes, ...)
T906D5780 000:168.865   CPU_ReadMem(4 bytes @ 0xE000EDF0)
T906D5780 000:169.422   Data:  03 00 13 00
T906D5780 000:169.434   Debug reg: DHCSR
T906D5780 000:169.439 - 0.582ms returns 0
T906D5780 000:169.445 JLINK_ReadMem(0x400E001C, 0x4 Bytes, ...)
T906D5780 000:169.452   CPU_ReadMem(4 bytes @ 0x400E001C)
T906D5780 000:170.114   Data:  00 3C 00 00
T906D5780 000:170.127 - 0.682ms returns 0
T906D5780 000:170.136 JLINK_ReadMem(0xE000EDF0, 0x4 Bytes, ...)
T906D5780 000:170.161   CPU_ReadMem(4 bytes @ 0xE000EDF0)
T906D5780 000:170.825   Data:  03 00 13 00
T906D5780 000:170.834   Debug reg: DHCSR
T906D5780 000:170.840 - 0.704ms returns 0
T906D5780 000:170.846 JLINK_ReadMem(0x400E0018, 0x4 Bytes, ...)
T906D5780 000:170.853   CPU_ReadMem(4 bytes @ 0x400E0018)
T906D5780 000:171.558   Data:  00 80 00 00
T906D5780 000:171.570 - 0.725ms returns 0
T906D5780 000:171.579 JLINK_ReadMem(0xE000EDF0, 0x4 Bytes, ...)
T906D5780 000:171.587   CPU_ReadMem(4 bytes @ 0xE000EDF0)
T906D5780 000:172.120   Data:  03 00 13 00
T906D5780 000:172.132   Debug reg: DHCSR
T906D5780 000:172.138 - 0.558ms returns 0
T906D5780 000:172.143 JLINK_ReadMem(0x400E0020, 0x4 Bytes, ...)
T906D5780 000:172.151   CPU_ReadMem(4 bytes @ 0x400E0020)
T906D5780 000:173.044   Data:  00 00 00 00
T906D5780 000:173.057 - 0.914ms returns 0
T906D5780 000:173.067 JLINK_ReadMem(0xE000EDF0, 0x4 Bytes, ...)
T906D5780 000:173.075   CPU_ReadMem(4 bytes @ 0xE000EDF0)
T906D5780 000:174.001   Data:  03 00 13 00
T906D5780 000:174.014   Debug reg: DHCSR
T906D5780 000:174.020 - 0.953ms returns 0
T906D5780 000:174.026 JLINK_ReadMem(0x400E0028, 0x4 Bytes, ...)
T906D5780 000:174.034   CPU_ReadMem(4 bytes @ 0x400E0028)
T906D5780 000:174.762   Data:  00 0C 00 00
T906D5780 000:174.771 - 0.745ms returns 0
T906D5780 000:174.780 JLINK_ReadMem(0xE000EDF0, 0x4 Bytes, ...)
T906D5780 000:174.787   CPU_ReadMem(4 bytes @ 0xE000EDF0)
T906D5780 000:175.512   Data:  03 00 13 00
T906D5780 000:175.523   Debug reg: DHCSR
T906D5780 000:175.529 - 0.749ms returns 0
T906D5780 000:175.535 JLINK_ReadMem(0x400E0024, 0x4 Bytes, ...)
T906D5780 000:175.542   CPU_ReadMem(4 bytes @ 0x400E0024)
T906D5780 000:176.103   Data:  00 20 00 00
T906D5780 000:176.115 - 0.579ms returns 0
T906D5780 000:176.123 JLINK_ReadMem(0xE000EDF0, 0x4 Bytes, ...)
T906D5780 000:176.130   CPU_ReadMem(4 bytes @ 0xE000EDF0)
T906D5780 000:176.957   Data:  03 00 13 00
T906D5780 000:176.969   Debug reg: DHCSR
T906D5780 000:176.975 - 0.851ms returns 0
T906D5780 000:176.980 JLINK_ReadMem(0x400E002C, 0x4 Bytes, ...)
T906D5780 000:176.998   CPU_ReadMem(4 bytes @ 0x400E002C)
T906D5780 000:177.550   Data:  02 00 00 00
T906D5780 000:177.560 - 0.580ms returns 0
T906D5780 000:177.569 JLINK_ReadMem(0xE000EDF0, 0x4 Bytes, ...)
T906D5780 000:177.576   CPU_ReadMem(4 bytes @ 0xE000EDF0)
T906D5780 000:178.090   Data:  03 00 13 00
T906D5780 000:178.105   Debug reg: DHCSR
T906D5780 000:178.113 - 0.544ms returns 0
T906D5780 000:178.120 JLINK_ReadMem(0x400E002C, 0x4 Bytes, ...)
T906D5780 000:178.129   CPU_ReadMem(4 bytes @ 0x400E002C)
T906D5780 000:178.849   Data:  02 00 00 00
T906D5780 000:178.859 - 0.739ms returns 0
T906D5780 000:184.774 JLINK_Close()
T906D5780 000:211.738 - 26.966ms
T906D5780 000:211.757   
T906D5780 000:211.760   Closed
